# JRE version: Java(TM) SE Runtime Environment (17.0.9+11) (build 17.0.9+11-LTS-201)
# Java VM: Java HotSpot(TM) 64-Bit Server VM (17.0.9+11-LTS-201, mixed mode, sharing, tiered, compressed oops, compressed class ptrs, g1 gc, windows-amd64)
GC Precious Log:
 CPUs: 16 total, 16 available
 Memory: 15613M
 Large Page Support: Disabled
 NUMA Support: Disabled
 Compressed Oops: Enabled (Zero based)
 Heap Region Size: 2M
 Heap Min Capacity: 8M
 Heap Initial Capacity: 244M
 Heap Max Capacity: 3904M
 Pre-touch: Disabled
 Parallel Workers: 13
 Concurrent Workers: 3
 Concurrent Refinement Workers: 13
 Periodic GC: Disabled
Heap:
 garbage-first heap   total 81920K, used 30257K [0x000000070c000000, 0x0000000800000000)
  region size 2048K, 4 young (8192K), 3 survivors (6144K)
 Metaspace       used 69150K, committed 69760K, reserved 1114112K
  class space    used 9165K, committed 9472K, reserved 1048576K
GC Heap History (20 events):
Event: 0.874 GC heap before
{Heap before GC invocations=1 (full 0):
 garbage-first heap   total 249856K, used 31032K [0x000000070c000000, 0x0000000800000000)
  region size 2048K, 13 young (26624K), 2 survivors (4096K)
 Metaspace       used 11631K, committed 11904K, reserved 1114112K
  class space    used 1438K, committed 1600K, reserved 1048576K
}
Event: 0.879 GC heap after
{Heap after GC invocations=2 (full 0):
 garbage-first heap   total 249856K, used 9349K [0x000000070c000000, 0x0000000800000000)
  region size 2048K, 1 young (2048K), 1 survivors (2048K)
 Metaspace       used 11631K, committed 11904K, reserved 1114112K
  class space    used 1438K, committed 1600K, reserved 1048576K
}
Event: 1.223 GC heap before
{Heap before GC invocations=2 (full 0):
 garbage-first heap   total 249856K, used 58501K [0x000000070c000000, 0x0000000800000000)
  region size 2048K, 27 young (55296K), 1 survivors (2048K)
 Metaspace       used 21284K, committed 21504K, reserved 1114112K
  class space    used 2655K, committed 2752K, reserved 1048576K
}
Event: 1.229 GC heap after
{Heap after GC invocations=3 (full 0):
 garbage-first heap   total 249856K, used 12938K [0x000000070c000000, 0x0000000800000000)
  region size 2048K, 3 young (6144K), 3 survivors (6144K)
 Metaspace       used 21284K, committed 21504K, reserved 1114112K
  class space    used 2655K, committed 2752K, reserved 1048576K
}
Event: 1.491 GC heap before
{Heap before GC invocations=4 (full 0):
 garbage-first heap   total 55296K, used 39562K [0x000000070c000000, 0x0000000800000000)
  region size 2048K, 17 young (34816K), 3 survivors (6144K)
 Metaspace       used 24567K, committed 24896K, reserved 1114112K
  class space    used 3089K, committed 3264K, reserved 1048576K
}
Event: 1.496 GC heap after
{Heap after GC invocations=5 (full 0):
 garbage-first heap   total 55296K, used 15924K [0x000000070c000000, 0x0000000800000000)
  region size 2048K, 4 young (8192K), 4 survivors (8192K)
 Metaspace       used 24567K, committed 24896K, reserved 1114112K
  class space    used 3089K, committed 3264K, reserved 1048576K
}
Event: 1.523 GC heap before
{Heap before GC invocations=5 (full 0):
 garbage-first heap   total 55296K, used 17972K [0x000000070c000000, 0x0000000800000000)
  region size 2048K, 5 young (10240K), 4 survivors (8192K)
 Metaspace       used 24720K, committed 25024K, reserved 1114112K
  class space    used 3110K, committed 3264K, reserved 1048576K
}
Event: 1.531 GC heap after
{Heap after GC invocations=6 (full 0):
 garbage-first heap   total 153600K, used 16118K [0x000000070c000000, 0x0000000800000000)
  region size 2048K, 1 young (2048K), 1 survivors (2048K)
 Metaspace       used 24720K, committed 25024K, reserved 1114112K
  class space    used 3110K, committed 3264K, reserved 1048576K
}
Event: 2.638 GC heap before
{Heap before GC invocations=6 (full 0):
 garbage-first heap   total 153600K, used 85750K [0x000000070c000000, 0x0000000800000000)
  region size 2048K, 36 young (73728K), 1 survivors (2048K)
 Metaspace       used 35737K, committed 36160K, reserved 1114112K
  class space    used 4543K, committed 4736K, reserved 1048576K
}
Event: 2.643 GC heap after
{Heap after GC invocations=7 (full 0):
 garbage-first heap   total 153600K, used 20609K [0x000000070c000000, 0x0000000800000000)
  region size 2048K, 3 young (6144K), 3 survivors (6144K)
 Metaspace       used 35737K, committed 36160K, reserved 1114112K
  class space    used 4543K, committed 4736K, reserved 1048576K
}
Event: 3.466 GC heap before
{Heap before GC invocations=8 (full 0):
 garbage-first heap   total 81920K, used 63617K [0x000000070c000000, 0x0000000800000000)
  region size 2048K, 24 young (49152K), 3 survivors (6144K)
 Metaspace       used 47981K, committed 48448K, reserved 1114112K
  class space    used 6188K, committed 6400K, reserved 1048576K
}
Event: 3.470 GC heap after
{Heap after GC invocations=9 (full 0):
 garbage-first heap   total 81920K, used 22856K [0x000000070c000000, 0x0000000800000000)
  region size 2048K, 2 young (4096K), 2 survivors (4096K)
 Metaspace       used 47981K, committed 48448K, reserved 1114112K
  class space    used 6188K, committed 6400K, reserved 1048576K
}
Event: 3.493 GC heap before
{Heap before GC invocations=9 (full 0):
 garbage-first heap   total 81920K, used 24904K [0x000000070c000000, 0x0000000800000000)
  region size 2048K, 3 young (6144K), 2 survivors (4096K)
 Metaspace       used 48266K, committed 48704K, reserved 1114112K
  class space    used 6237K, committed 6464K, reserved 1048576K
}
Event: 3.495 GC heap after
{Heap after GC invocations=10 (full 0):
 garbage-first heap   total 81920K, used 23362K [0x000000070c000000, 0x0000000800000000)
  region size 2048K, 1 young (2048K), 1 survivors (2048K)
 Metaspace       used 48266K, committed 48704K, reserved 1114112K
  class space    used 6237K, committed 6464K, reserved 1048576K
}
Event: 3.953 GC heap before
{Heap before GC invocations=10 (full 0):
 garbage-first heap   total 81920K, used 56130K [0x000000070c000000, 0x0000000800000000)
  region size 2048K, 18 young (36864K), 1 survivors (2048K)
 Metaspace       used 54620K, committed 55104K, reserved 1114112K
  class space    used 7045K, committed 7296K, reserved 1048576K
}
Event: 3.955 GC heap after
{Heap after GC invocations=11 (full 0):
 garbage-first heap   total 81920K, used 25067K [0x000000070c000000, 0x0000000800000000)
  region size 2048K, 2 young (4096K), 2 survivors (4096K)
 Metaspace       used 54620K, committed 55104K, reserved 1114112K
  class space    used 7045K, committed 7296K, reserved 1048576K
}
Event: 4.245 GC heap before
{Heap before GC invocations=11 (full 0):
 garbage-first heap   total 81920K, used 49643K [0x000000070c000000, 0x0000000800000000)
  region size 2048K, 15 young (30720K), 2 survivors (4096K)
 Metaspace       used 60102K, committed 60608K, reserved 1114112K
  class space    used 7949K, committed 8192K, reserved 1048576K
}
Event: 4.247 GC heap after
{Heap after GC invocations=12 (full 0):
 garbage-first heap   total 81920K, used 25521K [0x000000070c000000, 0x0000000800000000)
  region size 2048K, 2 young (4096K), 2 survivors (4096K)
 Metaspace       used 60102K, committed 60608K, reserved 1114112K
  class space    used 7949K, committed 8192K, reserved 1048576K
}
Event: 5.113 GC heap before
{Heap before GC invocations=13 (full 0):
 garbage-first heap   total 81920K, used 60337K [0x000000070c000000, 0x0000000800000000)
  region size 2048K, 19 young (38912K), 2 survivors (4096K)
 Metaspace       used 65483K, committed 66048K, reserved 1114112K
  class space    used 8684K, committed 8960K, reserved 1048576K
}
Event: 5.116 GC heap after
{Heap after GC invocations=14 (full 0):
 garbage-first heap   total 81920K, used 27420K [0x000000070c000000, 0x0000000800000000)
  region size 2048K, 3 young (6144K), 3 survivors (6144K)
 Metaspace       used 65483K, committed 66048K, reserved 1114112K
  class space    used 8684K, committed 8960K, reserved 1048576K
}

