# JRE version: OpenJDK Runtime Environment Temurin-21.0.5+11 (21.0.5+11) (build 21.0.5+11-LTS)
# Java VM: OpenJDK 64-Bit Server VM Temurin-21.0.5+11 (21.0.5+11-LTS, mixed mode, sharing, tiered, compressed oops, compressed class ptrs, parallel gc, windows-amd64)
GC Precious Log:
 CardTable entry size: 512
 CPUs: 16 total, 16 available
 Memory: 15613M
 Large Page Support: Disabled
 NUMA Support: Disabled
 Compressed Oops: Enabled (32-bit)
 Alignments: Space 512K, Generation 512K, Heap 2M
 Heap Min Capacity: 100M
 Heap Initial Capacity: 100M
 Heap Max Capacity: 1G
 Pre-touch: Disabled
 Parallel Workers: 13
Heap:
 PSYoungGen      total 22016K, used 19769K [0x00000000eab00000, 0x00000000ec480000, 0x0000000100000000)
  eden space 19968K, 90% used [0x00000000eab00000,0x00000000ebca26c8,0x00000000ebe80000)
  from space 2048K, 83% used [0x00000000ec000000,0x00000000ec1ac010,0x00000000ec200000)
  to   space 2048K, 0% used [0x00000000ec280000,0x00000000ec280000,0x00000000ec480000)
 ParOldGen       total 68608K, used 40242K [0x00000000c0000000, 0x00000000c4300000, 0x00000000eab00000)
  object space 68608K, 58% used [0x00000000c0000000,0x00000000c274c920,0x00000000c4300000)
 Metaspace       used 46681K, committed 47808K, reserved 1114112K
  class space    used 4563K, committed 5056K, reserved 1048576K
GC Heap History (20 events):
Event: 5.965 GC heap before
{Heap before GC invocations=20 (full 2):
 PSYoungGen      total 23040K, used 21536K [0x00000000eab00000, 0x00000000ec300000, 0x0000000100000000)
  eden space 20992K, 100% used [0x00000000eab00000,0x00000000ebf80000,0x00000000ebf80000)
  from space 2048K, 26% used [0x00000000ebf80000,0x00000000ec008000,0x00000000ec180000)
  to   space 1024K, 0% used [0x00000000ec200000,0x00000000ec200000,0x00000000ec300000)
 ParOldGen       total 68608K, used 22878K [0x00000000c0000000, 0x00000000c4300000, 0x00000000eab00000)
  object space 68608K, 33% used [0x00000000c0000000,0x00000000c1657958,0x00000000c4300000)
 Metaspace       used 39524K, committed 40512K, reserved 1114112K
  class space    used 3862K, committed 4288K, reserved 1048576K
}
Event: 5.966 GC heap after
{Heap after GC invocations=20 (full 2):
 PSYoungGen      total 22016K, used 1024K [0x00000000eab00000, 0x00000000ec380000, 0x0000000100000000)
  eden space 20992K, 0% used [0x00000000eab00000,0x00000000eab00000,0x00000000ebf80000)
  from space 1024K, 100% used [0x00000000ec200000,0x00000000ec300000,0x00000000ec300000)
  to   space 2048K, 0% used [0x00000000ebf80000,0x00000000ebf80000,0x00000000ec180000)
 ParOldGen       total 68608K, used 23406K [0x00000000c0000000, 0x00000000c4300000, 0x00000000eab00000)
  object space 68608K, 34% used [0x00000000c0000000,0x00000000c16db978,0x00000000c4300000)
 Metaspace       used 39524K, committed 40512K, reserved 1114112K
  class space    used 3862K, committed 4288K, reserved 1048576K
}
Event: 5.990 GC heap before
{Heap before GC invocations=21 (full 2):
 PSYoungGen      total 22016K, used 22016K [0x00000000eab00000, 0x00000000ec380000, 0x0000000100000000)
  eden space 20992K, 100% used [0x00000000eab00000,0x00000000ebf80000,0x00000000ebf80000)
  from space 1024K, 100% used [0x00000000ec200000,0x00000000ec300000,0x00000000ec300000)
  to   space 2048K, 0% used [0x00000000ebf80000,0x00000000ebf80000,0x00000000ec180000)
 ParOldGen       total 68608K, used 23406K [0x00000000c0000000, 0x00000000c4300000, 0x00000000eab00000)
  object space 68608K, 34% used [0x00000000c0000000,0x00000000c16db978,0x00000000c4300000)
 Metaspace       used 39531K, committed 40512K, reserved 1114112K
  class space    used 3862K, committed 4288K, reserved 1048576K
}
Event: 5.992 GC heap after
{Heap after GC invocations=21 (full 2):
 PSYoungGen      total 23040K, used 2048K [0x00000000eab00000, 0x00000000ec680000, 0x0000000100000000)
  eden space 20992K, 0% used [0x00000000eab00000,0x00000000eab00000,0x00000000ebf80000)
  from space 2048K, 100% used [0x00000000ebf80000,0x00000000ec180000,0x00000000ec180000)
  to   space 3584K, 0% used [0x00000000ec300000,0x00000000ec300000,0x00000000ec680000)
 ParOldGen       total 68608K, used 24606K [0x00000000c0000000, 0x00000000c4300000, 0x00000000eab00000)
  object space 68608K, 35% used [0x00000000c0000000,0x00000000c18078f8,0x00000000c4300000)
 Metaspace       used 39531K, committed 40512K, reserved 1114112K
  class space    used 3862K, committed 4288K, reserved 1048576K
}
Event: 6.029 GC heap before
{Heap before GC invocations=22 (full 2):
 PSYoungGen      total 23040K, used 23040K [0x00000000eab00000, 0x00000000ec680000, 0x0000000100000000)
  eden space 20992K, 100% used [0x00000000eab00000,0x00000000ebf80000,0x00000000ebf80000)
  from space 2048K, 100% used [0x00000000ebf80000,0x00000000ec180000,0x00000000ec180000)
  to   space 3584K, 0% used [0x00000000ec300000,0x00000000ec300000,0x00000000ec680000)
 ParOldGen       total 68608K, used 24606K [0x00000000c0000000, 0x00000000c4300000, 0x00000000eab00000)
  object space 68608K, 35% used [0x00000000c0000000,0x00000000c18078f8,0x00000000c4300000)
 Metaspace       used 39541K, committed 40512K, reserved 1114112K
  class space    used 3862K, committed 4288K, reserved 1048576K
}
Event: 6.032 GC heap after
{Heap after GC invocations=22 (full 2):
 PSYoungGen      total 24576K, used 3012K [0x00000000eab00000, 0x00000000ec680000, 0x0000000100000000)
  eden space 20992K, 0% used [0x00000000eab00000,0x00000000eab00000,0x00000000ebf80000)
  from space 3584K, 84% used [0x00000000ec300000,0x00000000ec5f1010,0x00000000ec680000)
  to   space 3584K, 0% used [0x00000000ebf80000,0x00000000ebf80000,0x00000000ec300000)
 ParOldGen       total 68608K, used 26610K [0x00000000c0000000, 0x00000000c4300000, 0x00000000eab00000)
  object space 68608K, 38% used [0x00000000c0000000,0x00000000c19fc9f8,0x00000000c4300000)
 Metaspace       used 39541K, committed 40512K, reserved 1114112K
  class space    used 3862K, committed 4288K, reserved 1048576K
}
Event: 6.104 GC heap before
{Heap before GC invocations=23 (full 2):
 PSYoungGen      total 24576K, used 24004K [0x00000000eab00000, 0x00000000ec680000, 0x0000000100000000)
  eden space 20992K, 100% used [0x00000000eab00000,0x00000000ebf80000,0x00000000ebf80000)
  from space 3584K, 84% used [0x00000000ec300000,0x00000000ec5f1010,0x00000000ec680000)
  to   space 3584K, 0% used [0x00000000ebf80000,0x00000000ebf80000,0x00000000ec300000)
 ParOldGen       total 68608K, used 26610K [0x00000000c0000000, 0x00000000c4300000, 0x00000000eab00000)
  object space 68608K, 38% used [0x00000000c0000000,0x00000000c19fc9f8,0x00000000c4300000)
 Metaspace       used 39821K, committed 40768K, reserved 1114112K
  class space    used 3880K, committed 4288K, reserved 1048576K
}
Event: 6.108 GC heap after
{Heap after GC invocations=23 (full 2):
 PSYoungGen      total 23552K, used 2315K [0x00000000eab00000, 0x00000000ec580000, 0x0000000100000000)
  eden space 20992K, 0% used [0x00000000eab00000,0x00000000eab00000,0x00000000ebf80000)
  from space 2560K, 90% used [0x00000000ebf80000,0x00000000ec1c2eb8,0x00000000ec200000)
  to   space 3072K, 0% used [0x00000000ec280000,0x00000000ec280000,0x00000000ec580000)
 ParOldGen       total 68608K, used 29398K [0x00000000c0000000, 0x00000000c4300000, 0x00000000eab00000)
  object space 68608K, 42% used [0x00000000c0000000,0x00000000c1cb5a08,0x00000000c4300000)
 Metaspace       used 39821K, committed 40768K, reserved 1114112K
  class space    used 3880K, committed 4288K, reserved 1048576K
}
Event: 6.475 GC heap before
{Heap before GC invocations=24 (full 2):
 PSYoungGen      total 23552K, used 23307K [0x00000000eab00000, 0x00000000ec580000, 0x0000000100000000)
  eden space 20992K, 100% used [0x00000000eab00000,0x00000000ebf80000,0x00000000ebf80000)
  from space 2560K, 90% used [0x00000000ebf80000,0x00000000ec1c2eb8,0x00000000ec200000)
  to   space 3072K, 0% used [0x00000000ec280000,0x00000000ec280000,0x00000000ec580000)
 ParOldGen       total 68608K, used 29398K [0x00000000c0000000, 0x00000000c4300000, 0x00000000eab00000)
  object space 68608K, 42% used [0x00000000c0000000,0x00000000c1cb5a08,0x00000000c4300000)
 Metaspace       used 41210K, committed 42176K, reserved 1114112K
  class space    used 4027K, committed 4480K, reserved 1048576K
}
Event: 6.480 GC heap after
{Heap after GC invocations=24 (full 2):
 PSYoungGen      total 22528K, used 1456K [0x00000000eab00000, 0x00000000ec400000, 0x0000000100000000)
  eden space 20992K, 0% used [0x00000000eab00000,0x00000000eab00000,0x00000000ebf80000)
  from space 1536K, 94% used [0x00000000ec280000,0x00000000ec3ec010,0x00000000ec400000)
  to   space 2048K, 0% used [0x00000000ec000000,0x00000000ec000000,0x00000000ec200000)
 ParOldGen       total 68608K, used 31498K [0x00000000c0000000, 0x00000000c4300000, 0x00000000eab00000)
  object space 68608K, 45% used [0x00000000c0000000,0x00000000c1ec2ac8,0x00000000c4300000)
 Metaspace       used 41210K, committed 42176K, reserved 1114112K
  class space    used 4027K, committed 4480K, reserved 1048576K
}
Event: 6.825 GC heap before
{Heap before GC invocations=25 (full 2):
 PSYoungGen      total 22528K, used 22446K [0x00000000eab00000, 0x00000000ec400000, 0x0000000100000000)
  eden space 20992K, 99% used [0x00000000eab00000,0x00000000ebf7f868,0x00000000ebf80000)
  from space 1536K, 94% used [0x00000000ec280000,0x00000000ec3ec010,0x00000000ec400000)
  to   space 2048K, 0% used [0x00000000ec000000,0x00000000ec000000,0x00000000ec200000)
 ParOldGen       total 68608K, used 31498K [0x00000000c0000000, 0x00000000c4300000, 0x00000000eab00000)
  object space 68608K, 45% used [0x00000000c0000000,0x00000000c1ec2ac8,0x00000000c4300000)
 Metaspace       used 42506K, committed 43584K, reserved 1114112K
  class space    used 4141K, committed 4608K, reserved 1048576K
}
Event: 6.828 GC heap after
{Heap after GC invocations=25 (full 2):
 PSYoungGen      total 23040K, used 1603K [0x00000000eab00000, 0x00000000ec380000, 0x0000000100000000)
  eden space 20992K, 0% used [0x00000000eab00000,0x00000000eab00000,0x00000000ebf80000)
  from space 2048K, 78% used [0x00000000ec000000,0x00000000ec190e78,0x00000000ec200000)
  to   space 1536K, 0% used [0x00000000ec200000,0x00000000ec200000,0x00000000ec380000)
 ParOldGen       total 68608K, used 32482K [0x00000000c0000000, 0x00000000c4300000, 0x00000000eab00000)
  object space 68608K, 47% used [0x00000000c0000000,0x00000000c1fb8b18,0x00000000c4300000)
 Metaspace       used 42506K, committed 43584K, reserved 1114112K
  class space    used 4141K, committed 4608K, reserved 1048576K
}
Event: 8.554 GC heap before
{Heap before GC invocations=26 (full 2):
 PSYoungGen      total 23040K, used 22595K [0x00000000eab00000, 0x00000000ec380000, 0x0000000100000000)
  eden space 20992K, 100% used [0x00000000eab00000,0x00000000ebf80000,0x00000000ebf80000)
  from space 2048K, 78% used [0x00000000ec000000,0x00000000ec190e78,0x00000000ec200000)
  to   space 1536K, 0% used [0x00000000ec200000,0x00000000ec200000,0x00000000ec380000)
 ParOldGen       total 68608K, used 32482K [0x00000000c0000000, 0x00000000c4300000, 0x00000000eab00000)
  object space 68608K, 47% used [0x00000000c0000000,0x00000000c1fb8b18,0x00000000c4300000)
 Metaspace       used 43925K, committed 44928K, reserved 1114112K
  class space    used 4283K, committed 4736K, reserved 1048576K
}
Event: 8.558 GC heap after
{Heap after GC invocations=26 (full 2):
 PSYoungGen      total 21504K, used 1529K [0x00000000eab00000, 0x00000000ec680000, 0x0000000100000000)
  eden space 19968K, 0% used [0x00000000eab00000,0x00000000eab00000,0x00000000ebe80000)
  from space 1536K, 99% used [0x00000000ec200000,0x00000000ec37e470,0x00000000ec380000)
  to   space 3584K, 0% used [0x00000000ebe80000,0x00000000ebe80000,0x00000000ec200000)
 ParOldGen       total 68608K, used 33841K [0x00000000c0000000, 0x00000000c4300000, 0x00000000eab00000)
  object space 68608K, 49% used [0x00000000c0000000,0x00000000c210c738,0x00000000c4300000)
 Metaspace       used 43925K, committed 44928K, reserved 1114112K
  class space    used 4283K, committed 4736K, reserved 1048576K
}
Event: 9.615 GC heap before
{Heap before GC invocations=27 (full 2):
 PSYoungGen      total 21504K, used 21497K [0x00000000eab00000, 0x00000000ec680000, 0x0000000100000000)
  eden space 19968K, 100% used [0x00000000eab00000,0x00000000ebe80000,0x00000000ebe80000)
  from space 1536K, 99% used [0x00000000ec200000,0x00000000ec37e470,0x00000000ec380000)
  to   space 3584K, 0% used [0x00000000ebe80000,0x00000000ebe80000,0x00000000ec200000)
 ParOldGen       total 68608K, used 33841K [0x00000000c0000000, 0x00000000c4300000, 0x00000000eab00000)
  object space 68608K, 49% used [0x00000000c0000000,0x00000000c210c738,0x00000000c4300000)
 Metaspace       used 44388K, committed 45504K, reserved 1114112K
  class space    used 4311K, committed 4800K, reserved 1048576K
}
Event: 9.618 GC heap after
{Heap after GC invocations=27 (full 2):
 PSYoungGen      total 23552K, used 3576K [0x00000000eab00000, 0x00000000ec980000, 0x0000000100000000)
  eden space 19968K, 0% used [0x00000000eab00000,0x00000000eab00000,0x00000000ebe80000)
  from space 3584K, 99% used [0x00000000ebe80000,0x00000000ec1fe030,0x00000000ec200000)
  to   space 5632K, 0% used [0x00000000ec400000,0x00000000ec400000,0x00000000ec980000)
 ParOldGen       total 68608K, used 35354K [0x00000000c0000000, 0x00000000c4300000, 0x00000000eab00000)
  object space 68608K, 51% used [0x00000000c0000000,0x00000000c2286918,0x00000000c4300000)
 Metaspace       used 44388K, committed 45504K, reserved 1114112K
  class space    used 4311K, committed 4800K, reserved 1048576K
}
Event: 10.534 GC heap before
{Heap before GC invocations=28 (full 2):
 PSYoungGen      total 23552K, used 23544K [0x00000000eab00000, 0x00000000ec980000, 0x0000000100000000)
  eden space 19968K, 100% used [0x00000000eab00000,0x00000000ebe80000,0x00000000ebe80000)
  from space 3584K, 99% used [0x00000000ebe80000,0x00000000ec1fe030,0x00000000ec200000)
  to   space 5632K, 0% used [0x00000000ec400000,0x00000000ec400000,0x00000000ec980000)
 ParOldGen       total 68608K, used 35354K [0x00000000c0000000, 0x00000000c4300000, 0x00000000eab00000)
  object space 68608K, 51% used [0x00000000c0000000,0x00000000c2286918,0x00000000c4300000)
 Metaspace       used 44605K, committed 45696K, reserved 1114112K
  class space    used 4318K, committed 4800K, reserved 1048576K
}
Event: 10.540 GC heap after
{Heap after GC invocations=28 (full 2):
 PSYoungGen      total 22016K, used 1632K [0x00000000eab00000, 0x00000000ec600000, 0x0000000100000000)
  eden space 19968K, 0% used [0x00000000eab00000,0x00000000eab00000,0x00000000ebe80000)
  from space 2048K, 79% used [0x00000000ec400000,0x00000000ec598000,0x00000000ec600000)
  to   space 3072K, 0% used [0x00000000ec000000,0x00000000ec000000,0x00000000ec300000)
 ParOldGen       total 68608K, used 38848K [0x00000000c0000000, 0x00000000c4300000, 0x00000000eab00000)
  object space 68608K, 56% used [0x00000000c0000000,0x00000000c25f0340,0x00000000c4300000)
 Metaspace       used 44605K, committed 45696K, reserved 1114112K
  class space    used 4318K, committed 4800K, reserved 1048576K
}
Event: 12.655 GC heap before
{Heap before GC invocations=29 (full 2):
 PSYoungGen      total 22016K, used 21600K [0x00000000eab00000, 0x00000000ec600000, 0x0000000100000000)
  eden space 19968K, 100% used [0x00000000eab00000,0x00000000ebe80000,0x00000000ebe80000)
  from space 2048K, 79% used [0x00000000ec400000,0x00000000ec598000,0x00000000ec600000)
  to   space 3072K, 0% used [0x00000000ec000000,0x00000000ec000000,0x00000000ec300000)
 ParOldGen       total 68608K, used 38848K [0x00000000c0000000, 0x00000000c4300000, 0x00000000eab00000)
  object space 68608K, 56% used [0x00000000c0000000,0x00000000c25f0340,0x00000000c4300000)
 Metaspace       used 44923K, committed 46016K, reserved 1114112K
  class space    used 4343K, committed 4800K, reserved 1048576K
}
Event: 12.657 GC heap after
{Heap after GC invocations=29 (full 2):
 PSYoungGen      total 22016K, used 1712K [0x00000000eab00000, 0x00000000ec480000, 0x0000000100000000)
  eden space 19968K, 0% used [0x00000000eab00000,0x00000000eab00000,0x00000000ebe80000)
  from space 2048K, 83% used [0x00000000ec000000,0x00000000ec1ac010,0x00000000ec200000)
  to   space 2048K, 0% used [0x00000000ec280000,0x00000000ec280000,0x00000000ec480000)
 ParOldGen       total 68608K, used 40242K [0x00000000c0000000, 0x00000000c4300000, 0x00000000eab00000)
  object space 68608K, 58% used [0x00000000c0000000,0x00000000c274c920,0x00000000c4300000)
 Metaspace       used 44923K, committed 46016K, reserved 1114112K
  class space    used 4343K, committed 4800K, reserved 1048576K
}

