# JRE version: OpenJDK Runtime Environment Temurin-21.0.6+7 (21.0.6+7) (build 21.0.6+7-LTS)
# Java VM: OpenJDK 64-Bit Server VM Temurin-21.0.6+7 (21.0.6+7-LTS, mixed mode, sharing, tiered, compressed oops, compressed class ptrs, parallel gc, windows-amd64)
GC Precious Log:
 CardTable entry size: 512
 CPUs: 16 total, 16 available
 Memory: 15613M
 Large Page Support: Disabled
 NUMA Support: Disabled
 Compressed Oops: Enabled (32-bit)
 Alignments: Space 512K, Generation 512K, Heap 2M
 Heap Min Capacity: 100M
 Heap Initial Capacity: 100M
 Heap Max Capacity: 1G
 Pre-touch: Disabled
 Parallel Workers: 13
Heap:
 PSYoungGen      total 7168K, used 6037K [0x00000000eab00000, 0x00000000eb400000, 0x0000000100000000)
  eden space 5632K, 84% used [0x00000000eab00000,0x00000000eafa3f48,0x00000000eb080000)
  from space 1536K, 83% used [0x00000000eb280000,0x00000000eb3c17b8,0x00000000eb400000)
  to   space 1536K, 0% used [0x00000000eb100000,0x00000000eb100000,0x00000000eb280000)
 ParOldGen       total 205312K, used 205196K [0x00000000c0000000, 0x00000000cc880000, 0x00000000eab00000)
  object space 205312K, 99% used [0x00000000c0000000,0x00000000cc863160,0x00000000cc880000)
 Metaspace       used 56526K, committed 57728K, reserved 1114112K
  class space    used 5814K, committed 6336K, reserved 1048576K
GC Heap History (20 events):
Event: 8.930 GC heap before
{Heap before GC invocations=108 (full 2):
 PSYoungGen      total 7168K, used 7029K [0x00000000eab00000, 0x00000000eb380000, 0x0000000100000000)
  eden space 5632K, 100% used [0x00000000eab00000,0x00000000eb080000,0x00000000eb080000)
  from space 1536K, 90% used [0x00000000eb080000,0x00000000eb1dd4c8,0x00000000eb200000)
  to   space 1536K, 0% used [0x00000000eb200000,0x00000000eb200000,0x00000000eb380000)
 ParOldGen       total 189952K, used 189450K [0x00000000c0000000, 0x00000000cb980000, 0x00000000eab00000)
  object space 189952K, 99% used [0x00000000c0000000,0x00000000cb902af8,0x00000000cb980000)
 Metaspace       used 55871K, committed 57088K, reserved 1114112K
  class space    used 5773K, committed 6336K, reserved 1048576K
}
Event: 8.931 GC heap after
{Heap after GC invocations=108 (full 2):
 PSYoungGen      total 7168K, used 1310K [0x00000000eab00000, 0x00000000eb380000, 0x0000000100000000)
  eden space 5632K, 0% used [0x00000000eab00000,0x00000000eab00000,0x00000000eb080000)
  from space 1536K, 85% used [0x00000000eb200000,0x00000000eb3478a8,0x00000000eb380000)
  to   space 1536K, 0% used [0x00000000eb080000,0x00000000eb080000,0x00000000eb200000)
 ParOldGen       total 190976K, used 190661K [0x00000000c0000000, 0x00000000cba80000, 0x00000000eab00000)
  object space 190976K, 99% used [0x00000000c0000000,0x00000000cba317d0,0x00000000cba80000)
 Metaspace       used 55871K, committed 57088K, reserved 1114112K
  class space    used 5773K, committed 6336K, reserved 1048576K
}
Event: 8.946 GC heap before
{Heap before GC invocations=109 (full 2):
 PSYoungGen      total 7168K, used 6942K [0x00000000eab00000, 0x00000000eb380000, 0x0000000100000000)
  eden space 5632K, 100% used [0x00000000eab00000,0x00000000eb080000,0x00000000eb080000)
  from space 1536K, 85% used [0x00000000eb200000,0x00000000eb3478a8,0x00000000eb380000)
  to   space 1536K, 0% used [0x00000000eb080000,0x00000000eb080000,0x00000000eb200000)
 ParOldGen       total 190976K, used 190661K [0x00000000c0000000, 0x00000000cba80000, 0x00000000eab00000)
  object space 190976K, 99% used [0x00000000c0000000,0x00000000cba317d0,0x00000000cba80000)
 Metaspace       used 55896K, committed 57152K, reserved 1114112K
  class space    used 5776K, committed 6336K, reserved 1048576K
}
Event: 8.948 GC heap after
{Heap after GC invocations=109 (full 2):
 PSYoungGen      total 7168K, used 1152K [0x00000000eab00000, 0x00000000eb380000, 0x0000000100000000)
  eden space 5632K, 0% used [0x00000000eab00000,0x00000000eab00000,0x00000000eb080000)
  from space 1536K, 75% used [0x00000000eb080000,0x00000000eb1a0020,0x00000000eb200000)
  to   space 1536K, 0% used [0x00000000eb200000,0x00000000eb200000,0x00000000eb380000)
 ParOldGen       total 192000K, used 191781K [0x00000000c0000000, 0x00000000cbb80000, 0x00000000eab00000)
  object space 192000K, 99% used [0x00000000c0000000,0x00000000cbb49688,0x00000000cbb80000)
 Metaspace       used 55896K, committed 57152K, reserved 1114112K
  class space    used 5776K, committed 6336K, reserved 1048576K
}
Event: 8.972 GC heap before
{Heap before GC invocations=110 (full 2):
 PSYoungGen      total 7168K, used 6784K [0x00000000eab00000, 0x00000000eb380000, 0x0000000100000000)
  eden space 5632K, 100% used [0x00000000eab00000,0x00000000eb080000,0x00000000eb080000)
  from space 1536K, 75% used [0x00000000eb080000,0x00000000eb1a0020,0x00000000eb200000)
  to   space 1536K, 0% used [0x00000000eb200000,0x00000000eb200000,0x00000000eb380000)
 ParOldGen       total 192000K, used 191781K [0x00000000c0000000, 0x00000000cbb80000, 0x00000000eab00000)
  object space 192000K, 99% used [0x00000000c0000000,0x00000000cbb49688,0x00000000cbb80000)
 Metaspace       used 55923K, committed 57216K, reserved 1114112K
  class space    used 5776K, committed 6336K, reserved 1048576K
}
Event: 8.975 GC heap after
{Heap after GC invocations=110 (full 2):
 PSYoungGen      total 7168K, used 1195K [0x00000000eab00000, 0x00000000eb380000, 0x0000000100000000)
  eden space 5632K, 0% used [0x00000000eab00000,0x00000000eab00000,0x00000000eb080000)
  from space 1536K, 77% used [0x00000000eb200000,0x00000000eb32ac08,0x00000000eb380000)
  to   space 1536K, 0% used [0x00000000eb080000,0x00000000eb080000,0x00000000eb200000)
 ParOldGen       total 193024K, used 192767K [0x00000000c0000000, 0x00000000cbc80000, 0x00000000eab00000)
  object space 193024K, 99% used [0x00000000c0000000,0x00000000cbc3ffa0,0x00000000cbc80000)
 Metaspace       used 55923K, committed 57216K, reserved 1114112K
  class space    used 5776K, committed 6336K, reserved 1048576K
}
Event: 9.001 GC heap before
{Heap before GC invocations=111 (full 2):
 PSYoungGen      total 7168K, used 6827K [0x00000000eab00000, 0x00000000eb380000, 0x0000000100000000)
  eden space 5632K, 100% used [0x00000000eab00000,0x00000000eb080000,0x00000000eb080000)
  from space 1536K, 77% used [0x00000000eb200000,0x00000000eb32ac08,0x00000000eb380000)
  to   space 1536K, 0% used [0x00000000eb080000,0x00000000eb080000,0x00000000eb200000)
 ParOldGen       total 196608K, used 196223K [0x00000000c0000000, 0x00000000cc000000, 0x00000000eab00000)
  object space 196608K, 99% used [0x00000000c0000000,0x00000000cbf9ffa8,0x00000000cc000000)
 Metaspace       used 55951K, committed 57216K, reserved 1114112K
  class space    used 5776K, committed 6336K, reserved 1048576K
}
Event: 9.004 GC heap after
{Heap after GC invocations=111 (full 2):
 PSYoungGen      total 7168K, used 1387K [0x00000000eab00000, 0x00000000eb380000, 0x0000000100000000)
  eden space 5632K, 0% used [0x00000000eab00000,0x00000000eab00000,0x00000000eb080000)
  from space 1536K, 90% used [0x00000000eb080000,0x00000000eb1dac98,0x00000000eb200000)
  to   space 1536K, 0% used [0x00000000eb200000,0x00000000eb200000,0x00000000eb380000)
 ParOldGen       total 197632K, used 197205K [0x00000000c0000000, 0x00000000cc100000, 0x00000000eab00000)
  object space 197632K, 99% used [0x00000000c0000000,0x00000000cc095680,0x00000000cc100000)
 Metaspace       used 55951K, committed 57216K, reserved 1114112K
  class space    used 5776K, committed 6336K, reserved 1048576K
}
Event: 9.113 GC heap before
{Heap before GC invocations=112 (full 2):
 PSYoungGen      total 7168K, used 7019K [0x00000000eab00000, 0x00000000eb380000, 0x0000000100000000)
  eden space 5632K, 100% used [0x00000000eab00000,0x00000000eb080000,0x00000000eb080000)
  from space 1536K, 90% used [0x00000000eb080000,0x00000000eb1dac98,0x00000000eb200000)
  to   space 1536K, 0% used [0x00000000eb200000,0x00000000eb200000,0x00000000eb380000)
 ParOldGen       total 197632K, used 197205K [0x00000000c0000000, 0x00000000cc100000, 0x00000000eab00000)
  object space 197632K, 99% used [0x00000000c0000000,0x00000000cc095680,0x00000000cc100000)
 Metaspace       used 56274K, committed 57536K, reserved 1114112K
  class space    used 5803K, committed 6336K, reserved 1048576K
}
Event: 9.117 GC heap after
{Heap after GC invocations=112 (full 2):
 PSYoungGen      total 7168K, used 1024K [0x00000000eab00000, 0x00000000eb380000, 0x0000000100000000)
  eden space 5632K, 0% used [0x00000000eab00000,0x00000000eab00000,0x00000000eb080000)
  from space 1536K, 66% used [0x00000000eb200000,0x00000000eb300000,0x00000000eb380000)
  to   space 1536K, 0% used [0x00000000eb080000,0x00000000eb080000,0x00000000eb200000)
 ParOldGen       total 198656K, used 198362K [0x00000000c0000000, 0x00000000cc200000, 0x00000000eab00000)
  object space 198656K, 99% used [0x00000000c0000000,0x00000000cc1b69c0,0x00000000cc200000)
 Metaspace       used 56274K, committed 57536K, reserved 1114112K
  class space    used 5803K, committed 6336K, reserved 1048576K
}
Event: 9.134 GC heap before
{Heap before GC invocations=113 (full 2):
 PSYoungGen      total 7168K, used 6656K [0x00000000eab00000, 0x00000000eb380000, 0x0000000100000000)
  eden space 5632K, 100% used [0x00000000eab00000,0x00000000eb080000,0x00000000eb080000)
  from space 1536K, 66% used [0x00000000eb200000,0x00000000eb300000,0x00000000eb380000)
  to   space 1536K, 0% used [0x00000000eb080000,0x00000000eb080000,0x00000000eb200000)
 ParOldGen       total 198656K, used 198362K [0x00000000c0000000, 0x00000000cc200000, 0x00000000eab00000)
  object space 198656K, 99% used [0x00000000c0000000,0x00000000cc1b69c0,0x00000000cc200000)
 Metaspace       used 56312K, committed 57536K, reserved 1114112K
  class space    used 5806K, committed 6336K, reserved 1048576K
}
Event: 9.136 GC heap after
{Heap after GC invocations=113 (full 2):
 PSYoungGen      total 7168K, used 1365K [0x00000000eab00000, 0x00000000eb380000, 0x0000000100000000)
  eden space 5632K, 0% used [0x00000000eab00000,0x00000000eab00000,0x00000000eb080000)
  from space 1536K, 88% used [0x00000000eb080000,0x00000000eb1d5688,0x00000000eb200000)
  to   space 1536K, 0% used [0x00000000eb200000,0x00000000eb200000,0x00000000eb380000)
 ParOldGen       total 199168K, used 199115K [0x00000000c0000000, 0x00000000cc280000, 0x00000000eab00000)
  object space 199168K, 99% used [0x00000000c0000000,0x00000000cc272cd0,0x00000000cc280000)
 Metaspace       used 56312K, committed 57536K, reserved 1114112K
  class space    used 5806K, committed 6336K, reserved 1048576K
}
Event: 9.152 GC heap before
{Heap before GC invocations=114 (full 2):
 PSYoungGen      total 7168K, used 6997K [0x00000000eab00000, 0x00000000eb380000, 0x0000000100000000)
  eden space 5632K, 100% used [0x00000000eab00000,0x00000000eb080000,0x00000000eb080000)
  from space 1536K, 88% used [0x00000000eb080000,0x00000000eb1d5688,0x00000000eb200000)
  to   space 1536K, 0% used [0x00000000eb200000,0x00000000eb200000,0x00000000eb380000)
 ParOldGen       total 199168K, used 199115K [0x00000000c0000000, 0x00000000cc280000, 0x00000000eab00000)
  object space 199168K, 99% used [0x00000000c0000000,0x00000000cc272cd0,0x00000000cc280000)
 Metaspace       used 56329K, committed 57600K, reserved 1114112K
  class space    used 5809K, committed 6336K, reserved 1048576K
}
Event: 9.155 GC heap after
{Heap after GC invocations=114 (full 2):
 PSYoungGen      total 7168K, used 1216K [0x00000000eab00000, 0x00000000eb380000, 0x0000000100000000)
  eden space 5632K, 0% used [0x00000000eab00000,0x00000000eab00000,0x00000000eb080000)
  from space 1536K, 79% used [0x00000000eb200000,0x00000000eb330000,0x00000000eb380000)
  to   space 1536K, 0% used [0x00000000eb080000,0x00000000eb080000,0x00000000eb200000)
 ParOldGen       total 200704K, used 200300K [0x00000000c0000000, 0x00000000cc400000, 0x00000000eab00000)
  object space 200704K, 99% used [0x00000000c0000000,0x00000000cc39b340,0x00000000cc400000)
 Metaspace       used 56329K, committed 57600K, reserved 1114112K
  class space    used 5809K, committed 6336K, reserved 1048576K
}
Event: 9.180 GC heap before
{Heap before GC invocations=115 (full 2):
 PSYoungGen      total 7168K, used 6848K [0x00000000eab00000, 0x00000000eb380000, 0x0000000100000000)
  eden space 5632K, 100% used [0x00000000eab00000,0x00000000eb080000,0x00000000eb080000)
  from space 1536K, 79% used [0x00000000eb200000,0x00000000eb330000,0x00000000eb380000)
  to   space 1536K, 0% used [0x00000000eb080000,0x00000000eb080000,0x00000000eb200000)
 ParOldGen       total 200704K, used 200300K [0x00000000c0000000, 0x00000000cc400000, 0x00000000eab00000)
  object space 200704K, 99% used [0x00000000c0000000,0x00000000cc39b340,0x00000000cc400000)
 Metaspace       used 56407K, committed 57664K, reserved 1114112K
  class space    used 5812K, committed 6336K, reserved 1048576K
}
Event: 9.183 GC heap after
{Heap after GC invocations=115 (full 2):
 PSYoungGen      total 7168K, used 1511K [0x00000000eab00000, 0x00000000eb680000, 0x0000000100000000)
  eden space 5632K, 0% used [0x00000000eab00000,0x00000000eab00000,0x00000000eb080000)
  from space 1536K, 98% used [0x00000000eb080000,0x00000000eb1f9e58,0x00000000eb200000)
  to   space 3072K, 0% used [0x00000000eb380000,0x00000000eb380000,0x00000000eb680000)
 ParOldGen       total 201728K, used 201382K [0x00000000c0000000, 0x00000000cc500000, 0x00000000eab00000)
  object space 201728K, 99% used [0x00000000c0000000,0x00000000cc4a98c0,0x00000000cc500000)
 Metaspace       used 56407K, committed 57664K, reserved 1114112K
  class space    used 5812K, committed 6336K, reserved 1048576K
}
Event: 9.207 GC heap before
{Heap before GC invocations=116 (full 2):
 PSYoungGen      total 7168K, used 7143K [0x00000000eab00000, 0x00000000eb680000, 0x0000000100000000)
  eden space 5632K, 100% used [0x00000000eab00000,0x00000000eb080000,0x00000000eb080000)
  from space 1536K, 98% used [0x00000000eb080000,0x00000000eb1f9e58,0x00000000eb200000)
  to   space 3072K, 0% used [0x00000000eb380000,0x00000000eb380000,0x00000000eb680000)
 ParOldGen       total 201728K, used 201382K [0x00000000c0000000, 0x00000000cc500000, 0x00000000eab00000)
  object space 201728K, 99% used [0x00000000c0000000,0x00000000cc4a98c0,0x00000000cc500000)
 Metaspace       used 56443K, committed 57664K, reserved 1114112K
  class space    used 5813K, committed 6336K, reserved 1048576K
}
Event: 9.211 GC heap after
{Heap after GC invocations=116 (full 2):
 PSYoungGen      total 7168K, used 1387K [0x00000000eab00000, 0x00000000eb500000, 0x0000000100000000)
  eden space 5632K, 0% used [0x00000000eab00000,0x00000000eab00000,0x00000000eb080000)
  from space 1536K, 90% used [0x00000000eb380000,0x00000000eb4dac38,0x00000000eb500000)
  to   space 2048K, 0% used [0x00000000eb100000,0x00000000eb100000,0x00000000eb300000)
 ParOldGen       total 203264K, used 202790K [0x00000000c0000000, 0x00000000cc680000, 0x00000000eab00000)
  object space 203264K, 99% used [0x00000000c0000000,0x00000000cc609908,0x00000000cc680000)
 Metaspace       used 56443K, committed 57664K, reserved 1114112K
  class space    used 5813K, committed 6336K, reserved 1048576K
}
Event: 9.237 GC heap before
{Heap before GC invocations=117 (full 2):
 PSYoungGen      total 7168K, used 7019K [0x00000000eab00000, 0x00000000eb500000, 0x0000000100000000)
  eden space 5632K, 100% used [0x00000000eab00000,0x00000000eb080000,0x00000000eb080000)
  from space 1536K, 90% used [0x00000000eb380000,0x00000000eb4dac38,0x00000000eb500000)
  to   space 2048K, 0% used [0x00000000eb100000,0x00000000eb100000,0x00000000eb300000)
 ParOldGen       total 203264K, used 202790K [0x00000000c0000000, 0x00000000cc680000, 0x00000000eab00000)
  object space 203264K, 99% used [0x00000000c0000000,0x00000000cc609908,0x00000000cc680000)
 Metaspace       used 56475K, committed 57728K, reserved 1114112K
  class space    used 5813K, committed 6336K, reserved 1048576K
}
Event: 9.240 GC heap after
{Heap after GC invocations=117 (full 2):
 PSYoungGen      total 7168K, used 1371K [0x00000000eab00000, 0x00000000eb400000, 0x0000000100000000)
  eden space 5632K, 0% used [0x00000000eab00000,0x00000000eab00000,0x00000000eb080000)
  from space 1536K, 89% used [0x00000000eb100000,0x00000000eb256f98,0x00000000eb280000)
  to   space 1536K, 0% used [0x00000000eb280000,0x00000000eb280000,0x00000000eb400000)
 ParOldGen       total 204288K, used 204031K [0x00000000c0000000, 0x00000000cc780000, 0x00000000eab00000)
  object space 204288K, 99% used [0x00000000c0000000,0x00000000cc73fec8,0x00000000cc780000)
 Metaspace       used 56475K, committed 57728K, reserved 1114112K
  class space    used 5813K, committed 6336K, reserved 1048576K
}

