# JRE version: Java(TM) SE Runtime Environment (17.0.9+11) (build 17.0.9+11-LTS-201)
# Java VM: Java HotSpot(TM) 64-Bit Server VM (17.0.9+11-LTS-201, mixed mode, sharing, tiered, compressed oops, compressed class ptrs, g1 gc, windows-amd64)
GC Precious Log:
 CPUs: 16 total, 16 available
 Memory: 15613M
 Large Page Support: Disabled
 NUMA Support: Disabled
 Compressed Oops: Enabled (Zero based)
 Heap Region Size: 2M
 Heap Min Capacity: 8M
 Heap Initial Capacity: 244M
 Heap Max Capacity: 3904M
 Pre-touch: Disabled
 Parallel Workers: 13
 Concurrent Workers: 3
 Concurrent Refinement Workers: 13
 Periodic GC: Disabled
Heap:
 garbage-first heap   total 81920K, used 45785K [0x000000070c000000, 0x0000000800000000)
  region size 2048K, 8 young (16384K), 3 survivors (6144K)
 Metaspace       used 81563K, committed 82176K, reserved 1179648K
  class space    used 10970K, committed 11264K, reserved 1048576K
GC Heap History (20 events):
Event: 2.793 GC heap before
{Heap before GC invocations=8 (full 0):
 garbage-first heap   total 153600K, used 48538K [0x000000070c000000, 0x0000000800000000)
  region size 2048K, 18 young (36864K), 2 survivors (4096K)
 Metaspace       used 35800K, committed 36160K, reserved 1114112K
  class space    used 4555K, committed 4736K, reserved 1048576K
}
Event: 2.798 GC heap after
{Heap after GC invocations=9 (full 0):
 garbage-first heap   total 153600K, used 20495K [0x000000070c000000, 0x0000000800000000)
  region size 2048K, 3 young (6144K), 3 survivors (6144K)
 Metaspace       used 35800K, committed 36160K, reserved 1114112K
  class space    used 4555K, committed 4736K, reserved 1048576K
}
Event: 3.647 GC heap before
{Heap before GC invocations=10 (full 0):
 garbage-first heap   total 81920K, used 63503K [0x000000070c000000, 0x0000000800000000)
  region size 2048K, 24 young (49152K), 3 survivors (6144K)
 Metaspace       used 47794K, committed 48256K, reserved 1114112K
  class space    used 6167K, committed 6400K, reserved 1048576K
}
Event: 3.651 GC heap after
{Heap after GC invocations=11 (full 0):
 garbage-first heap   total 81920K, used 22995K [0x000000070c000000, 0x0000000800000000)
  region size 2048K, 3 young (6144K), 3 survivors (6144K)
 Metaspace       used 47794K, committed 48256K, reserved 1114112K
  class space    used 6167K, committed 6400K, reserved 1048576K
}
Event: 3.680 GC heap before
{Heap before GC invocations=11 (full 0):
 garbage-first heap   total 81920K, used 25043K [0x000000070c000000, 0x0000000800000000)
  region size 2048K, 4 young (8192K), 3 survivors (6144K)
 Metaspace       used 48137K, committed 48640K, reserved 1114112K
  class space    used 6229K, committed 6464K, reserved 1048576K
}
Event: 3.683 GC heap after
{Heap after GC invocations=12 (full 0):
 garbage-first heap   total 81920K, used 23342K [0x000000070c000000, 0x0000000800000000)
  region size 2048K, 1 young (2048K), 1 survivors (2048K)
 Metaspace       used 48137K, committed 48640K, reserved 1114112K
  class space    used 6229K, committed 6464K, reserved 1048576K
}
Event: 4.215 GC heap before
{Heap before GC invocations=12 (full 0):
 garbage-first heap   total 81920K, used 60206K [0x000000070c000000, 0x0000000800000000)
  region size 2048K, 19 young (38912K), 1 survivors (2048K)
 Metaspace       used 55994K, committed 56512K, reserved 1114112K
  class space    used 7326K, committed 7552K, reserved 1048576K
}
Event: 4.217 GC heap after
{Heap after GC invocations=13 (full 0):
 garbage-first heap   total 81920K, used 24587K [0x000000070c000000, 0x0000000800000000)
  region size 2048K, 2 young (4096K), 2 survivors (4096K)
 Metaspace       used 55994K, committed 56512K, reserved 1114112K
  class space    used 7326K, committed 7552K, reserved 1048576K
}
Event: 4.535 GC heap before
{Heap before GC invocations=13 (full 0):
 garbage-first heap   total 81920K, used 47115K [0x000000070c000000, 0x0000000800000000)
  region size 2048K, 14 young (28672K), 2 survivors (4096K)
 Metaspace       used 60312K, committed 60736K, reserved 1114112K
  class space    used 7983K, committed 8192K, reserved 1048576K
}
Event: 4.537 GC heap after
{Heap after GC invocations=14 (full 0):
 garbage-first heap   total 81920K, used 25071K [0x000000070c000000, 0x0000000800000000)
  region size 2048K, 2 young (4096K), 2 survivors (4096K)
 Metaspace       used 60312K, committed 60736K, reserved 1114112K
  class space    used 7983K, committed 8192K, reserved 1048576K
}
Event: 5.348 GC heap before
{Heap before GC invocations=15 (full 0):
 garbage-first heap   total 81920K, used 63983K [0x000000070c000000, 0x0000000800000000)
  region size 2048K, 21 young (43008K), 2 survivors (4096K)
 Metaspace       used 66518K, committed 67072K, reserved 1114112K
  class space    used 8848K, committed 9152K, reserved 1048576K
}
Event: 5.352 GC heap after
{Heap after GC invocations=16 (full 0):
 garbage-first heap   total 81920K, used 27711K [0x000000070c000000, 0x0000000800000000)
  region size 2048K, 3 young (6144K), 3 survivors (6144K)
 Metaspace       used 66518K, committed 67072K, reserved 1114112K
  class space    used 8848K, committed 9152K, reserved 1048576K
}
Event: 8.281 GC heap before
{Heap before GC invocations=16 (full 0):
 garbage-first heap   total 81920K, used 62527K [0x000000070c000000, 0x0000000800000000)
  region size 2048K, 21 young (43008K), 3 survivors (6144K)
 Metaspace       used 71809K, committed 72448K, reserved 1114112K
  class space    used 9570K, committed 9856K, reserved 1048576K
}
Event: 8.286 GC heap after
{Heap after GC invocations=17 (full 0):
 garbage-first heap   total 81920K, used 31006K [0x000000070c000000, 0x0000000800000000)
  region size 2048K, 3 young (6144K), 3 survivors (6144K)
 Metaspace       used 71809K, committed 72448K, reserved 1114112K
  class space    used 9570K, committed 9856K, reserved 1048576K
}
Event: 8.649 GC heap before
{Heap before GC invocations=17 (full 0):
 garbage-first heap   total 81920K, used 61726K [0x000000070c000000, 0x0000000800000000)
  region size 2048K, 19 young (38912K), 3 survivors (6144K)
 Metaspace       used 76990K, committed 77632K, reserved 1179648K
  class space    used 10370K, committed 10688K, reserved 1048576K
}
Event: 8.654 GC heap after
{Heap after GC invocations=18 (full 0):
 garbage-first heap   total 81920K, used 32748K [0x000000070c000000, 0x0000000800000000)
  region size 2048K, 2 young (4096K), 2 survivors (4096K)
 Metaspace       used 76990K, committed 77632K, reserved 1179648K
  class space    used 10370K, committed 10688K, reserved 1048576K
}
Event: 8.957 GC heap before
{Heap before GC invocations=18 (full 0):
 garbage-first heap   total 81920K, used 63468K [0x000000070c000000, 0x0000000800000000)
  region size 2048K, 17 young (34816K), 2 survivors (4096K)
 Metaspace       used 80665K, committed 81344K, reserved 1179648K
  class space    used 10868K, committed 11200K, reserved 1048576K
}
Event: 8.959 GC heap after
{Heap after GC invocations=19 (full 0):
 garbage-first heap   total 81920K, used 33052K [0x000000070c000000, 0x0000000800000000)
  region size 2048K, 2 young (4096K), 2 survivors (4096K)
 Metaspace       used 80665K, committed 81344K, reserved 1179648K
  class space    used 10868K, committed 11200K, reserved 1048576K
}
Event: 967.610 GC heap before
{Heap before GC invocations=19 (full 0):
 garbage-first heap   total 81920K, used 65820K [0x000000070c000000, 0x0000000800000000)
  region size 2048K, 18 young (36864K), 2 survivors (4096K)
 Metaspace       used 81499K, committed 82112K, reserved 1179648K
  class space    used 10966K, committed 11264K, reserved 1048576K
}
Event: 967.614 GC heap after
{Heap after GC invocations=20 (full 0):
 garbage-first heap   total 81920K, used 37593K [0x000000070c000000, 0x0000000800000000)
  region size 2048K, 3 young (6144K), 3 survivors (6144K)
 Metaspace       used 81499K, committed 82112K, reserved 1179648K
  class space    used 10966K, committed 11264K, reserved 1048576K
}

