# JRE version: OpenJDK Runtime Environment Temurin-21.0.6+7 (21.0.6+7) (build 21.0.6+7-LTS)
# Java VM: OpenJDK 64-Bit Server VM Temurin-21.0.6+7 (21.0.6+7-LTS, mixed mode, sharing, tiered, compressed oops, compressed class ptrs, parallel gc, windows-amd64)
GC Precious Log:
 CardTable entry size: 512
 CPUs: 16 total, 16 available
 Memory: 15613M
 Large Page Support: Disabled
 NUMA Support: Disabled
 Compressed Oops: Enabled (32-bit)
 Alignments: Space 512K, Generation 512K, Heap 2M
 Heap Min Capacity: 100M
 Heap Initial Capacity: 100M
 Heap Max Capacity: 1G
 Pre-touch: Disabled
 Parallel Workers: 13
Heap:
 PSYoungGen      total 4096K, used 1567K [0x00000000eab00000, 0x00000000eb000000, 0x0000000100000000)
  eden space 3072K, 20% used [0x00000000eab00000,0x00000000eab9ec18,0x00000000eae00000)
  from space 1024K, 95% used [0x00000000eae00000,0x00000000eaef4d68,0x00000000eaf00000)
  to   space 1024K, 0% used [0x00000000eaf00000,0x00000000eaf00000,0x00000000eb000000)
 ParOldGen       total 263168K, used 247168K [0x00000000c0000000, 0x00000000d0100000, 0x00000000eab00000)
  object space 263168K, 93% used [0x00000000c0000000,0x00000000cf160178,0x00000000d0100000)
 Metaspace       used 59583K, committed 60928K, reserved 1114112K
  class space    used 6025K, committed 6592K, reserved 1048576K
GC Heap History (20 events):
Event: 8.628 GC heap before
{Heap before GC invocations=252 (full 3):
 PSYoungGen      total 3584K, used 3533K [0x00000000eab00000, 0x00000000eaf80000, 0x0000000100000000)
  eden space 2560K, 100% used [0x00000000eab00000,0x00000000ead80000,0x00000000ead80000)
  from space 1024K, 95% used [0x00000000eae80000,0x00000000eaf73538,0x00000000eaf80000)
  to   space 1024K, 0% used [0x00000000ead80000,0x00000000ead80000,0x00000000eae80000)
 ParOldGen       total 263168K, used 238252K [0x00000000c0000000, 0x00000000d0100000, 0x00000000eab00000)
  object space 263168K, 90% used [0x00000000c0000000,0x00000000ce8ab258,0x00000000d0100000)
 Metaspace       used 59198K, committed 60480K, reserved 1114112K
  class space    used 6019K, committed 6592K, reserved 1048576K
}
Event: 8.630 GC heap after
{Heap after GC invocations=252 (full 3):
 PSYoungGen      total 3584K, used 881K [0x00000000eab00000, 0x00000000eaf80000, 0x0000000100000000)
  eden space 2560K, 0% used [0x00000000eab00000,0x00000000eab00000,0x00000000ead80000)
  from space 1024K, 86% used [0x00000000ead80000,0x00000000eae5c5b0,0x00000000eae80000)
  to   space 1024K, 0% used [0x00000000eae80000,0x00000000eae80000,0x00000000eaf80000)
 ParOldGen       total 263168K, used 238987K [0x00000000c0000000, 0x00000000d0100000, 0x00000000eab00000)
  object space 263168K, 90% used [0x00000000c0000000,0x00000000ce962c98,0x00000000d0100000)
 Metaspace       used 59198K, committed 60480K, reserved 1114112K
  class space    used 6019K, committed 6592K, reserved 1048576K
}
Event: 8.640 GC heap before
{Heap before GC invocations=253 (full 3):
 PSYoungGen      total 3584K, used 3441K [0x00000000eab00000, 0x00000000eaf80000, 0x0000000100000000)
  eden space 2560K, 100% used [0x00000000eab00000,0x00000000ead80000,0x00000000ead80000)
  from space 1024K, 86% used [0x00000000ead80000,0x00000000eae5c5b0,0x00000000eae80000)
  to   space 1024K, 0% used [0x00000000eae80000,0x00000000eae80000,0x00000000eaf80000)
 ParOldGen       total 263168K, used 238987K [0x00000000c0000000, 0x00000000d0100000, 0x00000000eab00000)
  object space 263168K, 90% used [0x00000000c0000000,0x00000000ce962c98,0x00000000d0100000)
 Metaspace       used 59229K, committed 60480K, reserved 1114112K
  class space    used 6019K, committed 6592K, reserved 1048576K
}
Event: 8.643 GC heap after
{Heap after GC invocations=253 (full 3):
 PSYoungGen      total 3584K, used 831K [0x00000000eab00000, 0x00000000eaf80000, 0x0000000100000000)
  eden space 2560K, 0% used [0x00000000eab00000,0x00000000eab00000,0x00000000ead80000)
  from space 1024K, 81% used [0x00000000eae80000,0x00000000eaf4fe90,0x00000000eaf80000)
  to   space 1024K, 0% used [0x00000000ead80000,0x00000000ead80000,0x00000000eae80000)
 ParOldGen       total 263168K, used 239620K [0x00000000c0000000, 0x00000000d0100000, 0x00000000eab00000)
  object space 263168K, 91% used [0x00000000c0000000,0x00000000cea01288,0x00000000d0100000)
 Metaspace       used 59229K, committed 60480K, reserved 1114112K
  class space    used 6019K, committed 6592K, reserved 1048576K
}
Event: 8.648 GC heap before
{Heap before GC invocations=254 (full 3):
 PSYoungGen      total 3584K, used 3391K [0x00000000eab00000, 0x00000000eaf80000, 0x0000000100000000)
  eden space 2560K, 100% used [0x00000000eab00000,0x00000000ead80000,0x00000000ead80000)
  from space 1024K, 81% used [0x00000000eae80000,0x00000000eaf4fe90,0x00000000eaf80000)
  to   space 1024K, 0% used [0x00000000ead80000,0x00000000ead80000,0x00000000eae80000)
 ParOldGen       total 263168K, used 239620K [0x00000000c0000000, 0x00000000d0100000, 0x00000000eab00000)
  object space 263168K, 91% used [0x00000000c0000000,0x00000000cea01288,0x00000000d0100000)
 Metaspace       used 59250K, committed 60544K, reserved 1114112K
  class space    used 6019K, committed 6592K, reserved 1048576K
}
Event: 8.650 GC heap after
{Heap after GC invocations=254 (full 3):
 PSYoungGen      total 3584K, used 776K [0x00000000eab00000, 0x00000000eb000000, 0x0000000100000000)
  eden space 2560K, 0% used [0x00000000eab00000,0x00000000eab00000,0x00000000ead80000)
  from space 1024K, 75% used [0x00000000ead80000,0x00000000eae422e0,0x00000000eae80000)
  to   space 1024K, 0% used [0x00000000eaf00000,0x00000000eaf00000,0x00000000eb000000)
 ParOldGen       total 263168K, used 240173K [0x00000000c0000000, 0x00000000d0100000, 0x00000000eab00000)
  object space 263168K, 91% used [0x00000000c0000000,0x00000000cea8b5b0,0x00000000d0100000)
 Metaspace       used 59250K, committed 60544K, reserved 1114112K
  class space    used 6019K, committed 6592K, reserved 1048576K
}
Event: 8.657 GC heap before
{Heap before GC invocations=255 (full 3):
 PSYoungGen      total 3584K, used 3336K [0x00000000eab00000, 0x00000000eb000000, 0x0000000100000000)
  eden space 2560K, 100% used [0x00000000eab00000,0x00000000ead80000,0x00000000ead80000)
  from space 1024K, 75% used [0x00000000ead80000,0x00000000eae422e0,0x00000000eae80000)
  to   space 1024K, 0% used [0x00000000eaf00000,0x00000000eaf00000,0x00000000eb000000)
 ParOldGen       total 263168K, used 240173K [0x00000000c0000000, 0x00000000d0100000, 0x00000000eab00000)
  object space 263168K, 91% used [0x00000000c0000000,0x00000000cea8b5b0,0x00000000d0100000)
 Metaspace       used 59263K, committed 60544K, reserved 1114112K
  class space    used 6019K, committed 6592K, reserved 1048576K
}
Event: 8.658 GC heap after
{Heap after GC invocations=255 (full 3):
 PSYoungGen      total 4096K, used 791K [0x00000000eab00000, 0x00000000eb000000, 0x0000000100000000)
  eden space 3072K, 0% used [0x00000000eab00000,0x00000000eab00000,0x00000000eae00000)
  from space 1024K, 77% used [0x00000000eaf00000,0x00000000eafc5cf0,0x00000000eb000000)
  to   space 1024K, 0% used [0x00000000eae00000,0x00000000eae00000,0x00000000eaf00000)
 ParOldGen       total 263168K, used 240806K [0x00000000c0000000, 0x00000000d0100000, 0x00000000eab00000)
  object space 263168K, 91% used [0x00000000c0000000,0x00000000ceb29b30,0x00000000d0100000)
 Metaspace       used 59263K, committed 60544K, reserved 1114112K
  class space    used 6019K, committed 6592K, reserved 1048576K
}
Event: 8.669 GC heap before
{Heap before GC invocations=256 (full 3):
 PSYoungGen      total 4096K, used 3863K [0x00000000eab00000, 0x00000000eb000000, 0x0000000100000000)
  eden space 3072K, 99% used [0x00000000eab00000,0x00000000eadfffc0,0x00000000eae00000)
  from space 1024K, 77% used [0x00000000eaf00000,0x00000000eafc5cf0,0x00000000eb000000)
  to   space 1024K, 0% used [0x00000000eae00000,0x00000000eae00000,0x00000000eaf00000)
 ParOldGen       total 263168K, used 240806K [0x00000000c0000000, 0x00000000d0100000, 0x00000000eab00000)
  object space 263168K, 91% used [0x00000000c0000000,0x00000000ceb29b30,0x00000000d0100000)
 Metaspace       used 59296K, committed 60608K, reserved 1114112K
  class space    used 6019K, committed 6592K, reserved 1048576K
}
Event: 8.671 GC heap after
{Heap after GC invocations=256 (full 3):
 PSYoungGen      total 4096K, used 914K [0x00000000eab00000, 0x00000000eb000000, 0x0000000100000000)
  eden space 3072K, 0% used [0x00000000eab00000,0x00000000eab00000,0x00000000eae00000)
  from space 1024K, 89% used [0x00000000eae00000,0x00000000eaee4a98,0x00000000eaf00000)
  to   space 1024K, 0% used [0x00000000eaf00000,0x00000000eaf00000,0x00000000eb000000)
 ParOldGen       total 263168K, used 241384K [0x00000000c0000000, 0x00000000d0100000, 0x00000000eab00000)
  object space 263168K, 91% used [0x00000000c0000000,0x00000000cebba318,0x00000000d0100000)
 Metaspace       used 59296K, committed 60608K, reserved 1114112K
  class space    used 6019K, committed 6592K, reserved 1048576K
}
Event: 8.708 GC heap before
{Heap before GC invocations=257 (full 3):
 PSYoungGen      total 4096K, used 3986K [0x00000000eab00000, 0x00000000eb000000, 0x0000000100000000)
  eden space 3072K, 99% used [0x00000000eab00000,0x00000000eadffff0,0x00000000eae00000)
  from space 1024K, 89% used [0x00000000eae00000,0x00000000eaee4a98,0x00000000eaf00000)
  to   space 1024K, 0% used [0x00000000eaf00000,0x00000000eaf00000,0x00000000eb000000)
 ParOldGen       total 263168K, used 241384K [0x00000000c0000000, 0x00000000d0100000, 0x00000000eab00000)
  object space 263168K, 91% used [0x00000000c0000000,0x00000000cebba318,0x00000000d0100000)
 Metaspace       used 59325K, committed 60672K, reserved 1114112K
  class space    used 6020K, committed 6592K, reserved 1048576K
}
Event: 8.710 GC heap after
{Heap after GC invocations=257 (full 3):
 PSYoungGen      total 4096K, used 849K [0x00000000eab00000, 0x00000000eb000000, 0x0000000100000000)
  eden space 3072K, 0% used [0x00000000eab00000,0x00000000eab00000,0x00000000eae00000)
  from space 1024K, 82% used [0x00000000eaf00000,0x00000000eafd4750,0x00000000eb000000)
  to   space 1024K, 0% used [0x00000000eae00000,0x00000000eae00000,0x00000000eaf00000)
 ParOldGen       total 263168K, used 242176K [0x00000000c0000000, 0x00000000d0100000, 0x00000000eab00000)
  object space 263168K, 92% used [0x00000000c0000000,0x00000000cec80290,0x00000000d0100000)
 Metaspace       used 59325K, committed 60672K, reserved 1114112K
  class space    used 6020K, committed 6592K, reserved 1048576K
}
Event: 8.733 GC heap before
{Heap before GC invocations=258 (full 3):
 PSYoungGen      total 4096K, used 3921K [0x00000000eab00000, 0x00000000eb000000, 0x0000000100000000)
  eden space 3072K, 100% used [0x00000000eab00000,0x00000000eae00000,0x00000000eae00000)
  from space 1024K, 82% used [0x00000000eaf00000,0x00000000eafd4750,0x00000000eb000000)
  to   space 1024K, 0% used [0x00000000eae00000,0x00000000eae00000,0x00000000eaf00000)
 ParOldGen       total 263168K, used 242176K [0x00000000c0000000, 0x00000000d0100000, 0x00000000eab00000)
  object space 263168K, 92% used [0x00000000c0000000,0x00000000cec80290,0x00000000d0100000)
 Metaspace       used 59352K, committed 60672K, reserved 1114112K
  class space    used 6021K, committed 6592K, reserved 1048576K
}
Event: 8.737 GC heap after
{Heap after GC invocations=258 (full 3):
 PSYoungGen      total 4096K, used 922K [0x00000000eab00000, 0x00000000eb000000, 0x0000000100000000)
  eden space 3072K, 0% used [0x00000000eab00000,0x00000000eab00000,0x00000000eae00000)
  from space 1024K, 90% used [0x00000000eae00000,0x00000000eaee6b80,0x00000000eaf00000)
  to   space 1024K, 0% used [0x00000000eaf00000,0x00000000eaf00000,0x00000000eb000000)
 ParOldGen       total 263168K, used 242875K [0x00000000c0000000, 0x00000000d0100000, 0x00000000eab00000)
  object space 263168K, 92% used [0x00000000c0000000,0x00000000ced2ec60,0x00000000d0100000)
 Metaspace       used 59352K, committed 60672K, reserved 1114112K
  class space    used 6021K, committed 6592K, reserved 1048576K
}
Event: 8.752 GC heap before
{Heap before GC invocations=259 (full 3):
 PSYoungGen      total 4096K, used 3994K [0x00000000eab00000, 0x00000000eb000000, 0x0000000100000000)
  eden space 3072K, 100% used [0x00000000eab00000,0x00000000eae00000,0x00000000eae00000)
  from space 1024K, 90% used [0x00000000eae00000,0x00000000eaee6b80,0x00000000eaf00000)
  to   space 1024K, 0% used [0x00000000eaf00000,0x00000000eaf00000,0x00000000eb000000)
 ParOldGen       total 263168K, used 242875K [0x00000000c0000000, 0x00000000d0100000, 0x00000000eab00000)
  object space 263168K, 92% used [0x00000000c0000000,0x00000000ced2ec60,0x00000000d0100000)
 Metaspace       used 59382K, committed 60736K, reserved 1114112K
  class space    used 6021K, committed 6592K, reserved 1048576K
}
Event: 8.755 GC heap after
{Heap after GC invocations=259 (full 3):
 PSYoungGen      total 4096K, used 888K [0x00000000eab00000, 0x00000000eb000000, 0x0000000100000000)
  eden space 3072K, 0% used [0x00000000eab00000,0x00000000eab00000,0x00000000eae00000)
  from space 1024K, 86% used [0x00000000eaf00000,0x00000000eafde3b0,0x00000000eb000000)
  to   space 1024K, 0% used [0x00000000eae00000,0x00000000eae00000,0x00000000eaf00000)
 ParOldGen       total 263168K, used 243617K [0x00000000c0000000, 0x00000000d0100000, 0x00000000eab00000)
  object space 263168K, 92% used [0x00000000c0000000,0x00000000cede8528,0x00000000d0100000)
 Metaspace       used 59382K, committed 60736K, reserved 1114112K
  class space    used 6021K, committed 6592K, reserved 1048576K
}
Event: 8.770 GC heap before
{Heap before GC invocations=260 (full 3):
 PSYoungGen      total 4096K, used 3960K [0x00000000eab00000, 0x00000000eb000000, 0x0000000100000000)
  eden space 3072K, 100% used [0x00000000eab00000,0x00000000eae00000,0x00000000eae00000)
  from space 1024K, 86% used [0x00000000eaf00000,0x00000000eafde3b0,0x00000000eb000000)
  to   space 1024K, 0% used [0x00000000eae00000,0x00000000eae00000,0x00000000eaf00000)
 ParOldGen       total 263168K, used 243617K [0x00000000c0000000, 0x00000000d0100000, 0x00000000eab00000)
  object space 263168K, 92% used [0x00000000c0000000,0x00000000cede8528,0x00000000d0100000)
 Metaspace       used 59437K, committed 60800K, reserved 1114112K
  class space    used 6021K, committed 6592K, reserved 1048576K
}
Event: 8.772 GC heap after
{Heap after GC invocations=260 (full 3):
 PSYoungGen      total 4096K, used 940K [0x00000000eab00000, 0x00000000eb000000, 0x0000000100000000)
  eden space 3072K, 0% used [0x00000000eab00000,0x00000000eab00000,0x00000000eae00000)
  from space 1024K, 91% used [0x00000000eae00000,0x00000000eaeeb328,0x00000000eaf00000)
  to   space 1024K, 0% used [0x00000000eaf00000,0x00000000eaf00000,0x00000000eb000000)
 ParOldGen       total 263168K, used 244372K [0x00000000c0000000, 0x00000000d0100000, 0x00000000eab00000)
  object space 263168K, 92% used [0x00000000c0000000,0x00000000ceea50d8,0x00000000d0100000)
 Metaspace       used 59437K, committed 60800K, reserved 1114112K
  class space    used 6021K, committed 6592K, reserved 1048576K
}
Event: 8.788 GC heap before
{Heap before GC invocations=261 (full 3):
 PSYoungGen      total 4096K, used 4012K [0x00000000eab00000, 0x00000000eb000000, 0x0000000100000000)
  eden space 3072K, 100% used [0x00000000eab00000,0x00000000eae00000,0x00000000eae00000)
  from space 1024K, 91% used [0x00000000eae00000,0x00000000eaeeb328,0x00000000eaf00000)
  to   space 1024K, 0% used [0x00000000eaf00000,0x00000000eaf00000,0x00000000eb000000)
 ParOldGen       total 263168K, used 244372K [0x00000000c0000000, 0x00000000d0100000, 0x00000000eab00000)
  object space 263168K, 92% used [0x00000000c0000000,0x00000000ceea50d8,0x00000000d0100000)
 Metaspace       used 59508K, committed 60864K, reserved 1114112K
  class space    used 6023K, committed 6592K, reserved 1048576K
}
Event: 8.790 GC heap after
{Heap after GC invocations=261 (full 3):
 PSYoungGen      total 4096K, used 878K [0x00000000eab00000, 0x00000000eb000000, 0x0000000100000000)
  eden space 3072K, 0% used [0x00000000eab00000,0x00000000eab00000,0x00000000eae00000)
  from space 1024K, 85% used [0x00000000eaf00000,0x00000000eafdbbf8,0x00000000eb000000)
  to   space 1024K, 0% used [0x00000000eae00000,0x00000000eae00000,0x00000000eaf00000)
 ParOldGen       total 263168K, used 245112K [0x00000000c0000000, 0x00000000d0100000, 0x00000000eab00000)
  object space 263168K, 93% used [0x00000000c0000000,0x00000000cef5e370,0x00000000d0100000)
 Metaspace       used 59508K, committed 60864K, reserved 1114112K
  class space    used 6023K, committed 6592K, reserved 1048576K
}

