# JRE version: OpenJDK Runtime Environment Temurin-21.0.5+11 (21.0.5+11) (build 21.0.5+11-LTS)
# Java VM: OpenJDK 64-Bit Server VM Temurin-21.0.5+11 (21.0.5+11-LTS, mixed mode, sharing, tiered, compressed oops, compressed class ptrs, parallel gc, windows-amd64)
GC Precious Log:
 CardTable entry size: 512
 CPUs: 16 total, 16 available
 Memory: 15613M
 Large Page Support: Disabled
 NUMA Support: Disabled
 Compressed Oops: Enabled (32-bit)
 Alignments: Space 512K, Generation 512K, Heap 2M
 Heap Min Capacity: 100M
 Heap Initial Capacity: 100M
 Heap Max Capacity: 1G
 Pre-touch: Disabled
 Parallel Workers: 13
Heap:
 PSYoungGen      total 14336K, used 14226K [0x00000000eab00000, 0x00000000eba80000, 0x0000000100000000)
  eden space 12800K, 100% used [0x00000000eab00000,0x00000000eb780000,0x00000000eb780000)
  from space 1536K, 92% used [0x00000000eb900000,0x00000000eba64870,0x00000000eba80000)
  to   space 1024K, 50% used [0x00000000eb780000,0x00000000eb800000,0x00000000eb880000)
 ParOldGen       total 500736K, used 500310K [0x00000000c0000000, 0x00000000de900000, 0x00000000eab00000)
  object space 500736K, 99% used [0x00000000c0000000,0x00000000de899b90,0x00000000de900000)
 Metaspace       used 81300K, committed 82880K, reserved 1179648K
  class space    used 8279K, committed 9024K, reserved 1048576K
GC Heap History (20 events):
Event: 5627.672 GC heap before
{Heap before GC invocations=1967 (full 4):
 PSYoungGen      total 14848K, used 14458K [0x00000000eab00000, 0x00000000ebc00000, 0x0000000100000000)
  eden space 12800K, 100% used [0x00000000eab00000,0x00000000eb780000,0x00000000eb780000)
  from space 2048K, 80% used [0x00000000eba00000,0x00000000ebb9e878,0x00000000ebc00000)
  to   space 2048K, 0% used [0x00000000eb780000,0x00000000eb780000,0x00000000eb980000)
 ParOldGen       total 491520K, used 483510K [0x00000000c0000000, 0x00000000de000000, 0x00000000eab00000)
  object space 491520K, 98% used [0x00000000c0000000,0x00000000dd82da60,0x00000000de000000)
 Metaspace       used 81296K, committed 82880K, reserved 1179648K
  class space    used 8279K, committed 9024K, reserved 1048576K
}
Event: 5627.674 GC heap after
{Heap after GC invocations=1967 (full 4):
 PSYoungGen      total 14848K, used 1800K [0x00000000eab00000, 0x00000000ebb80000, 0x0000000100000000)
  eden space 12800K, 0% used [0x00000000eab00000,0x00000000eab00000,0x00000000eb780000)
  from space 2048K, 87% used [0x00000000eb780000,0x00000000eb9422b0,0x00000000eb980000)
  to   space 2048K, 0% used [0x00000000eb980000,0x00000000eb980000,0x00000000ebb80000)
 ParOldGen       total 491520K, used 484882K [0x00000000c0000000, 0x00000000de000000, 0x00000000eab00000)
  object space 491520K, 98% used [0x00000000c0000000,0x00000000dd984ae8,0x00000000de000000)
 Metaspace       used 81296K, committed 82880K, reserved 1179648K
  class space    used 8279K, committed 9024K, reserved 1048576K
}
Event: 5627.683 GC heap before
{Heap before GC invocations=1968 (full 4):
 PSYoungGen      total 14848K, used 14600K [0x00000000eab00000, 0x00000000ebb80000, 0x0000000100000000)
  eden space 12800K, 100% used [0x00000000eab00000,0x00000000eb780000,0x00000000eb780000)
  from space 2048K, 87% used [0x00000000eb780000,0x00000000eb9422b0,0x00000000eb980000)
  to   space 2048K, 0% used [0x00000000eb980000,0x00000000eb980000,0x00000000ebb80000)
 ParOldGen       total 491520K, used 484882K [0x00000000c0000000, 0x00000000de000000, 0x00000000eab00000)
  object space 491520K, 98% used [0x00000000c0000000,0x00000000dd984ae8,0x00000000de000000)
 Metaspace       used 81296K, committed 82880K, reserved 1179648K
  class space    used 8279K, committed 9024K, reserved 1048576K
}
Event: 5627.685 GC heap after
{Heap after GC invocations=1968 (full 4):
 PSYoungGen      total 14848K, used 1659K [0x00000000eab00000, 0x00000000ebb80000, 0x0000000100000000)
  eden space 12800K, 0% used [0x00000000eab00000,0x00000000eab00000,0x00000000eb780000)
  from space 2048K, 81% used [0x00000000eb980000,0x00000000ebb1ed50,0x00000000ebb80000)
  to   space 2048K, 0% used [0x00000000eb780000,0x00000000eb780000,0x00000000eb980000)
 ParOldGen       total 491520K, used 486345K [0x00000000c0000000, 0x00000000de000000, 0x00000000eab00000)
  object space 491520K, 98% used [0x00000000c0000000,0x00000000ddaf2778,0x00000000de000000)
 Metaspace       used 81296K, committed 82880K, reserved 1179648K
  class space    used 8279K, committed 9024K, reserved 1048576K
}
Event: 5627.694 GC heap before
{Heap before GC invocations=1969 (full 4):
 PSYoungGen      total 14848K, used 14459K [0x00000000eab00000, 0x00000000ebb80000, 0x0000000100000000)
  eden space 12800K, 100% used [0x00000000eab00000,0x00000000eb780000,0x00000000eb780000)
  from space 2048K, 81% used [0x00000000eb980000,0x00000000ebb1ed50,0x00000000ebb80000)
  to   space 2048K, 0% used [0x00000000eb780000,0x00000000eb780000,0x00000000eb980000)
 ParOldGen       total 491520K, used 486345K [0x00000000c0000000, 0x00000000de000000, 0x00000000eab00000)
  object space 491520K, 98% used [0x00000000c0000000,0x00000000ddaf2778,0x00000000de000000)
 Metaspace       used 81296K, committed 82880K, reserved 1179648K
  class space    used 8279K, committed 9024K, reserved 1048576K
}
Event: 5627.696 GC heap after
{Heap after GC invocations=1969 (full 4):
 PSYoungGen      total 14848K, used 1484K [0x00000000eab00000, 0x00000000ebb80000, 0x0000000100000000)
  eden space 12800K, 0% used [0x00000000eab00000,0x00000000eab00000,0x00000000eb780000)
  from space 2048K, 72% used [0x00000000eb780000,0x00000000eb8f33e0,0x00000000eb980000)
  to   space 2048K, 0% used [0x00000000eb980000,0x00000000eb980000,0x00000000ebb80000)
 ParOldGen       total 491520K, used 487715K [0x00000000c0000000, 0x00000000de000000, 0x00000000eab00000)
  object space 491520K, 99% used [0x00000000c0000000,0x00000000ddc48f90,0x00000000de000000)
 Metaspace       used 81296K, committed 82880K, reserved 1179648K
  class space    used 8279K, committed 9024K, reserved 1048576K
}
Event: 5627.708 GC heap before
{Heap before GC invocations=1970 (full 4):
 PSYoungGen      total 14848K, used 14284K [0x00000000eab00000, 0x00000000ebb80000, 0x0000000100000000)
  eden space 12800K, 100% used [0x00000000eab00000,0x00000000eb780000,0x00000000eb780000)
  from space 2048K, 72% used [0x00000000eb780000,0x00000000eb8f33e0,0x00000000eb980000)
  to   space 2048K, 0% used [0x00000000eb980000,0x00000000eb980000,0x00000000ebb80000)
 ParOldGen       total 491520K, used 487715K [0x00000000c0000000, 0x00000000de000000, 0x00000000eab00000)
  object space 491520K, 99% used [0x00000000c0000000,0x00000000ddc48f90,0x00000000de000000)
 Metaspace       used 81296K, committed 82880K, reserved 1179648K
  class space    used 8279K, committed 9024K, reserved 1048576K
}
Event: 5627.710 GC heap after
{Heap after GC invocations=1970 (full 4):
 PSYoungGen      total 14848K, used 1575K [0x00000000eab00000, 0x00000000ebb80000, 0x0000000100000000)
  eden space 12800K, 0% used [0x00000000eab00000,0x00000000eab00000,0x00000000eb780000)
  from space 2048K, 76% used [0x00000000eb980000,0x00000000ebb09ca0,0x00000000ebb80000)
  to   space 2048K, 0% used [0x00000000eb780000,0x00000000eb780000,0x00000000eb980000)
 ParOldGen       total 491520K, used 488996K [0x00000000c0000000, 0x00000000de000000, 0x00000000eab00000)
  object space 491520K, 99% used [0x00000000c0000000,0x00000000ddd892c8,0x00000000de000000)
 Metaspace       used 81296K, committed 82880K, reserved 1179648K
  class space    used 8279K, committed 9024K, reserved 1048576K
}
Event: 5627.721 GC heap before
{Heap before GC invocations=1971 (full 4):
 PSYoungGen      total 14848K, used 14375K [0x00000000eab00000, 0x00000000ebb80000, 0x0000000100000000)
  eden space 12800K, 100% used [0x00000000eab00000,0x00000000eb780000,0x00000000eb780000)
  from space 2048K, 76% used [0x00000000eb980000,0x00000000ebb09ca0,0x00000000ebb80000)
  to   space 2048K, 0% used [0x00000000eb780000,0x00000000eb780000,0x00000000eb980000)
 ParOldGen       total 491520K, used 488996K [0x00000000c0000000, 0x00000000de000000, 0x00000000eab00000)
  object space 491520K, 99% used [0x00000000c0000000,0x00000000ddd892c8,0x00000000de000000)
 Metaspace       used 81296K, committed 82880K, reserved 1179648K
  class space    used 8279K, committed 9024K, reserved 1048576K
}
Event: 5627.723 GC heap after
{Heap after GC invocations=1971 (full 4):
 PSYoungGen      total 14848K, used 1663K [0x00000000eab00000, 0x00000000ebb80000, 0x0000000100000000)
  eden space 12800K, 0% used [0x00000000eab00000,0x00000000eab00000,0x00000000eb780000)
  from space 2048K, 81% used [0x00000000eb780000,0x00000000eb91fe00,0x00000000eb980000)
  to   space 2048K, 0% used [0x00000000eb980000,0x00000000eb980000,0x00000000ebb80000)
 ParOldGen       total 491520K, used 490379K [0x00000000c0000000, 0x00000000de000000, 0x00000000eab00000)
  object space 491520K, 99% used [0x00000000c0000000,0x00000000ddee2d08,0x00000000de000000)
 Metaspace       used 81296K, committed 82880K, reserved 1179648K
  class space    used 8279K, committed 9024K, reserved 1048576K
}
Event: 5627.733 GC heap before
{Heap before GC invocations=1972 (full 4):
 PSYoungGen      total 14848K, used 14463K [0x00000000eab00000, 0x00000000ebb80000, 0x0000000100000000)
  eden space 12800K, 100% used [0x00000000eab00000,0x00000000eb780000,0x00000000eb780000)
  from space 2048K, 81% used [0x00000000eb780000,0x00000000eb91fe00,0x00000000eb980000)
  to   space 2048K, 0% used [0x00000000eb980000,0x00000000eb980000,0x00000000ebb80000)
 ParOldGen       total 491520K, used 490379K [0x00000000c0000000, 0x00000000de000000, 0x00000000eab00000)
  object space 491520K, 99% used [0x00000000c0000000,0x00000000ddee2d08,0x00000000de000000)
 Metaspace       used 81296K, committed 82880K, reserved 1179648K
  class space    used 8279K, committed 9024K, reserved 1048576K
}
Event: 5627.735 GC heap after
{Heap after GC invocations=1972 (full 4):
 PSYoungGen      total 14336K, used 1247K [0x00000000eab00000, 0x00000000ebb00000, 0x0000000100000000)
  eden space 12800K, 0% used [0x00000000eab00000,0x00000000eab00000,0x00000000eb780000)
  from space 1536K, 81% used [0x00000000eb980000,0x00000000ebab7e88,0x00000000ebb00000)
  to   space 1536K, 0% used [0x00000000eb800000,0x00000000eb800000,0x00000000eb980000)
 ParOldGen       total 492032K, used 491692K [0x00000000c0000000, 0x00000000de080000, 0x00000000eab00000)
  object space 492032K, 99% used [0x00000000c0000000,0x00000000de02b3a0,0x00000000de080000)
 Metaspace       used 81296K, committed 82880K, reserved 1179648K
  class space    used 8279K, committed 9024K, reserved 1048576K
}
Event: 5627.748 GC heap before
{Heap before GC invocations=1973 (full 4):
 PSYoungGen      total 14336K, used 14047K [0x00000000eab00000, 0x00000000ebb00000, 0x0000000100000000)
  eden space 12800K, 100% used [0x00000000eab00000,0x00000000eb780000,0x00000000eb780000)
  from space 1536K, 81% used [0x00000000eb980000,0x00000000ebab7e88,0x00000000ebb00000)
  to   space 1536K, 0% used [0x00000000eb800000,0x00000000eb800000,0x00000000eb980000)
 ParOldGen       total 492032K, used 491692K [0x00000000c0000000, 0x00000000de080000, 0x00000000eab00000)
  object space 492032K, 99% used [0x00000000c0000000,0x00000000de02b3a0,0x00000000de080000)
 Metaspace       used 81296K, committed 82880K, reserved 1179648K
  class space    used 8279K, committed 9024K, reserved 1048576K
}
Event: 5627.752 GC heap after
{Heap after GC invocations=1973 (full 4):
 PSYoungGen      total 13824K, used 904K [0x00000000eab00000, 0x00000000eba80000, 0x0000000100000000)
  eden space 12800K, 0% used [0x00000000eab00000,0x00000000eab00000,0x00000000eb780000)
  from space 1024K, 88% used [0x00000000eb800000,0x00000000eb8e2128,0x00000000eb900000)
  to   space 1536K, 0% used [0x00000000eb900000,0x00000000eb900000,0x00000000eba80000)
 ParOldGen       total 494592K, used 494440K [0x00000000c0000000, 0x00000000de300000, 0x00000000eab00000)
  object space 494592K, 99% used [0x00000000c0000000,0x00000000de2da020,0x00000000de300000)
 Metaspace       used 81296K, committed 82880K, reserved 1179648K
  class space    used 8279K, committed 9024K, reserved 1048576K
}
Event: 5627.775 GC heap before
{Heap before GC invocations=1974 (full 4):
 PSYoungGen      total 13824K, used 13704K [0x00000000eab00000, 0x00000000eba80000, 0x0000000100000000)
  eden space 12800K, 100% used [0x00000000eab00000,0x00000000eb780000,0x00000000eb780000)
  from space 1024K, 88% used [0x00000000eb800000,0x00000000eb8e2128,0x00000000eb900000)
  to   space 1536K, 0% used [0x00000000eb900000,0x00000000eb900000,0x00000000eba80000)
 ParOldGen       total 494592K, used 494440K [0x00000000c0000000, 0x00000000de300000, 0x00000000eab00000)
  object space 494592K, 99% used [0x00000000c0000000,0x00000000de2da020,0x00000000de300000)
 Metaspace       used 81296K, committed 82880K, reserved 1179648K
  class space    used 8279K, committed 9024K, reserved 1048576K
}
Event: 5627.778 GC heap after
{Heap after GC invocations=1974 (full 4):
 PSYoungGen      total 13312K, used 421K [0x00000000eab00000, 0x00000000eb980000, 0x0000000100000000)
  eden space 12800K, 0% used [0x00000000eab00000,0x00000000eab00000,0x00000000eb780000)
  from space 512K, 82% used [0x00000000eb900000,0x00000000eb9696d0,0x00000000eb980000)
  to   space 1024K, 0% used [0x00000000eb780000,0x00000000eb780000,0x00000000eb880000)
 ParOldGen       total 495104K, used 494914K [0x00000000c0000000, 0x00000000de380000, 0x00000000eab00000)
  object space 495104K, 99% used [0x00000000c0000000,0x00000000de350bb8,0x00000000de380000)
 Metaspace       used 81296K, committed 82880K, reserved 1179648K
  class space    used 8279K, committed 9024K, reserved 1048576K
}
Event: 5627.789 GC heap before
{Heap before GC invocations=1975 (full 4):
 PSYoungGen      total 13312K, used 13221K [0x00000000eab00000, 0x00000000eb980000, 0x0000000100000000)
  eden space 12800K, 100% used [0x00000000eab00000,0x00000000eb780000,0x00000000eb780000)
  from space 512K, 82% used [0x00000000eb900000,0x00000000eb9696d0,0x00000000eb980000)
  to   space 1024K, 0% used [0x00000000eb780000,0x00000000eb780000,0x00000000eb880000)
 ParOldGen       total 495104K, used 494914K [0x00000000c0000000, 0x00000000de380000, 0x00000000eab00000)
  object space 495104K, 99% used [0x00000000c0000000,0x00000000de350bb8,0x00000000de380000)
 Metaspace       used 81296K, committed 82880K, reserved 1179648K
  class space    used 8279K, committed 9024K, reserved 1048576K
}
Event: 5627.792 GC heap after
{Heap after GC invocations=1975 (full 4):
 PSYoungGen      total 13824K, used 1002K [0x00000000eab00000, 0x00000000eba80000, 0x0000000100000000)
  eden space 12800K, 0% used [0x00000000eab00000,0x00000000eab00000,0x00000000eb780000)
  from space 1024K, 97% used [0x00000000eb780000,0x00000000eb87aa90,0x00000000eb880000)
  to   space 1536K, 0% used [0x00000000eb900000,0x00000000eb900000,0x00000000eba80000)
 ParOldGen       total 495616K, used 495230K [0x00000000c0000000, 0x00000000de400000, 0x00000000eab00000)
  object space 495616K, 99% used [0x00000000c0000000,0x00000000de39f9d8,0x00000000de400000)
 Metaspace       used 81296K, committed 82880K, reserved 1179648K
  class space    used 8279K, committed 9024K, reserved 1048576K
}
Event: 5627.803 GC heap before
{Heap before GC invocations=1976 (full 4):
 PSYoungGen      total 13824K, used 13802K [0x00000000eab00000, 0x00000000eba80000, 0x0000000100000000)
  eden space 12800K, 100% used [0x00000000eab00000,0x00000000eb780000,0x00000000eb780000)
  from space 1024K, 97% used [0x00000000eb780000,0x00000000eb87aa90,0x00000000eb880000)
  to   space 1536K, 0% used [0x00000000eb900000,0x00000000eb900000,0x00000000eba80000)
 ParOldGen       total 495616K, used 495230K [0x00000000c0000000, 0x00000000de400000, 0x00000000eab00000)
  object space 495616K, 99% used [0x00000000c0000000,0x00000000de39f9d8,0x00000000de400000)
 Metaspace       used 81296K, committed 82880K, reserved 1179648K
  class space    used 8279K, committed 9024K, reserved 1048576K
}
Event: 5627.805 GC heap after
{Heap after GC invocations=1976 (full 4):
 PSYoungGen      total 14336K, used 1519K [0x00000000eab00000, 0x00000000eba80000, 0x0000000100000000)
  eden space 12800K, 0% used [0x00000000eab00000,0x00000000eab00000,0x00000000eb780000)
  from space 1536K, 98% used [0x00000000eb900000,0x00000000eba7bf90,0x00000000eba80000)
  to   space 1024K, 0% used [0x00000000eb780000,0x00000000eb780000,0x00000000eb880000)
 ParOldGen       total 496128K, used 496052K [0x00000000c0000000, 0x00000000de480000, 0x00000000eab00000)
  object space 496128K, 99% used [0x00000000c0000000,0x00000000de46d038,0x00000000de480000)
 Metaspace       used 81296K, committed 82880K, reserved 1179648K
  class space    used 8279K, committed 9024K, reserved 1048576K
}

