# JRE version: OpenJDK Runtime Environment Temurin-21.0.6+7 (21.0.6+7) (build 21.0.6+7-LTS)
# Java VM: OpenJDK 64-Bit Server VM Temurin-21.0.6+7 (21.0.6+7-LTS, mixed mode, sharing, tiered, compressed oops, compressed class ptrs, parallel gc, windows-amd64)
GC Precious Log:
 CardTable entry size: 512
 CPUs: 16 total, 16 available
 Memory: 15613M
 Large Page Support: Disabled
 NUMA Support: Disabled
 Compressed Oops: Enabled (32-bit)
 Alignments: Space 512K, Generation 512K, Heap 2M
 Heap Min Capacity: 100M
 Heap Initial Capacity: 100M
 Heap Max Capacity: 1G
 Pre-touch: Disabled
 Parallel Workers: 13
Heap:
 PSYoungGen      total 6144K, used 3936K [0x00000000eab00000, 0x00000000eb500000, 0x0000000100000000)
  eden space 5120K, 57% used [0x00000000eab00000,0x00000000eaddda60,0x00000000eb000000)
  from space 1024K, 97% used [0x00000000eb200000,0x00000000eb2fa910,0x00000000eb300000)
  to   space 2048K, 0% used [0x00000000eb000000,0x00000000eb000000,0x00000000eb200000)
 ParOldGen       total 411136K, used 410974K [0x00000000c0000000, 0x00000000d9180000, 0x00000000eab00000)
  object space 411136K, 99% used [0x00000000c0000000,0x00000000d9157a28,0x00000000d9180000)
 Metaspace       used 100589K, committed 102208K, reserved 1179648K
  class space    used 10612K, committed 11392K, reserved 1048576K
GC Heap History (20 events):
Event: 3276.044 GC heap before
{Heap before GC invocations=3891 (full 8):
 PSYoungGen      total 7168K, used 6944K [0x00000000eab00000, 0x00000000eb300000, 0x0000000100000000)
  eden space 6144K, 100% used [0x00000000eab00000,0x00000000eb100000,0x00000000eb100000)
  from space 1024K, 78% used [0x00000000eb200000,0x00000000eb2c8000,0x00000000eb300000)
  to   space 1024K, 0% used [0x00000000eb100000,0x00000000eb100000,0x00000000eb200000)
 ParOldGen       total 406528K, used 406264K [0x00000000c0000000, 0x00000000d8d00000, 0x00000000eab00000)
  object space 406528K, 99% used [0x00000000c0000000,0x00000000d8cbe1a8,0x00000000d8d00000)
 Metaspace       used 100585K, committed 102208K, reserved 1179648K
  class space    used 10612K, committed 11392K, reserved 1048576K
}
Event: 3276.044 GC heap after
{Heap after GC invocations=3891 (full 8):
 PSYoungGen      total 7168K, used 544K [0x00000000eab00000, 0x00000000eb300000, 0x0000000100000000)
  eden space 6144K, 0% used [0x00000000eab00000,0x00000000eab00000,0x00000000eb100000)
  from space 1024K, 53% used [0x00000000eb100000,0x00000000eb188000,0x00000000eb200000)
  to   space 1024K, 0% used [0x00000000eb200000,0x00000000eb200000,0x00000000eb300000)
 ParOldGen       total 406528K, used 406336K [0x00000000c0000000, 0x00000000d8d00000, 0x00000000eab00000)
  object space 406528K, 99% used [0x00000000c0000000,0x00000000d8cd01a8,0x00000000d8d00000)
 Metaspace       used 100585K, committed 102208K, reserved 1179648K
  class space    used 10612K, committed 11392K, reserved 1048576K
}
Event: 3276.049 GC heap before
{Heap before GC invocations=3892 (full 8):
 PSYoungGen      total 7168K, used 6688K [0x00000000eab00000, 0x00000000eb300000, 0x0000000100000000)
  eden space 6144K, 100% used [0x00000000eab00000,0x00000000eb100000,0x00000000eb100000)
  from space 1024K, 53% used [0x00000000eb100000,0x00000000eb188000,0x00000000eb200000)
  to   space 1024K, 0% used [0x00000000eb200000,0x00000000eb200000,0x00000000eb300000)
 ParOldGen       total 406528K, used 406336K [0x00000000c0000000, 0x00000000d8d00000, 0x00000000eab00000)
  object space 406528K, 99% used [0x00000000c0000000,0x00000000d8cd01a8,0x00000000d8d00000)
 Metaspace       used 100585K, committed 102208K, reserved 1179648K
  class space    used 10612K, committed 11392K, reserved 1048576K
}
Event: 3276.050 GC heap after
{Heap after GC invocations=3892 (full 8):
 PSYoungGen      total 7168K, used 608K [0x00000000eab00000, 0x00000000eb300000, 0x0000000100000000)
  eden space 6144K, 0% used [0x00000000eab00000,0x00000000eab00000,0x00000000eb100000)
  from space 1024K, 59% used [0x00000000eb200000,0x00000000eb298000,0x00000000eb300000)
  to   space 1024K, 0% used [0x00000000eb100000,0x00000000eb100000,0x00000000eb200000)
 ParOldGen       total 407040K, used 406792K [0x00000000c0000000, 0x00000000d8d80000, 0x00000000eab00000)
  object space 407040K, 99% used [0x00000000c0000000,0x00000000d8d422e0,0x00000000d8d80000)
 Metaspace       used 100585K, committed 102208K, reserved 1179648K
  class space    used 10612K, committed 11392K, reserved 1048576K
}
Event: 3276.056 GC heap before
{Heap before GC invocations=3893 (full 8):
 PSYoungGen      total 7168K, used 6752K [0x00000000eab00000, 0x00000000eb300000, 0x0000000100000000)
  eden space 6144K, 100% used [0x00000000eab00000,0x00000000eb100000,0x00000000eb100000)
  from space 1024K, 59% used [0x00000000eb200000,0x00000000eb298000,0x00000000eb300000)
  to   space 1024K, 0% used [0x00000000eb100000,0x00000000eb100000,0x00000000eb200000)
 ParOldGen       total 407040K, used 406792K [0x00000000c0000000, 0x00000000d8d80000, 0x00000000eab00000)
  object space 407040K, 99% used [0x00000000c0000000,0x00000000d8d422e0,0x00000000d8d80000)
 Metaspace       used 100585K, committed 102208K, reserved 1179648K
  class space    used 10612K, committed 11392K, reserved 1048576K
}
Event: 3276.057 GC heap after
{Heap after GC invocations=3893 (full 8):
 PSYoungGen      total 7168K, used 1018K [0x00000000eab00000, 0x00000000eb400000, 0x0000000100000000)
  eden space 6144K, 0% used [0x00000000eab00000,0x00000000eab00000,0x00000000eb100000)
  from space 1024K, 99% used [0x00000000eb100000,0x00000000eb1fe900,0x00000000eb200000)
  to   space 1536K, 0% used [0x00000000eb280000,0x00000000eb280000,0x00000000eb400000)
 ParOldGen       total 407552K, used 407248K [0x00000000c0000000, 0x00000000d8e00000, 0x00000000eab00000)
  object space 407552K, 99% used [0x00000000c0000000,0x00000000d8db4320,0x00000000d8e00000)
 Metaspace       used 100585K, committed 102208K, reserved 1179648K
  class space    used 10612K, committed 11392K, reserved 1048576K
}
Event: 3276.064 GC heap before
{Heap before GC invocations=3894 (full 8):
 PSYoungGen      total 7168K, used 7162K [0x00000000eab00000, 0x00000000eb400000, 0x0000000100000000)
  eden space 6144K, 100% used [0x00000000eab00000,0x00000000eb100000,0x00000000eb100000)
  from space 1024K, 99% used [0x00000000eb100000,0x00000000eb1fe900,0x00000000eb200000)
  to   space 1536K, 0% used [0x00000000eb280000,0x00000000eb280000,0x00000000eb400000)
 ParOldGen       total 407552K, used 407248K [0x00000000c0000000, 0x00000000d8e00000, 0x00000000eab00000)
  object space 407552K, 99% used [0x00000000c0000000,0x00000000d8db4320,0x00000000d8e00000)
 Metaspace       used 100585K, committed 102208K, reserved 1179648K
  class space    used 10612K, committed 11392K, reserved 1048576K
}
Event: 3276.065 GC heap after
{Heap after GC invocations=3894 (full 8):
 PSYoungGen      total 7168K, used 756K [0x00000000eab00000, 0x00000000eb380000, 0x0000000100000000)
  eden space 6144K, 0% used [0x00000000eab00000,0x00000000eab00000,0x00000000eb100000)
  from space 1024K, 73% used [0x00000000eb280000,0x00000000eb33d200,0x00000000eb380000)
  to   space 1024K, 0% used [0x00000000eb100000,0x00000000eb100000,0x00000000eb200000)
 ParOldGen       total 408576K, used 408113K [0x00000000c0000000, 0x00000000d8f00000, 0x00000000eab00000)
  object space 408576K, 99% used [0x00000000c0000000,0x00000000d8e8c4b8,0x00000000d8f00000)
 Metaspace       used 100585K, committed 102208K, reserved 1179648K
  class space    used 10612K, committed 11392K, reserved 1048576K
}
Event: 3276.071 GC heap before
{Heap before GC invocations=3895 (full 8):
 PSYoungGen      total 7168K, used 6900K [0x00000000eab00000, 0x00000000eb380000, 0x0000000100000000)
  eden space 6144K, 100% used [0x00000000eab00000,0x00000000eb100000,0x00000000eb100000)
  from space 1024K, 73% used [0x00000000eb280000,0x00000000eb33d200,0x00000000eb380000)
  to   space 1024K, 0% used [0x00000000eb100000,0x00000000eb100000,0x00000000eb200000)
 ParOldGen       total 408576K, used 408113K [0x00000000c0000000, 0x00000000d8f00000, 0x00000000eab00000)
  object space 408576K, 99% used [0x00000000c0000000,0x00000000d8e8c4b8,0x00000000d8f00000)
 Metaspace       used 100585K, committed 102208K, reserved 1179648K
  class space    used 10612K, committed 11392K, reserved 1048576K
}
Event: 3276.072 GC heap after
{Heap after GC invocations=3895 (full 8):
 PSYoungGen      total 7168K, used 416K [0x00000000eab00000, 0x00000000eb300000, 0x0000000100000000)
  eden space 6144K, 0% used [0x00000000eab00000,0x00000000eab00000,0x00000000eb100000)
  from space 1024K, 40% used [0x00000000eb100000,0x00000000eb168000,0x00000000eb200000)
  to   space 1024K, 0% used [0x00000000eb200000,0x00000000eb200000,0x00000000eb300000)
 ParOldGen       total 408576K, used 408225K [0x00000000c0000000, 0x00000000d8f00000, 0x00000000eab00000)
  object space 408576K, 99% used [0x00000000c0000000,0x00000000d8ea84b8,0x00000000d8f00000)
 Metaspace       used 100585K, committed 102208K, reserved 1179648K
  class space    used 10612K, committed 11392K, reserved 1048576K
}
Event: 3421.279 GC heap before
{Heap before GC invocations=3896 (full 8):
 PSYoungGen      total 7168K, used 6559K [0x00000000eab00000, 0x00000000eb300000, 0x0000000100000000)
  eden space 6144K, 99% used [0x00000000eab00000,0x00000000eb0ffff8,0x00000000eb100000)
  from space 1024K, 40% used [0x00000000eb100000,0x00000000eb168000,0x00000000eb200000)
  to   space 1024K, 0% used [0x00000000eb200000,0x00000000eb200000,0x00000000eb300000)
 ParOldGen       total 408576K, used 408225K [0x00000000c0000000, 0x00000000d8f00000, 0x00000000eab00000)
  object space 408576K, 99% used [0x00000000c0000000,0x00000000d8ea84b8,0x00000000d8f00000)
 Metaspace       used 100585K, committed 102208K, reserved 1179648K
  class space    used 10612K, committed 11392K, reserved 1048576K
}
Event: 3421.280 GC heap after
{Heap after GC invocations=3896 (full 8):
 PSYoungGen      total 7168K, used 800K [0x00000000eab00000, 0x00000000eb300000, 0x0000000100000000)
  eden space 6144K, 0% used [0x00000000eab00000,0x00000000eab00000,0x00000000eb100000)
  from space 1024K, 78% used [0x00000000eb200000,0x00000000eb2c8000,0x00000000eb300000)
  to   space 1024K, 0% used [0x00000000eb100000,0x00000000eb100000,0x00000000eb200000)
 ParOldGen       total 408576K, used 408381K [0x00000000c0000000, 0x00000000d8f00000, 0x00000000eab00000)
  object space 408576K, 99% used [0x00000000c0000000,0x00000000d8ecf6b8,0x00000000d8f00000)
 Metaspace       used 100585K, committed 102208K, reserved 1179648K
  class space    used 10612K, committed 11392K, reserved 1048576K
}
Event: 3421.289 GC heap before
{Heap before GC invocations=3897 (full 8):
 PSYoungGen      total 7168K, used 6944K [0x00000000eab00000, 0x00000000eb300000, 0x0000000100000000)
  eden space 6144K, 100% used [0x00000000eab00000,0x00000000eb100000,0x00000000eb100000)
  from space 1024K, 78% used [0x00000000eb200000,0x00000000eb2c8000,0x00000000eb300000)
  to   space 1024K, 0% used [0x00000000eb100000,0x00000000eb100000,0x00000000eb200000)
 ParOldGen       total 408576K, used 408381K [0x00000000c0000000, 0x00000000d8f00000, 0x00000000eab00000)
  object space 408576K, 99% used [0x00000000c0000000,0x00000000d8ecf6b8,0x00000000d8f00000)
 Metaspace       used 100585K, committed 102208K, reserved 1179648K
  class space    used 10612K, committed 11392K, reserved 1048576K
}
Event: 3421.291 GC heap after
{Heap after GC invocations=3897 (full 8):
 PSYoungGen      total 7168K, used 852K [0x00000000eab00000, 0x00000000eb300000, 0x0000000100000000)
  eden space 6144K, 0% used [0x00000000eab00000,0x00000000eab00000,0x00000000eb100000)
  from space 1024K, 83% used [0x00000000eb100000,0x00000000eb1d5200,0x00000000eb200000)
  to   space 1024K, 0% used [0x00000000eb200000,0x00000000eb200000,0x00000000eb300000)
 ParOldGen       total 409088K, used 408953K [0x00000000c0000000, 0x00000000d8f80000, 0x00000000eab00000)
  object space 409088K, 99% used [0x00000000c0000000,0x00000000d8f5e7f0,0x00000000d8f80000)
 Metaspace       used 100585K, committed 102208K, reserved 1179648K
  class space    used 10612K, committed 11392K, reserved 1048576K
}
Event: 3421.651 GC heap before
{Heap before GC invocations=3898 (full 8):
 PSYoungGen      total 7168K, used 6996K [0x00000000eab00000, 0x00000000eb300000, 0x0000000100000000)
  eden space 6144K, 100% used [0x00000000eab00000,0x00000000eb100000,0x00000000eb100000)
  from space 1024K, 83% used [0x00000000eb100000,0x00000000eb1d5200,0x00000000eb200000)
  to   space 1024K, 0% used [0x00000000eb200000,0x00000000eb200000,0x00000000eb300000)
 ParOldGen       total 409088K, used 408953K [0x00000000c0000000, 0x00000000d8f80000, 0x00000000eab00000)
  object space 409088K, 99% used [0x00000000c0000000,0x00000000d8f5e7f0,0x00000000d8f80000)
 Metaspace       used 100585K, committed 102208K, reserved 1179648K
  class space    used 10612K, committed 11392K, reserved 1048576K
}
Event: 3421.652 GC heap after
{Heap after GC invocations=3898 (full 8):
 PSYoungGen      total 7168K, used 780K [0x00000000eab00000, 0x00000000eb300000, 0x0000000100000000)
  eden space 6144K, 0% used [0x00000000eab00000,0x00000000eab00000,0x00000000eb100000)
  from space 1024K, 76% used [0x00000000eb200000,0x00000000eb2c3240,0x00000000eb300000)
  to   space 1024K, 0% used [0x00000000eb100000,0x00000000eb100000,0x00000000eb200000)
 ParOldGen       total 410112K, used 409714K [0x00000000c0000000, 0x00000000d9080000, 0x00000000eab00000)
  object space 410112K, 99% used [0x00000000c0000000,0x00000000d901cb58,0x00000000d9080000)
 Metaspace       used 100585K, committed 102208K, reserved 1179648K
  class space    used 10612K, committed 11392K, reserved 1048576K
}
Event: 3421.687 GC heap before
{Heap before GC invocations=3899 (full 8):
 PSYoungGen      total 7168K, used 6924K [0x00000000eab00000, 0x00000000eb300000, 0x0000000100000000)
  eden space 6144K, 99% used [0x00000000eab00000,0x00000000eb0fffc0,0x00000000eb100000)
  from space 1024K, 76% used [0x00000000eb200000,0x00000000eb2c3240,0x00000000eb300000)
  to   space 1024K, 0% used [0x00000000eb100000,0x00000000eb100000,0x00000000eb200000)
 ParOldGen       total 410112K, used 409714K [0x00000000c0000000, 0x00000000d9080000, 0x00000000eab00000)
  object space 410112K, 99% used [0x00000000c0000000,0x00000000d901cb58,0x00000000d9080000)
 Metaspace       used 100589K, committed 102208K, reserved 1179648K
  class space    used 10612K, committed 11392K, reserved 1048576K
}
Event: 3421.688 GC heap after
{Heap after GC invocations=3899 (full 8):
 PSYoungGen      total 7168K, used 884K [0x00000000eab00000, 0x00000000eb300000, 0x0000000100000000)
  eden space 6144K, 0% used [0x00000000eab00000,0x00000000eab00000,0x00000000eb100000)
  from space 1024K, 86% used [0x00000000eb100000,0x00000000eb1dd200,0x00000000eb200000)
  to   space 1024K, 0% used [0x00000000eb200000,0x00000000eb200000,0x00000000eb300000)
 ParOldGen       total 410624K, used 410285K [0x00000000c0000000, 0x00000000d9100000, 0x00000000eab00000)
  object space 410624K, 99% used [0x00000000c0000000,0x00000000d90ab6e0,0x00000000d9100000)
 Metaspace       used 100589K, committed 102208K, reserved 1179648K
  class space    used 10612K, committed 11392K, reserved 1048576K
}
Event: 3421.697 GC heap before
{Heap before GC invocations=3900 (full 8):
 PSYoungGen      total 7168K, used 7028K [0x00000000eab00000, 0x00000000eb300000, 0x0000000100000000)
  eden space 6144K, 100% used [0x00000000eab00000,0x00000000eb100000,0x00000000eb100000)
  from space 1024K, 86% used [0x00000000eb100000,0x00000000eb1dd200,0x00000000eb200000)
  to   space 1024K, 0% used [0x00000000eb200000,0x00000000eb200000,0x00000000eb300000)
 ParOldGen       total 410624K, used 410285K [0x00000000c0000000, 0x00000000d9100000, 0x00000000eab00000)
  object space 410624K, 99% used [0x00000000c0000000,0x00000000d90ab6e0,0x00000000d9100000)
 Metaspace       used 100589K, committed 102208K, reserved 1179648K
  class space    used 10612K, committed 11392K, reserved 1048576K
}
Event: 3421.698 GC heap after
{Heap after GC invocations=3900 (full 8):
 PSYoungGen      total 6144K, used 1002K [0x00000000eab00000, 0x00000000eb500000, 0x0000000100000000)
  eden space 5120K, 0% used [0x00000000eab00000,0x00000000eab00000,0x00000000eb000000)
  from space 1024K, 97% used [0x00000000eb200000,0x00000000eb2fa910,0x00000000eb300000)
  to   space 2048K, 0% used [0x00000000eb000000,0x00000000eb000000,0x00000000eb200000)
 ParOldGen       total 411136K, used 410974K [0x00000000c0000000, 0x00000000d9180000, 0x00000000eab00000)
  object space 411136K, 99% used [0x00000000c0000000,0x00000000d9157a28,0x00000000d9180000)
 Metaspace       used 100589K, committed 102208K, reserved 1179648K
  class space    used 10612K, committed 11392K, reserved 1048576K
}

