# JRE version: Java(TM) SE Runtime Environment (17.0.9+11) (build 17.0.9+11-LTS-201)
# Java VM: Java HotSpot(TM) 64-Bit Server VM (17.0.9+11-LTS-201, mixed mode, sharing, tiered, compressed oops, compressed class ptrs, g1 gc, windows-amd64)
GC Precious Log:
 CPUs: 16 total, 16 available
 Memory: 15613M
 Large Page Support: Disabled
 NUMA Support: Disabled
 Compressed Oops: Enabled (Zero based)
 Heap Region Size: 2M
 Heap Min Capacity: 8M
 Heap Initial Capacity: 244M
 Heap Max Capacity: 3904M
 Pre-touch: Disabled
 Parallel Workers: 13
 Concurrent Workers: 3
 Concurrent Refinement Workers: 13
 Periodic GC: Disabled
Heap:
 garbage-first heap   total 81920K, used 33076K [0x000000070c000000, 0x0000000800000000)
  region size 2048K, 5 young (10240K), 3 survivors (6144K)
 Metaspace       used 70653K, committed 71168K, reserved 1114112K
  class space    used 9421K, committed 9664K, reserved 1048576K
GC Heap History (20 events):
Event: 1.778 GC heap before
{Heap before GC invocations=4 (full 0):
 garbage-first heap   total 55296K, used 39509K [0x000000070c000000, 0x0000000800000000)
  region size 2048K, 17 young (34816K), 3 survivors (6144K)
 Metaspace       used 24490K, committed 24832K, reserved 1114112K
  class space    used 3084K, committed 3264K, reserved 1048576K
}
Event: 1.785 GC heap after
{Heap after GC invocations=5 (full 0):
 garbage-first heap   total 55296K, used 15773K [0x000000070c000000, 0x0000000800000000)
  region size 2048K, 2 young (4096K), 2 survivors (4096K)
 Metaspace       used 24490K, committed 24832K, reserved 1114112K
  class space    used 3084K, committed 3264K, reserved 1048576K
}
Event: 1.821 GC heap before
{Heap before GC invocations=5 (full 0):
 garbage-first heap   total 55296K, used 17821K [0x000000070c000000, 0x0000000800000000)
  region size 2048K, 3 young (6144K), 2 survivors (4096K)
 Metaspace       used 24721K, committed 25088K, reserved 1114112K
  class space    used 3111K, committed 3264K, reserved 1048576K
}
Event: 1.826 GC heap after
{Heap after GC invocations=6 (full 0):
 garbage-first heap   total 55296K, used 16220K [0x000000070c000000, 0x0000000800000000)
  region size 2048K, 1 young (2048K), 1 survivors (2048K)
 Metaspace       used 24721K, committed 25088K, reserved 1114112K
  class space    used 3111K, committed 3264K, reserved 1048576K
}
Event: 2.203 GC heap before
{Heap before GC invocations=6 (full 0):
 garbage-first heap   total 55296K, used 34652K [0x000000070c000000, 0x0000000800000000)
  region size 2048K, 10 young (20480K), 1 survivors (2048K)
 Metaspace       used 27139K, committed 27456K, reserved 1114112K
  class space    used 3438K, committed 3584K, reserved 1048576K
}
Event: 2.209 GC heap after
{Heap after GC invocations=7 (full 0):
 garbage-first heap   total 153600K, used 16915K [0x000000070c000000, 0x0000000800000000)
  region size 2048K, 1 young (2048K), 1 survivors (2048K)
 Metaspace       used 27139K, committed 27456K, reserved 1114112K
  class space    used 3438K, committed 3584K, reserved 1048576K
}
Event: 3.174 GC heap before
{Heap before GC invocations=7 (full 0):
 garbage-first heap   total 153600K, used 66067K [0x000000070c000000, 0x0000000800000000)
  region size 2048K, 26 young (53248K), 1 survivors (2048K)
 Metaspace       used 35805K, committed 36160K, reserved 1114112K
  class space    used 4555K, committed 4736K, reserved 1048576K
}
Event: 3.179 GC heap after
{Heap after GC invocations=8 (full 0):
 garbage-first heap   total 153600K, used 21154K [0x000000070c000000, 0x0000000800000000)
  region size 2048K, 3 young (6144K), 3 survivors (6144K)
 Metaspace       used 35805K, committed 36160K, reserved 1114112K
  class space    used 4555K, committed 4736K, reserved 1048576K
}
Event: 4.079 GC heap before
{Heap before GC invocations=9 (full 0):
 garbage-first heap   total 81920K, used 64162K [0x000000070c000000, 0x0000000800000000)
  region size 2048K, 24 young (49152K), 3 survivors (6144K)
 Metaspace       used 47399K, committed 47808K, reserved 1114112K
  class space    used 6127K, committed 6336K, reserved 1048576K
}
Event: 4.082 GC heap after
{Heap after GC invocations=10 (full 0):
 garbage-first heap   total 81920K, used 23639K [0x000000070c000000, 0x0000000800000000)
  region size 2048K, 2 young (4096K), 2 survivors (4096K)
 Metaspace       used 47399K, committed 47808K, reserved 1114112K
  class space    used 6127K, committed 6336K, reserved 1048576K
}
Event: 4.223 GC heap before
{Heap before GC invocations=10 (full 0):
 garbage-first heap   total 81920K, used 25687K [0x000000070c000000, 0x0000000800000000)
  region size 2048K, 3 young (6144K), 2 survivors (4096K)
 Metaspace       used 47899K, committed 48384K, reserved 1114112K
  class space    used 6182K, committed 6400K, reserved 1048576K
}
Event: 4.225 GC heap after
{Heap after GC invocations=11 (full 0):
 garbage-first heap   total 81920K, used 23237K [0x000000070c000000, 0x0000000800000000)
  region size 2048K, 1 young (2048K), 1 survivors (2048K)
 Metaspace       used 47899K, committed 48384K, reserved 1114112K
  class space    used 6182K, committed 6400K, reserved 1048576K
}
Event: 4.908 GC heap before
{Heap before GC invocations=11 (full 0):
 garbage-first heap   total 81920K, used 56005K [0x000000070c000000, 0x0000000800000000)
  region size 2048K, 18 young (36864K), 1 survivors (2048K)
 Metaspace       used 54286K, committed 54784K, reserved 1114112K
  class space    used 7003K, committed 7232K, reserved 1048576K
}
Event: 4.911 GC heap after
{Heap after GC invocations=12 (full 0):
 garbage-first heap   total 81920K, used 24940K [0x000000070c000000, 0x0000000800000000)
  region size 2048K, 2 young (4096K), 2 survivors (4096K)
 Metaspace       used 54286K, committed 54784K, reserved 1114112K
  class space    used 7003K, committed 7232K, reserved 1048576K
}
Event: 5.444 GC heap before
{Heap before GC invocations=12 (full 0):
 garbage-first heap   total 81920K, used 53612K [0x000000070c000000, 0x0000000800000000)
  region size 2048K, 18 young (36864K), 2 survivors (4096K)
 Metaspace       used 60323K, committed 60800K, reserved 1114112K
  class space    used 7968K, committed 8192K, reserved 1048576K
}
Event: 5.448 GC heap after
{Heap after GC invocations=13 (full 0):
 garbage-first heap   total 81920K, used 25656K [0x000000070c000000, 0x0000000800000000)
  region size 2048K, 2 young (4096K), 2 survivors (4096K)
 Metaspace       used 60323K, committed 60800K, reserved 1114112K
  class space    used 7968K, committed 8192K, reserved 1048576K
}
Event: 6.480 GC heap before
{Heap before GC invocations=14 (full 0):
 garbage-first heap   total 81920K, used 58424K [0x000000070c000000, 0x0000000800000000)
  region size 2048K, 19 young (38912K), 2 survivors (4096K)
 Metaspace       used 65858K, committed 66432K, reserved 1114112K
  class space    used 8732K, committed 9024K, reserved 1048576K
}
Event: 6.484 GC heap after
{Heap after GC invocations=15 (full 0):
 garbage-first heap   total 81920K, used 28059K [0x000000070c000000, 0x0000000800000000)
  region size 2048K, 3 young (6144K), 3 survivors (6144K)
 Metaspace       used 65858K, committed 66432K, reserved 1114112K
  class space    used 8732K, committed 9024K, reserved 1048576K
}
Event: 7.199 GC heap before
{Heap before GC invocations=15 (full 0):
 garbage-first heap   total 81920K, used 62875K [0x000000070c000000, 0x0000000800000000)
  region size 2048K, 20 young (40960K), 3 survivors (6144K)
 Metaspace       used 70198K, committed 70784K, reserved 1114112K
  class space    used 9349K, committed 9664K, reserved 1048576K
}
Event: 7.203 GC heap after
{Heap after GC invocations=16 (full 0):
 garbage-first heap   total 81920K, used 31028K [0x000000070c000000, 0x0000000800000000)
  region size 2048K, 3 young (6144K), 3 survivors (6144K)
 Metaspace       used 70198K, committed 70784K, reserved 1114112K
  class space    used 9349K, committed 9664K, reserved 1048576K
}

