# JRE version: OpenJDK Runtime Environment Temurin-21.0.6+7 (21.0.6+7) (build 21.0.6+7-LTS)
# Java VM: OpenJDK 64-Bit Server VM Temurin-21.0.6+7 (21.0.6+7-LTS, mixed mode, sharing, tiered, compressed oops, compressed class ptrs, parallel gc, windows-amd64)
GC Precious Log:
 CardTable entry size: 512
 CPUs: 16 total, 16 available
 Memory: 15613M
 Large Page Support: Disabled
 NUMA Support: Disabled
 Compressed Oops: Enabled (32-bit)
 Alignments: Space 512K, Generation 512K, Heap 2M
 Heap Min Capacity: 100M
 Heap Initial Capacity: 100M
 Heap Max Capacity: 1G
 Pre-touch: Disabled
 Parallel Workers: 13
Heap:
 PSYoungGen      total 6144K, used 5829K [0x00000000eab00000, 0x00000000eb280000, 0x0000000100000000)
  eden space 4608K, 100% used [0x00000000eab00000,0x00000000eaf80000,0x00000000eaf80000)
  from space 1536K, 79% used [0x00000000eb100000,0x00000000eb2316b0,0x00000000eb280000)
  to   space 1536K, 86% used [0x00000000eaf80000,0x00000000eb0cdbc8,0x00000000eb100000)
 ParOldGen       total 252416K, used 252037K [0x00000000c0000000, 0x00000000cf680000, 0x00000000eab00000)
  object space 252416K, 99% used [0x00000000c0000000,0x00000000cf621460,0x00000000cf680000)
 Metaspace       used 58401K, committed 59712K, reserved 1114112K
  class space    used 5989K, committed 6592K, reserved 1048576K
GC Heap History (20 events):
Event: 7.869 GC heap before
{Heap before GC invocations=187 (full 2):
 PSYoungGen      total 6144K, used 5694K [0x00000000eab00000, 0x00000000eb280000, 0x0000000100000000)
  eden space 4608K, 100% used [0x00000000eab00000,0x00000000eaf80000,0x00000000eaf80000)
  from space 1536K, 70% used [0x00000000eb100000,0x00000000eb20fba8,0x00000000eb280000)
  to   space 1536K, 0% used [0x00000000eaf80000,0x00000000eaf80000,0x00000000eb100000)
 ParOldGen       total 239104K, used 238697K [0x00000000c0000000, 0x00000000ce980000, 0x00000000eab00000)
  object space 239104K, 99% used [0x00000000c0000000,0x00000000ce91a7c8,0x00000000ce980000)
 Metaspace       used 57831K, committed 59136K, reserved 1114112K
  class space    used 5928K, committed 6528K, reserved 1048576K
}
Event: 7.872 GC heap after
{Heap after GC invocations=187 (full 2):
 PSYoungGen      total 6144K, used 1184K [0x00000000eab00000, 0x00000000eb280000, 0x0000000100000000)
  eden space 4608K, 0% used [0x00000000eab00000,0x00000000eab00000,0x00000000eaf80000)
  from space 1536K, 77% used [0x00000000eaf80000,0x00000000eb0a8000,0x00000000eb100000)
  to   space 1536K, 0% used [0x00000000eb100000,0x00000000eb100000,0x00000000eb280000)
 ParOldGen       total 240128K, used 239639K [0x00000000c0000000, 0x00000000cea80000, 0x00000000eab00000)
  object space 240128K, 99% used [0x00000000c0000000,0x00000000cea05c58,0x00000000cea80000)
 Metaspace       used 57831K, committed 59136K, reserved 1114112K
  class space    used 5928K, committed 6528K, reserved 1048576K
}
Event: 7.885 GC heap before
{Heap before GC invocations=188 (full 2):
 PSYoungGen      total 6144K, used 5792K [0x00000000eab00000, 0x00000000eb280000, 0x0000000100000000)
  eden space 4608K, 100% used [0x00000000eab00000,0x00000000eaf80000,0x00000000eaf80000)
  from space 1536K, 77% used [0x00000000eaf80000,0x00000000eb0a8000,0x00000000eb100000)
  to   space 1536K, 0% used [0x00000000eb100000,0x00000000eb100000,0x00000000eb280000)
 ParOldGen       total 240128K, used 239639K [0x00000000c0000000, 0x00000000cea80000, 0x00000000eab00000)
  object space 240128K, 99% used [0x00000000c0000000,0x00000000cea05c58,0x00000000cea80000)
 Metaspace       used 57883K, committed 59200K, reserved 1114112K
  class space    used 5935K, committed 6528K, reserved 1048576K
}
Event: 7.887 GC heap after
{Heap after GC invocations=188 (full 2):
 PSYoungGen      total 6144K, used 1152K [0x00000000eab00000, 0x00000000eb280000, 0x0000000100000000)
  eden space 4608K, 0% used [0x00000000eab00000,0x00000000eab00000,0x00000000eaf80000)
  from space 1536K, 75% used [0x00000000eb100000,0x00000000eb220000,0x00000000eb280000)
  to   space 1536K, 0% used [0x00000000eaf80000,0x00000000eaf80000,0x00000000eb100000)
 ParOldGen       total 240640K, used 240608K [0x00000000c0000000, 0x00000000ceb00000, 0x00000000eab00000)
  object space 240640K, 99% used [0x00000000c0000000,0x00000000ceaf8178,0x00000000ceb00000)
 Metaspace       used 57883K, committed 59200K, reserved 1114112K
  class space    used 5935K, committed 6528K, reserved 1048576K
}
Event: 7.900 GC heap before
{Heap before GC invocations=189 (full 2):
 PSYoungGen      total 6144K, used 5760K [0x00000000eab00000, 0x00000000eb280000, 0x0000000100000000)
  eden space 4608K, 100% used [0x00000000eab00000,0x00000000eaf80000,0x00000000eaf80000)
  from space 1536K, 75% used [0x00000000eb100000,0x00000000eb220000,0x00000000eb280000)
  to   space 1536K, 0% used [0x00000000eaf80000,0x00000000eaf80000,0x00000000eb100000)
 ParOldGen       total 240640K, used 240608K [0x00000000c0000000, 0x00000000ceb00000, 0x00000000eab00000)
  object space 240640K, 99% used [0x00000000c0000000,0x00000000ceaf8178,0x00000000ceb00000)
 Metaspace       used 57930K, committed 59264K, reserved 1114112K
  class space    used 5947K, committed 6592K, reserved 1048576K
}
Event: 7.902 GC heap after
{Heap after GC invocations=189 (full 2):
 PSYoungGen      total 6144K, used 1456K [0x00000000eab00000, 0x00000000eb280000, 0x0000000100000000)
  eden space 4608K, 0% used [0x00000000eab00000,0x00000000eab00000,0x00000000eaf80000)
  from space 1536K, 94% used [0x00000000eaf80000,0x00000000eb0ec010,0x00000000eb100000)
  to   space 1536K, 0% used [0x00000000eb100000,0x00000000eb100000,0x00000000eb280000)
 ParOldGen       total 241664K, used 241585K [0x00000000c0000000, 0x00000000cec00000, 0x00000000eab00000)
  object space 241664K, 99% used [0x00000000c0000000,0x00000000cebec508,0x00000000cec00000)
 Metaspace       used 57930K, committed 59264K, reserved 1114112K
  class space    used 5947K, committed 6592K, reserved 1048576K
}
Event: 7.910 GC heap before
{Heap before GC invocations=190 (full 2):
 PSYoungGen      total 6144K, used 6064K [0x00000000eab00000, 0x00000000eb280000, 0x0000000100000000)
  eden space 4608K, 99% used [0x00000000eab00000,0x00000000eaf7fff0,0x00000000eaf80000)
  from space 1536K, 94% used [0x00000000eaf80000,0x00000000eb0ec010,0x00000000eb100000)
  to   space 1536K, 0% used [0x00000000eb100000,0x00000000eb100000,0x00000000eb280000)
 ParOldGen       total 241664K, used 241585K [0x00000000c0000000, 0x00000000cec00000, 0x00000000eab00000)
  object space 241664K, 99% used [0x00000000c0000000,0x00000000cebec508,0x00000000cec00000)
 Metaspace       used 57939K, committed 59264K, reserved 1114112K
  class space    used 5948K, committed 6592K, reserved 1048576K
}
Event: 7.912 GC heap after
{Heap after GC invocations=190 (full 2):
 PSYoungGen      total 6144K, used 1137K [0x00000000eab00000, 0x00000000eb280000, 0x0000000100000000)
  eden space 4608K, 0% used [0x00000000eab00000,0x00000000eab00000,0x00000000eaf80000)
  from space 1536K, 74% used [0x00000000eb100000,0x00000000eb21c580,0x00000000eb280000)
  to   space 1536K, 0% used [0x00000000eaf80000,0x00000000eaf80000,0x00000000eb100000)
 ParOldGen       total 243200K, used 242849K [0x00000000c0000000, 0x00000000ced80000, 0x00000000eab00000)
  object space 243200K, 99% used [0x00000000c0000000,0x00000000ced287d0,0x00000000ced80000)
 Metaspace       used 57939K, committed 59264K, reserved 1114112K
  class space    used 5948K, committed 6592K, reserved 1048576K
}
Event: 7.922 GC heap before
{Heap before GC invocations=191 (full 2):
 PSYoungGen      total 6144K, used 5745K [0x00000000eab00000, 0x00000000eb280000, 0x0000000100000000)
  eden space 4608K, 100% used [0x00000000eab00000,0x00000000eaf80000,0x00000000eaf80000)
  from space 1536K, 74% used [0x00000000eb100000,0x00000000eb21c580,0x00000000eb280000)
  to   space 1536K, 0% used [0x00000000eaf80000,0x00000000eaf80000,0x00000000eb100000)
 ParOldGen       total 243200K, used 242849K [0x00000000c0000000, 0x00000000ced80000, 0x00000000eab00000)
  object space 243200K, 99% used [0x00000000c0000000,0x00000000ced287d0,0x00000000ced80000)
 Metaspace       used 58027K, committed 59392K, reserved 1114112K
  class space    used 5954K, committed 6592K, reserved 1048576K
}
Event: 7.924 GC heap after
{Heap after GC invocations=191 (full 2):
 PSYoungGen      total 6144K, used 1180K [0x00000000eab00000, 0x00000000eb280000, 0x0000000100000000)
  eden space 4608K, 0% used [0x00000000eab00000,0x00000000eab00000,0x00000000eaf80000)
  from space 1536K, 76% used [0x00000000eaf80000,0x00000000eb0a70f8,0x00000000eb100000)
  to   space 1536K, 0% used [0x00000000eb100000,0x00000000eb100000,0x00000000eb280000)
 ParOldGen       total 244224K, used 243842K [0x00000000c0000000, 0x00000000cee80000, 0x00000000eab00000)
  object space 244224K, 99% used [0x00000000c0000000,0x00000000cee20b40,0x00000000cee80000)
 Metaspace       used 58027K, committed 59392K, reserved 1114112K
  class space    used 5954K, committed 6592K, reserved 1048576K
}
Event: 7.935 GC heap before
{Heap before GC invocations=192 (full 2):
 PSYoungGen      total 6144K, used 5788K [0x00000000eab00000, 0x00000000eb280000, 0x0000000100000000)
  eden space 4608K, 100% used [0x00000000eab00000,0x00000000eaf80000,0x00000000eaf80000)
  from space 1536K, 76% used [0x00000000eaf80000,0x00000000eb0a70f8,0x00000000eb100000)
  to   space 1536K, 0% used [0x00000000eb100000,0x00000000eb100000,0x00000000eb280000)
 ParOldGen       total 244224K, used 243842K [0x00000000c0000000, 0x00000000cee80000, 0x00000000eab00000)
  object space 244224K, 99% used [0x00000000c0000000,0x00000000cee20b40,0x00000000cee80000)
 Metaspace       used 58071K, committed 59392K, reserved 1114112K
  class space    used 5962K, committed 6592K, reserved 1048576K
}
Event: 7.937 GC heap after
{Heap after GC invocations=192 (full 2):
 PSYoungGen      total 6144K, used 1299K [0x00000000eab00000, 0x00000000eb280000, 0x0000000100000000)
  eden space 4608K, 0% used [0x00000000eab00000,0x00000000eab00000,0x00000000eaf80000)
  from space 1536K, 84% used [0x00000000eb100000,0x00000000eb244e58,0x00000000eb280000)
  to   space 1536K, 0% used [0x00000000eaf80000,0x00000000eaf80000,0x00000000eb100000)
 ParOldGen       total 245248K, used 244784K [0x00000000c0000000, 0x00000000cef80000, 0x00000000eab00000)
  object space 245248K, 99% used [0x00000000c0000000,0x00000000cef0c028,0x00000000cef80000)
 Metaspace       used 58071K, committed 59392K, reserved 1114112K
  class space    used 5962K, committed 6592K, reserved 1048576K
}
Event: 7.950 GC heap before
{Heap before GC invocations=193 (full 2):
 PSYoungGen      total 6144K, used 5907K [0x00000000eab00000, 0x00000000eb280000, 0x0000000100000000)
  eden space 4608K, 100% used [0x00000000eab00000,0x00000000eaf80000,0x00000000eaf80000)
  from space 1536K, 84% used [0x00000000eb100000,0x00000000eb244e58,0x00000000eb280000)
  to   space 1536K, 0% used [0x00000000eaf80000,0x00000000eaf80000,0x00000000eb100000)
 ParOldGen       total 245248K, used 244784K [0x00000000c0000000, 0x00000000cef80000, 0x00000000eab00000)
  object space 245248K, 99% used [0x00000000c0000000,0x00000000cef0c028,0x00000000cef80000)
 Metaspace       used 58160K, committed 59520K, reserved 1114112K
  class space    used 5973K, committed 6592K, reserved 1048576K
}
Event: 7.951 GC heap after
{Heap after GC invocations=193 (full 2):
 PSYoungGen      total 6144K, used 1178K [0x00000000eab00000, 0x00000000eb280000, 0x0000000100000000)
  eden space 4608K, 0% used [0x00000000eab00000,0x00000000eab00000,0x00000000eaf80000)
  from space 1536K, 76% used [0x00000000eaf80000,0x00000000eb0a6aa0,0x00000000eb100000)
  to   space 1536K, 0% used [0x00000000eb100000,0x00000000eb100000,0x00000000eb280000)
 ParOldGen       total 246272K, used 245867K [0x00000000c0000000, 0x00000000cf080000, 0x00000000eab00000)
  object space 246272K, 99% used [0x00000000c0000000,0x00000000cf01ae20,0x00000000cf080000)
 Metaspace       used 58160K, committed 59520K, reserved 1114112K
  class space    used 5973K, committed 6592K, reserved 1048576K
}
Event: 7.963 GC heap before
{Heap before GC invocations=194 (full 2):
 PSYoungGen      total 6144K, used 5786K [0x00000000eab00000, 0x00000000eb280000, 0x0000000100000000)
  eden space 4608K, 100% used [0x00000000eab00000,0x00000000eaf80000,0x00000000eaf80000)
  from space 1536K, 76% used [0x00000000eaf80000,0x00000000eb0a6aa0,0x00000000eb100000)
  to   space 1536K, 0% used [0x00000000eb100000,0x00000000eb100000,0x00000000eb280000)
 ParOldGen       total 246272K, used 245867K [0x00000000c0000000, 0x00000000cf080000, 0x00000000eab00000)
  object space 246272K, 99% used [0x00000000c0000000,0x00000000cf01ae20,0x00000000cf080000)
 Metaspace       used 58216K, committed 59520K, reserved 1114112K
  class space    used 5976K, committed 6592K, reserved 1048576K
}
Event: 7.964 GC heap after
{Heap after GC invocations=194 (full 2):
 PSYoungGen      total 6144K, used 1266K [0x00000000eab00000, 0x00000000eb280000, 0x0000000100000000)
  eden space 4608K, 0% used [0x00000000eab00000,0x00000000eab00000,0x00000000eaf80000)
  from space 1536K, 82% used [0x00000000eb100000,0x00000000eb23c800,0x00000000eb280000)
  to   space 1536K, 0% used [0x00000000eaf80000,0x00000000eaf80000,0x00000000eb100000)
 ParOldGen       total 247296K, used 246889K [0x00000000c0000000, 0x00000000cf180000, 0x00000000eab00000)
  object space 247296K, 99% used [0x00000000c0000000,0x00000000cf11a6a0,0x00000000cf180000)
 Metaspace       used 58216K, committed 59520K, reserved 1114112K
  class space    used 5976K, committed 6592K, reserved 1048576K
}
Event: 7.978 GC heap before
{Heap before GC invocations=195 (full 2):
 PSYoungGen      total 6144K, used 5874K [0x00000000eab00000, 0x00000000eb280000, 0x0000000100000000)
  eden space 4608K, 100% used [0x00000000eab00000,0x00000000eaf80000,0x00000000eaf80000)
  from space 1536K, 82% used [0x00000000eb100000,0x00000000eb23c800,0x00000000eb280000)
  to   space 1536K, 0% used [0x00000000eaf80000,0x00000000eaf80000,0x00000000eb100000)
 ParOldGen       total 247296K, used 246889K [0x00000000c0000000, 0x00000000cf180000, 0x00000000eab00000)
  object space 247296K, 99% used [0x00000000c0000000,0x00000000cf11a6a0,0x00000000cf180000)
 Metaspace       used 58227K, committed 59584K, reserved 1114112K
  class space    used 5977K, committed 6592K, reserved 1048576K
}
Event: 7.980 GC heap after
{Heap after GC invocations=195 (full 2):
 PSYoungGen      total 6144K, used 1444K [0x00000000eab00000, 0x00000000eb280000, 0x0000000100000000)
  eden space 4608K, 0% used [0x00000000eab00000,0x00000000eab00000,0x00000000eaf80000)
  from space 1536K, 94% used [0x00000000eaf80000,0x00000000eb0e9060,0x00000000eb100000)
  to   space 1536K, 0% used [0x00000000eb100000,0x00000000eb100000,0x00000000eb280000)
 ParOldGen       total 248320K, used 247934K [0x00000000c0000000, 0x00000000cf280000, 0x00000000eab00000)
  object space 248320K, 99% used [0x00000000c0000000,0x00000000cf21fa80,0x00000000cf280000)
 Metaspace       used 58227K, committed 59584K, reserved 1114112K
  class space    used 5977K, committed 6592K, reserved 1048576K
}
Event: 8.000 GC heap before
{Heap before GC invocations=196 (full 2):
 PSYoungGen      total 6144K, used 6052K [0x00000000eab00000, 0x00000000eb280000, 0x0000000100000000)
  eden space 4608K, 100% used [0x00000000eab00000,0x00000000eaf80000,0x00000000eaf80000)
  from space 1536K, 94% used [0x00000000eaf80000,0x00000000eb0e9060,0x00000000eb100000)
  to   space 1536K, 0% used [0x00000000eb100000,0x00000000eb100000,0x00000000eb280000)
 ParOldGen       total 248320K, used 247934K [0x00000000c0000000, 0x00000000cf280000, 0x00000000eab00000)
  object space 248320K, 99% used [0x00000000c0000000,0x00000000cf21fa80,0x00000000cf280000)
 Metaspace       used 58272K, committed 59584K, reserved 1114112K
  class space    used 5982K, committed 6592K, reserved 1048576K
}
Event: 8.003 GC heap after
{Heap after GC invocations=196 (full 2):
 PSYoungGen      total 6144K, used 1191K [0x00000000eab00000, 0x00000000eb280000, 0x0000000100000000)
  eden space 4608K, 0% used [0x00000000eab00000,0x00000000eab00000,0x00000000eaf80000)
  from space 1536K, 77% used [0x00000000eb100000,0x00000000eb229ec0,0x00000000eb280000)
  to   space 1536K, 0% used [0x00000000eaf80000,0x00000000eaf80000,0x00000000eb100000)
 ParOldGen       total 249344K, used 249039K [0x00000000c0000000, 0x00000000cf380000, 0x00000000eab00000)
  object space 249344K, 99% used [0x00000000c0000000,0x00000000cf333f80,0x00000000cf380000)
 Metaspace       used 58272K, committed 59584K, reserved 1114112K
  class space    used 5982K, committed 6592K, reserved 1048576K
}

