# JRE version: OpenJDK Runtime Environment Temurin-21.0.6+7 (21.0.6+7) (build 21.0.6+7-LTS)
# Java VM: OpenJDK 64-Bit Server VM Temurin-21.0.6+7 (21.0.6+7-LTS, mixed mode, sharing, tiered, compressed oops, compressed class ptrs, parallel gc, windows-amd64)
GC Precious Log:
 CardTable entry size: 512
 CPUs: 16 total, 16 available
 Memory: 15613M
 Large Page Support: Disabled
 NUMA Support: Disabled
 Compressed Oops: Enabled (32-bit)
 Alignments: Space 512K, Generation 512K, Heap 2M
 Heap Min Capacity: 100M
 Heap Initial Capacity: 100M
 Heap Max Capacity: 1G
 Pre-touch: Disabled
 Parallel Workers: 13
Heap:
 PSYoungGen      total 3584K, used 690K [0x00000000eab00000, 0x00000000eb080000, 0x0000000100000000)
  eden space 3072K, 8% used [0x00000000eab00000,0x00000000eab449d8,0x00000000eae00000)
  from space 512K, 81% used [0x00000000eb000000,0x00000000eb068010,0x00000000eb080000)
  to   space 512K, 0% used [0x00000000eaf80000,0x00000000eaf80000,0x00000000eb000000)
 ParOldGen       total 655872K, used 655742K [0x00000000c0000000, 0x00000000e8080000, 0x00000000eab00000)
  object space 655872K, 99% used [0x00000000c0000000,0x00000000e805f9b8,0x00000000e8080000)
 Metaspace       used 56718K, committed 57920K, reserved 1114112K
  class space    used 5873K, committed 6400K, reserved 1048576K
GC Heap History (20 events):
Event: 28.957 GC heap before
{Heap before GC invocations=932 (full 2):
 PSYoungGen      total 4096K, used 3558K [0x00000000eab00000, 0x00000000eb080000, 0x0000000100000000)
  eden space 2560K, 100% used [0x00000000eab00000,0x00000000ead80000,0x00000000ead80000)
  from space 1536K, 65% used [0x00000000ead80000,0x00000000eae79aa8,0x00000000eaf00000)
  to   space 1536K, 0% used [0x00000000eaf00000,0x00000000eaf00000,0x00000000eb080000)
 ParOldGen       total 655360K, used 654958K [0x00000000c0000000, 0x00000000e8000000, 0x00000000eab00000)
  object space 655360K, 99% used [0x00000000c0000000,0x00000000e7f9b998,0x00000000e8000000)
 Metaspace       used 54842K, committed 56128K, reserved 1114112K
  class space    used 5693K, committed 6272K, reserved 1048576K
}
Event: 28.958 GC heap after
{Heap after GC invocations=932 (full 2):
 PSYoungGen      total 4096K, used 1415K [0x00000000eab00000, 0x00000000eb080000, 0x0000000100000000)
  eden space 2560K, 0% used [0x00000000eab00000,0x00000000eab00000,0x00000000ead80000)
  from space 1536K, 92% used [0x00000000eaf00000,0x00000000eb061e08,0x00000000eb080000)
  to   space 1536K, 0% used [0x00000000ead80000,0x00000000ead80000,0x00000000eaf00000)
 ParOldGen       total 655360K, used 654958K [0x00000000c0000000, 0x00000000e8000000, 0x00000000eab00000)
  object space 655360K, 99% used [0x00000000c0000000,0x00000000e7f9b998,0x00000000e8000000)
 Metaspace       used 54842K, committed 56128K, reserved 1114112K
  class space    used 5693K, committed 6272K, reserved 1048576K
}
Event: 28.963 GC heap before
{Heap before GC invocations=933 (full 2):
 PSYoungGen      total 4096K, used 3949K [0x00000000eab00000, 0x00000000eb080000, 0x0000000100000000)
  eden space 2560K, 98% used [0x00000000eab00000,0x00000000ead798b0,0x00000000ead80000)
  from space 1536K, 92% used [0x00000000eaf00000,0x00000000eb061e08,0x00000000eb080000)
  to   space 1536K, 0% used [0x00000000ead80000,0x00000000ead80000,0x00000000eaf00000)
 ParOldGen       total 655360K, used 654958K [0x00000000c0000000, 0x00000000e8000000, 0x00000000eab00000)
  object space 655360K, 99% used [0x00000000c0000000,0x00000000e7f9b998,0x00000000e8000000)
 Metaspace       used 54845K, committed 56128K, reserved 1114112K
  class space    used 5693K, committed 6272K, reserved 1048576K
}
Event: 28.964 GC heap after
{Heap after GC invocations=933 (full 2):
 PSYoungGen      total 3584K, used 726K [0x00000000eab00000, 0x00000000eaf80000, 0x0000000100000000)
  eden space 2560K, 0% used [0x00000000eab00000,0x00000000eab00000,0x00000000ead80000)
  from space 1024K, 70% used [0x00000000ead80000,0x00000000eae35ad0,0x00000000eae80000)
  to   space 1024K, 0% used [0x00000000eae80000,0x00000000eae80000,0x00000000eaf80000)
 ParOldGen       total 655360K, used 654982K [0x00000000c0000000, 0x00000000e8000000, 0x00000000eab00000)
  object space 655360K, 99% used [0x00000000c0000000,0x00000000e7fa1998,0x00000000e8000000)
 Metaspace       used 54845K, committed 56128K, reserved 1114112K
  class space    used 5693K, committed 6272K, reserved 1048576K
}
Event: 28.969 GC heap before
{Heap before GC invocations=934 (full 2):
 PSYoungGen      total 3584K, used 3286K [0x00000000eab00000, 0x00000000eaf80000, 0x0000000100000000)
  eden space 2560K, 100% used [0x00000000eab00000,0x00000000ead80000,0x00000000ead80000)
  from space 1024K, 70% used [0x00000000ead80000,0x00000000eae35ad0,0x00000000eae80000)
  to   space 1024K, 0% used [0x00000000eae80000,0x00000000eae80000,0x00000000eaf80000)
 ParOldGen       total 655360K, used 654982K [0x00000000c0000000, 0x00000000e8000000, 0x00000000eab00000)
  object space 655360K, 99% used [0x00000000c0000000,0x00000000e7fa1998,0x00000000e8000000)
 Metaspace       used 54845K, committed 56128K, reserved 1114112K
  class space    used 5693K, committed 6272K, reserved 1048576K
}
Event: 28.970 GC heap after
{Heap after GC invocations=934 (full 2):
 PSYoungGen      total 3072K, used 1014K [0x00000000eab00000, 0x00000000eb080000, 0x0000000100000000)
  eden space 2048K, 0% used [0x00000000eab00000,0x00000000eab00000,0x00000000ead00000)
  from space 1024K, 99% used [0x00000000eae80000,0x00000000eaf7d9a8,0x00000000eaf80000)
  to   space 1536K, 0% used [0x00000000ead00000,0x00000000ead00000,0x00000000eae80000)
 ParOldGen       total 655360K, used 655030K [0x00000000c0000000, 0x00000000e8000000, 0x00000000eab00000)
  object space 655360K, 99% used [0x00000000c0000000,0x00000000e7fad998,0x00000000e8000000)
 Metaspace       used 54845K, committed 56128K, reserved 1114112K
  class space    used 5693K, committed 6272K, reserved 1048576K
}
Event: 28.974 GC heap before
{Heap before GC invocations=935 (full 2):
 PSYoungGen      total 3072K, used 3062K [0x00000000eab00000, 0x00000000eb080000, 0x0000000100000000)
  eden space 2048K, 100% used [0x00000000eab00000,0x00000000ead00000,0x00000000ead00000)
  from space 1024K, 99% used [0x00000000eae80000,0x00000000eaf7d9a8,0x00000000eaf80000)
  to   space 1536K, 0% used [0x00000000ead00000,0x00000000ead00000,0x00000000eae80000)
 ParOldGen       total 655360K, used 655030K [0x00000000c0000000, 0x00000000e8000000, 0x00000000eab00000)
  object space 655360K, 99% used [0x00000000c0000000,0x00000000e7fad998,0x00000000e8000000)
 Metaspace       used 54845K, committed 56128K, reserved 1114112K
  class space    used 5693K, committed 6272K, reserved 1048576K
}
Event: 28.976 GC heap after
{Heap after GC invocations=935 (full 2):
 PSYoungGen      total 3584K, used 965K [0x00000000eab00000, 0x00000000eaf80000, 0x0000000100000000)
  eden space 2048K, 0% used [0x00000000eab00000,0x00000000eab00000,0x00000000ead00000)
  from space 1536K, 62% used [0x00000000ead00000,0x00000000eadf14b8,0x00000000eae80000)
  to   space 1024K, 0% used [0x00000000eae80000,0x00000000eae80000,0x00000000eaf80000)
 ParOldGen       total 655360K, used 655102K [0x00000000c0000000, 0x00000000e8000000, 0x00000000eab00000)
  object space 655360K, 99% used [0x00000000c0000000,0x00000000e7fbf998,0x00000000e8000000)
 Metaspace       used 54845K, committed 56128K, reserved 1114112K
  class space    used 5693K, committed 6272K, reserved 1048576K
}
Event: 28.979 GC heap before
{Heap before GC invocations=936 (full 2):
 PSYoungGen      total 3584K, used 3000K [0x00000000eab00000, 0x00000000eaf80000, 0x0000000100000000)
  eden space 2048K, 99% used [0x00000000eab00000,0x00000000eacfcbe0,0x00000000ead00000)
  from space 1536K, 62% used [0x00000000ead00000,0x00000000eadf14b8,0x00000000eae80000)
  to   space 1024K, 0% used [0x00000000eae80000,0x00000000eae80000,0x00000000eaf80000)
 ParOldGen       total 655360K, used 655102K [0x00000000c0000000, 0x00000000e8000000, 0x00000000eab00000)
  object space 655360K, 99% used [0x00000000c0000000,0x00000000e7fbf998,0x00000000e8000000)
 Metaspace       used 54845K, committed 56128K, reserved 1114112K
  class space    used 5693K, committed 6272K, reserved 1048576K
}
Event: 28.980 GC heap after
{Heap after GC invocations=936 (full 2):
 PSYoungGen      total 3584K, used 790K [0x00000000eab00000, 0x00000000eaf80000, 0x0000000100000000)
  eden space 2560K, 0% used [0x00000000eab00000,0x00000000eab00000,0x00000000ead80000)
  from space 1024K, 77% used [0x00000000eae80000,0x00000000eaf45958,0x00000000eaf80000)
  to   space 1024K, 0% used [0x00000000ead80000,0x00000000ead80000,0x00000000eae80000)
 ParOldGen       total 655360K, used 655102K [0x00000000c0000000, 0x00000000e8000000, 0x00000000eab00000)
  object space 655360K, 99% used [0x00000000c0000000,0x00000000e7fbf998,0x00000000e8000000)
 Metaspace       used 54845K, committed 56128K, reserved 1114112K
  class space    used 5693K, committed 6272K, reserved 1048576K
}
Event: 28.984 GC heap before
{Heap before GC invocations=937 (full 2):
 PSYoungGen      total 3584K, used 3206K [0x00000000eab00000, 0x00000000eaf80000, 0x0000000100000000)
  eden space 2560K, 94% used [0x00000000eab00000,0x00000000ead5c0e0,0x00000000ead80000)
  from space 1024K, 77% used [0x00000000eae80000,0x00000000eaf45958,0x00000000eaf80000)
  to   space 1024K, 0% used [0x00000000ead80000,0x00000000ead80000,0x00000000eae80000)
 ParOldGen       total 655360K, used 655102K [0x00000000c0000000, 0x00000000e8000000, 0x00000000eab00000)
  object space 655360K, 99% used [0x00000000c0000000,0x00000000e7fbf998,0x00000000e8000000)
 Metaspace       used 54845K, committed 56128K, reserved 1114112K
  class space    used 5693K, committed 6272K, reserved 1048576K
}
Event: 28.985 GC heap after
{Heap after GC invocations=937 (full 2):
 PSYoungGen      total 3584K, used 1000K [0x00000000eab00000, 0x00000000eb100000, 0x0000000100000000)
  eden space 2560K, 0% used [0x00000000eab00000,0x00000000eab00000,0x00000000ead80000)
  from space 1024K, 97% used [0x00000000ead80000,0x00000000eae7a040,0x00000000eae80000)
  to   space 1536K, 0% used [0x00000000eaf80000,0x00000000eaf80000,0x00000000eb100000)
 ParOldGen       total 655360K, used 655158K [0x00000000c0000000, 0x00000000e8000000, 0x00000000eab00000)
  object space 655360K, 99% used [0x00000000c0000000,0x00000000e7fcd998,0x00000000e8000000)
 Metaspace       used 54845K, committed 56128K, reserved 1114112K
  class space    used 5693K, committed 6272K, reserved 1048576K
}
Event: 28.992 GC heap before
{Heap before GC invocations=938 (full 2):
 PSYoungGen      total 3584K, used 3431K [0x00000000eab00000, 0x00000000eb100000, 0x0000000100000000)
  eden space 2560K, 94% used [0x00000000eab00000,0x00000000ead5fdb8,0x00000000ead80000)
  from space 1024K, 97% used [0x00000000ead80000,0x00000000eae7a040,0x00000000eae80000)
  to   space 1536K, 0% used [0x00000000eaf80000,0x00000000eaf80000,0x00000000eb100000)
 ParOldGen       total 655360K, used 655158K [0x00000000c0000000, 0x00000000e8000000, 0x00000000eab00000)
  object space 655360K, 99% used [0x00000000c0000000,0x00000000e7fcd998,0x00000000e8000000)
 Metaspace       used 54846K, committed 56128K, reserved 1114112K
  class space    used 5693K, committed 6272K, reserved 1048576K
}
Event: 28.993 GC heap after
{Heap after GC invocations=938 (full 2):
 PSYoungGen      total 4608K, used 1209K [0x00000000eab00000, 0x00000000eb100000, 0x0000000100000000)
  eden space 3072K, 0% used [0x00000000eab00000,0x00000000eab00000,0x00000000eae00000)
  from space 1536K, 78% used [0x00000000eaf80000,0x00000000eb0ae7f8,0x00000000eb100000)
  to   space 1536K, 0% used [0x00000000eae00000,0x00000000eae00000,0x00000000eaf80000)
 ParOldGen       total 655360K, used 655262K [0x00000000c0000000, 0x00000000e8000000, 0x00000000eab00000)
  object space 655360K, 99% used [0x00000000c0000000,0x00000000e7fe7998,0x00000000e8000000)
 Metaspace       used 54846K, committed 56128K, reserved 1114112K
  class space    used 5693K, committed 6272K, reserved 1048576K
}
Event: 29.021 GC heap before
{Heap before GC invocations=939 (full 2):
 PSYoungGen      total 4608K, used 4281K [0x00000000eab00000, 0x00000000eb100000, 0x0000000100000000)
  eden space 3072K, 100% used [0x00000000eab00000,0x00000000eae00000,0x00000000eae00000)
  from space 1536K, 78% used [0x00000000eaf80000,0x00000000eb0ae7f8,0x00000000eb100000)
  to   space 1536K, 0% used [0x00000000eae00000,0x00000000eae00000,0x00000000eaf80000)
 ParOldGen       total 655360K, used 655262K [0x00000000c0000000, 0x00000000e8000000, 0x00000000eab00000)
  object space 655360K, 99% used [0x00000000c0000000,0x00000000e7fe7998,0x00000000e8000000)
 Metaspace       used 55291K, committed 56512K, reserved 1114112K
  class space    used 5733K, committed 6272K, reserved 1048576K
}
Event: 29.025 GC heap after
{Heap after GC invocations=939 (full 2):
 PSYoungGen      total 4608K, used 224K [0x00000000eab00000, 0x00000000eb100000, 0x0000000100000000)
  eden space 3072K, 0% used [0x00000000eab00000,0x00000000eab00000,0x00000000eae00000)
  from space 1536K, 14% used [0x00000000eae00000,0x00000000eae38000,0x00000000eaf80000)
  to   space 1024K, 0% used [0x00000000eb000000,0x00000000eb000000,0x00000000eb100000)
 ParOldGen       total 655360K, used 655270K [0x00000000c0000000, 0x00000000e8000000, 0x00000000eab00000)
  object space 655360K, 99% used [0x00000000c0000000,0x00000000e7fe9998,0x00000000e8000000)
 Metaspace       used 55291K, committed 56512K, reserved 1114112K
  class space    used 5733K, committed 6272K, reserved 1048576K
}
Event: 29.047 GC heap before
{Heap before GC invocations=940 (full 2):
 PSYoungGen      total 4608K, used 3294K [0x00000000eab00000, 0x00000000eb100000, 0x0000000100000000)
  eden space 3072K, 99% used [0x00000000eab00000,0x00000000eadff9e8,0x00000000eae00000)
  from space 1536K, 14% used [0x00000000eae00000,0x00000000eae38000,0x00000000eaf80000)
  to   space 1024K, 0% used [0x00000000eb000000,0x00000000eb000000,0x00000000eb100000)
 ParOldGen       total 655360K, used 655270K [0x00000000c0000000, 0x00000000e8000000, 0x00000000eab00000)
  object space 655360K, 99% used [0x00000000c0000000,0x00000000e7fe9998,0x00000000e8000000)
 Metaspace       used 55840K, committed 57088K, reserved 1114112K
  class space    used 5789K, committed 6336K, reserved 1048576K
}
Event: 29.048 GC heap after
{Heap after GC invocations=940 (full 2):
 PSYoungGen      total 3584K, used 320K [0x00000000eab00000, 0x00000000eb080000, 0x0000000100000000)
  eden space 3072K, 0% used [0x00000000eab00000,0x00000000eab00000,0x00000000eae00000)
  from space 512K, 62% used [0x00000000eb000000,0x00000000eb050000,0x00000000eb080000)
  to   space 512K, 0% used [0x00000000eaf80000,0x00000000eaf80000,0x00000000eb000000)
 ParOldGen       total 655360K, used 655334K [0x00000000c0000000, 0x00000000e8000000, 0x00000000eab00000)
  object space 655360K, 99% used [0x00000000c0000000,0x00000000e7ff9998,0x00000000e8000000)
 Metaspace       used 55840K, committed 57088K, reserved 1114112K
  class space    used 5789K, committed 6336K, reserved 1048576K
}
Event: 29.110 GC heap before
{Heap before GC invocations=941 (full 2):
 PSYoungGen      total 3584K, used 3392K [0x00000000eab00000, 0x00000000eb080000, 0x0000000100000000)
  eden space 3072K, 100% used [0x00000000eab00000,0x00000000eae00000,0x00000000eae00000)
  from space 512K, 62% used [0x00000000eb000000,0x00000000eb050000,0x00000000eb080000)
  to   space 512K, 0% used [0x00000000eaf80000,0x00000000eaf80000,0x00000000eb000000)
 ParOldGen       total 655360K, used 655334K [0x00000000c0000000, 0x00000000e8000000, 0x00000000eab00000)
  object space 655360K, 99% used [0x00000000c0000000,0x00000000e7ff9998,0x00000000e8000000)
 Metaspace       used 56207K, committed 57472K, reserved 1114112K
  class space    used 5826K, committed 6400K, reserved 1048576K
}
Event: 29.112 GC heap after
{Heap after GC invocations=941 (full 2):
 PSYoungGen      total 3584K, used 512K [0x00000000eab00000, 0x00000000eb080000, 0x0000000100000000)
  eden space 3072K, 0% used [0x00000000eab00000,0x00000000eab00000,0x00000000eae00000)
  from space 512K, 100% used [0x00000000eaf80000,0x00000000eb000000,0x00000000eb000000)
  to   space 512K, 0% used [0x00000000eb000000,0x00000000eb000000,0x00000000eb080000)
 ParOldGen       total 655872K, used 655438K [0x00000000c0000000, 0x00000000e8080000, 0x00000000eab00000)
  object space 655872K, 99% used [0x00000000c0000000,0x00000000e8013998,0x00000000e8080000)
 Metaspace       used 56207K, committed 57472K, reserved 1114112K
  class space    used 5826K, committed 6400K, reserved 1048576K
}

