# JRE version: Java(TM) SE Runtime Environment (17.0.9+11) (build 17.0.9+11-LTS-201)
# Java VM: Java HotSpot(TM) 64-Bit Server VM (17.0.9+11-LTS-201, mixed mode, sharing, tiered, compressed oops, compressed class ptrs, g1 gc, windows-amd64)
GC Precious Log:
 CPUs: 16 total, 16 available
 Memory: 15613M
 Large Page Support: Disabled
 NUMA Support: Disabled
 Compressed Oops: Enabled (Zero based)
 Heap Region Size: 2M
 Heap Min Capacity: 8M
 Heap Initial Capacity: 244M
 Heap Max Capacity: 3904M
 Pre-touch: Disabled
 Parallel Workers: 13
 Concurrent Workers: 3
 Concurrent Refinement Workers: 13
 Periodic GC: Disabled
Heap:
 garbage-first heap   total 155648K, used 41558K [0x000000070c000000, 0x0000000800000000)
  region size 2048K, 14 young (28672K), 2 survivors (4096K)
 Metaspace       used 35416K, committed 35840K, reserved 1114112K
  class space    used 4526K, committed 4736K, reserved 1048576K
GC Heap History (12 events):
Event: 0.631 GC heap before
{Heap before GC invocations=0 (full 0):
 garbage-first heap   total 249856K, used 22528K [0x000000070c000000, 0x0000000800000000)
  region size 2048K, 11 young (22528K), 0 survivors (0K)
 Metaspace       used 7087K, committed 7296K, reserved 1114112K
  class space    used 783K, committed 896K, reserved 1048576K
}
Event: 0.635 GC heap after
{Heap after GC invocations=1 (full 0):
 garbage-first heap   total 249856K, used 8113K [0x000000070c000000, 0x0000000800000000)
  region size 2048K, 2 young (4096K), 2 survivors (4096K)
 Metaspace       used 7087K, committed 7296K, reserved 1114112K
  class space    used 783K, committed 896K, reserved 1048576K
}
Event: 0.953 GC heap before
{Heap before GC invocations=1 (full 0):
 garbage-first heap   total 249856K, used 30641K [0x000000070c000000, 0x0000000800000000)
  region size 2048K, 13 young (26624K), 2 survivors (4096K)
 Metaspace       used 11854K, committed 12096K, reserved 1114112K
  class space    used 1463K, committed 1600K, reserved 1048576K
}
Event: 0.957 GC heap after
{Heap after GC invocations=2 (full 0):
 garbage-first heap   total 249856K, used 10050K [0x000000070c000000, 0x0000000800000000)
  region size 2048K, 1 young (2048K), 1 survivors (2048K)
 Metaspace       used 11854K, committed 12096K, reserved 1114112K
  class space    used 1463K, committed 1600K, reserved 1048576K
}
Event: 1.303 GC heap before
{Heap before GC invocations=2 (full 0):
 garbage-first heap   total 249856K, used 55106K [0x000000070c000000, 0x0000000800000000)
  region size 2048K, 25 young (51200K), 1 survivors (2048K)
 Metaspace       used 21286K, committed 21504K, reserved 1114112K
  class space    used 2660K, committed 2752K, reserved 1048576K
}
Event: 1.307 GC heap after
{Heap after GC invocations=3 (full 0):
 garbage-first heap   total 249856K, used 13293K [0x000000070c000000, 0x0000000800000000)
  region size 2048K, 3 young (6144K), 3 survivors (6144K)
 Metaspace       used 21286K, committed 21504K, reserved 1114112K
  class space    used 2660K, committed 2752K, reserved 1048576K
}
Event: 1.641 GC heap before
{Heap before GC invocations=4 (full 0):
 garbage-first heap   total 61440K, used 41965K [0x000000070c000000, 0x0000000800000000)
  region size 2048K, 18 young (36864K), 3 survivors (6144K)
 Metaspace       used 24762K, committed 25088K, reserved 1114112K
  class space    used 3118K, committed 3264K, reserved 1048576K
}
Event: 1.648 GC heap after
{Heap after GC invocations=5 (full 0):
 garbage-first heap   total 61440K, used 15801K [0x000000070c000000, 0x0000000800000000)
  region size 2048K, 2 young (4096K), 2 survivors (4096K)
 Metaspace       used 24762K, committed 25088K, reserved 1114112K
  class space    used 3118K, committed 3264K, reserved 1048576K
}
Event: 2.027 GC heap before
{Heap before GC invocations=5 (full 0):
 garbage-first heap   total 61440K, used 36281K [0x000000070c000000, 0x0000000800000000)
  region size 2048K, 12 young (24576K), 2 survivors (4096K)
 Metaspace       used 27424K, committed 27776K, reserved 1114112K
  class space    used 3483K, committed 3648K, reserved 1048576K
}
Event: 2.031 GC heap after
{Heap after GC invocations=6 (full 0):
 garbage-first heap   total 61440K, used 17175K [0x000000070c000000, 0x0000000800000000)
  region size 2048K, 1 young (2048K), 1 survivors (2048K)
 Metaspace       used 27424K, committed 27776K, reserved 1114112K
  class space    used 3483K, committed 3648K, reserved 1048576K
}
Event: 2.400 GC heap before
{Heap before GC invocations=6 (full 0):
 garbage-first heap   total 61440K, used 39703K [0x000000070c000000, 0x0000000800000000)
  region size 2048K, 12 young (24576K), 1 survivors (2048K)
 Metaspace       used 31040K, committed 31488K, reserved 1114112K
  class space    used 4022K, committed 4224K, reserved 1048576K
}
Event: 2.407 GC heap after
{Heap after GC invocations=7 (full 0):
 garbage-first heap   total 155648K, used 19030K [0x000000070c000000, 0x0000000800000000)
  region size 2048K, 2 young (4096K), 2 survivors (4096K)
 Metaspace       used 31040K, committed 31488K, reserved 1114112K
  class space    used 4022K, committed 4224K, reserved 1048576K
}

