# JRE version: OpenJDK Runtime Environment Temurin-21.0.5+11 (21.0.5+11) (build 21.0.5+11-LTS)
# Java VM: OpenJDK 64-Bit Server VM Temurin-21.0.5+11 (21.0.5+11-LTS, mixed mode, sharing, tiered, compressed oops, compressed class ptrs, parallel gc, windows-amd64)
GC Precious Log:
 CardTable entry size: 512
 CPUs: 16 total, 16 available
 Memory: 15613M
 Large Page Support: Disabled
 NUMA Support: Disabled
 Compressed Oops: Enabled (32-bit)
 Alignments: Space 512K, Generation 512K, Heap 2M
 Heap Min Capacity: 100M
 Heap Initial Capacity: 100M
 Heap Max Capacity: 1G
 Pre-touch: Disabled
 Parallel Workers: 13
Heap:
 PSYoungGen      total 5632K, used 5632K [0x00000000eab00000, 0x00000000eb280000, 0x0000000100000000)
  eden space 5120K, 100% used [0x00000000eab00000,0x00000000eb000000,0x00000000eb000000)
  from space 512K, 100% used [0x00000000eb180000,0x00000000eb200000,0x00000000eb200000)
  to   space 512K, 94% used [0x00000000eb200000,0x00000000eb279700,0x00000000eb280000)
 ParOldGen       total 392704K, used 392695K [0x00000000c0000000, 0x00000000d7f80000, 0x00000000eab00000)
  object space 392704K, 99% used [0x00000000c0000000,0x00000000d7f7dd30,0x00000000d7f80000)
 Metaspace       used 70893K, committed 72448K, reserved 1114112K
  class space    used 7758K, committed 8384K, reserved 1048576K
GC Heap History (20 events):
Event: 13.386 GC heap before
{Heap before GC invocations=435 (full 3):
 PSYoungGen      total 4608K, used 4584K [0x00000000eab00000, 0x00000000eb200000, 0x0000000100000000)
  eden space 4096K, 100% used [0x00000000eab00000,0x00000000eaf00000,0x00000000eaf00000)
  from space 512K, 95% used [0x00000000eaf00000,0x00000000eaf7a300,0x00000000eaf80000)
  to   space 1024K, 0% used [0x00000000eb100000,0x00000000eb100000,0x00000000eb200000)
 ParOldGen       total 389632K, used 389376K [0x00000000c0000000, 0x00000000d7c80000, 0x00000000eab00000)
  object space 389632K, 99% used [0x00000000c0000000,0x00000000d7c403d8,0x00000000d7c80000)
 Metaspace       used 70324K, committed 71808K, reserved 1114112K
  class space    used 7696K, committed 8320K, reserved 1048576K
}
Event: 13.388 GC heap after
{Heap after GC invocations=435 (full 3):
 PSYoungGen      total 6144K, used 544K [0x00000000eab00000, 0x00000000eb200000, 0x0000000100000000)
  eden space 5120K, 0% used [0x00000000eab00000,0x00000000eab00000,0x00000000eb000000)
  from space 1024K, 53% used [0x00000000eb100000,0x00000000eb188000,0x00000000eb200000)
  to   space 1024K, 0% used [0x00000000eb000000,0x00000000eb000000,0x00000000eb100000)
 ParOldGen       total 390144K, used 389746K [0x00000000c0000000, 0x00000000d7d00000, 0x00000000eab00000)
  object space 390144K, 99% used [0x00000000c0000000,0x00000000d7c9c948,0x00000000d7d00000)
 Metaspace       used 70324K, committed 71808K, reserved 1114112K
  class space    used 7696K, committed 8320K, reserved 1048576K
}
Event: 13.398 GC heap before
{Heap before GC invocations=436 (full 3):
 PSYoungGen      total 6144K, used 5664K [0x00000000eab00000, 0x00000000eb200000, 0x0000000100000000)
  eden space 5120K, 100% used [0x00000000eab00000,0x00000000eb000000,0x00000000eb000000)
  from space 1024K, 53% used [0x00000000eb100000,0x00000000eb188000,0x00000000eb200000)
  to   space 1024K, 0% used [0x00000000eb000000,0x00000000eb000000,0x00000000eb100000)
 ParOldGen       total 390144K, used 389746K [0x00000000c0000000, 0x00000000d7d00000, 0x00000000eab00000)
  object space 390144K, 99% used [0x00000000c0000000,0x00000000d7c9c948,0x00000000d7d00000)
 Metaspace       used 70324K, committed 71808K, reserved 1114112K
  class space    used 7696K, committed 8320K, reserved 1048576K
}
Event: 13.399 GC heap after
{Heap after GC invocations=436 (full 3):
 PSYoungGen      total 6144K, used 536K [0x00000000eab00000, 0x00000000eb300000, 0x0000000100000000)
  eden space 5120K, 0% used [0x00000000eab00000,0x00000000eab00000,0x00000000eb000000)
  from space 1024K, 52% used [0x00000000eb000000,0x00000000eb086248,0x00000000eb100000)
  to   space 1024K, 0% used [0x00000000eb200000,0x00000000eb200000,0x00000000eb300000)
 ParOldGen       total 391168K, used 390709K [0x00000000c0000000, 0x00000000d7e00000, 0x00000000eab00000)
  object space 391168K, 99% used [0x00000000c0000000,0x00000000d7d8d7c0,0x00000000d7e00000)
 Metaspace       used 70324K, committed 71808K, reserved 1114112K
  class space    used 7696K, committed 8320K, reserved 1048576K
}
Event: 13.409 GC heap before
{Heap before GC invocations=437 (full 3):
 PSYoungGen      total 6144K, used 5656K [0x00000000eab00000, 0x00000000eb300000, 0x0000000100000000)
  eden space 5120K, 100% used [0x00000000eab00000,0x00000000eb000000,0x00000000eb000000)
  from space 1024K, 52% used [0x00000000eb000000,0x00000000eb086248,0x00000000eb100000)
  to   space 1024K, 0% used [0x00000000eb200000,0x00000000eb200000,0x00000000eb300000)
 ParOldGen       total 391168K, used 390709K [0x00000000c0000000, 0x00000000d7e00000, 0x00000000eab00000)
  object space 391168K, 99% used [0x00000000c0000000,0x00000000d7d8d7c0,0x00000000d7e00000)
 Metaspace       used 70330K, committed 71808K, reserved 1114112K
  class space    used 7697K, committed 8320K, reserved 1048576K
}
Event: 13.410 GC heap after
{Heap after GC invocations=437 (full 3):
 PSYoungGen      total 5632K, used 224K [0x00000000eab00000, 0x00000000eb280000, 0x0000000100000000)
  eden space 5120K, 0% used [0x00000000eab00000,0x00000000eab00000,0x00000000eb000000)
  from space 512K, 43% used [0x00000000eb200000,0x00000000eb238000,0x00000000eb280000)
  to   space 512K, 0% used [0x00000000eb180000,0x00000000eb180000,0x00000000eb200000)
 ParOldGen       total 391168K, used 391004K [0x00000000c0000000, 0x00000000d7e00000, 0x00000000eab00000)
  object space 391168K, 99% used [0x00000000c0000000,0x00000000d7dd7370,0x00000000d7e00000)
 Metaspace       used 70330K, committed 71808K, reserved 1114112K
  class space    used 7697K, committed 8320K, reserved 1048576K
}
Event: 13.418 GC heap before
{Heap before GC invocations=438 (full 3):
 PSYoungGen      total 5632K, used 5344K [0x00000000eab00000, 0x00000000eb280000, 0x0000000100000000)
  eden space 5120K, 100% used [0x00000000eab00000,0x00000000eb000000,0x00000000eb000000)
  from space 512K, 43% used [0x00000000eb200000,0x00000000eb238000,0x00000000eb280000)
  to   space 512K, 0% used [0x00000000eb180000,0x00000000eb180000,0x00000000eb200000)
 ParOldGen       total 391168K, used 391004K [0x00000000c0000000, 0x00000000d7e00000, 0x00000000eab00000)
  object space 391168K, 99% used [0x00000000c0000000,0x00000000d7dd7370,0x00000000d7e00000)
 Metaspace       used 70332K, committed 71808K, reserved 1114112K
  class space    used 7697K, committed 8320K, reserved 1048576K
}
Event: 13.419 GC heap after
{Heap after GC invocations=438 (full 3):
 PSYoungGen      total 5632K, used 288K [0x00000000eab00000, 0x00000000eb280000, 0x0000000100000000)
  eden space 5120K, 0% used [0x00000000eab00000,0x00000000eab00000,0x00000000eb000000)
  from space 512K, 56% used [0x00000000eb180000,0x00000000eb1c8000,0x00000000eb200000)
  to   space 512K, 0% used [0x00000000eb200000,0x00000000eb200000,0x00000000eb280000)
 ParOldGen       total 391168K, used 391100K [0x00000000c0000000, 0x00000000d7e00000, 0x00000000eab00000)
  object space 391168K, 99% used [0x00000000c0000000,0x00000000d7def370,0x00000000d7e00000)
 Metaspace       used 70332K, committed 71808K, reserved 1114112K
  class space    used 7697K, committed 8320K, reserved 1048576K
}
Event: 13.427 GC heap before
{Heap before GC invocations=439 (full 3):
 PSYoungGen      total 5632K, used 5408K [0x00000000eab00000, 0x00000000eb280000, 0x0000000100000000)
  eden space 5120K, 100% used [0x00000000eab00000,0x00000000eb000000,0x00000000eb000000)
  from space 512K, 56% used [0x00000000eb180000,0x00000000eb1c8000,0x00000000eb200000)
  to   space 512K, 0% used [0x00000000eb200000,0x00000000eb200000,0x00000000eb280000)
 ParOldGen       total 391168K, used 391100K [0x00000000c0000000, 0x00000000d7e00000, 0x00000000eab00000)
  object space 391168K, 99% used [0x00000000c0000000,0x00000000d7def370,0x00000000d7e00000)
 Metaspace       used 70396K, committed 71872K, reserved 1114112K
  class space    used 7700K, committed 8320K, reserved 1048576K
}
Event: 13.429 GC heap after
{Heap after GC invocations=439 (full 3):
 PSYoungGen      total 5632K, used 320K [0x00000000eab00000, 0x00000000eb280000, 0x0000000100000000)
  eden space 5120K, 0% used [0x00000000eab00000,0x00000000eab00000,0x00000000eb000000)
  from space 512K, 62% used [0x00000000eb200000,0x00000000eb250000,0x00000000eb280000)
  to   space 512K, 0% used [0x00000000eb180000,0x00000000eb180000,0x00000000eb200000)
 ParOldGen       total 391680K, used 391212K [0x00000000c0000000, 0x00000000d7e80000, 0x00000000eab00000)
  object space 391680K, 99% used [0x00000000c0000000,0x00000000d7e0b370,0x00000000d7e80000)
 Metaspace       used 70396K, committed 71872K, reserved 1114112K
  class space    used 7700K, committed 8320K, reserved 1048576K
}
Event: 13.436 GC heap before
{Heap before GC invocations=440 (full 3):
 PSYoungGen      total 5632K, used 5440K [0x00000000eab00000, 0x00000000eb280000, 0x0000000100000000)
  eden space 5120K, 100% used [0x00000000eab00000,0x00000000eb000000,0x00000000eb000000)
  from space 512K, 62% used [0x00000000eb200000,0x00000000eb250000,0x00000000eb280000)
  to   space 512K, 0% used [0x00000000eb180000,0x00000000eb180000,0x00000000eb200000)
 ParOldGen       total 391680K, used 391212K [0x00000000c0000000, 0x00000000d7e80000, 0x00000000eab00000)
  object space 391680K, 99% used [0x00000000c0000000,0x00000000d7e0b370,0x00000000d7e80000)
 Metaspace       used 70470K, committed 71936K, reserved 1114112K
  class space    used 7705K, committed 8320K, reserved 1048576K
}
Event: 13.438 GC heap after
{Heap after GC invocations=440 (full 3):
 PSYoungGen      total 5632K, used 288K [0x00000000eab00000, 0x00000000eb280000, 0x0000000100000000)
  eden space 5120K, 0% used [0x00000000eab00000,0x00000000eab00000,0x00000000eb000000)
  from space 512K, 56% used [0x00000000eb180000,0x00000000eb1c8000,0x00000000eb200000)
  to   space 512K, 0% used [0x00000000eb200000,0x00000000eb200000,0x00000000eb280000)
 ParOldGen       total 391680K, used 391340K [0x00000000c0000000, 0x00000000d7e80000, 0x00000000eab00000)
  object space 391680K, 99% used [0x00000000c0000000,0x00000000d7e2b370,0x00000000d7e80000)
 Metaspace       used 70470K, committed 71936K, reserved 1114112K
  class space    used 7705K, committed 8320K, reserved 1048576K
}
Event: 13.446 GC heap before
{Heap before GC invocations=441 (full 3):
 PSYoungGen      total 5632K, used 5408K [0x00000000eab00000, 0x00000000eb280000, 0x0000000100000000)
  eden space 5120K, 100% used [0x00000000eab00000,0x00000000eb000000,0x00000000eb000000)
  from space 512K, 56% used [0x00000000eb180000,0x00000000eb1c8000,0x00000000eb200000)
  to   space 512K, 0% used [0x00000000eb200000,0x00000000eb200000,0x00000000eb280000)
 ParOldGen       total 391680K, used 391340K [0x00000000c0000000, 0x00000000d7e80000, 0x00000000eab00000)
  object space 391680K, 99% used [0x00000000c0000000,0x00000000d7e2b370,0x00000000d7e80000)
 Metaspace       used 70534K, committed 72000K, reserved 1114112K
  class space    used 7709K, committed 8320K, reserved 1048576K
}
Event: 13.447 GC heap after
{Heap after GC invocations=441 (full 3):
 PSYoungGen      total 5632K, used 446K [0x00000000eab00000, 0x00000000eb280000, 0x0000000100000000)
  eden space 5120K, 0% used [0x00000000eab00000,0x00000000eab00000,0x00000000eb000000)
  from space 512K, 87% used [0x00000000eb200000,0x00000000eb26fac8,0x00000000eb280000)
  to   space 512K, 0% used [0x00000000eb180000,0x00000000eb180000,0x00000000eb200000)
 ParOldGen       total 391680K, used 391492K [0x00000000c0000000, 0x00000000d7e80000, 0x00000000eab00000)
  object space 391680K, 99% used [0x00000000c0000000,0x00000000d7e51370,0x00000000d7e80000)
 Metaspace       used 70534K, committed 72000K, reserved 1114112K
  class space    used 7709K, committed 8320K, reserved 1048576K
}
Event: 13.453 GC heap before
{Heap before GC invocations=442 (full 3):
 PSYoungGen      total 5632K, used 5566K [0x00000000eab00000, 0x00000000eb280000, 0x0000000100000000)
  eden space 5120K, 100% used [0x00000000eab00000,0x00000000eb000000,0x00000000eb000000)
  from space 512K, 87% used [0x00000000eb200000,0x00000000eb26fac8,0x00000000eb280000)
  to   space 512K, 0% used [0x00000000eb180000,0x00000000eb180000,0x00000000eb200000)
 ParOldGen       total 391680K, used 391492K [0x00000000c0000000, 0x00000000d7e80000, 0x00000000eab00000)
  object space 391680K, 99% used [0x00000000c0000000,0x00000000d7e51370,0x00000000d7e80000)
 Metaspace       used 70600K, committed 72064K, reserved 1114112K
  class space    used 7717K, committed 8320K, reserved 1048576K
}
Event: 13.455 GC heap after
{Heap after GC invocations=442 (full 3):
 PSYoungGen      total 5632K, used 320K [0x00000000eab00000, 0x00000000eb280000, 0x0000000100000000)
  eden space 5120K, 0% used [0x00000000eab00000,0x00000000eab00000,0x00000000eb000000)
  from space 512K, 62% used [0x00000000eb180000,0x00000000eb1d0000,0x00000000eb200000)
  to   space 512K, 0% used [0x00000000eb200000,0x00000000eb200000,0x00000000eb280000)
 ParOldGen       total 391680K, used 391636K [0x00000000c0000000, 0x00000000d7e80000, 0x00000000eab00000)
  object space 391680K, 99% used [0x00000000c0000000,0x00000000d7e75370,0x00000000d7e80000)
 Metaspace       used 70600K, committed 72064K, reserved 1114112K
  class space    used 7717K, committed 8320K, reserved 1048576K
}
Event: 13.460 GC heap before
{Heap before GC invocations=443 (full 3):
 PSYoungGen      total 5632K, used 5440K [0x00000000eab00000, 0x00000000eb280000, 0x0000000100000000)
  eden space 5120K, 100% used [0x00000000eab00000,0x00000000eb000000,0x00000000eb000000)
  from space 512K, 62% used [0x00000000eb180000,0x00000000eb1d0000,0x00000000eb200000)
  to   space 512K, 0% used [0x00000000eb200000,0x00000000eb200000,0x00000000eb280000)
 ParOldGen       total 391680K, used 391636K [0x00000000c0000000, 0x00000000d7e80000, 0x00000000eab00000)
  object space 391680K, 99% used [0x00000000c0000000,0x00000000d7e75370,0x00000000d7e80000)
 Metaspace       used 70651K, committed 72064K, reserved 1114112K
  class space    used 7721K, committed 8320K, reserved 1048576K
}
Event: 13.461 GC heap after
{Heap after GC invocations=443 (full 3):
 PSYoungGen      total 5632K, used 384K [0x00000000eab00000, 0x00000000eb280000, 0x0000000100000000)
  eden space 5120K, 0% used [0x00000000eab00000,0x00000000eab00000,0x00000000eb000000)
  from space 512K, 75% used [0x00000000eb200000,0x00000000eb260000,0x00000000eb280000)
  to   space 512K, 0% used [0x00000000eb180000,0x00000000eb180000,0x00000000eb200000)
 ParOldGen       total 392192K, used 391772K [0x00000000c0000000, 0x00000000d7f00000, 0x00000000eab00000)
  object space 392192K, 99% used [0x00000000c0000000,0x00000000d7e97370,0x00000000d7f00000)
 Metaspace       used 70651K, committed 72064K, reserved 1114112K
  class space    used 7721K, committed 8320K, reserved 1048576K
}
Event: 13.469 GC heap before
{Heap before GC invocations=444 (full 3):
 PSYoungGen      total 5632K, used 5504K [0x00000000eab00000, 0x00000000eb280000, 0x0000000100000000)
  eden space 5120K, 100% used [0x00000000eab00000,0x00000000eb000000,0x00000000eb000000)
  from space 512K, 75% used [0x00000000eb200000,0x00000000eb260000,0x00000000eb280000)
  to   space 512K, 0% used [0x00000000eb180000,0x00000000eb180000,0x00000000eb200000)
 ParOldGen       total 392192K, used 391772K [0x00000000c0000000, 0x00000000d7f00000, 0x00000000eab00000)
  object space 392192K, 99% used [0x00000000c0000000,0x00000000d7e97370,0x00000000d7f00000)
 Metaspace       used 70716K, committed 72128K, reserved 1114112K
  class space    used 7729K, committed 8320K, reserved 1048576K
}
Event: 13.470 GC heap after
{Heap after GC invocations=444 (full 3):
 PSYoungGen      total 5632K, used 448K [0x00000000eab00000, 0x00000000eb280000, 0x0000000100000000)
  eden space 5120K, 0% used [0x00000000eab00000,0x00000000eab00000,0x00000000eb000000)
  from space 512K, 87% used [0x00000000eb180000,0x00000000eb1f0000,0x00000000eb200000)
  to   space 512K, 0% used [0x00000000eb200000,0x00000000eb200000,0x00000000eb280000)
 ParOldGen       total 392192K, used 391908K [0x00000000c0000000, 0x00000000d7f00000, 0x00000000eab00000)
  object space 392192K, 99% used [0x00000000c0000000,0x00000000d7eb9370,0x00000000d7f00000)
 Metaspace       used 70716K, committed 72128K, reserved 1114112K
  class space    used 7729K, committed 8320K, reserved 1048576K
}

