# JRE version: Java(TM) SE Runtime Environment (17.0.9+11) (build 17.0.9+11-LTS-201)
# Java VM: Java HotSpot(TM) 64-Bit Server VM (17.0.9+11-LTS-201, mixed mode, sharing, tiered, compressed oops, compressed class ptrs, g1 gc, windows-amd64)
GC Precious Log:
 CPUs: 16 total, 16 available
 Memory: 15613M
 Large Page Support: Disabled
 NUMA Support: Disabled
 Compressed Oops: Enabled (Zero based)
 Heap Region Size: 2M
 Heap Min Capacity: 8M
 Heap Initial Capacity: 244M
 Heap Max Capacity: 3904M
 Pre-touch: Disabled
 Parallel Workers: 13
 Concurrent Workers: 3
 Concurrent Refinement Workers: 13
 Periodic GC: Disabled
Heap:
 garbage-first heap   total 239616K, used 64372K [0x000000070c000000, 0x0000000800000000)
  region size 2048K, 4 young (8192K), 1 survivors (2048K)
 Metaspace       used 84636K, committed 85312K, reserved 1179648K
  class space    used 11239K, committed 11584K, reserved 1048576K
GC Heap History (20 events):
Event: 10.438 GC heap before
{Heap before GC invocations=18 (full 0):
 garbage-first heap   total 81920K, used 62580K [0x000000070c000000, 0x0000000800000000)
  region size 2048K, 18 young (36864K), 3 survivors (6144K)
 Metaspace       used 80200K, committed 80832K, reserved 1179648K
  class space    used 10707K, committed 11008K, reserved 1048576K
}
Event: 10.442 GC heap after
{Heap after GC invocations=19 (full 0):
 garbage-first heap   total 81920K, used 35035K [0x000000070c000000, 0x0000000800000000)
  region size 2048K, 2 young (4096K), 2 survivors (4096K)
 Metaspace       used 80200K, committed 80832K, reserved 1179648K
  class space    used 10707K, committed 11008K, reserved 1048576K
}
Event: 94.640 GC heap before
{Heap before GC invocations=19 (full 0):
 garbage-first heap   total 81920K, used 63707K [0x000000070c000000, 0x0000000800000000)
  region size 2048K, 16 young (32768K), 2 survivors (4096K)
 Metaspace       used 81991K, committed 82624K, reserved 1179648K
  class space    used 10935K, committed 11264K, reserved 1048576K
}
Event: 94.643 GC heap after
{Heap after GC invocations=20 (full 0):
 garbage-first heap   total 81920K, used 37261K [0x000000070c000000, 0x0000000800000000)
  region size 2048K, 2 young (4096K), 2 survivors (4096K)
 Metaspace       used 81991K, committed 82624K, reserved 1179648K
  class space    used 10935K, committed 11264K, reserved 1048576K
}
Event: 94.686 GC heap before
{Heap before GC invocations=20 (full 0):
 garbage-first heap   total 81920K, used 63885K [0x000000070c000000, 0x0000000800000000)
  region size 2048K, 15 young (30720K), 2 survivors (4096K)
 Metaspace       used 82452K, committed 83136K, reserved 1179648K
  class space    used 11000K, committed 11328K, reserved 1048576K
}
Event: 94.693 GC heap after
{Heap after GC invocations=21 (full 0):
 garbage-first heap   total 81920K, used 45554K [0x000000070c000000, 0x0000000800000000)
  region size 2048K, 2 young (4096K), 2 survivors (4096K)
 Metaspace       used 82452K, committed 83136K, reserved 1179648K
  class space    used 11000K, committed 11328K, reserved 1048576K
}
Event: 94.721 GC heap before
{Heap before GC invocations=21 (full 0):
 garbage-first heap   total 81920K, used 61938K [0x000000070c000000, 0x0000000800000000)
  region size 2048K, 10 young (20480K), 2 survivors (4096K)
 Metaspace       used 82550K, committed 83200K, reserved 1179648K
  class space    used 11026K, committed 11328K, reserved 1048576K
}
Event: 94.727 GC heap after
{Heap after GC invocations=22 (full 0):
 garbage-first heap   total 81920K, used 50323K [0x000000070c000000, 0x0000000800000000)
  region size 2048K, 2 young (4096K), 2 survivors (4096K)
 Metaspace       used 82550K, committed 83200K, reserved 1179648K
  class space    used 11026K, committed 11328K, reserved 1048576K
}
Event: 94.752 GC heap before
{Heap before GC invocations=22 (full 0):
 garbage-first heap   total 81920K, used 62611K [0x000000070c000000, 0x0000000800000000)
  region size 2048K, 8 young (16384K), 2 survivors (4096K)
 Metaspace       used 82679K, committed 83392K, reserved 1179648K
  class space    used 11042K, committed 11392K, reserved 1048576K
}
Event: 94.756 GC heap after
{Heap after GC invocations=23 (full 0):
 garbage-first heap   total 81920K, used 53360K [0x000000070c000000, 0x0000000800000000)
  region size 2048K, 1 young (2048K), 1 survivors (2048K)
 Metaspace       used 82679K, committed 83392K, reserved 1179648K
  class space    used 11042K, committed 11392K, reserved 1048576K
}
Event: 94.777 GC heap before
{Heap before GC invocations=24 (full 0):
 garbage-first heap   total 96256K, used 63600K [0x000000070c000000, 0x0000000800000000)
  region size 2048K, 6 young (12288K), 1 survivors (2048K)
 Metaspace       used 82684K, committed 83392K, reserved 1179648K
  class space    used 11045K, committed 11392K, reserved 1048576K
}
Event: 94.781 GC heap after
{Heap after GC invocations=25 (full 0):
 garbage-first heap   total 96256K, used 57203K [0x000000070c000000, 0x0000000800000000)
  region size 2048K, 1 young (2048K), 1 survivors (2048K)
 Metaspace       used 82684K, committed 83392K, reserved 1179648K
  class space    used 11045K, committed 11392K, reserved 1048576K
}
Event: 94.802 GC heap before
{Heap before GC invocations=25 (full 0):
 garbage-first heap   total 96256K, used 71539K [0x000000070c000000, 0x0000000800000000)
  region size 2048K, 8 young (16384K), 1 survivors (2048K)
 Metaspace       used 82695K, committed 83392K, reserved 1179648K
  class space    used 11052K, committed 11392K, reserved 1048576K
}
Event: 94.807 GC heap after
{Heap after GC invocations=26 (full 0):
 garbage-first heap   total 96256K, used 62409K [0x000000070c000000, 0x0000000800000000)
  region size 2048K, 1 young (2048K), 1 survivors (2048K)
 Metaspace       used 82695K, committed 83392K, reserved 1179648K
  class space    used 11052K, committed 11392K, reserved 1048576K
}
Event: 94.830 GC heap before
{Heap before GC invocations=26 (full 0):
 garbage-first heap   total 96256K, used 72649K [0x000000070c000000, 0x0000000800000000)
  region size 2048K, 6 young (12288K), 1 survivors (2048K)
 Metaspace       used 82704K, committed 83392K, reserved 1179648K
  class space    used 11053K, committed 11392K, reserved 1048576K
}
Event: 94.834 GC heap after
{Heap after GC invocations=27 (full 0):
 garbage-first heap   total 253952K, used 65763K [0x000000070c000000, 0x0000000800000000)
  region size 2048K, 1 young (2048K), 1 survivors (2048K)
 Metaspace       used 82704K, committed 83392K, reserved 1179648K
  class space    used 11053K, committed 11392K, reserved 1048576K
}
Event: 99.294 GC heap before
{Heap before GC invocations=28 (full 0):
 garbage-first heap   total 239616K, used 157923K [0x000000070c000000, 0x0000000800000000)
  region size 2048K, 48 young (98304K), 1 survivors (2048K)
 Metaspace       used 84345K, committed 85056K, reserved 1179648K
  class space    used 11237K, committed 11584K, reserved 1048576K
}
Event: 99.297 GC heap after
{Heap after GC invocations=29 (full 0):
 garbage-first heap   total 239616K, used 63867K [0x000000070c000000, 0x0000000800000000)
  region size 2048K, 3 young (6144K), 3 survivors (6144K)
 Metaspace       used 84345K, committed 85056K, reserved 1179648K
  class space    used 11237K, committed 11584K, reserved 1048576K
}
Event: 107.123 GC heap before
{Heap before GC invocations=29 (full 0):
 garbage-first heap   total 239616K, used 67963K [0x000000070c000000, 0x0000000800000000)
  region size 2048K, 5 young (10240K), 3 survivors (6144K)
 Metaspace       used 84529K, committed 85248K, reserved 1179648K
  class space    used 11238K, committed 11584K, reserved 1048576K
}
Event: 107.125 GC heap after
{Heap after GC invocations=30 (full 0):
 garbage-first heap   total 239616K, used 60276K [0x000000070c000000, 0x0000000800000000)
  region size 2048K, 1 young (2048K), 1 survivors (2048K)
 Metaspace       used 84529K, committed 85248K, reserved 1179648K
  class space    used 11238K, committed 11584K, reserved 1048576K
}

