# JRE version: Java(TM) SE Runtime Environment (17.0.9+11) (build 17.0.9+11-LTS-201)
# Java VM: Java HotSpot(TM) 64-Bit Server VM (17.0.9+11-LTS-201, mixed mode, sharing, tiered, compressed oops, compressed class ptrs, g1 gc, windows-amd64)
GC Precious Log:
 CPUs: 16 total, 16 available
 Memory: 15613M
 Large Page Support: Disabled
 NUMA Support: Disabled
 Compressed Oops: Enabled (Zero based)
 Heap Region Size: 2M
 Heap Min Capacity: 8M
 Heap Initial Capacity: 244M
 Heap Max Capacity: 3904M
 Pre-touch: Disabled
 Parallel Workers: 13
 Concurrent Workers: 3
 Concurrent Refinement Workers: 13
 Periodic GC: Disabled
Heap:
 garbage-first heap   total 75776K, used 39552K [0x000000070c000000, 0x0000000800000000)
  region size 2048K, 10 young (20480K), 3 survivors (6144K)
 Metaspace       used 65886K, committed 66496K, reserved 1114112K
  class space    used 8763K, committed 9088K, reserved 1048576K
GC Heap History (20 events):
Event: 0.821 GC heap before
{Heap before GC invocations=1 (full 0):
 garbage-first heap   total 249856K, used 29969K [0x000000070c000000, 0x0000000800000000)
  region size 2048K, 13 young (26624K), 2 survivors (4096K)
 Metaspace       used 11877K, committed 12160K, reserved 1114112K
  class space    used 1454K, committed 1600K, reserved 1048576K
}
Event: 0.825 GC heap after
{Heap after GC invocations=2 (full 0):
 garbage-first heap   total 249856K, used 9329K [0x000000070c000000, 0x0000000800000000)
  region size 2048K, 1 young (2048K), 1 survivors (2048K)
 Metaspace       used 11877K, committed 12160K, reserved 1114112K
  class space    used 1454K, committed 1600K, reserved 1048576K
}
Event: 1.175 GC heap before
{Heap before GC invocations=2 (full 0):
 garbage-first heap   total 249856K, used 54385K [0x000000070c000000, 0x0000000800000000)
  region size 2048K, 25 young (51200K), 1 survivors (2048K)
 Metaspace       used 21272K, committed 21504K, reserved 1114112K
  class space    used 2594K, committed 2688K, reserved 1048576K
}
Event: 1.180 GC heap after
{Heap after GC invocations=3 (full 0):
 garbage-first heap   total 249856K, used 13321K [0x000000070c000000, 0x0000000800000000)
  region size 2048K, 3 young (6144K), 3 survivors (6144K)
 Metaspace       used 21272K, committed 21504K, reserved 1114112K
  class space    used 2594K, committed 2688K, reserved 1048576K
}
Event: 1.512 GC heap before
{Heap before GC invocations=4 (full 0):
 garbage-first heap   total 55296K, used 39945K [0x000000070c000000, 0x0000000800000000)
  region size 2048K, 17 young (34816K), 3 survivors (6144K)
 Metaspace       used 24077K, committed 24384K, reserved 1114112K
  class space    used 2944K, committed 3072K, reserved 1048576K
}
Event: 1.518 GC heap after
{Heap after GC invocations=5 (full 0):
 garbage-first heap   total 55296K, used 15042K [0x000000070c000000, 0x0000000800000000)
  region size 2048K, 4 young (8192K), 4 survivors (8192K)
 Metaspace       used 24077K, committed 24384K, reserved 1114112K
  class space    used 2944K, committed 3072K, reserved 1048576K
}
Event: 1.551 GC heap before
{Heap before GC invocations=5 (full 0):
 garbage-first heap   total 55296K, used 17090K [0x000000070c000000, 0x0000000800000000)
  region size 2048K, 5 young (10240K), 4 survivors (8192K)
 Metaspace       used 24352K, committed 24704K, reserved 1114112K
  class space    used 2986K, committed 3136K, reserved 1048576K
}
Event: 1.558 GC heap after
{Heap after GC invocations=6 (full 0):
 garbage-first heap   total 55296K, used 15521K [0x000000070c000000, 0x0000000800000000)
  region size 2048K, 1 young (2048K), 1 survivors (2048K)
 Metaspace       used 24352K, committed 24704K, reserved 1114112K
  class space    used 2986K, committed 3136K, reserved 1048576K
}
Event: 1.841 GC heap before
{Heap before GC invocations=6 (full 0):
 garbage-first heap   total 55296K, used 36001K [0x000000070c000000, 0x0000000800000000)
  region size 2048K, 11 young (22528K), 1 survivors (2048K)
 Metaspace       used 27679K, committed 28096K, reserved 1114112K
  class space    used 3451K, committed 3648K, reserved 1048576K
}
Event: 1.845 GC heap after
{Heap after GC invocations=7 (full 0):
 garbage-first heap   total 153600K, used 16551K [0x000000070c000000, 0x0000000800000000)
  region size 2048K, 2 young (4096K), 2 survivors (4096K)
 Metaspace       used 27679K, committed 28096K, reserved 1114112K
  class space    used 3451K, committed 3648K, reserved 1048576K
}
Event: 2.563 GC heap before
{Heap before GC invocations=7 (full 0):
 garbage-first heap   total 153600K, used 57511K [0x000000070c000000, 0x0000000800000000)
  region size 2048K, 24 young (49152K), 2 survivors (4096K)
 Metaspace       used 35721K, committed 36096K, reserved 1114112K
  class space    used 4497K, committed 4672K, reserved 1048576K
}
Event: 2.567 GC heap after
{Heap after GC invocations=8 (full 0):
 garbage-first heap   total 153600K, used 19468K [0x000000070c000000, 0x0000000800000000)
  region size 2048K, 3 young (6144K), 3 survivors (6144K)
 Metaspace       used 35721K, committed 36096K, reserved 1114112K
  class space    used 4497K, committed 4672K, reserved 1048576K
}
Event: 3.339 GC heap before
{Heap before GC invocations=9 (full 0):
 garbage-first heap   total 75776K, used 60428K [0x000000070c000000, 0x0000000800000000)
  region size 2048K, 24 young (49152K), 3 survivors (6144K)
 Metaspace       used 47495K, committed 47872K, reserved 1114112K
  class space    used 6089K, committed 6272K, reserved 1048576K
}
Event: 3.342 GC heap after
{Heap after GC invocations=10 (full 0):
 garbage-first heap   total 75776K, used 21738K [0x000000070c000000, 0x0000000800000000)
  region size 2048K, 4 young (8192K), 4 survivors (8192K)
 Metaspace       used 47495K, committed 47872K, reserved 1114112K
  class space    used 6089K, committed 6272K, reserved 1048576K
}
Event: 3.779 GC heap before
{Heap before GC invocations=10 (full 0):
 garbage-first heap   total 75776K, used 56554K [0x000000070c000000, 0x0000000800000000)
  region size 2048K, 21 young (43008K), 4 survivors (8192K)
 Metaspace       used 55509K, committed 56000K, reserved 1114112K
  class space    used 7286K, committed 7552K, reserved 1048576K
}
Event: 3.782 GC heap after
{Heap after GC invocations=11 (full 0):
 garbage-first heap   total 75776K, used 23601K [0x000000070c000000, 0x0000000800000000)
  region size 2048K, 3 young (6144K), 3 survivors (6144K)
 Metaspace       used 55509K, committed 56000K, reserved 1114112K
  class space    used 7286K, committed 7552K, reserved 1048576K
}
Event: 4.037 GC heap before
{Heap before GC invocations=11 (full 0):
 garbage-first heap   total 75776K, used 44081K [0x000000070c000000, 0x0000000800000000)
  region size 2048K, 14 young (28672K), 3 survivors (6144K)
 Metaspace       used 59954K, committed 60480K, reserved 1114112K
  class space    used 7943K, committed 8192K, reserved 1048576K
}
Event: 4.039 GC heap after
{Heap after GC invocations=12 (full 0):
 garbage-first heap   total 75776K, used 24495K [0x000000070c000000, 0x0000000800000000)
  region size 2048K, 2 young (4096K), 2 survivors (4096K)
 Metaspace       used 59954K, committed 60480K, reserved 1114112K
  class space    used 7943K, committed 8192K, reserved 1048576K
}
Event: 4.807 GC heap before
{Heap before GC invocations=13 (full 0):
 garbage-first heap   total 75776K, used 57263K [0x000000070c000000, 0x0000000800000000)
  region size 2048K, 18 young (36864K), 2 survivors (4096K)
 Metaspace       used 64046K, committed 64576K, reserved 1114112K
  class space    used 8519K, committed 8768K, reserved 1048576K
}
Event: 4.812 GC heap after
{Heap after GC invocations=14 (full 0):
 garbage-first heap   total 75776K, used 27264K [0x000000070c000000, 0x0000000800000000)
  region size 2048K, 3 young (6144K), 3 survivors (6144K)
 Metaspace       used 64046K, committed 64576K, reserved 1114112K
  class space    used 8519K, committed 8768K, reserved 1048576K
}

