# JRE version: OpenJDK Runtime Environment Temurin-21.0.5+11 (21.0.5+11) (build 21.0.5+11-LTS)
# Java VM: OpenJDK 64-Bit Server VM Temurin-21.0.5+11 (21.0.5+11-LTS, mixed mode, sharing, tiered, compressed oops, compressed class ptrs, parallel gc, windows-amd64)
GC Precious Log:
 CardTable entry size: 512
 CPUs: 16 total, 16 available
 Memory: 15613M
 Large Page Support: Disabled
 NUMA Support: Disabled
 Compressed Oops: Enabled (32-bit)
 Alignments: Space 512K, Generation 512K, Heap 2M
 Heap Min Capacity: 100M
 Heap Initial Capacity: 100M
 Heap Max Capacity: 1G
 Pre-touch: Disabled
 Parallel Workers: 13
Heap:
 PSYoungGen      total 23040K, used 15876K [0x00000000eab00000, 0x00000000ec680000, 0x0000000100000000)
  eden space 20992K, 66% used [0x00000000eab00000,0x00000000eb88ff00,0x00000000ebf80000)
  from space 2048K, 99% used [0x00000000ec080000,0x00000000ec27e3a8,0x00000000ec280000)
  to   space 3584K, 0% used [0x00000000ec300000,0x00000000ec300000,0x00000000ec680000)
 ParOldGen       total 68608K, used 32002K [0x00000000c0000000, 0x00000000c4300000, 0x00000000eab00000)
  object space 68608K, 46% used [0x00000000c0000000,0x00000000c1f40a00,0x00000000c4300000)
 Metaspace       used 43922K, committed 45056K, reserved 1114112K
  class space    used 4272K, committed 4800K, reserved 1048576K
GC Heap History (20 events):
Event: 6.743 GC heap before
{Heap before GC invocations=16 (full 2):
 PSYoungGen      total 22016K, used 416K [0x00000000eab00000, 0x00000000ec380000, 0x0000000100000000)
  eden space 21504K, 0% used [0x00000000eab00000,0x00000000eab00000,0x00000000ec000000)
  from space 512K, 81% used [0x00000000ec300000,0x00000000ec368000,0x00000000ec380000)
  to   space 1024K, 0% used [0x00000000ec180000,0x00000000ec180000,0x00000000ec280000)
 ParOldGen       total 68608K, used 22365K [0x00000000c0000000, 0x00000000c4300000, 0x00000000eab00000)
  object space 68608K, 32% used [0x00000000c0000000,0x00000000c15d7468,0x00000000c4300000)
 Metaspace       used 34970K, committed 35840K, reserved 1114112K
  class space    used 3466K, committed 3840K, reserved 1048576K
}
Event: 6.795 GC heap after
{Heap after GC invocations=16 (full 2):
 PSYoungGen      total 22016K, used 0K [0x00000000eab00000, 0x00000000ec380000, 0x0000000100000000)
  eden space 21504K, 0% used [0x00000000eab00000,0x00000000eab00000,0x00000000ec000000)
  from space 512K, 0% used [0x00000000ec300000,0x00000000ec300000,0x00000000ec380000)
  to   space 1024K, 0% used [0x00000000ec180000,0x00000000ec180000,0x00000000ec280000)
 ParOldGen       total 68608K, used 21307K [0x00000000c0000000, 0x00000000c4300000, 0x00000000eab00000)
  object space 68608K, 31% used [0x00000000c0000000,0x00000000c14cef20,0x00000000c4300000)
 Metaspace       used 34827K, committed 35840K, reserved 1114112K
  class space    used 3425K, committed 3840K, reserved 1048576K
}
Event: 7.338 GC heap before
{Heap before GC invocations=17 (full 2):
 PSYoungGen      total 22016K, used 21500K [0x00000000eab00000, 0x00000000ec380000, 0x0000000100000000)
  eden space 21504K, 99% used [0x00000000eab00000,0x00000000ebfff2e8,0x00000000ec000000)
  from space 512K, 0% used [0x00000000ec300000,0x00000000ec300000,0x00000000ec380000)
  to   space 1024K, 0% used [0x00000000ec180000,0x00000000ec180000,0x00000000ec280000)
 ParOldGen       total 68608K, used 21307K [0x00000000c0000000, 0x00000000c4300000, 0x00000000eab00000)
  object space 68608K, 31% used [0x00000000c0000000,0x00000000c14cef20,0x00000000c4300000)
 Metaspace       used 36384K, committed 37312K, reserved 1114112K
  class space    used 3582K, committed 3968K, reserved 1048576K
}
Event: 7.339 GC heap after
{Heap after GC invocations=17 (full 2):
 PSYoungGen      total 22528K, used 704K [0x00000000eab00000, 0x00000000ec380000, 0x0000000100000000)
  eden space 21504K, 0% used [0x00000000eab00000,0x00000000eab00000,0x00000000ec000000)
  from space 1024K, 68% used [0x00000000ec180000,0x00000000ec230000,0x00000000ec280000)
  to   space 1024K, 0% used [0x00000000ec280000,0x00000000ec280000,0x00000000ec380000)
 ParOldGen       total 68608K, used 21315K [0x00000000c0000000, 0x00000000c4300000, 0x00000000eab00000)
  object space 68608K, 31% used [0x00000000c0000000,0x00000000c14d0f20,0x00000000c4300000)
 Metaspace       used 36384K, committed 37312K, reserved 1114112K
  class space    used 3582K, committed 3968K, reserved 1048576K
}
Event: 7.490 GC heap before
{Heap before GC invocations=18 (full 2):
 PSYoungGen      total 22528K, used 22208K [0x00000000eab00000, 0x00000000ec380000, 0x0000000100000000)
  eden space 21504K, 100% used [0x00000000eab00000,0x00000000ec000000,0x00000000ec000000)
  from space 1024K, 68% used [0x00000000ec180000,0x00000000ec230000,0x00000000ec280000)
  to   space 1024K, 0% used [0x00000000ec280000,0x00000000ec280000,0x00000000ec380000)
 ParOldGen       total 68608K, used 21315K [0x00000000c0000000, 0x00000000c4300000, 0x00000000eab00000)
  object space 68608K, 31% used [0x00000000c0000000,0x00000000c14d0f20,0x00000000c4300000)
 Metaspace       used 36664K, committed 37568K, reserved 1114112K
  class space    used 3602K, committed 3968K, reserved 1048576K
}
Event: 7.492 GC heap after
{Heap after GC invocations=18 (full 2):
 PSYoungGen      total 22528K, used 992K [0x00000000eab00000, 0x00000000ec380000, 0x0000000100000000)
  eden space 21504K, 0% used [0x00000000eab00000,0x00000000eab00000,0x00000000ec000000)
  from space 1024K, 96% used [0x00000000ec280000,0x00000000ec378118,0x00000000ec380000)
  to   space 1536K, 0% used [0x00000000ec080000,0x00000000ec080000,0x00000000ec200000)
 ParOldGen       total 68608K, used 21731K [0x00000000c0000000, 0x00000000c4300000, 0x00000000eab00000)
  object space 68608K, 31% used [0x00000000c0000000,0x00000000c1538f20,0x00000000c4300000)
 Metaspace       used 36664K, committed 37568K, reserved 1114112K
  class space    used 3602K, committed 3968K, reserved 1048576K
}
Event: 7.703 GC heap before
{Heap before GC invocations=19 (full 2):
 PSYoungGen      total 22528K, used 22473K [0x00000000eab00000, 0x00000000ec380000, 0x0000000100000000)
  eden space 21504K, 99% used [0x00000000eab00000,0x00000000ebffa6b0,0x00000000ec000000)
  from space 1024K, 96% used [0x00000000ec280000,0x00000000ec378118,0x00000000ec380000)
  to   space 1536K, 0% used [0x00000000ec080000,0x00000000ec080000,0x00000000ec200000)
 ParOldGen       total 68608K, used 21731K [0x00000000c0000000, 0x00000000c4300000, 0x00000000eab00000)
  object space 68608K, 31% used [0x00000000c0000000,0x00000000c1538f20,0x00000000c4300000)
 Metaspace       used 38063K, committed 38976K, reserved 1114112K
  class space    used 3739K, committed 4160K, reserved 1048576K
}
Event: 7.704 GC heap after
{Heap after GC invocations=19 (full 2):
 PSYoungGen      total 23040K, used 671K [0x00000000eab00000, 0x00000000ec300000, 0x0000000100000000)
  eden space 21504K, 0% used [0x00000000eab00000,0x00000000eab00000,0x00000000ec000000)
  from space 1536K, 43% used [0x00000000ec080000,0x00000000ec127f58,0x00000000ec200000)
  to   space 1024K, 0% used [0x00000000ec200000,0x00000000ec200000,0x00000000ec300000)
 ParOldGen       total 68608K, used 21827K [0x00000000c0000000, 0x00000000c4300000, 0x00000000eab00000)
  object space 68608K, 31% used [0x00000000c0000000,0x00000000c1550f20,0x00000000c4300000)
 Metaspace       used 38063K, committed 38976K, reserved 1114112K
  class space    used 3739K, committed 4160K, reserved 1048576K
}
Event: 8.540 GC heap before
{Heap before GC invocations=20 (full 2):
 PSYoungGen      total 23040K, used 22175K [0x00000000eab00000, 0x00000000ec300000, 0x0000000100000000)
  eden space 21504K, 100% used [0x00000000eab00000,0x00000000ec000000,0x00000000ec000000)
  from space 1536K, 43% used [0x00000000ec080000,0x00000000ec127f58,0x00000000ec200000)
  to   space 1024K, 0% used [0x00000000ec200000,0x00000000ec200000,0x00000000ec300000)
 ParOldGen       total 68608K, used 21827K [0x00000000c0000000, 0x00000000c4300000, 0x00000000eab00000)
  object space 68608K, 31% used [0x00000000c0000000,0x00000000c1550f20,0x00000000c4300000)
 Metaspace       used 39378K, committed 40320K, reserved 1114112K
  class space    used 3839K, committed 4288K, reserved 1048576K
}
Event: 8.542 GC heap after
{Heap after GC invocations=20 (full 2):
 PSYoungGen      total 22016K, used 1024K [0x00000000eab00000, 0x00000000ec500000, 0x0000000100000000)
  eden space 20992K, 0% used [0x00000000eab00000,0x00000000eab00000,0x00000000ebf80000)
  from space 1024K, 100% used [0x00000000ec200000,0x00000000ec300000,0x00000000ec300000)
  to   space 2560K, 0% used [0x00000000ebf80000,0x00000000ebf80000,0x00000000ec200000)
 ParOldGen       total 68608K, used 22794K [0x00000000c0000000, 0x00000000c4300000, 0x00000000eab00000)
  object space 68608K, 33% used [0x00000000c0000000,0x00000000c1642890,0x00000000c4300000)
 Metaspace       used 39378K, committed 40320K, reserved 1114112K
  class space    used 3839K, committed 4288K, reserved 1048576K
}
Event: 8.581 GC heap before
{Heap before GC invocations=21 (full 2):
 PSYoungGen      total 22016K, used 22016K [0x00000000eab00000, 0x00000000ec500000, 0x0000000100000000)
  eden space 20992K, 100% used [0x00000000eab00000,0x00000000ebf80000,0x00000000ebf80000)
  from space 1024K, 100% used [0x00000000ec200000,0x00000000ec300000,0x00000000ec300000)
  to   space 2560K, 0% used [0x00000000ebf80000,0x00000000ebf80000,0x00000000ec200000)
 ParOldGen       total 68608K, used 22794K [0x00000000c0000000, 0x00000000c4300000, 0x00000000eab00000)
  object space 68608K, 33% used [0x00000000c0000000,0x00000000c1642890,0x00000000c4300000)
 Metaspace       used 39385K, committed 40384K, reserved 1114112K
  class space    used 3839K, committed 4288K, reserved 1048576K
}
Event: 8.584 GC heap after
{Heap after GC invocations=21 (full 2):
 PSYoungGen      total 23552K, used 2532K [0x00000000eab00000, 0x00000000ec780000, 0x0000000100000000)
  eden space 20992K, 0% used [0x00000000eab00000,0x00000000eab00000,0x00000000ebf80000)
  from space 2560K, 98% used [0x00000000ebf80000,0x00000000ec1f9000,0x00000000ec200000)
  to   space 4096K, 0% used [0x00000000ec380000,0x00000000ec380000,0x00000000ec780000)
 ParOldGen       total 68608K, used 23863K [0x00000000c0000000, 0x00000000c4300000, 0x00000000eab00000)
  object space 68608K, 34% used [0x00000000c0000000,0x00000000c174df20,0x00000000c4300000)
 Metaspace       used 39385K, committed 40384K, reserved 1114112K
  class space    used 3839K, committed 4288K, reserved 1048576K
}
Event: 8.637 GC heap before
{Heap before GC invocations=22 (full 2):
 PSYoungGen      total 23552K, used 23524K [0x00000000eab00000, 0x00000000ec780000, 0x0000000100000000)
  eden space 20992K, 100% used [0x00000000eab00000,0x00000000ebf80000,0x00000000ebf80000)
  from space 2560K, 98% used [0x00000000ebf80000,0x00000000ec1f9000,0x00000000ec200000)
  to   space 4096K, 0% used [0x00000000ec380000,0x00000000ec380000,0x00000000ec780000)
 ParOldGen       total 68608K, used 23863K [0x00000000c0000000, 0x00000000c4300000, 0x00000000eab00000)
  object space 68608K, 34% used [0x00000000c0000000,0x00000000c174df20,0x00000000c4300000)
 Metaspace       used 39469K, committed 40448K, reserved 1114112K
  class space    used 3845K, committed 4288K, reserved 1048576K
}
Event: 8.641 GC heap after
{Heap after GC invocations=22 (full 2):
 PSYoungGen      total 24064K, used 2688K [0x00000000eab00000, 0x00000000ec680000, 0x0000000100000000)
  eden space 20992K, 0% used [0x00000000eab00000,0x00000000eab00000,0x00000000ebf80000)
  from space 3072K, 87% used [0x00000000ec380000,0x00000000ec620010,0x00000000ec680000)
  to   space 3072K, 0% used [0x00000000ec080000,0x00000000ec080000,0x00000000ec380000)
 ParOldGen       total 68608K, used 26363K [0x00000000c0000000, 0x00000000c4300000, 0x00000000eab00000)
  object space 68608K, 38% used [0x00000000c0000000,0x00000000c19bef20,0x00000000c4300000)
 Metaspace       used 39469K, committed 40448K, reserved 1114112K
  class space    used 3845K, committed 4288K, reserved 1048576K
}
Event: 8.837 GC heap before
{Heap before GC invocations=23 (full 2):
 PSYoungGen      total 24064K, used 23680K [0x00000000eab00000, 0x00000000ec680000, 0x0000000100000000)
  eden space 20992K, 100% used [0x00000000eab00000,0x00000000ebf80000,0x00000000ebf80000)
  from space 3072K, 87% used [0x00000000ec380000,0x00000000ec620010,0x00000000ec680000)
  to   space 3072K, 0% used [0x00000000ec080000,0x00000000ec080000,0x00000000ec380000)
 ParOldGen       total 68608K, used 26363K [0x00000000c0000000, 0x00000000c4300000, 0x00000000eab00000)
  object space 68608K, 38% used [0x00000000c0000000,0x00000000c19bef20,0x00000000c4300000)
 Metaspace       used 40474K, committed 41408K, reserved 1114112K
  class space    used 3950K, committed 4352K, reserved 1048576K
}
Event: 8.841 GC heap after
{Heap after GC invocations=23 (full 2):
 PSYoungGen      total 23552K, used 2120K [0x00000000eab00000, 0x00000000ec480000, 0x0000000100000000)
  eden space 20992K, 0% used [0x00000000eab00000,0x00000000eab00000,0x00000000ebf80000)
  from space 2560K, 82% used [0x00000000ec080000,0x00000000ec292210,0x00000000ec300000)
  to   space 1536K, 0% used [0x00000000ec300000,0x00000000ec300000,0x00000000ec480000)
 ParOldGen       total 68608K, used 28883K [0x00000000c0000000, 0x00000000c4300000, 0x00000000eab00000)
  object space 68608K, 42% used [0x00000000c0000000,0x00000000c1c34f30,0x00000000c4300000)
 Metaspace       used 40474K, committed 41408K, reserved 1114112K
  class space    used 3950K, committed 4352K, reserved 1048576K
}
Event: 9.156 GC heap before
{Heap before GC invocations=24 (full 2):
 PSYoungGen      total 23552K, used 23112K [0x00000000eab00000, 0x00000000ec480000, 0x0000000100000000)
  eden space 20992K, 100% used [0x00000000eab00000,0x00000000ebf80000,0x00000000ebf80000)
  from space 2560K, 82% used [0x00000000ec080000,0x00000000ec292210,0x00000000ec300000)
  to   space 1536K, 0% used [0x00000000ec300000,0x00000000ec300000,0x00000000ec480000)
 ParOldGen       total 68608K, used 28883K [0x00000000c0000000, 0x00000000c4300000, 0x00000000eab00000)
  object space 68608K, 42% used [0x00000000c0000000,0x00000000c1c34f30,0x00000000c4300000)
 Metaspace       used 41215K, committed 42176K, reserved 1114112K
  class space    used 4012K, committed 4416K, reserved 1048576K
}
Event: 9.159 GC heap after
{Heap after GC invocations=24 (full 2):
 PSYoungGen      total 22528K, used 1440K [0x00000000eab00000, 0x00000000ec480000, 0x0000000100000000)
  eden space 20992K, 0% used [0x00000000eab00000,0x00000000eab00000,0x00000000ebf80000)
  from space 1536K, 93% used [0x00000000ec300000,0x00000000ec468020,0x00000000ec480000)
  to   space 2048K, 0% used [0x00000000ec080000,0x00000000ec080000,0x00000000ec280000)
 ParOldGen       total 68608K, used 30814K [0x00000000c0000000, 0x00000000c4300000, 0x00000000eab00000)
  object space 68608K, 44% used [0x00000000c0000000,0x00000000c1e17a40,0x00000000c4300000)
 Metaspace       used 41215K, committed 42176K, reserved 1114112K
  class space    used 4012K, committed 4416K, reserved 1048576K
}
Event: 9.735 GC heap before
{Heap before GC invocations=25 (full 2):
 PSYoungGen      total 22528K, used 22432K [0x00000000eab00000, 0x00000000ec480000, 0x0000000100000000)
  eden space 20992K, 100% used [0x00000000eab00000,0x00000000ebf80000,0x00000000ebf80000)
  from space 1536K, 93% used [0x00000000ec300000,0x00000000ec468020,0x00000000ec480000)
  to   space 2048K, 0% used [0x00000000ec080000,0x00000000ec080000,0x00000000ec280000)
 ParOldGen       total 68608K, used 30814K [0x00000000c0000000, 0x00000000c4300000, 0x00000000eab00000)
  object space 68608K, 44% used [0x00000000c0000000,0x00000000c1e17a40,0x00000000c4300000)
 Metaspace       used 42720K, committed 43840K, reserved 1114112K
  class space    used 4148K, committed 4672K, reserved 1048576K
}
Event: 9.741 GC heap after
{Heap after GC invocations=25 (full 2):
 PSYoungGen      total 23040K, used 2040K [0x00000000eab00000, 0x00000000ec680000, 0x0000000100000000)
  eden space 20992K, 0% used [0x00000000eab00000,0x00000000eab00000,0x00000000ebf80000)
  from space 2048K, 99% used [0x00000000ec080000,0x00000000ec27e3a8,0x00000000ec280000)
  to   space 3584K, 0% used [0x00000000ec300000,0x00000000ec300000,0x00000000ec680000)
 ParOldGen       total 68608K, used 32002K [0x00000000c0000000, 0x00000000c4300000, 0x00000000eab00000)
  object space 68608K, 46% used [0x00000000c0000000,0x00000000c1f40a00,0x00000000c4300000)
 Metaspace       used 42720K, committed 43840K, reserved 1114112K
  class space    used 4148K, committed 4672K, reserved 1048576K
}

