# JRE version: Java(TM) SE Runtime Environment (17.0.9+11) (build 17.0.9+11-LTS-201)
# Java VM: Java HotSpot(TM) 64-Bit Server VM (17.0.9+11-LTS-201, mixed mode, sharing, tiered, compressed oops, compressed class ptrs, g1 gc, windows-amd64)
GC Precious Log:
 CPUs: 16 total, 16 available
 Memory: 15613M
 Large Page Support: Disabled
 NUMA Support: Disabled
 Compressed Oops: Enabled (32-bit)
 Heap Region Size: 1M
 Heap Min Capacity: 256M
 Heap Initial Capacity: 256M
 Heap Max Capacity: 512M
 Pre-touch: Disabled
 Parallel Workers: 13
 Concurrent Workers: 3
 Concurrent Refinement Workers: 13
 Periodic GC: Disabled
Heap:
 garbage-first heap   total 270336K, used 201315K [0x00000000e0000000, 0x0000000100000000)
  region size 1024K, 93 young (95232K), 16 survivors (16384K)
 Metaspace       used 130291K, committed 131328K, reserved 458752K
  class space    used 16616K, committed 17088K, reserved 327680K
GC Heap History (20 events):
Event: 9.080 GC heap before
{Heap before GC invocations=14 (full 0):
 garbage-first heap   total 262144K, used 184988K [0x00000000e0000000, 0x0000000100000000)
  region size 1024K, 132 young (135168K), 17 survivors (17408K)
 Metaspace       used 83410K, committed 84032K, reserved 458752K
  class space    used 11212K, committed 11520K, reserved 327680K
}
Event: 9.092 GC heap after
{Heap after GC invocations=15 (full 0):
 garbage-first heap   total 262144K, used 75539K [0x00000000e0000000, 0x0000000100000000)
  region size 1024K, 9 young (9216K), 9 survivors (9216K)
 Metaspace       used 83410K, committed 84032K, reserved 458752K
  class space    used 11212K, committed 11520K, reserved 327680K
}
Event: 10.196 GC heap before
{Heap before GC invocations=15 (full 0):
 garbage-first heap   total 262144K, used 190227K [0x00000000e0000000, 0x0000000100000000)
  region size 1024K, 121 young (123904K), 9 survivors (9216K)
 Metaspace       used 94768K, committed 95488K, reserved 458752K
  class space    used 12503K, committed 12864K, reserved 327680K
}
Event: 10.201 GC heap after
{Heap after GC invocations=16 (full 0):
 garbage-first heap   total 262144K, used 80293K [0x00000000e0000000, 0x0000000100000000)
  region size 1024K, 14 young (14336K), 14 survivors (14336K)
 Metaspace       used 94768K, committed 95488K, reserved 458752K
  class space    used 12503K, committed 12864K, reserved 327680K
}
Event: 10.594 GC heap before
{Heap before GC invocations=16 (full 0):
 garbage-first heap   total 262144K, used 116133K [0x00000000e0000000, 0x0000000100000000)
  region size 1024K, 50 young (51200K), 14 survivors (14336K)
 Metaspace       used 100523K, committed 101248K, reserved 458752K
  class space    used 13008K, committed 13376K, reserved 327680K
}
Event: 10.599 GC heap after
{Heap after GC invocations=17 (full 0):
 garbage-first heap   total 262144K, used 82366K [0x00000000e0000000, 0x0000000100000000)
  region size 1024K, 10 young (10240K), 10 survivors (10240K)
 Metaspace       used 100523K, committed 101248K, reserved 458752K
  class space    used 13008K, committed 13376K, reserved 327680K
}
Event: 12.279 GC heap before
{Heap before GC invocations=18 (full 0):
 garbage-first heap   total 262144K, used 198078K [0x00000000e0000000, 0x0000000100000000)
  region size 1024K, 124 young (126976K), 10 survivors (10240K)
 Metaspace       used 110833K, committed 111616K, reserved 458752K
  class space    used 14481K, committed 14848K, reserved 327680K
}
Event: 12.285 GC heap after
{Heap after GC invocations=19 (full 0):
 garbage-first heap   total 262144K, used 84005K [0x00000000e0000000, 0x0000000100000000)
  region size 1024K, 12 young (12288K), 12 survivors (12288K)
 Metaspace       used 110833K, committed 111616K, reserved 458752K
  class space    used 14481K, committed 14848K, reserved 327680K
}
Event: 12.296 GC heap before
{Heap before GC invocations=19 (full 0):
 garbage-first heap   total 262144K, used 85029K [0x00000000e0000000, 0x0000000100000000)
  region size 1024K, 13 young (13312K), 12 survivors (12288K)
 Metaspace       used 110937K, committed 111744K, reserved 458752K
  class space    used 14497K, committed 14912K, reserved 327680K
}
Event: 12.301 GC heap after
{Heap after GC invocations=20 (full 0):
 garbage-first heap   total 262144K, used 84574K [0x00000000e0000000, 0x0000000100000000)
  region size 1024K, 2 young (2048K), 2 survivors (2048K)
 Metaspace       used 110937K, committed 111744K, reserved 458752K
  class space    used 14497K, committed 14912K, reserved 327680K
}
Event: 13.238 GC heap before
{Heap before GC invocations=20 (full 0):
 garbage-first heap   total 262144K, used 204382K [0x00000000e0000000, 0x0000000100000000)
  region size 1024K, 119 young (121856K), 2 survivors (2048K)
 Metaspace       used 114569K, committed 115392K, reserved 458752K
  class space    used 15022K, committed 15424K, reserved 327680K
}
Event: 13.244 GC heap after
{Heap after GC invocations=21 (full 0):
 garbage-first heap   total 262144K, used 95480K [0x00000000e0000000, 0x0000000100000000)
  region size 1024K, 13 young (13312K), 13 survivors (13312K)
 Metaspace       used 114569K, committed 115392K, reserved 458752K
  class space    used 15022K, committed 15424K, reserved 327680K
}
Event: 14.844 GC heap before
{Heap before GC invocations=21 (full 0):
 garbage-first heap   total 262144K, used 204024K [0x00000000e0000000, 0x0000000100000000)
  region size 1024K, 119 young (121856K), 13 survivors (13312K)
 Metaspace       used 122120K, committed 123008K, reserved 458752K
  class space    used 15688K, committed 16128K, reserved 327680K
}
Event: 14.849 GC heap after
{Heap after GC invocations=22 (full 0):
 garbage-first heap   total 262144K, used 86474K [0x00000000e0000000, 0x0000000100000000)
  region size 1024K, 6 young (6144K), 6 survivors (6144K)
 Metaspace       used 122120K, committed 123008K, reserved 458752K
  class space    used 15688K, committed 16128K, reserved 327680K
}
Event: 16.058 GC heap before
{Heap before GC invocations=22 (full 0):
 garbage-first heap   total 262144K, used 206282K [0x00000000e0000000, 0x0000000100000000)
  region size 1024K, 123 young (125952K), 6 survivors (6144K)
 Metaspace       used 124248K, committed 125120K, reserved 458752K
  class space    used 15842K, committed 16256K, reserved 327680K
}
Event: 16.062 GC heap after
{Heap after GC invocations=23 (full 0):
 garbage-first heap   total 262144K, used 89292K [0x00000000e0000000, 0x0000000100000000)
  region size 1024K, 9 young (9216K), 9 survivors (9216K)
 Metaspace       used 124248K, committed 125120K, reserved 458752K
  class space    used 15842K, committed 16256K, reserved 327680K
}
Event: 17.326 GC heap before
{Heap before GC invocations=23 (full 0):
 garbage-first heap   total 262144K, used 209100K [0x00000000e0000000, 0x0000000100000000)
  region size 1024K, 126 young (129024K), 9 survivors (9216K)
 Metaspace       used 128782K, committed 129792K, reserved 458752K
  class space    used 16567K, committed 17024K, reserved 327680K
}
Event: 17.332 GC heap after
{Heap after GC invocations=24 (full 0):
 garbage-first heap   total 262144K, used 93960K [0x00000000e0000000, 0x0000000100000000)
  region size 1024K, 13 young (13312K), 13 survivors (13312K)
 Metaspace       used 128782K, committed 129792K, reserved 458752K
  class space    used 16567K, committed 17024K, reserved 327680K
}
Event: 17.700 GC heap before
{Heap before GC invocations=24 (full 0):
 garbage-first heap   total 262144K, used 235272K [0x00000000e0000000, 0x0000000100000000)
  region size 1024K, 128 young (131072K), 13 survivors (13312K)
 Metaspace       used 128985K, committed 129984K, reserved 458752K
  class space    used 16570K, committed 17024K, reserved 327680K
}
Event: 17.715 GC heap after
{Heap after GC invocations=25 (full 0):
 garbage-first heap   total 270336K, used 123491K [0x00000000e0000000, 0x0000000100000000)
  region size 1024K, 16 young (16384K), 16 survivors (16384K)
 Metaspace       used 128985K, committed 129984K, reserved 458752K
  class space    used 16570K, committed 17024K, reserved 327680K
}

