# JRE version: Java(TM) SE Runtime Environment (17.0.9+11) (build 17.0.9+11-LTS-201)
# Java VM: Java HotSpot(TM) 64-Bit Server VM (17.0.9+11-LTS-201, mixed mode, sharing, tiered, compressed oops, compressed class ptrs, g1 gc, windows-amd64)
GC Precious Log:
 CPUs: 16 total, 16 available
 Memory: 15613M
 Large Page Support: Disabled
 NUMA Support: Disabled
 Compressed Oops: Enabled (Zero based)
 Heap Region Size: 2M
 Heap Min Capacity: 8M
 Heap Initial Capacity: 244M
 Heap Max Capacity: 3904M
 Pre-touch: Disabled
 Parallel Workers: 13
 Concurrent Workers: 3
 Concurrent Refinement Workers: 13
 Periodic GC: Disabled
Heap:
 garbage-first heap   total 81920K, used 43873K [0x000000070c000000, 0x0000000800000000)
  region size 2048K, 7 young (14336K), 1 survivors (2048K)
 Metaspace       used 83093K, committed 83712K, reserved 1179648K
  class space    used 10971K, committed 11264K, reserved 1048576K
GC Heap History (20 events):
Event: 3.988 GC heap before
{Heap before GC invocations=10 (full 0):
 garbage-first heap   total 81920K, used 56167K [0x000000070c000000, 0x0000000800000000)
  region size 2048K, 19 young (38912K), 2 survivors (4096K)
 Metaspace       used 53350K, committed 53824K, reserved 1114112K
  class space    used 6878K, committed 7104K, reserved 1048576K
}
Event: 3.992 GC heap after
{Heap after GC invocations=11 (full 0):
 garbage-first heap   total 81920K, used 25172K [0x000000070c000000, 0x0000000800000000)
  region size 2048K, 3 young (6144K), 3 survivors (6144K)
 Metaspace       used 53350K, committed 53824K, reserved 1114112K
  class space    used 6878K, committed 7104K, reserved 1048576K
}
Event: 4.386 GC heap before
{Heap before GC invocations=11 (full 0):
 garbage-first heap   total 81920K, used 57940K [0x000000070c000000, 0x0000000800000000)
  region size 2048K, 20 young (40960K), 3 survivors (6144K)
 Metaspace       used 60119K, committed 60672K, reserved 1114112K
  class space    used 7942K, committed 8192K, reserved 1048576K
}
Event: 4.388 GC heap after
{Heap after GC invocations=12 (full 0):
 garbage-first heap   total 81920K, used 26363K [0x000000070c000000, 0x0000000800000000)
  region size 2048K, 2 young (4096K), 2 survivors (4096K)
 Metaspace       used 60119K, committed 60672K, reserved 1114112K
  class space    used 7942K, committed 8192K, reserved 1048576K
}
Event: 4.411 GC heap before
{Heap before GC invocations=12 (full 0):
 garbage-first heap   total 81920K, used 28411K [0x000000070c000000, 0x0000000800000000)
  region size 2048K, 4 young (8192K), 2 survivors (4096K)
 Metaspace       used 60320K, committed 60800K, reserved 1114112K
  class space    used 7957K, committed 8192K, reserved 1048576K
}
Event: 4.413 GC heap after
{Heap after GC invocations=13 (full 0):
 garbage-first heap   total 81920K, used 26317K [0x000000070c000000, 0x0000000800000000)
  region size 2048K, 2 young (4096K), 2 survivors (4096K)
 Metaspace       used 60320K, committed 60800K, reserved 1114112K
  class space    used 7957K, committed 8192K, reserved 1048576K
}
Event: 5.188 GC heap before
{Heap before GC invocations=14 (full 0):
 garbage-first heap   total 81920K, used 63181K [0x000000070c000000, 0x0000000800000000)
  region size 2048K, 20 young (40960K), 2 survivors (4096K)
 Metaspace       used 66102K, committed 66624K, reserved 1114112K
  class space    used 8741K, committed 9024K, reserved 1048576K
}
Event: 5.192 GC heap after
{Heap after GC invocations=15 (full 0):
 garbage-first heap   total 81920K, used 28676K [0x000000070c000000, 0x0000000800000000)
  region size 2048K, 3 young (6144K), 3 survivors (6144K)
 Metaspace       used 66102K, committed 66624K, reserved 1114112K
  class space    used 8741K, committed 9024K, reserved 1048576K
}
Event: 5.853 GC heap before
{Heap before GC invocations=15 (full 0):
 garbage-first heap   total 81920K, used 63492K [0x000000070c000000, 0x0000000800000000)
  region size 2048K, 20 young (40960K), 3 survivors (6144K)
 Metaspace       used 70290K, committed 70848K, reserved 1114112K
  class space    used 9336K, committed 9600K, reserved 1048576K
}
Event: 5.858 GC heap after
{Heap after GC invocations=16 (full 0):
 garbage-first heap   total 81920K, used 31742K [0x000000070c000000, 0x0000000800000000)
  region size 2048K, 3 young (6144K), 3 survivors (6144K)
 Metaspace       used 70290K, committed 70848K, reserved 1114112K
  class space    used 9336K, committed 9600K, reserved 1048576K
}
Event: 8.087 GC heap before
{Heap before GC invocations=16 (full 0):
 garbage-first heap   total 81920K, used 60414K [0x000000070c000000, 0x0000000800000000)
  region size 2048K, 18 young (36864K), 3 survivors (6144K)
 Metaspace       used 75762K, committed 76416K, reserved 1179648K
  class space    used 10161K, committed 10496K, reserved 1048576K
}
Event: 8.091 GC heap after
{Heap after GC invocations=17 (full 0):
 garbage-first heap   total 81920K, used 33740K [0x000000070c000000, 0x0000000800000000)
  region size 2048K, 2 young (4096K), 2 survivors (4096K)
 Metaspace       used 75762K, committed 76416K, reserved 1179648K
  class space    used 10161K, committed 10496K, reserved 1048576K
}
Event: 8.327 GC heap before
{Heap before GC invocations=17 (full 0):
 garbage-first heap   total 81920K, used 60364K [0x000000070c000000, 0x0000000800000000)
  region size 2048K, 16 young (32768K), 2 survivors (4096K)
 Metaspace       used 79012K, committed 79616K, reserved 1179648K
  class space    used 10585K, committed 10880K, reserved 1048576K
}
Event: 8.329 GC heap after
{Heap after GC invocations=18 (full 0):
 garbage-first heap   total 81920K, used 34854K [0x000000070c000000, 0x0000000800000000)
  region size 2048K, 2 young (4096K), 2 survivors (4096K)
 Metaspace       used 79012K, committed 79616K, reserved 1179648K
  class space    used 10585K, committed 10880K, reserved 1048576K
}
Event: 131.308 GC heap before
{Heap before GC invocations=18 (full 0):
 garbage-first heap   total 81920K, used 63526K [0x000000070c000000, 0x0000000800000000)
  region size 2048K, 16 young (32768K), 2 survivors (4096K)
 Metaspace       used 81485K, committed 82112K, reserved 1179648K
  class space    used 10773K, committed 11072K, reserved 1048576K
}
Event: 131.310 GC heap after
{Heap after GC invocations=19 (full 0):
 garbage-first heap   total 81920K, used 35813K [0x000000070c000000, 0x0000000800000000)
  region size 2048K, 2 young (4096K), 2 survivors (4096K)
 Metaspace       used 81485K, committed 82112K, reserved 1179648K
  class space    used 10773K, committed 11072K, reserved 1048576K
}
Event: 131.352 GC heap before
{Heap before GC invocations=19 (full 0):
 garbage-first heap   total 81920K, used 62437K [0x000000070c000000, 0x0000000800000000)
  region size 2048K, 16 young (32768K), 2 survivors (4096K)
 Metaspace       used 81495K, committed 82112K, reserved 1179648K
  class space    used 10773K, committed 11072K, reserved 1048576K
}
Event: 131.354 GC heap after
{Heap after GC invocations=20 (full 0):
 garbage-first heap   total 81920K, used 37749K [0x000000070c000000, 0x0000000800000000)
  region size 2048K, 2 young (4096K), 2 survivors (4096K)
 Metaspace       used 81495K, committed 82112K, reserved 1179648K
  class space    used 10773K, committed 11072K, reserved 1048576K
}
Event: 131.478 GC heap before
{Heap before GC invocations=20 (full 0):
 garbage-first heap   total 81920K, used 62325K [0x000000070c000000, 0x0000000800000000)
  region size 2048K, 15 young (30720K), 2 survivors (4096K)
 Metaspace       used 82036K, committed 82688K, reserved 1179648K
  class space    used 10861K, committed 11200K, reserved 1048576K
}
Event: 131.479 GC heap after
{Heap after GC invocations=21 (full 0):
 garbage-first heap   total 81920K, used 35681K [0x000000070c000000, 0x0000000800000000)
  region size 2048K, 1 young (2048K), 1 survivors (2048K)
 Metaspace       used 82036K, committed 82688K, reserved 1179648K
  class space    used 10861K, committed 11200K, reserved 1048576K
}

