# JRE version: OpenJDK Runtime Environment Temurin-21.0.5+11 (21.0.5+11) (build 21.0.5+11-LTS)
# Java VM: OpenJDK 64-Bit Server VM Temurin-21.0.5+11 (21.0.5+11-LTS, mixed mode, sharing, tiered, compressed oops, compressed class ptrs, parallel gc, windows-amd64)
GC Precious Log:
 CardTable entry size: 512
 CPUs: 16 total, 16 available
 Memory: 15613M
 Large Page Support: Disabled
 NUMA Support: Disabled
 Compressed Oops: Enabled (32-bit)
 Alignments: Space 512K, Generation 512K, Heap 2M
 Heap Min Capacity: 100M
 Heap Initial Capacity: 100M
 Heap Max Capacity: 1G
 Pre-touch: Disabled
 Parallel Workers: 13
Heap:
 PSYoungGen      total 9728K, used 9358K [0x00000000eab00000, 0x00000000eb580000, 0x0000000100000000)
  eden space 8704K, 100% used [0x00000000eab00000,0x00000000eb380000,0x00000000eb380000)
  from space 1024K, 63% used [0x00000000eb480000,0x00000000eb523a38,0x00000000eb580000)
  to   space 1024K, 55% used [0x00000000eb380000,0x00000000eb40e340,0x00000000eb480000)
 ParOldGen       total 385024K, used 385021K [0x00000000c0000000, 0x00000000d7800000, 0x00000000eab00000)
  object space 385024K, 99% used [0x00000000c0000000,0x00000000d77ff468,0x00000000d7800000)
 Metaspace       used 70070K, committed 71616K, reserved 1114112K
  class space    used 7767K, committed 8448K, reserved 1048576K
GC Heap History (20 events):
Event: 12.087 GC heap after
{Heap after GC invocations=345 (full 3):
 PSYoungGen      total 9728K, used 759K [0x00000000eab00000, 0x00000000eb580000, 0x0000000100000000)
  eden space 8704K, 0% used [0x00000000eab00000,0x00000000eab00000,0x00000000eb380000)
  from space 1024K, 74% used [0x00000000eb480000,0x00000000eb53dca0,0x00000000eb580000)
  to   space 1024K, 0% used [0x00000000eb380000,0x00000000eb380000,0x00000000eb480000)
 ParOldGen       total 381952K, used 381819K [0x00000000c0000000, 0x00000000d7500000, 0x00000000eab00000)
  object space 381952K, 99% used [0x00000000c0000000,0x00000000d74dee10,0x00000000d7500000)
 Metaspace       used 69684K, committed 71232K, reserved 1114112K
  class space    used 7721K, committed 8448K, reserved 1048576K
}
Event: 12.095 GC heap before
{Heap before GC invocations=346 (full 3):
 PSYoungGen      total 9728K, used 9463K [0x00000000eab00000, 0x00000000eb580000, 0x0000000100000000)
  eden space 8704K, 99% used [0x00000000eab00000,0x00000000eb37ffe0,0x00000000eb380000)
  from space 1024K, 74% used [0x00000000eb480000,0x00000000eb53dca0,0x00000000eb580000)
  to   space 1024K, 0% used [0x00000000eb380000,0x00000000eb380000,0x00000000eb480000)
 ParOldGen       total 381952K, used 381819K [0x00000000c0000000, 0x00000000d7500000, 0x00000000eab00000)
  object space 381952K, 99% used [0x00000000c0000000,0x00000000d74dee10,0x00000000d7500000)
 Metaspace       used 69715K, committed 71232K, reserved 1114112K
  class space    used 7722K, committed 8448K, reserved 1048576K
}
Event: 12.097 GC heap after
{Heap after GC invocations=346 (full 3):
 PSYoungGen      total 9728K, used 549K [0x00000000eab00000, 0x00000000eb580000, 0x0000000100000000)
  eden space 8704K, 0% used [0x00000000eab00000,0x00000000eab00000,0x00000000eb380000)
  from space 1024K, 53% used [0x00000000eb380000,0x00000000eb409540,0x00000000eb480000)
  to   space 1024K, 0% used [0x00000000eb480000,0x00000000eb480000,0x00000000eb580000)
 ParOldGen       total 382464K, used 382276K [0x00000000c0000000, 0x00000000d7580000, 0x00000000eab00000)
  object space 382464K, 99% used [0x00000000c0000000,0x00000000d75510a0,0x00000000d7580000)
 Metaspace       used 69715K, committed 71232K, reserved 1114112K
  class space    used 7722K, committed 8448K, reserved 1048576K
}
Event: 12.107 GC heap before
{Heap before GC invocations=347 (full 3):
 PSYoungGen      total 9728K, used 9253K [0x00000000eab00000, 0x00000000eb580000, 0x0000000100000000)
  eden space 8704K, 100% used [0x00000000eab00000,0x00000000eb380000,0x00000000eb380000)
  from space 1024K, 53% used [0x00000000eb380000,0x00000000eb409540,0x00000000eb480000)
  to   space 1024K, 0% used [0x00000000eb480000,0x00000000eb480000,0x00000000eb580000)
 ParOldGen       total 382464K, used 382276K [0x00000000c0000000, 0x00000000d7580000, 0x00000000eab00000)
  object space 382464K, 99% used [0x00000000c0000000,0x00000000d75510a0,0x00000000d7580000)
 Metaspace       used 69785K, committed 71296K, reserved 1114112K
  class space    used 7726K, committed 8448K, reserved 1048576K
}
Event: 12.109 GC heap after
{Heap after GC invocations=347 (full 3):
 PSYoungGen      total 9728K, used 630K [0x00000000eab00000, 0x00000000eb580000, 0x0000000100000000)
  eden space 8704K, 0% used [0x00000000eab00000,0x00000000eab00000,0x00000000eb380000)
  from space 1024K, 61% used [0x00000000eb480000,0x00000000eb51d8a0,0x00000000eb580000)
  to   space 1024K, 0% used [0x00000000eb380000,0x00000000eb380000,0x00000000eb480000)
 ParOldGen       total 382976K, used 382473K [0x00000000c0000000, 0x00000000d7600000, 0x00000000eab00000)
  object space 382976K, 99% used [0x00000000c0000000,0x00000000d75826a8,0x00000000d7600000)
 Metaspace       used 69785K, committed 71296K, reserved 1114112K
  class space    used 7726K, committed 8448K, reserved 1048576K
}
Event: 12.119 GC heap before
{Heap before GC invocations=348 (full 3):
 PSYoungGen      total 9728K, used 9334K [0x00000000eab00000, 0x00000000eb580000, 0x0000000100000000)
  eden space 8704K, 100% used [0x00000000eab00000,0x00000000eb380000,0x00000000eb380000)
  from space 1024K, 61% used [0x00000000eb480000,0x00000000eb51d8a0,0x00000000eb580000)
  to   space 1024K, 0% used [0x00000000eb380000,0x00000000eb380000,0x00000000eb480000)
 ParOldGen       total 382976K, used 382473K [0x00000000c0000000, 0x00000000d7600000, 0x00000000eab00000)
  object space 382976K, 99% used [0x00000000c0000000,0x00000000d75826a8,0x00000000d7600000)
 Metaspace       used 69816K, committed 71360K, reserved 1114112K
  class space    used 7732K, committed 8448K, reserved 1048576K
}
Event: 12.121 GC heap after
{Heap after GC invocations=348 (full 3):
 PSYoungGen      total 9728K, used 623K [0x00000000eab00000, 0x00000000eb580000, 0x0000000100000000)
  eden space 8704K, 0% used [0x00000000eab00000,0x00000000eab00000,0x00000000eb380000)
  from space 1024K, 60% used [0x00000000eb380000,0x00000000eb41bec0,0x00000000eb480000)
  to   space 1024K, 0% used [0x00000000eb480000,0x00000000eb480000,0x00000000eb580000)
 ParOldGen       total 382976K, used 382680K [0x00000000c0000000, 0x00000000d7600000, 0x00000000eab00000)
  object space 382976K, 99% used [0x00000000c0000000,0x00000000d75b6138,0x00000000d7600000)
 Metaspace       used 69816K, committed 71360K, reserved 1114112K
  class space    used 7732K, committed 8448K, reserved 1048576K
}
Event: 12.129 GC heap before
{Heap before GC invocations=349 (full 3):
 PSYoungGen      total 9728K, used 9326K [0x00000000eab00000, 0x00000000eb580000, 0x0000000100000000)
  eden space 8704K, 99% used [0x00000000eab00000,0x00000000eb37fb90,0x00000000eb380000)
  from space 1024K, 60% used [0x00000000eb380000,0x00000000eb41bec0,0x00000000eb480000)
  to   space 1024K, 0% used [0x00000000eb480000,0x00000000eb480000,0x00000000eb580000)
 ParOldGen       total 382976K, used 382680K [0x00000000c0000000, 0x00000000d7600000, 0x00000000eab00000)
  object space 382976K, 99% used [0x00000000c0000000,0x00000000d75b6138,0x00000000d7600000)
 Metaspace       used 69875K, committed 71424K, reserved 1114112K
  class space    used 7740K, committed 8448K, reserved 1048576K
}
Event: 12.131 GC heap after
{Heap after GC invocations=349 (full 3):
 PSYoungGen      total 9728K, used 576K [0x00000000eab00000, 0x00000000eb580000, 0x0000000100000000)
  eden space 8704K, 0% used [0x00000000eab00000,0x00000000eab00000,0x00000000eb380000)
  from space 1024K, 56% used [0x00000000eb480000,0x00000000eb510000,0x00000000eb580000)
  to   space 1024K, 0% used [0x00000000eb380000,0x00000000eb380000,0x00000000eb480000)
 ParOldGen       total 382976K, used 382946K [0x00000000c0000000, 0x00000000d7600000, 0x00000000eab00000)
  object space 382976K, 99% used [0x00000000c0000000,0x00000000d75f8a60,0x00000000d7600000)
 Metaspace       used 69875K, committed 71424K, reserved 1114112K
  class space    used 7740K, committed 8448K, reserved 1048576K
}
Event: 12.140 GC heap before
{Heap before GC invocations=350 (full 3):
 PSYoungGen      total 9728K, used 9280K [0x00000000eab00000, 0x00000000eb580000, 0x0000000100000000)
  eden space 8704K, 100% used [0x00000000eab00000,0x00000000eb380000,0x00000000eb380000)
  from space 1024K, 56% used [0x00000000eb480000,0x00000000eb510000,0x00000000eb580000)
  to   space 1024K, 0% used [0x00000000eb380000,0x00000000eb380000,0x00000000eb480000)
 ParOldGen       total 382976K, used 382946K [0x00000000c0000000, 0x00000000d7600000, 0x00000000eab00000)
  object space 382976K, 99% used [0x00000000c0000000,0x00000000d75f8a60,0x00000000d7600000)
 Metaspace       used 69912K, committed 71424K, reserved 1114112K
  class space    used 7743K, committed 8448K, reserved 1048576K
}
Event: 12.142 GC heap after
{Heap after GC invocations=350 (full 3):
 PSYoungGen      total 9728K, used 602K [0x00000000eab00000, 0x00000000eb580000, 0x0000000100000000)
  eden space 8704K, 0% used [0x00000000eab00000,0x00000000eab00000,0x00000000eb380000)
  from space 1024K, 58% used [0x00000000eb380000,0x00000000eb416b70,0x00000000eb480000)
  to   space 1024K, 0% used [0x00000000eb480000,0x00000000eb480000,0x00000000eb580000)
 ParOldGen       total 383488K, used 383258K [0x00000000c0000000, 0x00000000d7680000, 0x00000000eab00000)
  object space 383488K, 99% used [0x00000000c0000000,0x00000000d7646a60,0x00000000d7680000)
 Metaspace       used 69912K, committed 71424K, reserved 1114112K
  class space    used 7743K, committed 8448K, reserved 1048576K
}
Event: 12.152 GC heap before
{Heap before GC invocations=351 (full 3):
 PSYoungGen      total 9728K, used 9306K [0x00000000eab00000, 0x00000000eb580000, 0x0000000100000000)
  eden space 8704K, 100% used [0x00000000eab00000,0x00000000eb380000,0x00000000eb380000)
  from space 1024K, 58% used [0x00000000eb380000,0x00000000eb416b70,0x00000000eb480000)
  to   space 1024K, 0% used [0x00000000eb480000,0x00000000eb480000,0x00000000eb580000)
 ParOldGen       total 383488K, used 383258K [0x00000000c0000000, 0x00000000d7680000, 0x00000000eab00000)
  object space 383488K, 99% used [0x00000000c0000000,0x00000000d7646a60,0x00000000d7680000)
 Metaspace       used 69934K, committed 71488K, reserved 1114112K
  class space    used 7749K, committed 8448K, reserved 1048576K
}
Event: 12.156 GC heap after
{Heap after GC invocations=351 (full 3):
 PSYoungGen      total 9728K, used 750K [0x00000000eab00000, 0x00000000eb580000, 0x0000000100000000)
  eden space 8704K, 0% used [0x00000000eab00000,0x00000000eab00000,0x00000000eb380000)
  from space 1024K, 73% used [0x00000000eb480000,0x00000000eb53b8b8,0x00000000eb580000)
  to   space 1024K, 0% used [0x00000000eb380000,0x00000000eb380000,0x00000000eb480000)
 ParOldGen       total 384000K, used 383547K [0x00000000c0000000, 0x00000000d7700000, 0x00000000eab00000)
  object space 384000K, 99% used [0x00000000c0000000,0x00000000d768ef90,0x00000000d7700000)
 Metaspace       used 69934K, committed 71488K, reserved 1114112K
  class space    used 7749K, committed 8448K, reserved 1048576K
}
Event: 12.168 GC heap before
{Heap before GC invocations=352 (full 3):
 PSYoungGen      total 9728K, used 9454K [0x00000000eab00000, 0x00000000eb580000, 0x0000000100000000)
  eden space 8704K, 100% used [0x00000000eab00000,0x00000000eb380000,0x00000000eb380000)
  from space 1024K, 73% used [0x00000000eb480000,0x00000000eb53b8b8,0x00000000eb580000)
  to   space 1024K, 0% used [0x00000000eb380000,0x00000000eb380000,0x00000000eb480000)
 ParOldGen       total 384000K, used 383547K [0x00000000c0000000, 0x00000000d7700000, 0x00000000eab00000)
  object space 384000K, 99% used [0x00000000c0000000,0x00000000d768ef90,0x00000000d7700000)
 Metaspace       used 69963K, committed 71488K, reserved 1114112K
  class space    used 7753K, committed 8448K, reserved 1048576K
}
Event: 12.170 GC heap after
{Heap after GC invocations=352 (full 3):
 PSYoungGen      total 9728K, used 512K [0x00000000eab00000, 0x00000000eb580000, 0x0000000100000000)
  eden space 8704K, 0% used [0x00000000eab00000,0x00000000eab00000,0x00000000eb380000)
  from space 1024K, 50% used [0x00000000eb380000,0x00000000eb400000,0x00000000eb480000)
  to   space 1024K, 0% used [0x00000000eb480000,0x00000000eb480000,0x00000000eb580000)
 ParOldGen       total 384512K, used 384033K [0x00000000c0000000, 0x00000000d7780000, 0x00000000eab00000)
  object space 384512K, 99% used [0x00000000c0000000,0x00000000d7708678,0x00000000d7780000)
 Metaspace       used 69963K, committed 71488K, reserved 1114112K
  class space    used 7753K, committed 8448K, reserved 1048576K
}
Event: 12.180 GC heap before
{Heap before GC invocations=353 (full 3):
 PSYoungGen      total 9728K, used 9216K [0x00000000eab00000, 0x00000000eb580000, 0x0000000100000000)
  eden space 8704K, 100% used [0x00000000eab00000,0x00000000eb380000,0x00000000eb380000)
  from space 1024K, 50% used [0x00000000eb380000,0x00000000eb400000,0x00000000eb480000)
  to   space 1024K, 0% used [0x00000000eb480000,0x00000000eb480000,0x00000000eb580000)
 ParOldGen       total 384512K, used 384033K [0x00000000c0000000, 0x00000000d7780000, 0x00000000eab00000)
  object space 384512K, 99% used [0x00000000c0000000,0x00000000d7708678,0x00000000d7780000)
 Metaspace       used 70004K, committed 71488K, reserved 1114112K
  class space    used 7762K, committed 8448K, reserved 1048576K
}
Event: 12.182 GC heap after
{Heap after GC invocations=353 (full 3):
 PSYoungGen      total 9728K, used 654K [0x00000000eab00000, 0x00000000eb580000, 0x0000000100000000)
  eden space 8704K, 0% used [0x00000000eab00000,0x00000000eab00000,0x00000000eb380000)
  from space 1024K, 63% used [0x00000000eb480000,0x00000000eb523a38,0x00000000eb580000)
  to   space 1024K, 0% used [0x00000000eb380000,0x00000000eb380000,0x00000000eb480000)
 ParOldGen       total 384512K, used 384321K [0x00000000c0000000, 0x00000000d7780000, 0x00000000eab00000)
  object space 384512K, 99% used [0x00000000c0000000,0x00000000d7750688,0x00000000d7780000)
 Metaspace       used 70004K, committed 71488K, reserved 1114112K
  class space    used 7762K, committed 8448K, reserved 1048576K
}
Event: 12.199 GC heap before
{Heap before GC invocations=354 (full 3):
 PSYoungGen      total 9728K, used 9358K [0x00000000eab00000, 0x00000000eb580000, 0x0000000100000000)
  eden space 8704K, 100% used [0x00000000eab00000,0x00000000eb380000,0x00000000eb380000)
  from space 1024K, 63% used [0x00000000eb480000,0x00000000eb523a38,0x00000000eb580000)
  to   space 1024K, 0% used [0x00000000eb380000,0x00000000eb380000,0x00000000eb480000)
 ParOldGen       total 385024K, used 384645K [0x00000000c0000000, 0x00000000d7800000, 0x00000000eab00000)
  object space 385024K, 99% used [0x00000000c0000000,0x00000000d77a1458,0x00000000d7800000)
 Metaspace       used 70070K, committed 71616K, reserved 1114112K
  class space    used 7767K, committed 8448K, reserved 1048576K
}
Event: 12.201 GC heap after
{Heap after GC invocations=354 (full 3):
 PSYoungGen      total 9728K, used 9358K [0x00000000eab00000, 0x00000000eb580000, 0x0000000100000000)
  eden space 8704K, 100% used [0x00000000eab00000,0x00000000eb380000,0x00000000eb380000)
  from space 1024K, 63% used [0x00000000eb480000,0x00000000eb523a38,0x00000000eb580000)
  to   space 1024K, 55% used [0x00000000eb380000,0x00000000eb40e340,0x00000000eb480000)
 ParOldGen       total 385024K, used 385021K [0x00000000c0000000, 0x00000000d7800000, 0x00000000eab00000)
  object space 385024K, 99% used [0x00000000c0000000,0x00000000d77ff468,0x00000000d7800000)
 Metaspace       used 70070K, committed 71616K, reserved 1114112K
  class space    used 7767K, committed 8448K, reserved 1048576K
}
Event: 12.201 GC heap before
{Heap before GC invocations=355 (full 4):
 PSYoungGen      total 9728K, used 9358K [0x00000000eab00000, 0x00000000eb580000, 0x0000000100000000)
  eden space 8704K, 100% used [0x00000000eab00000,0x00000000eb380000,0x00000000eb380000)
  from space 1024K, 63% used [0x00000000eb480000,0x00000000eb523a38,0x00000000eb580000)
  to   space 1024K, 55% used [0x00000000eb380000,0x00000000eb40e340,0x00000000eb480000)
 ParOldGen       total 385024K, used 385021K [0x00000000c0000000, 0x00000000d7800000, 0x00000000eab00000)
  object space 385024K, 99% used [0x00000000c0000000,0x00000000d77ff468,0x00000000d7800000)
 Metaspace       used 70070K, committed 71616K, reserved 1114112K
  class space    used 7767K, committed 8448K, reserved 1048576K
}

