# JRE version: OpenJDK Runtime Environment Temurin-21.0.6+7 (21.0.6+7) (build 21.0.6+7-LTS)
# Java VM: OpenJDK 64-Bit Server VM Temurin-21.0.6+7 (21.0.6+7-LTS, mixed mode, sharing, tiered, compressed oops, compressed class ptrs, parallel gc, windows-amd64)
GC Precious Log:
 CardTable entry size: 512
 CPUs: 16 total, 16 available
 Memory: 15613M
 Large Page Support: Disabled
 NUMA Support: Disabled
 Compressed Oops: Enabled (32-bit)
 Alignments: Space 512K, Generation 512K, Heap 2M
 Heap Min Capacity: 100M
 Heap Initial Capacity: 100M
 Heap Max Capacity: 1G
 Pre-touch: Disabled
 Parallel Workers: 13
Heap:
 PSYoungGen      total 15360K, used 15072K [0x00000000eab00000, 0x00000000ebe00000, 0x0000000100000000)
  eden space 13312K, 100% used [0x00000000eab00000,0x00000000eb800000,0x00000000eb800000)
  from space 2048K, 85% used [0x00000000eb800000,0x00000000eb9b82e0,0x00000000eba00000)
  to   space 3072K, 0% used [0x00000000ebb00000,0x00000000ebb00000,0x00000000ebe00000)
 ParOldGen       total 315904K, used 315592K [0x00000000c0000000, 0x00000000d3480000, 0x00000000eab00000)
  object space 315904K, 99% used [0x00000000c0000000,0x00000000d34323e0,0x00000000d3480000)
 Metaspace       used 63677K, committed 65024K, reserved 1114112K
  class space    used 6625K, committed 7232K, reserved 1048576K
GC Heap History (20 events):
Event: 9.839 GC heap before
{Heap before GC invocations=279 (full 3):
 PSYoungGen      total 6144K, used 6134K [0x00000000eab00000, 0x00000000eb480000, 0x0000000100000000)
  eden space 4608K, 100% used [0x00000000eab00000,0x00000000eaf80000,0x00000000eaf80000)
  from space 1536K, 99% used [0x00000000eaf80000,0x00000000eb0fd9c0,0x00000000eb100000)
  to   space 2048K, 0% used [0x00000000eb280000,0x00000000eb280000,0x00000000eb480000)
 ParOldGen       total 283648K, used 283277K [0x00000000c0000000, 0x00000000d1500000, 0x00000000eab00000)
  object space 283648K, 99% used [0x00000000c0000000,0x00000000d14a34d8,0x00000000d1500000)
 Metaspace       used 62169K, committed 63552K, reserved 1114112K
  class space    used 6371K, committed 6976K, reserved 1048576K
}
Event: 9.840 GC heap after
{Heap after GC invocations=279 (full 3):
 PSYoungGen      total 7680K, used 1679K [0x00000000eab00000, 0x00000000eb480000, 0x0000000100000000)
  eden space 5632K, 0% used [0x00000000eab00000,0x00000000eab00000,0x00000000eb080000)
  from space 2048K, 81% used [0x00000000eb280000,0x00000000eb423d68,0x00000000eb480000)
  to   space 2048K, 0% used [0x00000000eb080000,0x00000000eb080000,0x00000000eb280000)
 ParOldGen       total 284672K, used 284598K [0x00000000c0000000, 0x00000000d1600000, 0x00000000eab00000)
  object space 284672K, 99% used [0x00000000c0000000,0x00000000d15ed8b8,0x00000000d1600000)
 Metaspace       used 62169K, committed 63552K, reserved 1114112K
  class space    used 6371K, committed 6976K, reserved 1048576K
}
Event: 9.845 GC heap before
{Heap before GC invocations=280 (full 3):
 PSYoungGen      total 7680K, used 7311K [0x00000000eab00000, 0x00000000eb480000, 0x0000000100000000)
  eden space 5632K, 100% used [0x00000000eab00000,0x00000000eb080000,0x00000000eb080000)
  from space 2048K, 81% used [0x00000000eb280000,0x00000000eb423d68,0x00000000eb480000)
  to   space 2048K, 0% used [0x00000000eb080000,0x00000000eb080000,0x00000000eb280000)
 ParOldGen       total 284672K, used 284598K [0x00000000c0000000, 0x00000000d1600000, 0x00000000eab00000)
  object space 284672K, 99% used [0x00000000c0000000,0x00000000d15ed8b8,0x00000000d1600000)
 Metaspace       used 62169K, committed 63552K, reserved 1114112K
  class space    used 6371K, committed 6976K, reserved 1048576K
}
Event: 9.847 GC heap after
{Heap after GC invocations=280 (full 3):
 PSYoungGen      total 7680K, used 2045K [0x00000000eab00000, 0x00000000eba00000, 0x0000000100000000)
  eden space 5632K, 0% used [0x00000000eab00000,0x00000000eab00000,0x00000000eb080000)
  from space 2048K, 99% used [0x00000000eb080000,0x00000000eb27f788,0x00000000eb280000)
  to   space 4096K, 0% used [0x00000000eb600000,0x00000000eb600000,0x00000000eba00000)
 ParOldGen       total 286208K, used 286154K [0x00000000c0000000, 0x00000000d1780000, 0x00000000eab00000)
  object space 286208K, 99% used [0x00000000c0000000,0x00000000d1772890,0x00000000d1780000)
 Metaspace       used 62169K, committed 63552K, reserved 1114112K
  class space    used 6371K, committed 6976K, reserved 1048576K
}
Event: 9.851 GC heap before
{Heap before GC invocations=281 (full 3):
 PSYoungGen      total 7680K, used 7676K [0x00000000eab00000, 0x00000000eba00000, 0x0000000100000000)
  eden space 5632K, 99% used [0x00000000eab00000,0x00000000eb07f8d0,0x00000000eb080000)
  from space 2048K, 99% used [0x00000000eb080000,0x00000000eb27f788,0x00000000eb280000)
  to   space 4096K, 0% used [0x00000000eb600000,0x00000000eb600000,0x00000000eba00000)
 ParOldGen       total 286208K, used 286154K [0x00000000c0000000, 0x00000000d1780000, 0x00000000eab00000)
  object space 286208K, 99% used [0x00000000c0000000,0x00000000d1772890,0x00000000d1780000)
 Metaspace       used 62169K, committed 63552K, reserved 1114112K
  class space    used 6371K, committed 6976K, reserved 1048576K
}
Event: 9.852 GC heap after
{Heap after GC invocations=281 (full 3):
 PSYoungGen      total 9728K, used 2267K [0x00000000eab00000, 0x00000000eb880000, 0x0000000100000000)
  eden space 7168K, 0% used [0x00000000eab00000,0x00000000eab00000,0x00000000eb200000)
  from space 2560K, 88% used [0x00000000eb600000,0x00000000eb836da8,0x00000000eb880000)
  to   space 3072K, 0% used [0x00000000eb280000,0x00000000eb280000,0x00000000eb580000)
 ParOldGen       total 288256K, used 288116K [0x00000000c0000000, 0x00000000d1980000, 0x00000000eab00000)
  object space 288256K, 99% used [0x00000000c0000000,0x00000000d195d280,0x00000000d1980000)
 Metaspace       used 62169K, committed 63552K, reserved 1114112K
  class space    used 6371K, committed 6976K, reserved 1048576K
}
Event: 9.858 GC heap before
{Heap before GC invocations=282 (full 3):
 PSYoungGen      total 9728K, used 9415K [0x00000000eab00000, 0x00000000eb880000, 0x0000000100000000)
  eden space 7168K, 99% used [0x00000000eab00000,0x00000000eb1fafa0,0x00000000eb200000)
  from space 2560K, 88% used [0x00000000eb600000,0x00000000eb836da8,0x00000000eb880000)
  to   space 3072K, 0% used [0x00000000eb280000,0x00000000eb280000,0x00000000eb580000)
 ParOldGen       total 288256K, used 288116K [0x00000000c0000000, 0x00000000d1980000, 0x00000000eab00000)
  object space 288256K, 99% used [0x00000000c0000000,0x00000000d195d280,0x00000000d1980000)
 Metaspace       used 62169K, committed 63552K, reserved 1114112K
  class space    used 6371K, committed 6976K, reserved 1048576K
}
Event: 9.859 GC heap after
{Heap after GC invocations=282 (full 3):
 PSYoungGen      total 10752K, used 3054K [0x00000000eab00000, 0x00000000ebf80000, 0x0000000100000000)
  eden space 7680K, 0% used [0x00000000eab00000,0x00000000eab00000,0x00000000eb280000)
  from space 3072K, 99% used [0x00000000eb280000,0x00000000eb57b960,0x00000000eb580000)
  to   space 6144K, 0% used [0x00000000eb980000,0x00000000eb980000,0x00000000ebf80000)
 ParOldGen       total 290816K, used 290355K [0x00000000c0000000, 0x00000000d1c00000, 0x00000000eab00000)
  object space 290816K, 99% used [0x00000000c0000000,0x00000000d1b8ccc0,0x00000000d1c00000)
 Metaspace       used 62169K, committed 63552K, reserved 1114112K
  class space    used 6371K, committed 6976K, reserved 1048576K
}
Event: 9.864 GC heap before
{Heap before GC invocations=283 (full 3):
 PSYoungGen      total 10752K, used 10670K [0x00000000eab00000, 0x00000000ebf80000, 0x0000000100000000)
  eden space 7680K, 99% used [0x00000000eab00000,0x00000000eb2700d0,0x00000000eb280000)
  from space 3072K, 99% used [0x00000000eb280000,0x00000000eb57b960,0x00000000eb580000)
  to   space 6144K, 0% used [0x00000000eb980000,0x00000000eb980000,0x00000000ebf80000)
 ParOldGen       total 290816K, used 290355K [0x00000000c0000000, 0x00000000d1c00000, 0x00000000eab00000)
  object space 290816K, 99% used [0x00000000c0000000,0x00000000d1b8ccc0,0x00000000d1c00000)
 Metaspace       used 62169K, committed 63552K, reserved 1114112K
  class space    used 6371K, committed 6976K, reserved 1048576K
}
Event: 9.867 GC heap after
{Heap after GC invocations=283 (full 3):
 PSYoungGen      total 12800K, used 3240K [0x00000000eab00000, 0x00000000ebd00000, 0x0000000100000000)
  eden space 9216K, 0% used [0x00000000eab00000,0x00000000eab00000,0x00000000eb400000)
  from space 3584K, 90% used [0x00000000eb980000,0x00000000ebcaa0f0,0x00000000ebd00000)
  to   space 4096K, 0% used [0x00000000eb500000,0x00000000eb500000,0x00000000eb900000)
 ParOldGen       total 293376K, used 293191K [0x00000000c0000000, 0x00000000d1e80000, 0x00000000eab00000)
  object space 293376K, 99% used [0x00000000c0000000,0x00000000d1e51cd0,0x00000000d1e80000)
 Metaspace       used 62169K, committed 63552K, reserved 1114112K
  class space    used 6371K, committed 6976K, reserved 1048576K
}
Event: 9.872 GC heap before
{Heap before GC invocations=284 (full 3):
 PSYoungGen      total 12800K, used 12456K [0x00000000eab00000, 0x00000000ebd00000, 0x0000000100000000)
  eden space 9216K, 100% used [0x00000000eab00000,0x00000000eb400000,0x00000000eb400000)
  from space 3584K, 90% used [0x00000000eb980000,0x00000000ebcaa0f0,0x00000000ebd00000)
  to   space 4096K, 0% used [0x00000000eb500000,0x00000000eb500000,0x00000000eb900000)
 ParOldGen       total 293376K, used 293191K [0x00000000c0000000, 0x00000000d1e80000, 0x00000000eab00000)
  object space 293376K, 99% used [0x00000000c0000000,0x00000000d1e51cd0,0x00000000d1e80000)
 Metaspace       used 62169K, committed 63552K, reserved 1114112K
  class space    used 6371K, committed 6976K, reserved 1048576K
}
Event: 9.874 GC heap after
{Heap after GC invocations=284 (full 3):
 PSYoungGen      total 14336K, used 3793K [0x00000000eab00000, 0x00000000ebe00000, 0x0000000100000000)
  eden space 10240K, 0% used [0x00000000eab00000,0x00000000eab00000,0x00000000eb500000)
  from space 4096K, 92% used [0x00000000eb500000,0x00000000eb8b4708,0x00000000eb900000)
  to   space 4096K, 0% used [0x00000000eba00000,0x00000000eba00000,0x00000000ebe00000)
 ParOldGen       total 296448K, used 296163K [0x00000000c0000000, 0x00000000d2180000, 0x00000000eab00000)
  object space 296448K, 99% used [0x00000000c0000000,0x00000000d2138df0,0x00000000d2180000)
 Metaspace       used 62169K, committed 63552K, reserved 1114112K
  class space    used 6371K, committed 6976K, reserved 1048576K
}
Event: 9.879 GC heap before
{Heap before GC invocations=285 (full 3):
 PSYoungGen      total 14336K, used 14033K [0x00000000eab00000, 0x00000000ebe00000, 0x0000000100000000)
  eden space 10240K, 100% used [0x00000000eab00000,0x00000000eb500000,0x00000000eb500000)
  from space 4096K, 92% used [0x00000000eb500000,0x00000000eb8b4708,0x00000000eb900000)
  to   space 4096K, 0% used [0x00000000eba00000,0x00000000eba00000,0x00000000ebe00000)
 ParOldGen       total 296448K, used 296163K [0x00000000c0000000, 0x00000000d2180000, 0x00000000eab00000)
  object space 296448K, 99% used [0x00000000c0000000,0x00000000d2138df0,0x00000000d2180000)
 Metaspace       used 62169K, committed 63552K, reserved 1114112K
  class space    used 6371K, committed 6976K, reserved 1048576K
}
Event: 9.881 GC heap after
{Heap after GC invocations=285 (full 3):
 PSYoungGen      total 14848K, used 4088K [0x00000000eab00000, 0x00000000ec000000, 0x0000000100000000)
  eden space 10752K, 0% used [0x00000000eab00000,0x00000000eab00000,0x00000000eb580000)
  from space 4096K, 99% used [0x00000000eba00000,0x00000000ebdfe160,0x00000000ebe00000)
  to   space 4608K, 0% used [0x00000000eb580000,0x00000000eb580000,0x00000000eba00000)
 ParOldGen       total 300544K, used 300366K [0x00000000c0000000, 0x00000000d2580000, 0x00000000eab00000)
  object space 300544K, 99% used [0x00000000c0000000,0x00000000d2553998,0x00000000d2580000)
 Metaspace       used 62169K, committed 63552K, reserved 1114112K
  class space    used 6371K, committed 6976K, reserved 1048576K
}
Event: 9.889 GC heap before
{Heap before GC invocations=286 (full 3):
 PSYoungGen      total 14848K, used 14840K [0x00000000eab00000, 0x00000000ec000000, 0x0000000100000000)
  eden space 10752K, 100% used [0x00000000eab00000,0x00000000eb580000,0x00000000eb580000)
  from space 4096K, 99% used [0x00000000eba00000,0x00000000ebdfe160,0x00000000ebe00000)
  to   space 4608K, 0% used [0x00000000eb580000,0x00000000eb580000,0x00000000eba00000)
 ParOldGen       total 300544K, used 300366K [0x00000000c0000000, 0x00000000d2580000, 0x00000000eab00000)
  object space 300544K, 99% used [0x00000000c0000000,0x00000000d2553998,0x00000000d2580000)
 Metaspace       used 62180K, committed 63552K, reserved 1114112K
  class space    used 6373K, committed 6976K, reserved 1048576K
}
Event: 9.891 GC heap after
{Heap after GC invocations=286 (full 3):
 PSYoungGen      total 15360K, used 4219K [0x00000000eab00000, 0x00000000ec100000, 0x0000000100000000)
  eden space 10752K, 0% used [0x00000000eab00000,0x00000000eab00000,0x00000000eb580000)
  from space 4608K, 91% used [0x00000000eb580000,0x00000000eb99ec90,0x00000000eba00000)
  to   space 4608K, 0% used [0x00000000ebc80000,0x00000000ebc80000,0x00000000ec100000)
 ParOldGen       total 304640K, used 304293K [0x00000000c0000000, 0x00000000d2980000, 0x00000000eab00000)
  object space 304640K, 99% used [0x00000000c0000000,0x00000000d2929540,0x00000000d2980000)
 Metaspace       used 62180K, committed 63552K, reserved 1114112K
  class space    used 6373K, committed 6976K, reserved 1048576K
}
Event: 9.932 GC heap before
{Heap before GC invocations=287 (full 3):
 PSYoungGen      total 15360K, used 14971K [0x00000000eab00000, 0x00000000ec100000, 0x0000000100000000)
  eden space 10752K, 100% used [0x00000000eab00000,0x00000000eb580000,0x00000000eb580000)
  from space 4608K, 91% used [0x00000000eb580000,0x00000000eb99ec90,0x00000000eba00000)
  to   space 4608K, 0% used [0x00000000ebc80000,0x00000000ebc80000,0x00000000ec100000)
 ParOldGen       total 304640K, used 304293K [0x00000000c0000000, 0x00000000d2980000, 0x00000000eab00000)
  object space 304640K, 99% used [0x00000000c0000000,0x00000000d2929540,0x00000000d2980000)
 Metaspace       used 62262K, committed 63616K, reserved 1114112K
  class space    used 6388K, committed 6976K, reserved 1048576K
}
Event: 9.935 GC heap after
{Heap after GC invocations=287 (full 3):
 PSYoungGen      total 17920K, used 4353K [0x00000000eab00000, 0x00000000ec100000, 0x0000000100000000)
  eden space 13312K, 0% used [0x00000000eab00000,0x00000000eab00000,0x00000000eb800000)
  from space 4608K, 94% used [0x00000000ebc80000,0x00000000ec0c0720,0x00000000ec100000)
  to   space 4608K, 0% used [0x00000000eb800000,0x00000000eb800000,0x00000000ebc80000)
 ParOldGen       total 311296K, used 311240K [0x00000000c0000000, 0x00000000d3000000, 0x00000000eab00000)
  object space 311296K, 99% used [0x00000000c0000000,0x00000000d2ff2138,0x00000000d3000000)
 Metaspace       used 62262K, committed 63616K, reserved 1114112K
  class space    used 6388K, committed 6976K, reserved 1048576K
}
Event: 10.015 GC heap before
{Heap before GC invocations=288 (full 3):
 PSYoungGen      total 17920K, used 17665K [0x00000000eab00000, 0x00000000ec100000, 0x0000000100000000)
  eden space 13312K, 100% used [0x00000000eab00000,0x00000000eb800000,0x00000000eb800000)
  from space 4608K, 94% used [0x00000000ebc80000,0x00000000ec0c0720,0x00000000ec100000)
  to   space 4608K, 0% used [0x00000000eb800000,0x00000000eb800000,0x00000000ebc80000)
 ParOldGen       total 311296K, used 311240K [0x00000000c0000000, 0x00000000d3000000, 0x00000000eab00000)
  object space 311296K, 99% used [0x00000000c0000000,0x00000000d2ff2138,0x00000000d3000000)
 Metaspace       used 63074K, committed 64384K, reserved 1114112K
  class space    used 6510K, committed 7104K, reserved 1048576K
}
Event: 10.018 GC heap after
{Heap after GC invocations=288 (full 3):
 PSYoungGen      total 15360K, used 1760K [0x00000000eab00000, 0x00000000ebe00000, 0x0000000100000000)
  eden space 13312K, 0% used [0x00000000eab00000,0x00000000eab00000,0x00000000eb800000)
  from space 2048K, 85% used [0x00000000eb800000,0x00000000eb9b82e0,0x00000000eba00000)
  to   space 3072K, 0% used [0x00000000ebb00000,0x00000000ebb00000,0x00000000ebe00000)
 ParOldGen       total 315904K, used 315592K [0x00000000c0000000, 0x00000000d3480000, 0x00000000eab00000)
  object space 315904K, 99% used [0x00000000c0000000,0x00000000d34323e0,0x00000000d3480000)
 Metaspace       used 63074K, committed 64384K, reserved 1114112K
  class space    used 6510K, committed 7104K, reserved 1048576K
}

