# JRE version: OpenJDK Runtime Environment Temurin-21.0.6+7 (21.0.6+7) (build 21.0.6+7-LTS)
# Java VM: OpenJDK 64-Bit Server VM Temurin-21.0.6+7 (21.0.6+7-LTS, mixed mode, sharing, tiered, compressed oops, compressed class ptrs, parallel gc, windows-amd64)
GC Precious Log:
 CardTable entry size: 512
 CPUs: 16 total, 16 available
 Memory: 15613M
 Large Page Support: Disabled
 NUMA Support: Disabled
 Compressed Oops: Enabled (32-bit)
 Alignments: Space 512K, Generation 512K, Heap 2M
 Heap Min Capacity: 100M
 Heap Initial Capacity: 100M
 Heap Max Capacity: 1G
 Pre-touch: Disabled
 Parallel Workers: 13
Heap:
 PSYoungGen      total 3072K, used 1842K [0x00000000eab00000, 0x00000000eb100000, 0x0000000100000000)
  eden space 2560K, 51% used [0x00000000eab00000,0x00000000eac4c830,0x00000000ead80000)
  from space 512K, 100% used [0x00000000eae80000,0x00000000eaf00000,0x00000000eaf00000)
  to   space 1024K, 0% used [0x00000000ead80000,0x00000000ead80000,0x00000000eae80000)
 ParOldGen       total 394240K, used 393960K [0x00000000c0000000, 0x00000000d8100000, 0x00000000eab00000)
  object space 394240K, 99% used [0x00000000c0000000,0x00000000d80ba390,0x00000000d8100000)
 Metaspace       used 71268K, committed 72832K, reserved 1114112K
  class space    used 7765K, committed 8448K, reserved 1048576K
GC Heap History (20 events):
Event: 13.205 GC heap before
{Heap before GC invocations=327 (full 3):
 PSYoungGen      total 5120K, used 4764K [0x00000000eab00000, 0x00000000eb100000, 0x0000000100000000)
  eden space 4096K, 99% used [0x00000000eab00000,0x00000000eaeff190,0x00000000eaf00000)
  from space 1024K, 65% used [0x00000000eaf00000,0x00000000eafa8000,0x00000000eb000000)
  to   space 1024K, 0% used [0x00000000eb000000,0x00000000eb000000,0x00000000eb100000)
 ParOldGen       total 389120K, used 388844K [0x00000000c0000000, 0x00000000d7c00000, 0x00000000eab00000)
  object space 389120K, 99% used [0x00000000c0000000,0x00000000d7bbb2a0,0x00000000d7c00000)
 Metaspace       used 70273K, committed 71808K, reserved 1114112K
  class space    used 7675K, committed 8320K, reserved 1048576K
}
Event: 13.208 GC heap after
{Heap after GC invocations=327 (full 3):
 PSYoungGen      total 3584K, used 1012K [0x00000000eab00000, 0x00000000eb400000, 0x0000000100000000)
  eden space 2560K, 0% used [0x00000000eab00000,0x00000000eab00000,0x00000000ead80000)
  from space 1024K, 98% used [0x00000000eb000000,0x00000000eb0fd0f8,0x00000000eb100000)
  to   space 2560K, 0% used [0x00000000ead80000,0x00000000ead80000,0x00000000eb000000)
 ParOldGen       total 390144K, used 389773K [0x00000000c0000000, 0x00000000d7d00000, 0x00000000eab00000)
  object space 390144K, 99% used [0x00000000c0000000,0x00000000d7ca36a0,0x00000000d7d00000)
 Metaspace       used 70273K, committed 71808K, reserved 1114112K
  class space    used 7675K, committed 8320K, reserved 1048576K
}
Event: 13.260 GC heap before
{Heap before GC invocations=328 (full 3):
 PSYoungGen      total 3584K, used 3571K [0x00000000eab00000, 0x00000000eb400000, 0x0000000100000000)
  eden space 2560K, 99% used [0x00000000eab00000,0x00000000ead7fee0,0x00000000ead80000)
  from space 1024K, 98% used [0x00000000eb000000,0x00000000eb0fd0f8,0x00000000eb100000)
  to   space 2560K, 0% used [0x00000000ead80000,0x00000000ead80000,0x00000000eb000000)
 ParOldGen       total 390144K, used 389773K [0x00000000c0000000, 0x00000000d7d00000, 0x00000000eab00000)
  object space 390144K, 99% used [0x00000000c0000000,0x00000000d7ca36a0,0x00000000d7d00000)
 Metaspace       used 70608K, committed 72128K, reserved 1114112K
  class space    used 7699K, committed 8320K, reserved 1048576K
}
Event: 13.261 GC heap after
{Heap after GC invocations=328 (full 3):
 PSYoungGen      total 3584K, used 516K [0x00000000eab00000, 0x00000000eb080000, 0x0000000100000000)
  eden space 2560K, 0% used [0x00000000eab00000,0x00000000eab00000,0x00000000ead80000)
  from space 1024K, 50% used [0x00000000ead80000,0x00000000eae01010,0x00000000eae80000)
  to   space 1536K, 0% used [0x00000000eaf00000,0x00000000eaf00000,0x00000000eb080000)
 ParOldGen       total 390144K, used 389965K [0x00000000c0000000, 0x00000000d7d00000, 0x00000000eab00000)
  object space 390144K, 99% used [0x00000000c0000000,0x00000000d7cd36b0,0x00000000d7d00000)
 Metaspace       used 70608K, committed 72128K, reserved 1114112K
  class space    used 7699K, committed 8320K, reserved 1048576K
}
Event: 13.299 GC heap before
{Heap before GC invocations=329 (full 3):
 PSYoungGen      total 3584K, used 3076K [0x00000000eab00000, 0x00000000eb080000, 0x0000000100000000)
  eden space 2560K, 100% used [0x00000000eab00000,0x00000000ead80000,0x00000000ead80000)
  from space 1024K, 50% used [0x00000000ead80000,0x00000000eae01010,0x00000000eae80000)
  to   space 1536K, 0% used [0x00000000eaf00000,0x00000000eaf00000,0x00000000eb080000)
 ParOldGen       total 390144K, used 389965K [0x00000000c0000000, 0x00000000d7d00000, 0x00000000eab00000)
  object space 390144K, 99% used [0x00000000c0000000,0x00000000d7cd36b0,0x00000000d7d00000)
 Metaspace       used 70788K, committed 72320K, reserved 1114112K
  class space    used 7713K, committed 8384K, reserved 1048576K
}
Event: 13.301 GC heap after
{Heap after GC invocations=329 (full 3):
 PSYoungGen      total 3072K, used 510K [0x00000000eab00000, 0x00000000eaf80000, 0x0000000100000000)
  eden space 2560K, 0% used [0x00000000eab00000,0x00000000eab00000,0x00000000ead80000)
  from space 512K, 99% used [0x00000000eaf00000,0x00000000eaf7f880,0x00000000eaf80000)
  to   space 1024K, 0% used [0x00000000ead80000,0x00000000ead80000,0x00000000eae80000)
 ParOldGen       total 390656K, used 390211K [0x00000000c0000000, 0x00000000d7d80000, 0x00000000eab00000)
  object space 390656K, 99% used [0x00000000c0000000,0x00000000d7d10f88,0x00000000d7d80000)
 Metaspace       used 70788K, committed 72320K, reserved 1114112K
  class space    used 7713K, committed 8384K, reserved 1048576K
}
Event: 13.330 GC heap before
{Heap before GC invocations=330 (full 3):
 PSYoungGen      total 3072K, used 3065K [0x00000000eab00000, 0x00000000eaf80000, 0x0000000100000000)
  eden space 2560K, 99% used [0x00000000eab00000,0x00000000ead7eef0,0x00000000ead80000)
  from space 512K, 99% used [0x00000000eaf00000,0x00000000eaf7f880,0x00000000eaf80000)
  to   space 1024K, 0% used [0x00000000ead80000,0x00000000ead80000,0x00000000eae80000)
 ParOldGen       total 390656K, used 390211K [0x00000000c0000000, 0x00000000d7d80000, 0x00000000eab00000)
  object space 390656K, 99% used [0x00000000c0000000,0x00000000d7d10f88,0x00000000d7d80000)
 Metaspace       used 70932K, committed 72448K, reserved 1114112K
  class space    used 7736K, committed 8384K, reserved 1048576K
}
Event: 13.333 GC heap after
{Heap after GC invocations=330 (full 3):
 PSYoungGen      total 3584K, used 496K [0x00000000eab00000, 0x00000000eaf80000, 0x0000000100000000)
  eden space 2560K, 0% used [0x00000000eab00000,0x00000000eab00000,0x00000000ead80000)
  from space 1024K, 48% used [0x00000000ead80000,0x00000000eadfc1c0,0x00000000eae80000)
  to   space 1024K, 0% used [0x00000000eae80000,0x00000000eae80000,0x00000000eaf80000)
 ParOldGen       total 390656K, used 390507K [0x00000000c0000000, 0x00000000d7d80000, 0x00000000eab00000)
  object space 390656K, 99% used [0x00000000c0000000,0x00000000d7d5af88,0x00000000d7d80000)
 Metaspace       used 70932K, committed 72448K, reserved 1114112K
  class space    used 7736K, committed 8384K, reserved 1048576K
}
Event: 13.350 GC heap before
{Heap before GC invocations=331 (full 3):
 PSYoungGen      total 3584K, used 3056K [0x00000000eab00000, 0x00000000eaf80000, 0x0000000100000000)
  eden space 2560K, 100% used [0x00000000eab00000,0x00000000ead80000,0x00000000ead80000)
  from space 1024K, 48% used [0x00000000ead80000,0x00000000eadfc1c0,0x00000000eae80000)
  to   space 1024K, 0% used [0x00000000eae80000,0x00000000eae80000,0x00000000eaf80000)
 ParOldGen       total 390656K, used 390507K [0x00000000c0000000, 0x00000000d7d80000, 0x00000000eab00000)
  object space 390656K, 99% used [0x00000000c0000000,0x00000000d7d5af88,0x00000000d7d80000)
 Metaspace       used 71026K, committed 72576K, reserved 1114112K
  class space    used 7740K, committed 8384K, reserved 1048576K
}
Event: 13.355 GC heap after
{Heap after GC invocations=331 (full 3):
 PSYoungGen      total 3584K, used 571K [0x00000000eab00000, 0x00000000eaf80000, 0x0000000100000000)
  eden space 2560K, 0% used [0x00000000eab00000,0x00000000eab00000,0x00000000ead80000)
  from space 1024K, 55% used [0x00000000eae80000,0x00000000eaf0ec08,0x00000000eaf80000)
  to   space 1024K, 0% used [0x00000000ead80000,0x00000000ead80000,0x00000000eae80000)
 ParOldGen       total 391168K, used 390787K [0x00000000c0000000, 0x00000000d7e00000, 0x00000000eab00000)
  object space 391168K, 99% used [0x00000000c0000000,0x00000000d7da0f88,0x00000000d7e00000)
 Metaspace       used 71026K, committed 72576K, reserved 1114112K
  class space    used 7740K, committed 8384K, reserved 1048576K
}
Event: 13.377 GC heap before
{Heap before GC invocations=332 (full 3):
 PSYoungGen      total 3584K, used 3131K [0x00000000eab00000, 0x00000000eaf80000, 0x0000000100000000)
  eden space 2560K, 100% used [0x00000000eab00000,0x00000000ead80000,0x00000000ead80000)
  from space 1024K, 55% used [0x00000000eae80000,0x00000000eaf0ec08,0x00000000eaf80000)
  to   space 1024K, 0% used [0x00000000ead80000,0x00000000ead80000,0x00000000eae80000)
 ParOldGen       total 391168K, used 390787K [0x00000000c0000000, 0x00000000d7e00000, 0x00000000eab00000)
  object space 391168K, 99% used [0x00000000c0000000,0x00000000d7da0f88,0x00000000d7e00000)
 Metaspace       used 71152K, committed 72704K, reserved 1114112K
  class space    used 7755K, committed 8448K, reserved 1048576K
}
Event: 13.379 GC heap after
{Heap after GC invocations=332 (full 3):
 PSYoungGen      total 3584K, used 696K [0x00000000eab00000, 0x00000000eaf80000, 0x0000000100000000)
  eden space 2560K, 0% used [0x00000000eab00000,0x00000000eab00000,0x00000000ead80000)
  from space 1024K, 68% used [0x00000000ead80000,0x00000000eae2e358,0x00000000eae80000)
  to   space 1024K, 0% used [0x00000000eae80000,0x00000000eae80000,0x00000000eaf80000)
 ParOldGen       total 391168K, used 391126K [0x00000000c0000000, 0x00000000d7e00000, 0x00000000eab00000)
  object space 391168K, 99% used [0x00000000c0000000,0x00000000d7df5bb0,0x00000000d7e00000)
 Metaspace       used 71152K, committed 72704K, reserved 1114112K
  class space    used 7755K, committed 8448K, reserved 1048576K
}
Event: 13.408 GC heap before
{Heap before GC invocations=333 (full 3):
 PSYoungGen      total 3584K, used 3256K [0x00000000eab00000, 0x00000000eaf80000, 0x0000000100000000)
  eden space 2560K, 100% used [0x00000000eab00000,0x00000000ead80000,0x00000000ead80000)
  from space 1024K, 68% used [0x00000000ead80000,0x00000000eae2e358,0x00000000eae80000)
  to   space 1024K, 0% used [0x00000000eae80000,0x00000000eae80000,0x00000000eaf80000)
 ParOldGen       total 391168K, used 391126K [0x00000000c0000000, 0x00000000d7e00000, 0x00000000eab00000)
  object space 391168K, 99% used [0x00000000c0000000,0x00000000d7df5bb0,0x00000000d7e00000)
 Metaspace       used 71191K, committed 72768K, reserved 1114112K
  class space    used 7758K, committed 8448K, reserved 1048576K
}
Event: 13.411 GC heap after
{Heap after GC invocations=333 (full 3):
 PSYoungGen      total 3584K, used 662K [0x00000000eab00000, 0x00000000eaf80000, 0x0000000100000000)
  eden space 2560K, 0% used [0x00000000eab00000,0x00000000eab00000,0x00000000ead80000)
  from space 1024K, 64% used [0x00000000eae80000,0x00000000eaf25808,0x00000000eaf80000)
  to   space 1024K, 0% used [0x00000000ead80000,0x00000000ead80000,0x00000000eae80000)
 ParOldGen       total 391680K, used 391454K [0x00000000c0000000, 0x00000000d7e80000, 0x00000000eab00000)
  object space 391680K, 99% used [0x00000000c0000000,0x00000000d7e47bb0,0x00000000d7e80000)
 Metaspace       used 71191K, committed 72768K, reserved 1114112K
  class space    used 7758K, committed 8448K, reserved 1048576K
}
Event: 13.431 GC heap before
{Heap before GC invocations=334 (full 3):
 PSYoungGen      total 3584K, used 3222K [0x00000000eab00000, 0x00000000eaf80000, 0x0000000100000000)
  eden space 2560K, 100% used [0x00000000eab00000,0x00000000ead80000,0x00000000ead80000)
  from space 1024K, 64% used [0x00000000eae80000,0x00000000eaf25808,0x00000000eaf80000)
  to   space 1024K, 0% used [0x00000000ead80000,0x00000000ead80000,0x00000000eae80000)
 ParOldGen       total 391680K, used 391454K [0x00000000c0000000, 0x00000000d7e80000, 0x00000000eab00000)
  object space 391680K, 99% used [0x00000000c0000000,0x00000000d7e47bb0,0x00000000d7e80000)
 Metaspace       used 71223K, committed 72768K, reserved 1114112K
  class space    used 7764K, committed 8448K, reserved 1048576K
}
Event: 13.432 GC heap after
{Heap after GC invocations=334 (full 3):
 PSYoungGen      total 3584K, used 544K [0x00000000eab00000, 0x00000000eaf80000, 0x0000000100000000)
  eden space 2560K, 0% used [0x00000000eab00000,0x00000000eab00000,0x00000000ead80000)
  from space 1024K, 53% used [0x00000000ead80000,0x00000000eae08000,0x00000000eae80000)
  to   space 1024K, 0% used [0x00000000eae80000,0x00000000eae80000,0x00000000eaf80000)
 ParOldGen       total 392192K, used 391876K [0x00000000c0000000, 0x00000000d7f00000, 0x00000000eab00000)
  object space 392192K, 99% used [0x00000000c0000000,0x00000000d7eb13b8,0x00000000d7f00000)
 Metaspace       used 71223K, committed 72768K, reserved 1114112K
  class space    used 7764K, committed 8448K, reserved 1048576K
}
Event: 13.445 GC heap before
{Heap before GC invocations=335 (full 3):
 PSYoungGen      total 3584K, used 3096K [0x00000000eab00000, 0x00000000eaf80000, 0x0000000100000000)
  eden space 2560K, 99% used [0x00000000eab00000,0x00000000ead7e290,0x00000000ead80000)
  from space 1024K, 53% used [0x00000000ead80000,0x00000000eae08000,0x00000000eae80000)
  to   space 1024K, 0% used [0x00000000eae80000,0x00000000eae80000,0x00000000eaf80000)
 ParOldGen       total 392192K, used 391876K [0x00000000c0000000, 0x00000000d7f00000, 0x00000000eab00000)
  object space 392192K, 99% used [0x00000000c0000000,0x00000000d7eb13b8,0x00000000d7f00000)
 Metaspace       used 71257K, committed 72768K, reserved 1114112K
  class space    used 7764K, committed 8448K, reserved 1048576K
}
Event: 13.446 GC heap after
{Heap after GC invocations=335 (full 3):
 PSYoungGen      total 3072K, used 416K [0x00000000eab00000, 0x00000000eaf00000, 0x0000000100000000)
  eden space 2560K, 0% used [0x00000000eab00000,0x00000000eab00000,0x00000000ead80000)
  from space 512K, 81% used [0x00000000eae80000,0x00000000eaee8000,0x00000000eaf00000)
  to   space 512K, 0% used [0x00000000eae00000,0x00000000eae00000,0x00000000eae80000)
 ParOldGen       total 392704K, used 392220K [0x00000000c0000000, 0x00000000d7f80000, 0x00000000eab00000)
  object space 392704K, 99% used [0x00000000c0000000,0x00000000d7f073c8,0x00000000d7f80000)
 Metaspace       used 71257K, committed 72768K, reserved 1114112K
  class space    used 7764K, committed 8448K, reserved 1048576K
}
Event: 13.454 GC heap before
{Heap before GC invocations=336 (full 3):
 PSYoungGen      total 3072K, used 2976K [0x00000000eab00000, 0x00000000eaf00000, 0x0000000100000000)
  eden space 2560K, 100% used [0x00000000eab00000,0x00000000ead80000,0x00000000ead80000)
  from space 512K, 81% used [0x00000000eae80000,0x00000000eaee8000,0x00000000eaf00000)
  to   space 512K, 0% used [0x00000000eae00000,0x00000000eae00000,0x00000000eae80000)
 ParOldGen       total 392704K, used 392220K [0x00000000c0000000, 0x00000000d7f80000, 0x00000000eab00000)
  object space 392704K, 99% used [0x00000000c0000000,0x00000000d7f073c8,0x00000000d7f80000)
 Metaspace       used 71266K, committed 72832K, reserved 1114112K
  class space    used 7765K, committed 8448K, reserved 1048576K
}
Event: 13.457 GC heap after
{Heap after GC invocations=336 (full 3):
 PSYoungGen      total 3072K, used 511K [0x00000000eab00000, 0x00000000eaf80000, 0x0000000100000000)
  eden space 2560K, 0% used [0x00000000eab00000,0x00000000eab00000,0x00000000ead80000)
  from space 512K, 99% used [0x00000000eae00000,0x00000000eae7feb8,0x00000000eae80000)
  to   space 1024K, 0% used [0x00000000eae80000,0x00000000eae80000,0x00000000eaf80000)
 ParOldGen       total 392704K, used 392468K [0x00000000c0000000, 0x00000000d7f80000, 0x00000000eab00000)
  object space 392704K, 99% used [0x00000000c0000000,0x00000000d7f453c8,0x00000000d7f80000)
 Metaspace       used 71266K, committed 72832K, reserved 1114112K
  class space    used 7765K, committed 8448K, reserved 1048576K
}

