# JRE version: OpenJDK Runtime Environment Temurin-21.0.6+7 (21.0.6+7) (build 21.0.6+7-LTS)
# Java VM: OpenJDK 64-Bit Server VM Temurin-21.0.6+7 (21.0.6+7-LTS, mixed mode, sharing, tiered, compressed oops, compressed class ptrs, parallel gc, windows-amd64)
GC Precious Log:
 CardTable entry size: 512
 CPUs: 16 total, 16 available
 Memory: 15613M
 Large Page Support: Disabled
 NUMA Support: Disabled
 Compressed Oops: Enabled (32-bit)
 Alignments: Space 512K, Generation 512K, Heap 2M
 Heap Min Capacity: 100M
 Heap Initial Capacity: 100M
 Heap Max Capacity: 1G
 Pre-touch: Disabled
 Parallel Workers: 13
Heap:
 PSYoungGen      total 3584K, used 3232K [0x00000000eab00000, 0x00000000eaf80000, 0x0000000100000000)
  eden space 2560K, 100% used [0x00000000eab00000,0x00000000ead80000,0x00000000ead80000)
  from space 1024K, 65% used [0x00000000ead80000,0x00000000eae28000,0x00000000eae80000)
  to   space 1024K, 64% used [0x00000000eae80000,0x00000000eaf252a0,0x00000000eaf80000)
 ParOldGen       total 202240K, used 202097K [0x00000000c0000000, 0x00000000cc580000, 0x00000000eab00000)
  object space 202240K, 99% used [0x00000000c0000000,0x00000000cc55c700,0x00000000cc580000)
 Metaspace       used 57242K, committed 58432K, reserved 1114112K
  class space    used 5848K, committed 6400K, reserved 1048576K
GC Heap History (20 events):
Event: 9.914 GC heap before
{Heap before GC invocations=156 (full 2):
 PSYoungGen      total 3072K, used 2656K [0x00000000eab00000, 0x00000000eaf80000, 0x0000000100000000)
  eden space 2048K, 100% used [0x00000000eab00000,0x00000000ead00000,0x00000000ead00000)
  from space 1024K, 59% used [0x00000000ead00000,0x00000000ead98000,0x00000000eae00000)
  to   space 1024K, 0% used [0x00000000eae80000,0x00000000eae80000,0x00000000eaf80000)
 ParOldGen       total 196096K, used 195936K [0x00000000c0000000, 0x00000000cbf80000, 0x00000000eab00000)
  object space 196096K, 99% used [0x00000000c0000000,0x00000000cbf58028,0x00000000cbf80000)
 Metaspace       used 57043K, committed 58304K, reserved 1114112K
  class space    used 5846K, committed 6400K, reserved 1048576K
}
Event: 9.916 GC heap after
{Heap after GC invocations=156 (full 2):
 PSYoungGen      total 3584K, used 599K [0x00000000eab00000, 0x00000000eaf80000, 0x0000000100000000)
  eden space 2560K, 0% used [0x00000000eab00000,0x00000000eab00000,0x00000000ead80000)
  from space 1024K, 58% used [0x00000000eae80000,0x00000000eaf15c10,0x00000000eaf80000)
  to   space 1024K, 0% used [0x00000000ead80000,0x00000000ead80000,0x00000000eae80000)
 ParOldGen       total 196608K, used 196408K [0x00000000c0000000, 0x00000000cc000000, 0x00000000eab00000)
  object space 196608K, 99% used [0x00000000c0000000,0x00000000cbfce398,0x00000000cc000000)
 Metaspace       used 57043K, committed 58304K, reserved 1114112K
  class space    used 5846K, committed 6400K, reserved 1048576K
}
Event: 9.925 GC heap before
{Heap before GC invocations=157 (full 2):
 PSYoungGen      total 3584K, used 3159K [0x00000000eab00000, 0x00000000eaf80000, 0x0000000100000000)
  eden space 2560K, 100% used [0x00000000eab00000,0x00000000ead80000,0x00000000ead80000)
  from space 1024K, 58% used [0x00000000eae80000,0x00000000eaf15c10,0x00000000eaf80000)
  to   space 1024K, 0% used [0x00000000ead80000,0x00000000ead80000,0x00000000eae80000)
 ParOldGen       total 196608K, used 196408K [0x00000000c0000000, 0x00000000cc000000, 0x00000000eab00000)
  object space 196608K, 99% used [0x00000000c0000000,0x00000000cbfce398,0x00000000cc000000)
 Metaspace       used 57064K, committed 58304K, reserved 1114112K
  class space    used 5846K, committed 6400K, reserved 1048576K
}
Event: 9.927 GC heap after
{Heap after GC invocations=157 (full 2):
 PSYoungGen      total 3584K, used 672K [0x00000000eab00000, 0x00000000eaf80000, 0x0000000100000000)
  eden space 2560K, 0% used [0x00000000eab00000,0x00000000eab00000,0x00000000ead80000)
  from space 1024K, 65% used [0x00000000ead80000,0x00000000eae28000,0x00000000eae80000)
  to   space 1024K, 0% used [0x00000000eae80000,0x00000000eae80000,0x00000000eaf80000)
 ParOldGen       total 197120K, used 196864K [0x00000000c0000000, 0x00000000cc080000, 0x00000000eab00000)
  object space 197120K, 99% used [0x00000000c0000000,0x00000000cc040068,0x00000000cc080000)
 Metaspace       used 57064K, committed 58304K, reserved 1114112K
  class space    used 5846K, committed 6400K, reserved 1048576K
}
Event: 9.936 GC heap before
{Heap before GC invocations=158 (full 2):
 PSYoungGen      total 3584K, used 3232K [0x00000000eab00000, 0x00000000eaf80000, 0x0000000100000000)
  eden space 2560K, 100% used [0x00000000eab00000,0x00000000ead80000,0x00000000ead80000)
  from space 1024K, 65% used [0x00000000ead80000,0x00000000eae28000,0x00000000eae80000)
  to   space 1024K, 0% used [0x00000000eae80000,0x00000000eae80000,0x00000000eaf80000)
 ParOldGen       total 197120K, used 196864K [0x00000000c0000000, 0x00000000cc080000, 0x00000000eab00000)
  object space 197120K, 99% used [0x00000000c0000000,0x00000000cc040068,0x00000000cc080000)
 Metaspace       used 57072K, committed 58304K, reserved 1114112K
  class space    used 5846K, committed 6400K, reserved 1048576K
}
Event: 9.938 GC heap after
{Heap after GC invocations=158 (full 2):
 PSYoungGen      total 3584K, used 748K [0x00000000eab00000, 0x00000000eaf80000, 0x0000000100000000)
  eden space 2560K, 0% used [0x00000000eab00000,0x00000000eab00000,0x00000000ead80000)
  from space 1024K, 73% used [0x00000000eae80000,0x00000000eaf3b0c0,0x00000000eaf80000)
  to   space 1024K, 0% used [0x00000000ead80000,0x00000000ead80000,0x00000000eae80000)
 ParOldGen       total 197632K, used 197323K [0x00000000c0000000, 0x00000000cc100000, 0x00000000eab00000)
  object space 197632K, 99% used [0x00000000c0000000,0x00000000cc0b2d48,0x00000000cc100000)
 Metaspace       used 57072K, committed 58304K, reserved 1114112K
  class space    used 5846K, committed 6400K, reserved 1048576K
}
Event: 9.948 GC heap before
{Heap before GC invocations=159 (full 2):
 PSYoungGen      total 3584K, used 3308K [0x00000000eab00000, 0x00000000eaf80000, 0x0000000100000000)
  eden space 2560K, 100% used [0x00000000eab00000,0x00000000ead80000,0x00000000ead80000)
  from space 1024K, 73% used [0x00000000eae80000,0x00000000eaf3b0c0,0x00000000eaf80000)
  to   space 1024K, 0% used [0x00000000ead80000,0x00000000ead80000,0x00000000eae80000)
 ParOldGen       total 197632K, used 197323K [0x00000000c0000000, 0x00000000cc100000, 0x00000000eab00000)
  object space 197632K, 99% used [0x00000000c0000000,0x00000000cc0b2d48,0x00000000cc100000)
 Metaspace       used 57076K, committed 58304K, reserved 1114112K
  class space    used 5846K, committed 6400K, reserved 1048576K
}
Event: 9.949 GC heap after
{Heap after GC invocations=159 (full 2):
 PSYoungGen      total 3584K, used 750K [0x00000000eab00000, 0x00000000eaf80000, 0x0000000100000000)
  eden space 2560K, 0% used [0x00000000eab00000,0x00000000eab00000,0x00000000ead80000)
  from space 1024K, 73% used [0x00000000ead80000,0x00000000eae3b980,0x00000000eae80000)
  to   space 1024K, 0% used [0x00000000eae80000,0x00000000eae80000,0x00000000eaf80000)
 ParOldGen       total 198144K, used 197775K [0x00000000c0000000, 0x00000000cc180000, 0x00000000eab00000)
  object space 198144K, 99% used [0x00000000c0000000,0x00000000cc123ce8,0x00000000cc180000)
 Metaspace       used 57076K, committed 58304K, reserved 1114112K
  class space    used 5846K, committed 6400K, reserved 1048576K
}
Event: 9.967 GC heap before
{Heap before GC invocations=160 (full 2):
 PSYoungGen      total 3584K, used 3310K [0x00000000eab00000, 0x00000000eaf80000, 0x0000000100000000)
  eden space 2560K, 100% used [0x00000000eab00000,0x00000000ead80000,0x00000000ead80000)
  from space 1024K, 73% used [0x00000000ead80000,0x00000000eae3b980,0x00000000eae80000)
  to   space 1024K, 0% used [0x00000000eae80000,0x00000000eae80000,0x00000000eaf80000)
 ParOldGen       total 198144K, used 197775K [0x00000000c0000000, 0x00000000cc180000, 0x00000000eab00000)
  object space 198144K, 99% used [0x00000000c0000000,0x00000000cc123ce8,0x00000000cc180000)
 Metaspace       used 57097K, committed 58304K, reserved 1114112K
  class space    used 5846K, committed 6400K, reserved 1048576K
}
Event: 9.969 GC heap after
{Heap after GC invocations=160 (full 2):
 PSYoungGen      total 3584K, used 640K [0x00000000eab00000, 0x00000000eaf80000, 0x0000000100000000)
  eden space 2560K, 0% used [0x00000000eab00000,0x00000000eab00000,0x00000000ead80000)
  from space 1024K, 62% used [0x00000000eae80000,0x00000000eaf20000,0x00000000eaf80000)
  to   space 1024K, 0% used [0x00000000ead80000,0x00000000ead80000,0x00000000eae80000)
 ParOldGen       total 198656K, used 198293K [0x00000000c0000000, 0x00000000cc200000, 0x00000000eab00000)
  object space 198656K, 99% used [0x00000000c0000000,0x00000000cc1a5610,0x00000000cc200000)
 Metaspace       used 57097K, committed 58304K, reserved 1114112K
  class space    used 5846K, committed 6400K, reserved 1048576K
}
Event: 9.981 GC heap before
{Heap before GC invocations=161 (full 2):
 PSYoungGen      total 3584K, used 3189K [0x00000000eab00000, 0x00000000eaf80000, 0x0000000100000000)
  eden space 2560K, 99% used [0x00000000eab00000,0x00000000ead7d560,0x00000000ead80000)
  from space 1024K, 62% used [0x00000000eae80000,0x00000000eaf20000,0x00000000eaf80000)
  to   space 1024K, 0% used [0x00000000ead80000,0x00000000ead80000,0x00000000eae80000)
 ParOldGen       total 198656K, used 198293K [0x00000000c0000000, 0x00000000cc200000, 0x00000000eab00000)
  object space 198656K, 99% used [0x00000000c0000000,0x00000000cc1a5610,0x00000000cc200000)
 Metaspace       used 57109K, committed 58368K, reserved 1114112K
  class space    used 5846K, committed 6400K, reserved 1048576K
}
Event: 9.982 GC heap after
{Heap after GC invocations=161 (full 2):
 PSYoungGen      total 3584K, used 672K [0x00000000eab00000, 0x00000000eaf80000, 0x0000000100000000)
  eden space 2560K, 0% used [0x00000000eab00000,0x00000000eab00000,0x00000000ead80000)
  from space 1024K, 65% used [0x00000000ead80000,0x00000000eae28000,0x00000000eae80000)
  to   space 1024K, 0% used [0x00000000eae80000,0x00000000eae80000,0x00000000eaf80000)
 ParOldGen       total 199168K, used 198767K [0x00000000c0000000, 0x00000000cc280000, 0x00000000eab00000)
  object space 199168K, 99% used [0x00000000c0000000,0x00000000cc21bfe8,0x00000000cc280000)
 Metaspace       used 57109K, committed 58368K, reserved 1114112K
  class space    used 5846K, committed 6400K, reserved 1048576K
}
Event: 9.997 GC heap before
{Heap before GC invocations=162 (full 2):
 PSYoungGen      total 3584K, used 3232K [0x00000000eab00000, 0x00000000eaf80000, 0x0000000100000000)
  eden space 2560K, 100% used [0x00000000eab00000,0x00000000ead80000,0x00000000ead80000)
  from space 1024K, 65% used [0x00000000ead80000,0x00000000eae28000,0x00000000eae80000)
  to   space 1024K, 0% used [0x00000000eae80000,0x00000000eae80000,0x00000000eaf80000)
 ParOldGen       total 199168K, used 198767K [0x00000000c0000000, 0x00000000cc280000, 0x00000000eab00000)
  object space 199168K, 99% used [0x00000000c0000000,0x00000000cc21bfe8,0x00000000cc280000)
 Metaspace       used 57146K, committed 58368K, reserved 1114112K
  class space    used 5846K, committed 6400K, reserved 1048576K
}
Event: 9.998 GC heap after
{Heap after GC invocations=162 (full 2):
 PSYoungGen      total 3584K, used 640K [0x00000000eab00000, 0x00000000eaf80000, 0x0000000100000000)
  eden space 2560K, 0% used [0x00000000eab00000,0x00000000eab00000,0x00000000ead80000)
  from space 1024K, 62% used [0x00000000eae80000,0x00000000eaf20000,0x00000000eaf80000)
  to   space 1024K, 0% used [0x00000000ead80000,0x00000000ead80000,0x00000000eae80000)
 ParOldGen       total 199680K, used 199251K [0x00000000c0000000, 0x00000000cc300000, 0x00000000eab00000)
  object space 199680K, 99% used [0x00000000c0000000,0x00000000cc294fa0,0x00000000cc300000)
 Metaspace       used 57146K, committed 58368K, reserved 1114112K
  class space    used 5846K, committed 6400K, reserved 1048576K
}
Event: 10.009 GC heap before
{Heap before GC invocations=163 (full 2):
 PSYoungGen      total 3584K, used 3200K [0x00000000eab00000, 0x00000000eaf80000, 0x0000000100000000)
  eden space 2560K, 100% used [0x00000000eab00000,0x00000000ead80000,0x00000000ead80000)
  from space 1024K, 62% used [0x00000000eae80000,0x00000000eaf20000,0x00000000eaf80000)
  to   space 1024K, 0% used [0x00000000ead80000,0x00000000ead80000,0x00000000eae80000)
 ParOldGen       total 199680K, used 199251K [0x00000000c0000000, 0x00000000cc300000, 0x00000000eab00000)
  object space 199680K, 99% used [0x00000000c0000000,0x00000000cc294fa0,0x00000000cc300000)
 Metaspace       used 57185K, committed 58432K, reserved 1114112K
  class space    used 5846K, committed 6400K, reserved 1048576K
}
Event: 10.010 GC heap after
{Heap after GC invocations=163 (full 2):
 PSYoungGen      total 3584K, used 576K [0x00000000eab00000, 0x00000000eaf80000, 0x0000000100000000)
  eden space 2560K, 0% used [0x00000000eab00000,0x00000000eab00000,0x00000000ead80000)
  from space 1024K, 56% used [0x00000000ead80000,0x00000000eae10000,0x00000000eae80000)
  to   space 1024K, 0% used [0x00000000eae80000,0x00000000eae80000,0x00000000eaf80000)
 ParOldGen       total 200192K, used 199746K [0x00000000c0000000, 0x00000000cc380000, 0x00000000eab00000)
  object space 200192K, 99% used [0x00000000c0000000,0x00000000cc310a68,0x00000000cc380000)
 Metaspace       used 57185K, committed 58432K, reserved 1114112K
  class space    used 5846K, committed 6400K, reserved 1048576K
}
Event: 10.023 GC heap before
{Heap before GC invocations=164 (full 2):
 PSYoungGen      total 3584K, used 3136K [0x00000000eab00000, 0x00000000eaf80000, 0x0000000100000000)
  eden space 2560K, 100% used [0x00000000eab00000,0x00000000ead80000,0x00000000ead80000)
  from space 1024K, 56% used [0x00000000ead80000,0x00000000eae10000,0x00000000eae80000)
  to   space 1024K, 0% used [0x00000000eae80000,0x00000000eae80000,0x00000000eaf80000)
 ParOldGen       total 200192K, used 199746K [0x00000000c0000000, 0x00000000cc380000, 0x00000000eab00000)
  object space 200192K, 99% used [0x00000000c0000000,0x00000000cc310a68,0x00000000cc380000)
 Metaspace       used 57199K, committed 58432K, reserved 1114112K
  class space    used 5846K, committed 6400K, reserved 1048576K
}
Event: 10.025 GC heap after
{Heap after GC invocations=164 (full 2):
 PSYoungGen      total 3584K, used 656K [0x00000000eab00000, 0x00000000eaf80000, 0x0000000100000000)
  eden space 2560K, 0% used [0x00000000eab00000,0x00000000eab00000,0x00000000ead80000)
  from space 1024K, 64% used [0x00000000eae80000,0x00000000eaf24308,0x00000000eaf80000)
  to   space 1024K, 0% used [0x00000000ead80000,0x00000000ead80000,0x00000000eae80000)
 ParOldGen       total 200704K, used 200204K [0x00000000c0000000, 0x00000000cc400000, 0x00000000eab00000)
  object space 200704K, 99% used [0x00000000c0000000,0x00000000cc383220,0x00000000cc400000)
 Metaspace       used 57199K, committed 58432K, reserved 1114112K
  class space    used 5846K, committed 6400K, reserved 1048576K
}
Event: 10.034 GC heap before
{Heap before GC invocations=165 (full 2):
 PSYoungGen      total 3584K, used 3216K [0x00000000eab00000, 0x00000000eaf80000, 0x0000000100000000)
  eden space 2560K, 100% used [0x00000000eab00000,0x00000000ead80000,0x00000000ead80000)
  from space 1024K, 64% used [0x00000000eae80000,0x00000000eaf24308,0x00000000eaf80000)
  to   space 1024K, 0% used [0x00000000ead80000,0x00000000ead80000,0x00000000eae80000)
 ParOldGen       total 200704K, used 200204K [0x00000000c0000000, 0x00000000cc400000, 0x00000000eab00000)
  object space 200704K, 99% used [0x00000000c0000000,0x00000000cc383220,0x00000000cc400000)
 Metaspace       used 57214K, committed 58432K, reserved 1114112K
  class space    used 5846K, committed 6400K, reserved 1048576K
}
Event: 10.036 GC heap after
{Heap after GC invocations=165 (full 2):
 PSYoungGen      total 3584K, used 666K [0x00000000eab00000, 0x00000000eaf80000, 0x0000000100000000)
  eden space 2560K, 0% used [0x00000000eab00000,0x00000000eab00000,0x00000000ead80000)
  from space 1024K, 65% used [0x00000000ead80000,0x00000000eae26900,0x00000000eae80000)
  to   space 1024K, 0% used [0x00000000eae80000,0x00000000eae80000,0x00000000eaf80000)
 ParOldGen       total 200704K, used 200661K [0x00000000c0000000, 0x00000000cc400000, 0x00000000eab00000)
  object space 200704K, 99% used [0x00000000c0000000,0x00000000cc3f5768,0x00000000cc400000)
 Metaspace       used 57214K, committed 58432K, reserved 1114112K
  class space    used 5846K, committed 6400K, reserved 1048576K
}

