# JRE version: OpenJDK Runtime Environment Temurin-21.0.5+11 (21.0.5+11) (build 21.0.5+11-LTS)
# Java VM: OpenJDK 64-Bit Server VM Temurin-21.0.5+11 (21.0.5+11-LTS, mixed mode, sharing, tiered, compressed oops, compressed class ptrs, parallel gc, windows-amd64)
GC Precious Log:
 CardTable entry size: 512
 CPUs: 16 total, 16 available
 Memory: 15613M
 Large Page Support: Disabled
 NUMA Support: Disabled
 Compressed Oops: Enabled (32-bit)
 Alignments: Space 512K, Generation 512K, Heap 2M
 Heap Min Capacity: 100M
 Heap Initial Capacity: 100M
 Heap Max Capacity: 1G
 Pre-touch: Disabled
 Parallel Workers: 13
Heap:
 PSYoungGen      total 8192K, used 4648K [0x00000000eab00000, 0x00000000eb680000, 0x0000000100000000)
  eden space 5632K, 43% used [0x00000000eab00000,0x00000000ead67d20,0x00000000eb080000)
  from space 2560K, 85% used [0x00000000eb300000,0x00000000eb522678,0x00000000eb580000)
  to   space 1024K, 0% used [0x00000000eb580000,0x00000000eb580000,0x00000000eb680000)
 ParOldGen       total 382464K, used 382219K [0x00000000c0000000, 0x00000000d7580000, 0x00000000eab00000)
  object space 382464K, 99% used [0x00000000c0000000,0x00000000d7542ff0,0x00000000d7580000)
 Metaspace       used 70905K, committed 72512K, reserved 1114112K
  class space    used 7802K, committed 8512K, reserved 1048576K
GC Heap History (20 events):
Event: 16.027 GC heap after
{Heap after GC invocations=288 (full 3):
 PSYoungGen      total 16384K, used 4581K [0x00000000eab00000, 0x00000000ec780000, 0x0000000100000000)
  eden space 11776K, 0% used [0x00000000eab00000,0x00000000eab00000,0x00000000eb680000)
  from space 4608K, 99% used [0x00000000eb900000,0x00000000ebd797a0,0x00000000ebd80000)
  to   space 8704K, 0% used [0x00000000ebf00000,0x00000000ebf00000,0x00000000ec780000)
 ParOldGen       total 332800K, used 332561K [0x00000000c0000000, 0x00000000d4500000, 0x00000000eab00000)
  object space 332800K, 99% used [0x00000000c0000000,0x00000000d44c4558,0x00000000d4500000)
 Metaspace       used 64332K, committed 65728K, reserved 1114112K
  class space    used 6838K, committed 7424K, reserved 1048576K
}
Event: 16.103 GC heap before
{Heap before GC invocations=289 (full 3):
 PSYoungGen      total 16384K, used 16357K [0x00000000eab00000, 0x00000000ec780000, 0x0000000100000000)
  eden space 11776K, 100% used [0x00000000eab00000,0x00000000eb680000,0x00000000eb680000)
  from space 4608K, 99% used [0x00000000eb900000,0x00000000ebd797a0,0x00000000ebd80000)
  to   space 8704K, 0% used [0x00000000ebf00000,0x00000000ebf00000,0x00000000ec780000)
 ParOldGen       total 332800K, used 332561K [0x00000000c0000000, 0x00000000d4500000, 0x00000000eab00000)
  object space 332800K, 99% used [0x00000000c0000000,0x00000000d44c4558,0x00000000d4500000)
 Metaspace       used 65033K, committed 66432K, reserved 1114112K
  class space    used 6959K, committed 7552K, reserved 1048576K
}
Event: 16.108 GC heap after
{Heap after GC invocations=289 (full 3):
 PSYoungGen      total 17408K, used 5139K [0x00000000eab00000, 0x00000000ec480000, 0x0000000100000000)
  eden space 11776K, 0% used [0x00000000eab00000,0x00000000eab00000,0x00000000eb680000)
  from space 5632K, 91% used [0x00000000ebf00000,0x00000000ec404d60,0x00000000ec480000)
  to   space 6144K, 0% used [0x00000000eb880000,0x00000000eb880000,0x00000000ebe80000)
 ParOldGen       total 336896K, used 336881K [0x00000000c0000000, 0x00000000d4900000, 0x00000000eab00000)
  object space 336896K, 99% used [0x00000000c0000000,0x00000000d48fc710,0x00000000d4900000)
 Metaspace       used 65033K, committed 66432K, reserved 1114112K
  class space    used 6959K, committed 7552K, reserved 1048576K
}
Event: 16.180 GC heap before
{Heap before GC invocations=290 (full 3):
 PSYoungGen      total 17408K, used 16915K [0x00000000eab00000, 0x00000000ec480000, 0x0000000100000000)
  eden space 11776K, 100% used [0x00000000eab00000,0x00000000eb680000,0x00000000eb680000)
  from space 5632K, 91% used [0x00000000ebf00000,0x00000000ec404d60,0x00000000ec480000)
  to   space 6144K, 0% used [0x00000000eb880000,0x00000000eb880000,0x00000000ebe80000)
 ParOldGen       total 336896K, used 336881K [0x00000000c0000000, 0x00000000d4900000, 0x00000000eab00000)
  object space 336896K, 99% used [0x00000000c0000000,0x00000000d48fc710,0x00000000d4900000)
 Metaspace       used 65849K, committed 67328K, reserved 1114112K
  class space    used 7084K, committed 7680K, reserved 1048576K
}
Event: 16.187 GC heap after
{Heap after GC invocations=290 (full 3):
 PSYoungGen      total 17408K, used 5191K [0x00000000eab00000, 0x00000000ec180000, 0x0000000100000000)
  eden space 11776K, 0% used [0x00000000eab00000,0x00000000eab00000,0x00000000eb680000)
  from space 5632K, 92% used [0x00000000eb880000,0x00000000ebd91e30,0x00000000ebe00000)
  to   space 3584K, 0% used [0x00000000ebe00000,0x00000000ebe00000,0x00000000ec180000)
 ParOldGen       total 342016K, used 341767K [0x00000000c0000000, 0x00000000d4e00000, 0x00000000eab00000)
  object space 342016K, 99% used [0x00000000c0000000,0x00000000d4dc1e90,0x00000000d4e00000)
 Metaspace       used 65849K, committed 67328K, reserved 1114112K
  class space    used 7084K, committed 7680K, reserved 1048576K
}
Event: 16.264 GC heap before
{Heap before GC invocations=291 (full 3):
 PSYoungGen      total 17408K, used 16967K [0x00000000eab00000, 0x00000000ec180000, 0x0000000100000000)
  eden space 11776K, 100% used [0x00000000eab00000,0x00000000eb680000,0x00000000eb680000)
  from space 5632K, 92% used [0x00000000eb880000,0x00000000ebd91e30,0x00000000ebe00000)
  to   space 3584K, 0% used [0x00000000ebe00000,0x00000000ebe00000,0x00000000ec180000)
 ParOldGen       total 342016K, used 341767K [0x00000000c0000000, 0x00000000d4e00000, 0x00000000eab00000)
  object space 342016K, 99% used [0x00000000c0000000,0x00000000d4dc1e90,0x00000000d4e00000)
 Metaspace       used 66626K, committed 68160K, reserved 1114112K
  class space    used 7218K, committed 7872K, reserved 1048576K
}
Event: 16.268 GC heap after
{Heap after GC invocations=291 (full 3):
 PSYoungGen      total 12800K, used 3577K [0x00000000eab00000, 0x00000000eca80000, 0x0000000100000000)
  eden space 9216K, 0% used [0x00000000eab00000,0x00000000eab00000,0x00000000eb400000)
  from space 3584K, 99% used [0x00000000ebe00000,0x00000000ec17e718,0x00000000ec180000)
  to   space 10240K, 0% used [0x00000000eb400000,0x00000000eb400000,0x00000000ebe00000)
 ParOldGen       total 348160K, used 347649K [0x00000000c0000000, 0x00000000d5400000, 0x00000000eab00000)
  object space 348160K, 99% used [0x00000000c0000000,0x00000000d5380448,0x00000000d5400000)
 Metaspace       used 66626K, committed 68160K, reserved 1114112K
  class space    used 7218K, committed 7872K, reserved 1048576K
}
Event: 16.327 GC heap before
{Heap before GC invocations=292 (full 3):
 PSYoungGen      total 12800K, used 12141K [0x00000000eab00000, 0x00000000eca80000, 0x0000000100000000)
  eden space 9216K, 92% used [0x00000000eab00000,0x00000000eb35d0b8,0x00000000eb400000)
  from space 3584K, 99% used [0x00000000ebe00000,0x00000000ec17e718,0x00000000ec180000)
  to   space 10240K, 0% used [0x00000000eb400000,0x00000000eb400000,0x00000000ebe00000)
 ParOldGen       total 349184K, used 348321K [0x00000000c0000000, 0x00000000d5500000, 0x00000000eab00000)
  object space 349184K, 99% used [0x00000000c0000000,0x00000000d5428448,0x00000000d5500000)
 Metaspace       used 67317K, committed 68864K, reserved 1114112K
  class space    used 7327K, committed 8000K, reserved 1048576K
}
Event: 16.333 GC heap after
{Heap after GC invocations=292 (full 3):
 PSYoungGen      total 12800K, used 3427K [0x00000000eab00000, 0x00000000ec180000, 0x0000000100000000)
  eden space 9216K, 0% used [0x00000000eab00000,0x00000000eab00000,0x00000000eb400000)
  from space 3584K, 95% used [0x00000000eb400000,0x00000000eb758cf0,0x00000000eb780000)
  to   space 5632K, 0% used [0x00000000ebc00000,0x00000000ebc00000,0x00000000ec180000)
 ParOldGen       total 352256K, used 351962K [0x00000000c0000000, 0x00000000d5800000, 0x00000000eab00000)
  object space 352256K, 99% used [0x00000000c0000000,0x00000000d57b6ae0,0x00000000d5800000)
 Metaspace       used 67317K, committed 68864K, reserved 1114112K
  class space    used 7327K, committed 8000K, reserved 1048576K
}
Event: 16.408 GC heap before
{Heap before GC invocations=293 (full 3):
 PSYoungGen      total 12800K, used 12643K [0x00000000eab00000, 0x00000000ec180000, 0x0000000100000000)
  eden space 9216K, 100% used [0x00000000eab00000,0x00000000eb400000,0x00000000eb400000)
  from space 3584K, 95% used [0x00000000eb400000,0x00000000eb758cf0,0x00000000eb780000)
  to   space 5632K, 0% used [0x00000000ebc00000,0x00000000ebc00000,0x00000000ec180000)
 ParOldGen       total 352256K, used 351965K [0x00000000c0000000, 0x00000000d5800000, 0x00000000eab00000)
  object space 352256K, 99% used [0x00000000c0000000,0x00000000d57b7590,0x00000000d5800000)
 Metaspace       used 67901K, committed 69440K, reserved 1114112K
  class space    used 7446K, committed 8128K, reserved 1048576K
}
Event: 16.415 GC heap after
{Heap after GC invocations=293 (full 3):
 PSYoungGen      total 13312K, used 3739K [0x00000000eab00000, 0x00000000ec000000, 0x0000000100000000)
  eden space 9216K, 0% used [0x00000000eab00000,0x00000000eab00000,0x00000000eb400000)
  from space 4096K, 91% used [0x00000000ebc00000,0x00000000ebfa6d78,0x00000000ec000000)
  to   space 4096K, 0% used [0x00000000eb800000,0x00000000eb800000,0x00000000ebc00000)
 ParOldGen       total 355328K, used 355276K [0x00000000c0000000, 0x00000000d5b00000, 0x00000000eab00000)
  object space 355328K, 99% used [0x00000000c0000000,0x00000000d5af33a0,0x00000000d5b00000)
 Metaspace       used 67901K, committed 69440K, reserved 1114112K
  class space    used 7446K, committed 8128K, reserved 1048576K
}
Event: 16.505 GC heap before
{Heap before GC invocations=294 (full 3):
 PSYoungGen      total 13312K, used 11626K [0x00000000eab00000, 0x00000000ec000000, 0x0000000100000000)
  eden space 9216K, 85% used [0x00000000eab00000,0x00000000eb2b3e10,0x00000000eb400000)
  from space 4096K, 91% used [0x00000000ebc00000,0x00000000ebfa6d78,0x00000000ec000000)
  to   space 4096K, 0% used [0x00000000eb800000,0x00000000eb800000,0x00000000ebc00000)
 ParOldGen       total 355328K, used 355276K [0x00000000c0000000, 0x00000000d5b00000, 0x00000000eab00000)
  object space 355328K, 99% used [0x00000000c0000000,0x00000000d5af33a0,0x00000000d5b00000)
 Metaspace       used 68245K, committed 69760K, reserved 1114112K
  class space    used 7483K, committed 8128K, reserved 1048576K
}
Event: 16.511 GC heap after
{Heap after GC invocations=294 (full 3):
 PSYoungGen      total 12800K, used 3511K [0x00000000eab00000, 0x00000000ebc80000, 0x0000000100000000)
  eden space 9216K, 0% used [0x00000000eab00000,0x00000000eab00000,0x00000000eb400000)
  from space 3584K, 97% used [0x00000000eb800000,0x00000000ebb6dfe0,0x00000000ebb80000)
  to   space 1024K, 0% used [0x00000000ebb80000,0x00000000ebb80000,0x00000000ebc80000)
 ParOldGen       total 358912K, used 358837K [0x00000000c0000000, 0x00000000d5e80000, 0x00000000eab00000)
  object space 358912K, 99% used [0x00000000c0000000,0x00000000d5e6d5f8,0x00000000d5e80000)
 Metaspace       used 68245K, committed 69760K, reserved 1114112K
  class space    used 7483K, committed 8128K, reserved 1048576K
}
Event: 16.612 GC heap before
{Heap before GC invocations=295 (full 3):
 PSYoungGen      total 12800K, used 12685K [0x00000000eab00000, 0x00000000ebc80000, 0x0000000100000000)
  eden space 9216K, 99% used [0x00000000eab00000,0x00000000eb3f5740,0x00000000eb400000)
  from space 3584K, 97% used [0x00000000eb800000,0x00000000ebb6dfe0,0x00000000ebb80000)
  to   space 1024K, 0% used [0x00000000ebb80000,0x00000000ebb80000,0x00000000ebc80000)
 ParOldGen       total 358912K, used 358837K [0x00000000c0000000, 0x00000000d5e80000, 0x00000000eab00000)
  object space 358912K, 99% used [0x00000000c0000000,0x00000000d5e6d5f8,0x00000000d5e80000)
 Metaspace       used 68770K, committed 70272K, reserved 1114112K
  class space    used 7555K, committed 8192K, reserved 1048576K
}
Event: 16.618 GC heap after
{Heap after GC invocations=295 (full 3):
 PSYoungGen      total 10240K, used 728K [0x00000000eab00000, 0x00000000ebc80000, 0x0000000100000000)
  eden space 9216K, 0% used [0x00000000eab00000,0x00000000eab00000,0x00000000eb400000)
  from space 1024K, 71% used [0x00000000ebb80000,0x00000000ebc361c8,0x00000000ebc80000)
  to   space 2048K, 0% used [0x00000000eb880000,0x00000000eb880000,0x00000000eba80000)
 ParOldGen       total 367616K, used 367393K [0x00000000c0000000, 0x00000000d6700000, 0x00000000eab00000)
  object space 367616K, 99% used [0x00000000c0000000,0x00000000d66c84b8,0x00000000d6700000)
 Metaspace       used 68770K, committed 70272K, reserved 1114112K
  class space    used 7555K, committed 8192K, reserved 1048576K
}
Event: 16.798 GC heap before
{Heap before GC invocations=296 (full 3):
 PSYoungGen      total 10240K, used 9941K [0x00000000eab00000, 0x00000000ebc80000, 0x0000000100000000)
  eden space 9216K, 99% used [0x00000000eab00000,0x00000000eb3ff500,0x00000000eb400000)
  from space 1024K, 71% used [0x00000000ebb80000,0x00000000ebc361c8,0x00000000ebc80000)
  to   space 2048K, 0% used [0x00000000eb880000,0x00000000eb880000,0x00000000eba80000)
 ParOldGen       total 367616K, used 367393K [0x00000000c0000000, 0x00000000d6700000, 0x00000000eab00000)
  object space 367616K, 99% used [0x00000000c0000000,0x00000000d66c84b8,0x00000000d6700000)
 Metaspace       used 69370K, committed 70912K, reserved 1114112K
  class space    used 7627K, committed 8320K, reserved 1048576K
}
Event: 16.804 GC heap after
{Heap after GC invocations=296 (full 3):
 PSYoungGen      total 11264K, used 2043K [0x00000000eab00000, 0x00000000ebf00000, 0x0000000100000000)
  eden space 9216K, 0% used [0x00000000eab00000,0x00000000eab00000,0x00000000eb400000)
  from space 2048K, 99% used [0x00000000eb880000,0x00000000eba7ef70,0x00000000eba80000)
  to   space 4608K, 0% used [0x00000000eba80000,0x00000000eba80000,0x00000000ebf00000)
 ParOldGen       total 370176K, used 369824K [0x00000000c0000000, 0x00000000d6980000, 0x00000000eab00000)
  object space 370176K, 99% used [0x00000000c0000000,0x00000000d6928188,0x00000000d6980000)
 Metaspace       used 69370K, committed 70912K, reserved 1114112K
  class space    used 7627K, committed 8320K, reserved 1048576K
}
Event: 16.923 GC heap before
{Heap before GC invocations=297 (full 3):
 PSYoungGen      total 11264K, used 11213K [0x00000000eab00000, 0x00000000ebf00000, 0x0000000100000000)
  eden space 9216K, 99% used [0x00000000eab00000,0x00000000eb3f46b0,0x00000000eb400000)
  from space 2048K, 99% used [0x00000000eb880000,0x00000000eba7ef70,0x00000000eba80000)
  to   space 4608K, 0% used [0x00000000eba80000,0x00000000eba80000,0x00000000ebf00000)
 ParOldGen       total 370176K, used 369824K [0x00000000c0000000, 0x00000000d6980000, 0x00000000eab00000)
  object space 370176K, 99% used [0x00000000c0000000,0x00000000d6928188,0x00000000d6980000)
 Metaspace       used 69794K, committed 71360K, reserved 1114112K
  class space    used 7683K, committed 8384K, reserved 1048576K
}
Event: 16.931 GC heap after
{Heap after GC invocations=297 (full 3):
 PSYoungGen      total 10240K, used 4577K [0x00000000eab00000, 0x00000000ec800000, 0x0000000100000000)
  eden space 5632K, 0% used [0x00000000eab00000,0x00000000eab00000,0x00000000eb080000)
  from space 4608K, 99% used [0x00000000eba80000,0x00000000ebef8700,0x00000000ebf00000)
  to   space 10240K, 0% used [0x00000000eb080000,0x00000000eb080000,0x00000000eba80000)
 ParOldGen       total 374272K, used 374145K [0x00000000c0000000, 0x00000000d6d80000, 0x00000000eab00000)
  object space 374272K, 99% used [0x00000000c0000000,0x00000000d6d60788,0x00000000d6d80000)
 Metaspace       used 69794K, committed 71360K, reserved 1114112K
  class space    used 7683K, committed 8384K, reserved 1048576K
}
Event: 17.009 GC heap before
{Heap before GC invocations=298 (full 3):
 PSYoungGen      total 10240K, used 10204K [0x00000000eab00000, 0x00000000ec800000, 0x0000000100000000)
  eden space 5632K, 99% used [0x00000000eab00000,0x00000000eb07e918,0x00000000eb080000)
  from space 4608K, 99% used [0x00000000eba80000,0x00000000ebef8700,0x00000000ebf00000)
  to   space 10240K, 0% used [0x00000000eb080000,0x00000000eb080000,0x00000000eba80000)
 ParOldGen       total 374272K, used 374145K [0x00000000c0000000, 0x00000000d6d80000, 0x00000000eab00000)
  object space 374272K, 99% used [0x00000000c0000000,0x00000000d6d60788,0x00000000d6d80000)
 Metaspace       used 70264K, committed 71936K, reserved 1114112K
  class space    used 7714K, committed 8448K, reserved 1048576K
}

