# JRE version: OpenJDK Runtime Environment Temurin-21.0.5+11 (21.0.5+11) (build 21.0.5+11-LTS)
# Java VM: OpenJDK 64-Bit Server VM Temurin-21.0.5+11 (21.0.5+11-LTS, mixed mode, sharing, tiered, compressed oops, compressed class ptrs, parallel gc, windows-amd64)
GC Precious Log:
 CardTable entry size: 512
 CPUs: 16 total, 16 available
 Memory: 15613M
 Large Page Support: Disabled
 NUMA Support: Disabled
 Compressed Oops: Enabled (32-bit)
 Alignments: Space 512K, Generation 512K, Heap 2M
 Heap Min Capacity: 100M
 Heap Initial Capacity: 100M
 Heap Max Capacity: 1G
 Pre-touch: Disabled
 Parallel Workers: 13
Heap:
 PSYoungGen      total 8704K, used 0K [0x00000000eab00000, 0x00000000eb500000, 0x0000000100000000)
  eden space 8192K, 0% used [0x00000000eab00000,0x00000000eab00000,0x00000000eb300000)
  from space 512K, 0% used [0x00000000eb480000,0x00000000eb480000,0x00000000eb500000)
  to   space 512K, 0% used [0x00000000eb300000,0x00000000eb300000,0x00000000eb380000)
 ParOldGen       total 442880K, used 442417K [0x00000000c0000000, 0x00000000db080000, 0x00000000eab00000)
  object space 442880K, 99% used [0x00000000c0000000,0x00000000db00c588,0x00000000db080000)
 Metaspace       used 71579K, committed 73216K, reserved 1114112K
  class space    used 7860K, committed 8576K, reserved 1048576K
GC Heap History (20 events):
Event: 429.621 GC heap before
{Heap before GC invocations=356 (full 3):
 PSYoungGen      total 5632K, used 5472K [0x00000000eab00000, 0x00000000eb100000, 0x0000000100000000)
  eden space 5120K, 100% used [0x00000000eab00000,0x00000000eb000000,0x00000000eb000000)
  from space 512K, 68% used [0x00000000eb080000,0x00000000eb0d8000,0x00000000eb100000)
  to   space 512K, 0% used [0x00000000eb000000,0x00000000eb000000,0x00000000eb080000)
 ParOldGen       total 405504K, used 404994K [0x00000000c0000000, 0x00000000d8c00000, 0x00000000eab00000)
  object space 405504K, 99% used [0x00000000c0000000,0x00000000d8b80b70,0x00000000d8c00000)
 Metaspace       used 71556K, committed 73216K, reserved 1114112K
  class space    used 7858K, committed 8576K, reserved 1048576K
}
Event: 429.623 GC heap after
{Heap after GC invocations=356 (full 3):
 PSYoungGen      total 5632K, used 507K [0x00000000eab00000, 0x00000000eb200000, 0x0000000100000000)
  eden space 5120K, 0% used [0x00000000eab00000,0x00000000eab00000,0x00000000eb000000)
  from space 512K, 99% used [0x00000000eb000000,0x00000000eb07ed80,0x00000000eb080000)
  to   space 1024K, 0% used [0x00000000eb100000,0x00000000eb100000,0x00000000eb200000)
 ParOldGen       total 405504K, used 405194K [0x00000000c0000000, 0x00000000d8c00000, 0x00000000eab00000)
  object space 405504K, 99% used [0x00000000c0000000,0x00000000d8bb2b70,0x00000000d8c00000)
 Metaspace       used 71556K, committed 73216K, reserved 1114112K
  class space    used 7858K, committed 8576K, reserved 1048576K
}
Event: 429.626 GC heap before
{Heap before GC invocations=357 (full 3):
 PSYoungGen      total 5632K, used 5627K [0x00000000eab00000, 0x00000000eb200000, 0x0000000100000000)
  eden space 5120K, 99% used [0x00000000eab00000,0x00000000eafffff8,0x00000000eb000000)
  from space 512K, 99% used [0x00000000eb000000,0x00000000eb07ed80,0x00000000eb080000)
  to   space 1024K, 0% used [0x00000000eb100000,0x00000000eb100000,0x00000000eb200000)
 ParOldGen       total 405504K, used 405199K [0x00000000c0000000, 0x00000000d8c00000, 0x00000000eab00000)
  object space 405504K, 99% used [0x00000000c0000000,0x00000000d8bb3ea0,0x00000000d8c00000)
 Metaspace       used 71556K, committed 73216K, reserved 1114112K
  class space    used 7858K, committed 8576K, reserved 1048576K
}
Event: 429.628 GC heap after
{Heap after GC invocations=357 (full 3):
 PSYoungGen      total 5632K, used 416K [0x00000000eab00000, 0x00000000eb180000, 0x0000000100000000)
  eden space 5120K, 0% used [0x00000000eab00000,0x00000000eab00000,0x00000000eb000000)
  from space 512K, 81% used [0x00000000eb100000,0x00000000eb168000,0x00000000eb180000)
  to   space 512K, 0% used [0x00000000eb000000,0x00000000eb000000,0x00000000eb080000)
 ParOldGen       total 405504K, used 405467K [0x00000000c0000000, 0x00000000d8c00000, 0x00000000eab00000)
  object space 405504K, 99% used [0x00000000c0000000,0x00000000d8bf6c20,0x00000000d8c00000)
 Metaspace       used 71556K, committed 73216K, reserved 1114112K
  class space    used 7858K, committed 8576K, reserved 1048576K
}
Event: 429.637 GC heap before
{Heap before GC invocations=358 (full 3):
 PSYoungGen      total 5632K, used 5536K [0x00000000eab00000, 0x00000000eb180000, 0x0000000100000000)
  eden space 5120K, 100% used [0x00000000eab00000,0x00000000eb000000,0x00000000eb000000)
  from space 512K, 81% used [0x00000000eb100000,0x00000000eb168000,0x00000000eb180000)
  to   space 512K, 0% used [0x00000000eb000000,0x00000000eb000000,0x00000000eb080000)
 ParOldGen       total 413184K, used 413129K [0x00000000c0000000, 0x00000000d9380000, 0x00000000eab00000)
  object space 413184K, 99% used [0x00000000c0000000,0x00000000d93724b0,0x00000000d9380000)
 Metaspace       used 71556K, committed 73216K, reserved 1114112K
  class space    used 7858K, committed 8576K, reserved 1048576K
}
Event: 429.638 GC heap after
{Heap after GC invocations=358 (full 3):
 PSYoungGen      total 5632K, used 384K [0x00000000eab00000, 0x00000000eb200000, 0x0000000100000000)
  eden space 5120K, 0% used [0x00000000eab00000,0x00000000eab00000,0x00000000eb000000)
  from space 512K, 75% used [0x00000000eb000000,0x00000000eb060000,0x00000000eb080000)
  to   space 512K, 0% used [0x00000000eb180000,0x00000000eb180000,0x00000000eb200000)
 ParOldGen       total 413696K, used 413345K [0x00000000c0000000, 0x00000000d9400000, 0x00000000eab00000)
  object space 413696K, 99% used [0x00000000c0000000,0x00000000d93a84b0,0x00000000d9400000)
 Metaspace       used 71556K, committed 73216K, reserved 1114112K
  class space    used 7858K, committed 8576K, reserved 1048576K
}
Event: 429.645 GC heap before
{Heap before GC invocations=359 (full 3):
 PSYoungGen      total 5632K, used 5504K [0x00000000eab00000, 0x00000000eb200000, 0x0000000100000000)
  eden space 5120K, 100% used [0x00000000eab00000,0x00000000eb000000,0x00000000eb000000)
  from space 512K, 75% used [0x00000000eb000000,0x00000000eb060000,0x00000000eb080000)
  to   space 512K, 0% used [0x00000000eb180000,0x00000000eb180000,0x00000000eb200000)
 ParOldGen       total 413696K, used 413345K [0x00000000c0000000, 0x00000000d9400000, 0x00000000eab00000)
  object space 413696K, 99% used [0x00000000c0000000,0x00000000d93a84b0,0x00000000d9400000)
 Metaspace       used 71560K, committed 73216K, reserved 1114112K
  class space    used 7858K, committed 8576K, reserved 1048576K
}
Event: 429.646 GC heap after
{Heap after GC invocations=359 (full 3):
 PSYoungGen      total 6144K, used 494K [0x00000000eab00000, 0x00000000eb300000, 0x0000000100000000)
  eden space 5632K, 0% used [0x00000000eab00000,0x00000000eab00000,0x00000000eb080000)
  from space 512K, 96% used [0x00000000eb180000,0x00000000eb1fb938,0x00000000eb200000)
  to   space 1024K, 0% used [0x00000000eb080000,0x00000000eb080000,0x00000000eb180000)
 ParOldGen       total 413696K, used 413553K [0x00000000c0000000, 0x00000000d9400000, 0x00000000eab00000)
  object space 413696K, 99% used [0x00000000c0000000,0x00000000d93dc4b0,0x00000000d9400000)
 Metaspace       used 71560K, committed 73216K, reserved 1114112K
  class space    used 7858K, committed 8576K, reserved 1048576K
}
Event: 429.652 GC heap before
{Heap before GC invocations=360 (full 3):
 PSYoungGen      total 6144K, used 6126K [0x00000000eab00000, 0x00000000eb300000, 0x0000000100000000)
  eden space 5632K, 100% used [0x00000000eab00000,0x00000000eb080000,0x00000000eb080000)
  from space 512K, 96% used [0x00000000eb180000,0x00000000eb1fb938,0x00000000eb200000)
  to   space 1024K, 0% used [0x00000000eb080000,0x00000000eb080000,0x00000000eb180000)
 ParOldGen       total 413696K, used 413553K [0x00000000c0000000, 0x00000000d9400000, 0x00000000eab00000)
  object space 413696K, 99% used [0x00000000c0000000,0x00000000d93dc4e8,0x00000000d9400000)
 Metaspace       used 71560K, committed 73216K, reserved 1114112K
  class space    used 7858K, committed 8576K, reserved 1048576K
}
Event: 429.655 GC heap after
{Heap after GC invocations=360 (full 3):
 PSYoungGen      total 6656K, used 256K [0x00000000eab00000, 0x00000000eb200000, 0x0000000100000000)
  eden space 5632K, 0% used [0x00000000eab00000,0x00000000eab00000,0x00000000eb080000)
  from space 1024K, 25% used [0x00000000eb080000,0x00000000eb0c0000,0x00000000eb180000)
  to   space 512K, 0% used [0x00000000eb180000,0x00000000eb180000,0x00000000eb200000)
 ParOldGen       total 414208K, used 413884K [0x00000000c0000000, 0x00000000d9480000, 0x00000000eab00000)
  object space 414208K, 99% used [0x00000000c0000000,0x00000000d942f3d8,0x00000000d9480000)
 Metaspace       used 71560K, committed 73216K, reserved 1114112K
  class space    used 7858K, committed 8576K, reserved 1048576K
}
Event: 429.659 GC heap before
{Heap before GC invocations=361 (full 3):
 PSYoungGen      total 6656K, used 5888K [0x00000000eab00000, 0x00000000eb200000, 0x0000000100000000)
  eden space 5632K, 100% used [0x00000000eab00000,0x00000000eb080000,0x00000000eb080000)
  from space 1024K, 25% used [0x00000000eb080000,0x00000000eb0c0000,0x00000000eb180000)
  to   space 512K, 0% used [0x00000000eb180000,0x00000000eb180000,0x00000000eb200000)
 ParOldGen       total 414208K, used 413888K [0x00000000c0000000, 0x00000000d9480000, 0x00000000eab00000)
  object space 414208K, 99% used [0x00000000c0000000,0x00000000d9430048,0x00000000d9480000)
 Metaspace       used 71560K, committed 73216K, reserved 1114112K
  class space    used 7858K, committed 8576K, reserved 1048576K
}
Event: 429.661 GC heap after
{Heap after GC invocations=361 (full 3):
 PSYoungGen      total 6656K, used 438K [0x00000000eab00000, 0x00000000eb300000, 0x0000000100000000)
  eden space 6144K, 0% used [0x00000000eab00000,0x00000000eab00000,0x00000000eb100000)
  from space 512K, 85% used [0x00000000eb180000,0x00000000eb1ed840,0x00000000eb200000)
  to   space 512K, 0% used [0x00000000eb100000,0x00000000eb100000,0x00000000eb180000)
 ParOldGen       total 414208K, used 414016K [0x00000000c0000000, 0x00000000d9480000, 0x00000000eab00000)
  object space 414208K, 99% used [0x00000000c0000000,0x00000000d9450048,0x00000000d9480000)
 Metaspace       used 71560K, committed 73216K, reserved 1114112K
  class space    used 7858K, committed 8576K, reserved 1048576K
}
Event: 429.676 GC heap before
{Heap before GC invocations=362 (full 3):
 PSYoungGen      total 6656K, used 6582K [0x00000000eab00000, 0x00000000eb300000, 0x0000000100000000)
  eden space 6144K, 100% used [0x00000000eab00000,0x00000000eb100000,0x00000000eb100000)
  from space 512K, 85% used [0x00000000eb180000,0x00000000eb1ed840,0x00000000eb200000)
  to   space 512K, 0% used [0x00000000eb100000,0x00000000eb100000,0x00000000eb180000)
 ParOldGen       total 429568K, used 429336K [0x00000000c0000000, 0x00000000da380000, 0x00000000eab00000)
  object space 429568K, 99% used [0x00000000c0000000,0x00000000da346058,0x00000000da380000)
 Metaspace       used 71560K, committed 73216K, reserved 1114112K
  class space    used 7858K, committed 8576K, reserved 1048576K
}
Event: 429.677 GC heap after
{Heap after GC invocations=362 (full 3):
 PSYoungGen      total 6656K, used 339K [0x00000000eab00000, 0x00000000eb380000, 0x0000000100000000)
  eden space 6144K, 0% used [0x00000000eab00000,0x00000000eab00000,0x00000000eb100000)
  from space 512K, 66% used [0x00000000eb100000,0x00000000eb154f80,0x00000000eb180000)
  to   space 512K, 0% used [0x00000000eb300000,0x00000000eb300000,0x00000000eb380000)
 ParOldGen       total 430080K, used 429584K [0x00000000c0000000, 0x00000000da400000, 0x00000000eab00000)
  object space 430080K, 99% used [0x00000000c0000000,0x00000000da384058,0x00000000da400000)
 Metaspace       used 71560K, committed 73216K, reserved 1114112K
  class space    used 7858K, committed 8576K, reserved 1048576K
}
Event: 429.682 GC heap before
{Heap before GC invocations=363 (full 3):
 PSYoungGen      total 6656K, used 6483K [0x00000000eab00000, 0x00000000eb380000, 0x0000000100000000)
  eden space 6144K, 100% used [0x00000000eab00000,0x00000000eb100000,0x00000000eb100000)
  from space 512K, 66% used [0x00000000eb100000,0x00000000eb154f80,0x00000000eb180000)
  to   space 512K, 0% used [0x00000000eb300000,0x00000000eb300000,0x00000000eb380000)
 ParOldGen       total 430080K, used 429584K [0x00000000c0000000, 0x00000000da400000, 0x00000000eab00000)
  object space 430080K, 99% used [0x00000000c0000000,0x00000000da384068,0x00000000da400000)
 Metaspace       used 71560K, committed 73216K, reserved 1114112K
  class space    used 7858K, committed 8576K, reserved 1048576K
}
Event: 429.684 GC heap after
{Heap after GC invocations=363 (full 3):
 PSYoungGen      total 8192K, used 384K [0x00000000eab00000, 0x00000000eb380000, 0x0000000100000000)
  eden space 7680K, 0% used [0x00000000eab00000,0x00000000eab00000,0x00000000eb280000)
  from space 512K, 75% used [0x00000000eb300000,0x00000000eb360000,0x00000000eb380000)
  to   space 512K, 0% used [0x00000000eb280000,0x00000000eb280000,0x00000000eb300000)
 ParOldGen       total 430080K, used 429776K [0x00000000c0000000, 0x00000000da400000, 0x00000000eab00000)
  object space 430080K, 99% used [0x00000000c0000000,0x00000000da3b4068,0x00000000da400000)
 Metaspace       used 71560K, committed 73216K, reserved 1114112K
  class space    used 7858K, committed 8576K, reserved 1048576K
}
Event: 429.692 GC heap before
{Heap before GC invocations=364 (full 3):
 PSYoungGen      total 8192K, used 8064K [0x00000000eab00000, 0x00000000eb380000, 0x0000000100000000)
  eden space 7680K, 100% used [0x00000000eab00000,0x00000000eb280000,0x00000000eb280000)
  from space 512K, 75% used [0x00000000eb300000,0x00000000eb360000,0x00000000eb380000)
  to   space 512K, 0% used [0x00000000eb280000,0x00000000eb280000,0x00000000eb300000)
 ParOldGen       total 430080K, used 429779K [0x00000000c0000000, 0x00000000da400000, 0x00000000eab00000)
  object space 430080K, 99% used [0x00000000c0000000,0x00000000da3b4f70,0x00000000da400000)
 Metaspace       used 71561K, committed 73216K, reserved 1114112K
  class space    used 7858K, committed 8576K, reserved 1048576K
}
Event: 429.693 GC heap after
{Heap after GC invocations=364 (full 3):
 PSYoungGen      total 8192K, used 507K [0x00000000eab00000, 0x00000000eb480000, 0x0000000100000000)
  eden space 7680K, 0% used [0x00000000eab00000,0x00000000eab00000,0x00000000eb280000)
  from space 512K, 99% used [0x00000000eb280000,0x00000000eb2feee8,0x00000000eb300000)
  to   space 1024K, 0% used [0x00000000eb380000,0x00000000eb380000,0x00000000eb480000)
 ParOldGen       total 430080K, used 429979K [0x00000000c0000000, 0x00000000da400000, 0x00000000eab00000)
  object space 430080K, 99% used [0x00000000c0000000,0x00000000da3e6f70,0x00000000da400000)
 Metaspace       used 71561K, committed 73216K, reserved 1114112K
  class space    used 7858K, committed 8576K, reserved 1048576K
}
Event: 429.698 GC heap before
{Heap before GC invocations=365 (full 3):
 PSYoungGen      total 8192K, used 8187K [0x00000000eab00000, 0x00000000eb480000, 0x0000000100000000)
  eden space 7680K, 100% used [0x00000000eab00000,0x00000000eb280000,0x00000000eb280000)
  from space 512K, 99% used [0x00000000eb280000,0x00000000eb2feee8,0x00000000eb300000)
  to   space 1024K, 0% used [0x00000000eb380000,0x00000000eb380000,0x00000000eb480000)
 ParOldGen       total 430080K, used 429982K [0x00000000c0000000, 0x00000000da400000, 0x00000000eab00000)
  object space 430080K, 99% used [0x00000000c0000000,0x00000000da3e7948,0x00000000da400000)
 Metaspace       used 71564K, committed 73216K, reserved 1114112K
  class space    used 7858K, committed 8576K, reserved 1048576K
}
Event: 429.699 GC heap after
{Heap after GC invocations=365 (full 3):
 PSYoungGen      total 8704K, used 640K [0x00000000eab00000, 0x00000000eb480000, 0x0000000100000000)
  eden space 7680K, 0% used [0x00000000eab00000,0x00000000eab00000,0x00000000eb280000)
  from space 1024K, 62% used [0x00000000eb380000,0x00000000eb420288,0x00000000eb480000)
  to   space 1024K, 0% used [0x00000000eb280000,0x00000000eb280000,0x00000000eb380000)
 ParOldGen       total 430592K, used 430301K [0x00000000c0000000, 0x00000000da480000, 0x00000000eab00000)
  object space 430592K, 99% used [0x00000000c0000000,0x00000000da4375e8,0x00000000da480000)
 Metaspace       used 71564K, committed 73216K, reserved 1114112K
  class space    used 7858K, committed 8576K, reserved 1048576K
}

