# JRE version: Java(TM) SE Runtime Environment (17.0.9+11) (build 17.0.9+11-LTS-201)
# Java VM: Java HotSpot(TM) 64-Bit Server VM (17.0.9+11-LTS-201, mixed mode, sharing, tiered, compressed oops, compressed class ptrs, g1 gc, windows-amd64)
GC Precious Log:
 CPUs: 16 total, 16 available
 Memory: 15613M
 Large Page Support: Disabled
 NUMA Support: Disabled
 Compressed Oops: Enabled (Zero based)
 Heap Region Size: 2M
 Heap Min Capacity: 8M
 Heap Initial Capacity: 244M
 Heap Max Capacity: 3904M
 Pre-touch: Disabled
 Parallel Workers: 13
 Concurrent Workers: 3
 Concurrent Refinement Workers: 13
 Periodic GC: Disabled
Heap:
 garbage-first heap   total 153600K, used 57188K [0x000000070c000000, 0x0000000800000000)
  region size 2048K, 22 young (45056K), 1 survivors (2048K)
 Metaspace       used 34692K, committed 35136K, reserved 1114112K
  class space    used 4352K, committed 4544K, reserved 1048576K
GC Heap History (12 events):
Event: 0.514 GC heap before
{Heap before GC invocations=0 (full 0):
 garbage-first heap   total 249856K, used 20480K [0x000000070c000000, 0x0000000800000000)
  region size 2048K, 11 young (22528K), 0 survivors (0K)
 Metaspace       used 7250K, committed 7424K, reserved 1114112K
  class space    used 799K, committed 896K, reserved 1048576K
}
Event: 0.518 GC heap after
{Heap after GC invocations=1 (full 0):
 garbage-first heap   total 249856K, used 7535K [0x000000070c000000, 0x0000000800000000)
  region size 2048K, 2 young (4096K), 2 survivors (4096K)
 Metaspace       used 7250K, committed 7424K, reserved 1114112K
  class space    used 799K, committed 896K, reserved 1048576K
}
Event: 0.795 GC heap before
{Heap before GC invocations=1 (full 0):
 garbage-first heap   total 249856K, used 30063K [0x000000070c000000, 0x0000000800000000)
  region size 2048K, 13 young (26624K), 2 survivors (4096K)
 Metaspace       used 12046K, committed 12416K, reserved 1114112K
  class space    used 1479K, committed 1664K, reserved 1048576K
}
Event: 0.800 GC heap after
{Heap after GC invocations=2 (full 0):
 garbage-first heap   total 249856K, used 9479K [0x000000070c000000, 0x0000000800000000)
  region size 2048K, 1 young (2048K), 1 survivors (2048K)
 Metaspace       used 12046K, committed 12416K, reserved 1114112K
  class space    used 1479K, committed 1664K, reserved 1048576K
}
Event: 1.151 GC heap before
{Heap before GC invocations=2 (full 0):
 garbage-first heap   total 249856K, used 52487K [0x000000070c000000, 0x0000000800000000)
  region size 2048K, 24 young (49152K), 1 survivors (2048K)
 Metaspace       used 21250K, committed 21504K, reserved 1114112K
  class space    used 2588K, committed 2688K, reserved 1048576K
}
Event: 1.154 GC heap after
{Heap after GC invocations=3 (full 0):
 garbage-first heap   total 249856K, used 13320K [0x000000070c000000, 0x0000000800000000)
  region size 2048K, 3 young (6144K), 3 survivors (6144K)
 Metaspace       used 21250K, committed 21504K, reserved 1114112K
  class space    used 2588K, committed 2688K, reserved 1048576K
}
Event: 1.488 GC heap before
{Heap before GC invocations=4 (full 0):
 garbage-first heap   total 55296K, used 37896K [0x000000070c000000, 0x0000000800000000)
  region size 2048K, 16 young (32768K), 3 survivors (6144K)
 Metaspace       used 23809K, committed 24064K, reserved 1114112K
  class space    used 2908K, committed 3008K, reserved 1048576K
}
Event: 1.494 GC heap after
{Heap after GC invocations=5 (full 0):
 garbage-first heap   total 55296K, used 14679K [0x000000070c000000, 0x0000000800000000)
  region size 2048K, 1 young (2048K), 1 survivors (2048K)
 Metaspace       used 23809K, committed 24064K, reserved 1114112K
  class space    used 2908K, committed 3008K, reserved 1048576K
}
Event: 1.526 GC heap before
{Heap before GC invocations=5 (full 0):
 garbage-first heap   total 55296K, used 16727K [0x000000070c000000, 0x0000000800000000)
  region size 2048K, 2 young (4096K), 1 survivors (2048K)
 Metaspace       used 24131K, committed 24448K, reserved 1114112K
  class space    used 2946K, committed 3072K, reserved 1048576K
}
Event: 1.531 GC heap after
{Heap after GC invocations=6 (full 0):
 garbage-first heap   total 55296K, used 14815K [0x000000070c000000, 0x0000000800000000)
  region size 2048K, 1 young (2048K), 1 survivors (2048K)
 Metaspace       used 24131K, committed 24448K, reserved 1114112K
  class space    used 2946K, committed 3072K, reserved 1048576K
}
Event: 1.808 GC heap before
{Heap before GC invocations=6 (full 0):
 garbage-first heap   total 55296K, used 35295K [0x000000070c000000, 0x0000000800000000)
  region size 2048K, 11 young (22528K), 1 survivors (2048K)
 Metaspace       used 27270K, committed 27648K, reserved 1114112K
  class space    used 3408K, committed 3584K, reserved 1048576K
}
Event: 1.813 GC heap after
{Heap after GC invocations=7 (full 0):
 garbage-first heap   total 153600K, used 16228K [0x000000070c000000, 0x0000000800000000)
  region size 2048K, 1 young (2048K), 1 survivors (2048K)
 Metaspace       used 27270K, committed 27648K, reserved 1114112K
  class space    used 3408K, committed 3584K, reserved 1048576K
}

