# JRE version: OpenJDK Runtime Environment Temurin-21.0.6+7 (21.0.6+7) (build 21.0.6+7-LTS)
# Java VM: OpenJDK 64-Bit Server VM Temurin-21.0.6+7 (21.0.6+7-LTS, mixed mode, sharing, tiered, compressed oops, compressed class ptrs, parallel gc, windows-amd64)
GC Precious Log:
 CardTable entry size: 512
 CPUs: 16 total, 16 available
 Memory: 15613M
 Large Page Support: Disabled
 NUMA Support: Disabled
 Compressed Oops: Enabled (32-bit)
 Alignments: Space 512K, Generation 512K, Heap 2M
 Heap Min Capacity: 100M
 Heap Initial Capacity: 100M
 Heap Max Capacity: 1G
 Pre-touch: Disabled
 Parallel Workers: 13
Heap:
 PSYoungGen      total 6144K, used 3271K [0x00000000eab00000, 0x00000000eb500000, 0x0000000100000000)
  eden space 4096K, 30% used [0x00000000eab00000,0x00000000eac354a0,0x00000000eaf00000)
  from space 2048K, 99% used [0x00000000eb300000,0x00000000eb4fc9d0,0x00000000eb500000)
  to   space 3072K, 0% used [0x00000000eb000000,0x00000000eb000000,0x00000000eb300000)
 ParOldGen       total 402944K, used 402571K [0x00000000c0000000, 0x00000000d8980000, 0x00000000eab00000)
  object space 402944K, 99% used [0x00000000c0000000,0x00000000d8922eb8,0x00000000d8980000)
 Metaspace       used 80862K, committed 82560K, reserved 1179648K
  class space    used 9272K, committed 9984K, reserved 1048576K
GC Heap History (20 events):
Event: 47.770 GC heap before
{Heap before GC invocations=1891 (full 3):
 PSYoungGen      total 3584K, used 3456K [0x00000000eab00000, 0x00000000eb000000, 0x0000000100000000)
  eden space 3072K, 100% used [0x00000000eab00000,0x00000000eae00000,0x00000000eae00000)
  from space 512K, 75% used [0x00000000eaf80000,0x00000000eafe0000,0x00000000eb000000)
  to   space 1024K, 0% used [0x00000000eae00000,0x00000000eae00000,0x00000000eaf00000)
 ParOldGen       total 381440K, used 380991K [0x00000000c0000000, 0x00000000d7480000, 0x00000000eab00000)
  object space 381440K, 99% used [0x00000000c0000000,0x00000000d740fec8,0x00000000d7480000)
 Metaspace       used 80835K, committed 82432K, reserved 1179648K
  class space    used 9268K, committed 9984K, reserved 1048576K
}
Event: 47.772 GC heap after
{Heap after GC invocations=1891 (full 3):
 PSYoungGen      total 4096K, used 160K [0x00000000eab00000, 0x00000000eb000000, 0x0000000100000000)
  eden space 3072K, 0% used [0x00000000eab00000,0x00000000eab00000,0x00000000eae00000)
  from space 1024K, 15% used [0x00000000eae00000,0x00000000eae28000,0x00000000eaf00000)
  to   space 512K, 0% used [0x00000000eaf80000,0x00000000eaf80000,0x00000000eb000000)
 ParOldGen       total 381440K, used 381143K [0x00000000c0000000, 0x00000000d7480000, 0x00000000eab00000)
  object space 381440K, 99% used [0x00000000c0000000,0x00000000d7435ee8,0x00000000d7480000)
 Metaspace       used 80835K, committed 82432K, reserved 1179648K
  class space    used 9268K, committed 9984K, reserved 1048576K
}
Event: 47.795 GC heap before
{Heap before GC invocations=1892 (full 3):
 PSYoungGen      total 4096K, used 3232K [0x00000000eab00000, 0x00000000eb000000, 0x0000000100000000)
  eden space 3072K, 100% used [0x00000000eab00000,0x00000000eae00000,0x00000000eae00000)
  from space 1024K, 15% used [0x00000000eae00000,0x00000000eae28000,0x00000000eaf00000)
  to   space 512K, 0% used [0x00000000eaf80000,0x00000000eaf80000,0x00000000eb000000)
 ParOldGen       total 381440K, used 381143K [0x00000000c0000000, 0x00000000d7480000, 0x00000000eab00000)
  object space 381440K, 99% used [0x00000000c0000000,0x00000000d7435ee8,0x00000000d7480000)
 Metaspace       used 80835K, committed 82432K, reserved 1179648K
  class space    used 9268K, committed 9984K, reserved 1048576K
}
Event: 47.796 GC heap after
{Heap after GC invocations=1892 (full 3):
 PSYoungGen      total 3584K, used 192K [0x00000000eab00000, 0x00000000eb000000, 0x0000000100000000)
  eden space 3072K, 0% used [0x00000000eab00000,0x00000000eab00000,0x00000000eae00000)
  from space 512K, 37% used [0x00000000eaf80000,0x00000000eafb0000,0x00000000eb000000)
  to   space 512K, 0% used [0x00000000eaf00000,0x00000000eaf00000,0x00000000eaf80000)
 ParOldGen       total 381440K, used 381175K [0x00000000c0000000, 0x00000000d7480000, 0x00000000eab00000)
  object space 381440K, 99% used [0x00000000c0000000,0x00000000d743dee8,0x00000000d7480000)
 Metaspace       used 80835K, committed 82432K, reserved 1179648K
  class space    used 9268K, committed 9984K, reserved 1048576K
}
Event: 48.943 GC heap before
{Heap before GC invocations=1893 (full 3):
 PSYoungGen      total 3584K, used 3264K [0x00000000eab00000, 0x00000000eb000000, 0x0000000100000000)
  eden space 3072K, 100% used [0x00000000eab00000,0x00000000eae00000,0x00000000eae00000)
  from space 512K, 37% used [0x00000000eaf80000,0x00000000eafb0000,0x00000000eb000000)
  to   space 512K, 0% used [0x00000000eaf00000,0x00000000eaf00000,0x00000000eaf80000)
 ParOldGen       total 381440K, used 381175K [0x00000000c0000000, 0x00000000d7480000, 0x00000000eab00000)
  object space 381440K, 99% used [0x00000000c0000000,0x00000000d743dee8,0x00000000d7480000)
 Metaspace       used 80852K, committed 82560K, reserved 1179648K
  class space    used 9270K, committed 9984K, reserved 1048576K
}
Event: 48.945 GC heap after
{Heap after GC invocations=1893 (full 3):
 PSYoungGen      total 3584K, used 448K [0x00000000eab00000, 0x00000000eb000000, 0x0000000100000000)
  eden space 3072K, 0% used [0x00000000eab00000,0x00000000eab00000,0x00000000eae00000)
  from space 512K, 87% used [0x00000000eaf00000,0x00000000eaf70000,0x00000000eaf80000)
  to   space 512K, 0% used [0x00000000eaf80000,0x00000000eaf80000,0x00000000eb000000)
 ParOldGen       total 381440K, used 381183K [0x00000000c0000000, 0x00000000d7480000, 0x00000000eab00000)
  object space 381440K, 99% used [0x00000000c0000000,0x00000000d743fee8,0x00000000d7480000)
 Metaspace       used 80852K, committed 82560K, reserved 1179648K
  class space    used 9270K, committed 9984K, reserved 1048576K
}
Event: 48.967 GC heap before
{Heap before GC invocations=1894 (full 3):
 PSYoungGen      total 3584K, used 3185K [0x00000000eab00000, 0x00000000eb000000, 0x0000000100000000)
  eden space 3072K, 89% used [0x00000000eab00000,0x00000000eadac5c8,0x00000000eae00000)
  from space 512K, 87% used [0x00000000eaf00000,0x00000000eaf70000,0x00000000eaf80000)
  to   space 512K, 0% used [0x00000000eaf80000,0x00000000eaf80000,0x00000000eb000000)
 ParOldGen       total 381440K, used 381183K [0x00000000c0000000, 0x00000000d7480000, 0x00000000eab00000)
  object space 381440K, 99% used [0x00000000c0000000,0x00000000d743fee8,0x00000000d7480000)
 Metaspace       used 80862K, committed 82560K, reserved 1179648K
  class space    used 9272K, committed 9984K, reserved 1048576K
}
Event: 48.969 GC heap after
{Heap after GC invocations=1894 (full 3):
 PSYoungGen      total 3584K, used 224K [0x00000000eab00000, 0x00000000eb000000, 0x0000000100000000)
  eden space 3072K, 0% used [0x00000000eab00000,0x00000000eab00000,0x00000000eae00000)
  from space 512K, 43% used [0x00000000eaf80000,0x00000000eafb8000,0x00000000eb000000)
  to   space 512K, 0% used [0x00000000eaf00000,0x00000000eaf00000,0x00000000eaf80000)
 ParOldGen       total 381440K, used 381263K [0x00000000c0000000, 0x00000000d7480000, 0x00000000eab00000)
  object space 381440K, 99% used [0x00000000c0000000,0x00000000d7453ee8,0x00000000d7480000)
 Metaspace       used 80862K, committed 82560K, reserved 1179648K
  class space    used 9272K, committed 9984K, reserved 1048576K
}
Event: 48.976 GC heap before
{Heap before GC invocations=1895 (full 3):
 PSYoungGen      total 3584K, used 3296K [0x00000000eab00000, 0x00000000eb000000, 0x0000000100000000)
  eden space 3072K, 100% used [0x00000000eab00000,0x00000000eae00000,0x00000000eae00000)
  from space 512K, 43% used [0x00000000eaf80000,0x00000000eafb8000,0x00000000eb000000)
  to   space 512K, 0% used [0x00000000eaf00000,0x00000000eaf00000,0x00000000eaf80000)
 ParOldGen       total 381440K, used 381263K [0x00000000c0000000, 0x00000000d7480000, 0x00000000eab00000)
  object space 381440K, 99% used [0x00000000c0000000,0x00000000d7453ee8,0x00000000d7480000)
 Metaspace       used 80862K, committed 82560K, reserved 1179648K
  class space    used 9272K, committed 9984K, reserved 1048576K
}
Event: 48.978 GC heap after
{Heap after GC invocations=1895 (full 3):
 PSYoungGen      total 3584K, used 512K [0x00000000eab00000, 0x00000000eb500000, 0x0000000100000000)
  eden space 3072K, 0% used [0x00000000eab00000,0x00000000eab00000,0x00000000eae00000)
  from space 512K, 100% used [0x00000000eaf00000,0x00000000eaf80000,0x00000000eaf80000)
  to   space 3584K, 0% used [0x00000000eb180000,0x00000000eb180000,0x00000000eb500000)
 ParOldGen       total 384000K, used 383779K [0x00000000c0000000, 0x00000000d7700000, 0x00000000eab00000)
  object space 384000K, 99% used [0x00000000c0000000,0x00000000d76c8fd8,0x00000000d7700000)
 Metaspace       used 80862K, committed 82560K, reserved 1179648K
  class space    used 9272K, committed 9984K, reserved 1048576K
}
Event: 48.983 GC heap before
{Heap before GC invocations=1896 (full 3):
 PSYoungGen      total 3584K, used 3584K [0x00000000eab00000, 0x00000000eb500000, 0x0000000100000000)
  eden space 3072K, 100% used [0x00000000eab00000,0x00000000eae00000,0x00000000eae00000)
  from space 512K, 100% used [0x00000000eaf00000,0x00000000eaf80000,0x00000000eaf80000)
  to   space 3584K, 0% used [0x00000000eb180000,0x00000000eb180000,0x00000000eb500000)
 ParOldGen       total 384000K, used 383779K [0x00000000c0000000, 0x00000000d7700000, 0x00000000eab00000)
  object space 384000K, 99% used [0x00000000c0000000,0x00000000d76c8fd8,0x00000000d7700000)
 Metaspace       used 80862K, committed 82560K, reserved 1179648K
  class space    used 9272K, committed 9984K, reserved 1048576K
}
Event: 48.985 GC heap after
{Heap after GC invocations=1896 (full 3):
 PSYoungGen      total 6144K, used 2573K [0x00000000eab00000, 0x00000000eb480000, 0x0000000100000000)
  eden space 3072K, 0% used [0x00000000eab00000,0x00000000eab00000,0x00000000eae00000)
  from space 3072K, 83% used [0x00000000eb180000,0x00000000eb403510,0x00000000eb480000)
  to   space 3072K, 0% used [0x00000000eae80000,0x00000000eae80000,0x00000000eb180000)
 ParOldGen       total 384512K, used 384307K [0x00000000c0000000, 0x00000000d7780000, 0x00000000eab00000)
  object space 384512K, 99% used [0x00000000c0000000,0x00000000d774cfd8,0x00000000d7780000)
 Metaspace       used 80862K, committed 82560K, reserved 1179648K
  class space    used 9272K, committed 9984K, reserved 1048576K
}
Event: 48.993 GC heap before
{Heap before GC invocations=1897 (full 3):
 PSYoungGen      total 6144K, used 5645K [0x00000000eab00000, 0x00000000eb480000, 0x0000000100000000)
  eden space 3072K, 100% used [0x00000000eab00000,0x00000000eae00000,0x00000000eae00000)
  from space 3072K, 83% used [0x00000000eb180000,0x00000000eb403510,0x00000000eb480000)
  to   space 3072K, 0% used [0x00000000eae80000,0x00000000eae80000,0x00000000eb180000)
 ParOldGen       total 384512K, used 384307K [0x00000000c0000000, 0x00000000d7780000, 0x00000000eab00000)
  object space 384512K, 99% used [0x00000000c0000000,0x00000000d774cfd8,0x00000000d7780000)
 Metaspace       used 80862K, committed 82560K, reserved 1179648K
  class space    used 9272K, committed 9984K, reserved 1048576K
}
Event: 48.996 GC heap after
{Heap after GC invocations=1897 (full 3):
 PSYoungGen      total 6144K, used 3072K [0x00000000eab00000, 0x00000000eba00000, 0x0000000100000000)
  eden space 3072K, 0% used [0x00000000eab00000,0x00000000eab00000,0x00000000eae00000)
  from space 3072K, 100% used [0x00000000eae80000,0x00000000eb180000,0x00000000eb180000)
  to   space 6144K, 0% used [0x00000000eb400000,0x00000000eb400000,0x00000000eba00000)
 ParOldGen       total 387072K, used 386721K [0x00000000c0000000, 0x00000000d7a00000, 0x00000000eab00000)
  object space 387072K, 99% used [0x00000000c0000000,0x00000000d79a84e8,0x00000000d7a00000)
 Metaspace       used 80862K, committed 82560K, reserved 1179648K
  class space    used 9272K, committed 9984K, reserved 1048576K
}
Event: 49.003 GC heap before
{Heap before GC invocations=1898 (full 3):
 PSYoungGen      total 6144K, used 6144K [0x00000000eab00000, 0x00000000eba00000, 0x0000000100000000)
  eden space 3072K, 100% used [0x00000000eab00000,0x00000000eae00000,0x00000000eae00000)
  from space 3072K, 100% used [0x00000000eae80000,0x00000000eb180000,0x00000000eb180000)
  to   space 6144K, 0% used [0x00000000eb400000,0x00000000eb400000,0x00000000eba00000)
 ParOldGen       total 387072K, used 386721K [0x00000000c0000000, 0x00000000d7a00000, 0x00000000eab00000)
  object space 387072K, 99% used [0x00000000c0000000,0x00000000d79a84e8,0x00000000d7a00000)
 Metaspace       used 80862K, committed 82560K, reserved 1179648K
  class space    used 9272K, committed 9984K, reserved 1048576K
}
Event: 49.006 GC heap after
{Heap after GC invocations=1898 (full 3):
 PSYoungGen      total 7168K, used 3072K [0x00000000eab00000, 0x00000000eb700000, 0x0000000100000000)
  eden space 4096K, 0% used [0x00000000eab00000,0x00000000eab00000,0x00000000eaf00000)
  from space 3072K, 100% used [0x00000000eb400000,0x00000000eb700000,0x00000000eb700000)
  to   space 4096K, 0% used [0x00000000eaf00000,0x00000000eaf00000,0x00000000eb300000)
 ParOldGen       total 390144K, used 389697K [0x00000000c0000000, 0x00000000d7d00000, 0x00000000eab00000)
  object space 390144K, 99% used [0x00000000c0000000,0x00000000d7c904e8,0x00000000d7d00000)
 Metaspace       used 80862K, committed 82560K, reserved 1179648K
  class space    used 9272K, committed 9984K, reserved 1048576K
}
Event: 49.018 GC heap before
{Heap before GC invocations=1899 (full 3):
 PSYoungGen      total 7168K, used 7168K [0x00000000eab00000, 0x00000000eb700000, 0x0000000100000000)
  eden space 4096K, 100% used [0x00000000eab00000,0x00000000eaf00000,0x00000000eaf00000)
  from space 3072K, 100% used [0x00000000eb400000,0x00000000eb700000,0x00000000eb700000)
  to   space 4096K, 0% used [0x00000000eaf00000,0x00000000eaf00000,0x00000000eb300000)
 ParOldGen       total 390144K, used 389697K [0x00000000c0000000, 0x00000000d7d00000, 0x00000000eab00000)
  object space 390144K, 99% used [0x00000000c0000000,0x00000000d7c904e8,0x00000000d7d00000)
 Metaspace       used 80862K, committed 82560K, reserved 1179648K
  class space    used 9272K, committed 9984K, reserved 1048576K
}
Event: 49.022 GC heap after
{Heap after GC invocations=1899 (full 3):
 PSYoungGen      total 8192K, used 3909K [0x00000000eab00000, 0x00000000eb800000, 0x0000000100000000)
  eden space 4096K, 0% used [0x00000000eab00000,0x00000000eab00000,0x00000000eaf00000)
  from space 4096K, 95% used [0x00000000eaf00000,0x00000000eb2d1400,0x00000000eb300000)
  to   space 4096K, 0% used [0x00000000eb400000,0x00000000eb400000,0x00000000eb800000)
 ParOldGen       total 392704K, used 392641K [0x00000000c0000000, 0x00000000d7f80000, 0x00000000eab00000)
  object space 392704K, 99% used [0x00000000c0000000,0x00000000d7f704e8,0x00000000d7f80000)
 Metaspace       used 80862K, committed 82560K, reserved 1179648K
  class space    used 9272K, committed 9984K, reserved 1048576K
}
Event: 49.061 GC heap before
{Heap before GC invocations=1900 (full 3):
 PSYoungGen      total 8192K, used 8005K [0x00000000eab00000, 0x00000000eb800000, 0x0000000100000000)
  eden space 4096K, 100% used [0x00000000eab00000,0x00000000eaf00000,0x00000000eaf00000)
  from space 4096K, 95% used [0x00000000eaf00000,0x00000000eb2d1400,0x00000000eb300000)
  to   space 4096K, 0% used [0x00000000eb400000,0x00000000eb400000,0x00000000eb800000)
 ParOldGen       total 392704K, used 392641K [0x00000000c0000000, 0x00000000d7f80000, 0x00000000eab00000)
  object space 392704K, 99% used [0x00000000c0000000,0x00000000d7f704e8,0x00000000d7f80000)
 Metaspace       used 80862K, committed 82560K, reserved 1179648K
  class space    used 9272K, committed 9984K, reserved 1048576K
}
Event: 49.066 GC heap after
{Heap after GC invocations=1900 (full 3):
 PSYoungGen      total 7168K, used 2760K [0x00000000eab00000, 0x00000000eb700000, 0x0000000100000000)
  eden space 4096K, 0% used [0x00000000eab00000,0x00000000eab00000,0x00000000eaf00000)
  from space 3072K, 89% used [0x00000000eb400000,0x00000000eb6b2000,0x00000000eb700000)
  to   space 3584K, 0% used [0x00000000eb000000,0x00000000eb000000,0x00000000eb380000)
 ParOldGen       total 396800K, used 396329K [0x00000000c0000000, 0x00000000d8380000, 0x00000000eab00000)
  object space 396800K, 99% used [0x00000000c0000000,0x00000000d830a4e8,0x00000000d8380000)
 Metaspace       used 80862K, committed 82560K, reserved 1179648K
  class space    used 9272K, committed 9984K, reserved 1048576K
}

