# JRE version: OpenJDK Runtime Environment Temurin-21.0.6+7 (21.0.6+7) (build 21.0.6+7-LTS)
# Java VM: OpenJDK 64-Bit Server VM Temurin-21.0.6+7 (21.0.6+7-LTS, mixed mode, sharing, tiered, compressed oops, compressed class ptrs, parallel gc, windows-amd64)
GC Precious Log:
 CardTable entry size: 512
 CPUs: 16 total, 16 available
 Memory: 15613M
 Large Page Support: Disabled
 NUMA Support: Disabled
 Compressed Oops: Enabled (32-bit)
 Alignments: Space 512K, Generation 512K, Heap 2M
 Heap Min Capacity: 100M
 Heap Initial Capacity: 100M
 Heap Max Capacity: 1G
 Pre-touch: Disabled
 Parallel Workers: 13
Heap:
 PSYoungGen      total 22016K, used 10624K [0x00000000eab00000, 0x00000000ec300000, 0x0000000100000000)
  eden space 20480K, 44% used [0x00000000eab00000,0x00000000eb3fc068,0x00000000ebf00000)
  from space 1536K, 92% used [0x00000000ec180000,0x00000000ec2e4030,0x00000000ec300000)
  to   space 2048K, 0% used [0x00000000ebf00000,0x00000000ebf00000,0x00000000ec100000)
 ParOldGen       total 68608K, used 34194K [0x00000000c0000000, 0x00000000c4300000, 0x00000000eab00000)
  object space 68608K, 49% used [0x00000000c0000000,0x00000000c21648b0,0x00000000c4300000)
 Metaspace       used 44066K, committed 45184K, reserved 1114112K
  class space    used 4251K, committed 4736K, reserved 1048576K
GC Heap History (20 events):
Event: 3.707 GC heap before
{Heap before GC invocations=17 (full 1):
 PSYoungGen      total 24064K, used 23823K [0x00000000eab00000, 0x00000000ec500000, 0x0000000100000000)
  eden space 21504K, 99% used [0x00000000eab00000,0x00000000ebff5c98,0x00000000ec000000)
  from space 2560K, 92% used [0x00000000ec080000,0x00000000ec2ce200,0x00000000ec300000)
  to   space 2048K, 0% used [0x00000000ec300000,0x00000000ec300000,0x00000000ec500000)
 ParOldGen       total 68608K, used 27221K [0x00000000c0000000, 0x00000000c4300000, 0x00000000eab00000)
  object space 68608K, 39% used [0x00000000c0000000,0x00000000c1a954c8,0x00000000c4300000)
 Metaspace       used 34755K, committed 35840K, reserved 1114112K
  class space    used 3441K, committed 3904K, reserved 1048576K
}
Event: 3.709 GC heap after
{Heap after GC invocations=17 (full 1):
 PSYoungGen      total 23040K, used 1268K [0x00000000eab00000, 0x00000000ec480000, 0x0000000100000000)
  eden space 21504K, 0% used [0x00000000eab00000,0x00000000eab00000,0x00000000ec000000)
  from space 1536K, 82% used [0x00000000ec300000,0x00000000ec43d3c8,0x00000000ec480000)
  to   space 2048K, 0% used [0x00000000ec080000,0x00000000ec080000,0x00000000ec280000)
 ParOldGen       total 68608K, used 29426K [0x00000000c0000000, 0x00000000c4300000, 0x00000000eab00000)
  object space 68608K, 42% used [0x00000000c0000000,0x00000000c1cbca20,0x00000000c4300000)
 Metaspace       used 34755K, committed 35840K, reserved 1114112K
  class space    used 3441K, committed 3904K, reserved 1048576K
}
Event: 3.774 GC heap before
{Heap before GC invocations=18 (full 1):
 PSYoungGen      total 23040K, used 6860K [0x00000000eab00000, 0x00000000ec480000, 0x0000000100000000)
  eden space 21504K, 26% used [0x00000000eab00000,0x00000000eb075cd8,0x00000000ec000000)
  from space 1536K, 82% used [0x00000000ec300000,0x00000000ec43d3c8,0x00000000ec480000)
  to   space 2048K, 0% used [0x00000000ec080000,0x00000000ec080000,0x00000000ec280000)
 ParOldGen       total 68608K, used 29426K [0x00000000c0000000, 0x00000000c4300000, 0x00000000eab00000)
  object space 68608K, 42% used [0x00000000c0000000,0x00000000c1cbca20,0x00000000c4300000)
 Metaspace       used 34831K, committed 35840K, reserved 1114112K
  class space    used 3472K, committed 3904K, reserved 1048576K
}
Event: 3.775 GC heap after
{Heap after GC invocations=18 (full 1):
 PSYoungGen      total 23552K, used 288K [0x00000000eab00000, 0x00000000ec380000, 0x0000000100000000)
  eden space 21504K, 0% used [0x00000000eab00000,0x00000000eab00000,0x00000000ec000000)
  from space 2048K, 14% used [0x00000000ec080000,0x00000000ec0c8010,0x00000000ec280000)
  to   space 1024K, 0% used [0x00000000ec280000,0x00000000ec280000,0x00000000ec380000)
 ParOldGen       total 68608K, used 30617K [0x00000000c0000000, 0x00000000c4300000, 0x00000000eab00000)
  object space 68608K, 44% used [0x00000000c0000000,0x00000000c1de6758,0x00000000c4300000)
 Metaspace       used 34831K, committed 35840K, reserved 1114112K
  class space    used 3472K, committed 3904K, reserved 1048576K
}
Event: 3.775 GC heap before
{Heap before GC invocations=19 (full 2):
 PSYoungGen      total 23552K, used 288K [0x00000000eab00000, 0x00000000ec380000, 0x0000000100000000)
  eden space 21504K, 0% used [0x00000000eab00000,0x00000000eab00000,0x00000000ec000000)
  from space 2048K, 14% used [0x00000000ec080000,0x00000000ec0c8010,0x00000000ec280000)
  to   space 1024K, 0% used [0x00000000ec280000,0x00000000ec280000,0x00000000ec380000)
 ParOldGen       total 68608K, used 30617K [0x00000000c0000000, 0x00000000c4300000, 0x00000000eab00000)
  object space 68608K, 44% used [0x00000000c0000000,0x00000000c1de6758,0x00000000c4300000)
 Metaspace       used 34831K, committed 35840K, reserved 1114112K
  class space    used 3472K, committed 3904K, reserved 1048576K
}
Event: 3.819 GC heap after
{Heap after GC invocations=19 (full 2):
 PSYoungGen      total 23552K, used 0K [0x00000000eab00000, 0x00000000ec380000, 0x0000000100000000)
  eden space 21504K, 0% used [0x00000000eab00000,0x00000000eab00000,0x00000000ec000000)
  from space 2048K, 0% used [0x00000000ec080000,0x00000000ec080000,0x00000000ec280000)
  to   space 1024K, 0% used [0x00000000ec280000,0x00000000ec280000,0x00000000ec380000)
 ParOldGen       total 68608K, used 28898K [0x00000000c0000000, 0x00000000c4300000, 0x00000000eab00000)
  object space 68608K, 42% used [0x00000000c0000000,0x00000000c1c38b90,0x00000000c4300000)
 Metaspace       used 34670K, committed 35840K, reserved 1114112K
  class space    used 3427K, committed 3904K, reserved 1048576K
}
Event: 4.176 GC heap before
{Heap before GC invocations=20 (full 2):
 PSYoungGen      total 23552K, used 21504K [0x00000000eab00000, 0x00000000ec380000, 0x0000000100000000)
  eden space 21504K, 100% used [0x00000000eab00000,0x00000000ec000000,0x00000000ec000000)
  from space 2048K, 0% used [0x00000000ec080000,0x00000000ec080000,0x00000000ec280000)
  to   space 1024K, 0% used [0x00000000ec280000,0x00000000ec280000,0x00000000ec380000)
 ParOldGen       total 68608K, used 28898K [0x00000000c0000000, 0x00000000c4300000, 0x00000000eab00000)
  object space 68608K, 42% used [0x00000000c0000000,0x00000000c1c38b90,0x00000000c4300000)
 Metaspace       used 36198K, committed 37184K, reserved 1114112K
  class space    used 3565K, committed 3968K, reserved 1048576K
}
Event: 4.177 GC heap after
{Heap after GC invocations=20 (full 2):
 PSYoungGen      total 22528K, used 800K [0x00000000eab00000, 0x00000000ec380000, 0x0000000100000000)
  eden space 21504K, 0% used [0x00000000eab00000,0x00000000eab00000,0x00000000ec000000)
  from space 1024K, 78% used [0x00000000ec280000,0x00000000ec348020,0x00000000ec380000)
  to   space 1024K, 0% used [0x00000000ec180000,0x00000000ec180000,0x00000000ec280000)
 ParOldGen       total 68608K, used 28906K [0x00000000c0000000, 0x00000000c4300000, 0x00000000eab00000)
  object space 68608K, 42% used [0x00000000c0000000,0x00000000c1c3ab90,0x00000000c4300000)
 Metaspace       used 36198K, committed 37184K, reserved 1114112K
  class space    used 3565K, committed 3968K, reserved 1048576K
}
Event: 4.282 GC heap before
{Heap before GC invocations=21 (full 2):
 PSYoungGen      total 22528K, used 22304K [0x00000000eab00000, 0x00000000ec380000, 0x0000000100000000)
  eden space 21504K, 100% used [0x00000000eab00000,0x00000000ec000000,0x00000000ec000000)
  from space 1024K, 78% used [0x00000000ec280000,0x00000000ec348020,0x00000000ec380000)
  to   space 1024K, 0% used [0x00000000ec180000,0x00000000ec180000,0x00000000ec280000)
 ParOldGen       total 68608K, used 28906K [0x00000000c0000000, 0x00000000c4300000, 0x00000000eab00000)
  object space 68608K, 42% used [0x00000000c0000000,0x00000000c1c3ab90,0x00000000c4300000)
 Metaspace       used 36520K, committed 37440K, reserved 1114112K
  class space    used 3592K, committed 3968K, reserved 1048576K
}
Event: 4.284 GC heap after
{Heap after GC invocations=21 (full 2):
 PSYoungGen      total 22528K, used 992K [0x00000000eab00000, 0x00000000ec400000, 0x0000000100000000)
  eden space 21504K, 0% used [0x00000000eab00000,0x00000000eab00000,0x00000000ec000000)
  from space 1024K, 96% used [0x00000000ec180000,0x00000000ec2781f8,0x00000000ec280000)
  to   space 1536K, 0% used [0x00000000ec280000,0x00000000ec280000,0x00000000ec400000)
 ParOldGen       total 68608K, used 29410K [0x00000000c0000000, 0x00000000c4300000, 0x00000000eab00000)
  object space 68608K, 42% used [0x00000000c0000000,0x00000000c1cb8b90,0x00000000c4300000)
 Metaspace       used 36520K, committed 37440K, reserved 1114112K
  class space    used 3592K, committed 3968K, reserved 1048576K
}
Event: 4.427 GC heap before
{Heap before GC invocations=22 (full 2):
 PSYoungGen      total 22528K, used 22492K [0x00000000eab00000, 0x00000000ec400000, 0x0000000100000000)
  eden space 21504K, 99% used [0x00000000eab00000,0x00000000ebfff0e8,0x00000000ec000000)
  from space 1024K, 96% used [0x00000000ec180000,0x00000000ec2781f8,0x00000000ec280000)
  to   space 1536K, 0% used [0x00000000ec280000,0x00000000ec280000,0x00000000ec400000)
 ParOldGen       total 68608K, used 29410K [0x00000000c0000000, 0x00000000c4300000, 0x00000000eab00000)
  object space 68608K, 42% used [0x00000000c0000000,0x00000000c1cb8b90,0x00000000c4300000)
 Metaspace       used 37822K, committed 38720K, reserved 1114112K
  class space    used 3717K, committed 4096K, reserved 1048576K
}
Event: 4.428 GC heap after
{Heap after GC invocations=22 (full 2):
 PSYoungGen      total 22528K, used 891K [0x00000000eab00000, 0x00000000ec380000, 0x0000000100000000)
  eden space 21504K, 0% used [0x00000000eab00000,0x00000000eab00000,0x00000000ec000000)
  from space 1024K, 87% used [0x00000000ec280000,0x00000000ec35ec00,0x00000000ec380000)
  to   space 1536K, 0% used [0x00000000ec080000,0x00000000ec080000,0x00000000ec200000)
 ParOldGen       total 68608K, used 29570K [0x00000000c0000000, 0x00000000c4300000, 0x00000000eab00000)
  object space 68608K, 43% used [0x00000000c0000000,0x00000000c1ce0b90,0x00000000c4300000)
 Metaspace       used 37822K, committed 38720K, reserved 1114112K
  class space    used 3717K, committed 4096K, reserved 1048576K
}
Event: 5.108 GC heap before
{Heap before GC invocations=23 (full 2):
 PSYoungGen      total 22528K, used 22395K [0x00000000eab00000, 0x00000000ec380000, 0x0000000100000000)
  eden space 21504K, 100% used [0x00000000eab00000,0x00000000ec000000,0x00000000ec000000)
  from space 1024K, 87% used [0x00000000ec280000,0x00000000ec35ec00,0x00000000ec380000)
  to   space 1536K, 0% used [0x00000000ec080000,0x00000000ec080000,0x00000000ec200000)
 ParOldGen       total 68608K, used 29570K [0x00000000c0000000, 0x00000000c4300000, 0x00000000eab00000)
  object space 68608K, 43% used [0x00000000c0000000,0x00000000c1ce0b90,0x00000000c4300000)
 Metaspace       used 39443K, committed 40448K, reserved 1114112K
  class space    used 3878K, committed 4288K, reserved 1048576K
}
Event: 5.109 GC heap after
{Heap after GC invocations=23 (full 2):
 PSYoungGen      total 23040K, used 1170K [0x00000000eab00000, 0x00000000ec300000, 0x0000000100000000)
  eden space 21504K, 0% used [0x00000000eab00000,0x00000000eab00000,0x00000000ec000000)
  from space 1536K, 76% used [0x00000000ec080000,0x00000000ec1a4870,0x00000000ec200000)
  to   space 1024K, 0% used [0x00000000ec200000,0x00000000ec200000,0x00000000ec300000)
 ParOldGen       total 68608K, used 29906K [0x00000000c0000000, 0x00000000c4300000, 0x00000000eab00000)
  object space 68608K, 43% used [0x00000000c0000000,0x00000000c1d34b90,0x00000000c4300000)
 Metaspace       used 39443K, committed 40448K, reserved 1114112K
  class space    used 3878K, committed 4288K, reserved 1048576K
}
Event: 5.424 GC heap before
{Heap before GC invocations=24 (full 2):
 PSYoungGen      total 23040K, used 22674K [0x00000000eab00000, 0x00000000ec300000, 0x0000000100000000)
  eden space 21504K, 100% used [0x00000000eab00000,0x00000000ec000000,0x00000000ec000000)
  from space 1536K, 76% used [0x00000000ec080000,0x00000000ec1a4870,0x00000000ec200000)
  to   space 1024K, 0% used [0x00000000ec200000,0x00000000ec200000,0x00000000ec300000)
 ParOldGen       total 68608K, used 29906K [0x00000000c0000000, 0x00000000c4300000, 0x00000000eab00000)
  object space 68608K, 43% used [0x00000000c0000000,0x00000000c1d34b90,0x00000000c4300000)
 Metaspace       used 41181K, committed 42240K, reserved 1114112K
  class space    used 4054K, committed 4544K, reserved 1048576K
}
Event: 5.426 GC heap after
{Heap after GC invocations=24 (full 2):
 PSYoungGen      total 21504K, used 1006K [0x00000000eab00000, 0x00000000ec600000, 0x0000000100000000)
  eden space 20480K, 0% used [0x00000000eab00000,0x00000000eab00000,0x00000000ebf00000)
  from space 1024K, 98% used [0x00000000ec200000,0x00000000ec2fba60,0x00000000ec300000)
  to   space 3072K, 0% used [0x00000000ebf00000,0x00000000ebf00000,0x00000000ec200000)
 ParOldGen       total 68608K, used 31483K [0x00000000c0000000, 0x00000000c4300000, 0x00000000eab00000)
  object space 68608K, 45% used [0x00000000c0000000,0x00000000c1ebeff8,0x00000000c4300000)
 Metaspace       used 41181K, committed 42240K, reserved 1114112K
  class space    used 4054K, committed 4544K, reserved 1048576K
}
Event: 5.665 GC heap before
{Heap before GC invocations=25 (full 2):
 PSYoungGen      total 21504K, used 21486K [0x00000000eab00000, 0x00000000ec600000, 0x0000000100000000)
  eden space 20480K, 100% used [0x00000000eab00000,0x00000000ebf00000,0x00000000ebf00000)
  from space 1024K, 98% used [0x00000000ec200000,0x00000000ec2fba60,0x00000000ec300000)
  to   space 3072K, 0% used [0x00000000ebf00000,0x00000000ebf00000,0x00000000ec200000)
 ParOldGen       total 68608K, used 31483K [0x00000000c0000000, 0x00000000c4300000, 0x00000000eab00000)
  object space 68608K, 45% used [0x00000000c0000000,0x00000000c1ebeff8,0x00000000c4300000)
 Metaspace       used 42485K, committed 43584K, reserved 1114112K
  class space    used 4161K, committed 4672K, reserved 1048576K
}
Event: 5.667 GC heap after
{Heap after GC invocations=25 (full 2):
 PSYoungGen      total 22528K, used 1944K [0x00000000eab00000, 0x00000000ec400000, 0x0000000100000000)
  eden space 20480K, 0% used [0x00000000eab00000,0x00000000eab00000,0x00000000ebf00000)
  from space 2048K, 94% used [0x00000000ebf00000,0x00000000ec0e6018,0x00000000ec100000)
  to   space 2560K, 0% used [0x00000000ec180000,0x00000000ec180000,0x00000000ec400000)
 ParOldGen       total 68608K, used 32469K [0x00000000c0000000, 0x00000000c4300000, 0x00000000eab00000)
  object space 68608K, 47% used [0x00000000c0000000,0x00000000c1fb5748,0x00000000c4300000)
 Metaspace       used 42485K, committed 43584K, reserved 1114112K
  class space    used 4161K, committed 4672K, reserved 1048576K
}
Event: 5.828 GC heap before
{Heap before GC invocations=26 (full 2):
 PSYoungGen      total 22528K, used 22424K [0x00000000eab00000, 0x00000000ec400000, 0x0000000100000000)
  eden space 20480K, 100% used [0x00000000eab00000,0x00000000ebf00000,0x00000000ebf00000)
  from space 2048K, 94% used [0x00000000ebf00000,0x00000000ec0e6018,0x00000000ec100000)
  to   space 2560K, 0% used [0x00000000ec180000,0x00000000ec180000,0x00000000ec400000)
 ParOldGen       total 68608K, used 32469K [0x00000000c0000000, 0x00000000c4300000, 0x00000000eab00000)
  object space 68608K, 47% used [0x00000000c0000000,0x00000000c1fb5748,0x00000000c4300000)
 Metaspace       used 43784K, committed 44928K, reserved 1114112K
  class space    used 4241K, committed 4736K, reserved 1048576K
}
Event: 5.830 GC heap after
{Heap after GC invocations=26 (full 2):
 PSYoungGen      total 22016K, used 1424K [0x00000000eab00000, 0x00000000ec300000, 0x0000000100000000)
  eden space 20480K, 0% used [0x00000000eab00000,0x00000000eab00000,0x00000000ebf00000)
  from space 1536K, 92% used [0x00000000ec180000,0x00000000ec2e4030,0x00000000ec300000)
  to   space 2048K, 0% used [0x00000000ebf00000,0x00000000ebf00000,0x00000000ec100000)
 ParOldGen       total 68608K, used 34194K [0x00000000c0000000, 0x00000000c4300000, 0x00000000eab00000)
  object space 68608K, 49% used [0x00000000c0000000,0x00000000c21648b0,0x00000000c4300000)
 Metaspace       used 43784K, committed 44928K, reserved 1114112K
  class space    used 4241K, committed 4736K, reserved 1048576K
}

