# JRE version: Java(TM) SE Runtime Environment (17.0.9+11) (build 17.0.9+11-LTS-201)
# Java VM: Java HotSpot(TM) 64-Bit Server VM (17.0.9+11-LTS-201, mixed mode, sharing, tiered, compressed oops, compressed class ptrs, g1 gc, windows-amd64)
GC Precious Log:
 CPUs: 12 total, 12 available
 Memory: 15722M
 Large Page Support: Disabled
 NUMA Support: Disabled
 Compressed Oops: Enabled (Zero based)
 Heap Region Size: 2M
 Heap Min Capacity: 8M
 Heap Initial Capacity: 246M
 Heap Max Capacity: 3932M
 Pre-touch: Disabled
 Parallel Workers: 10
 Concurrent Workers: 3
 Concurrent Refinement Workers: 10
 Periodic GC: Disabled
Heap:
 garbage-first heap   total 96256K, used 52195K [0x000000070a400000, 0x0000000800000000)
  region size 2048K, 7 young (14336K), 1 survivors (2048K)
 Metaspace       used 84083K, committed 84800K, reserved 1179648K
  class space    used 11214K, committed 11584K, reserved 1048576K
GC Heap History (20 events):
Event: 31.164 GC heap before
{Heap before GC invocations=17 (full 0):
 garbage-first heap   total 81920K, used 63879K [0x000000070a400000, 0x0000000800000000)
  region size 2048K, 19 young (38912K), 3 survivors (6144K)
 Metaspace       used 74222K, committed 74816K, reserved 1114112K
  class space    used 10103K, committed 10368K, reserved 1048576K
}
Event: 31.172 GC heap after
{Heap after GC invocations=18 (full 0):
 garbage-first heap   total 81920K, used 32877K [0x000000070a400000, 0x0000000800000000)
  region size 2048K, 2 young (4096K), 2 survivors (4096K)
 Metaspace       used 74222K, committed 74816K, reserved 1114112K
  class space    used 10103K, committed 10368K, reserved 1048576K
}
Event: 37.708 GC heap before
{Heap before GC invocations=18 (full 0):
 garbage-first heap   total 81920K, used 61549K [0x000000070a400000, 0x0000000800000000)
  region size 2048K, 17 young (34816K), 2 survivors (4096K)
 Metaspace       used 77498K, committed 78144K, reserved 1179648K
  class space    used 10572K, committed 10880K, reserved 1048576K
}
Event: 37.713 GC heap after
{Heap after GC invocations=19 (full 0):
 garbage-first heap   total 81920K, used 33338K [0x000000070a400000, 0x0000000800000000)
  region size 2048K, 2 young (4096K), 2 survivors (4096K)
 Metaspace       used 77498K, committed 78144K, reserved 1179648K
  class space    used 10572K, committed 10880K, reserved 1048576K
}
Event: 116.974 GC heap before
{Heap before GC invocations=19 (full 0):
 garbage-first heap   total 81920K, used 66106K [0x000000070a400000, 0x0000000800000000)
  region size 2048K, 18 young (36864K), 2 survivors (4096K)
 Metaspace       used 78595K, committed 79232K, reserved 1179648K
  class space    used 10689K, committed 11008K, reserved 1048576K
}
Event: 116.977 GC heap after
{Heap after GC invocations=20 (full 0):
 garbage-first heap   total 81920K, used 34393K [0x000000070a400000, 0x0000000800000000)
  region size 2048K, 2 young (4096K), 2 survivors (4096K)
 Metaspace       used 78595K, committed 79232K, reserved 1179648K
  class space    used 10689K, committed 11008K, reserved 1048576K
}
Event: 117.125 GC heap before
{Heap before GC invocations=20 (full 0):
 garbage-first heap   total 81920K, used 67161K [0x000000070a400000, 0x0000000800000000)
  region size 2048K, 18 young (36864K), 2 survivors (4096K)
 Metaspace       used 78854K, committed 79488K, reserved 1179648K
  class space    used 10714K, committed 11008K, reserved 1048576K
}
Event: 117.137 GC heap after
{Heap after GC invocations=21 (full 0):
 garbage-first heap   total 81920K, used 39979K [0x000000070a400000, 0x0000000800000000)
  region size 2048K, 3 young (6144K), 3 survivors (6144K)
 Metaspace       used 78854K, committed 79488K, reserved 1179648K
  class space    used 10714K, committed 11008K, reserved 1048576K
}
Event: 117.250 GC heap before
{Heap before GC invocations=21 (full 0):
 garbage-first heap   total 81920K, used 62507K [0x000000070a400000, 0x0000000800000000)
  region size 2048K, 14 young (28672K), 3 survivors (6144K)
 Metaspace       used 78937K, committed 79616K, reserved 1179648K
  class space    used 10725K, committed 11072K, reserved 1048576K
}
Event: 117.255 GC heap after
{Heap after GC invocations=22 (full 0):
 garbage-first heap   total 81920K, used 42135K [0x000000070a400000, 0x0000000800000000)
  region size 2048K, 2 young (4096K), 2 survivors (4096K)
 Metaspace       used 78937K, committed 79616K, reserved 1179648K
  class space    used 10725K, committed 11072K, reserved 1048576K
}
Event: 117.389 GC heap before
{Heap before GC invocations=22 (full 0):
 garbage-first heap   total 81920K, used 62615K [0x000000070a400000, 0x0000000800000000)
  region size 2048K, 12 young (24576K), 2 survivors (4096K)
 Metaspace       used 78956K, committed 79616K, reserved 1179648K
  class space    used 10727K, committed 11072K, reserved 1048576K
}
Event: 117.391 GC heap after
{Heap after GC invocations=23 (full 0):
 garbage-first heap   total 81920K, used 40800K [0x000000070a400000, 0x0000000800000000)
  region size 2048K, 1 young (2048K), 1 survivors (2048K)
 Metaspace       used 78956K, committed 79616K, reserved 1179648K
  class space    used 10727K, committed 11072K, reserved 1048576K
}
Event: 117.625 GC heap before
{Heap before GC invocations=24 (full 0):
 garbage-first heap   total 96256K, used 63328K [0x000000070a400000, 0x0000000800000000)
  region size 2048K, 12 young (24576K), 1 survivors (2048K)
 Metaspace       used 78956K, committed 79616K, reserved 1179648K
  class space    used 10727K, committed 11072K, reserved 1048576K
}
Event: 117.628 GC heap after
{Heap after GC invocations=25 (full 0):
 garbage-first heap   total 96256K, used 42559K [0x000000070a400000, 0x0000000800000000)
  region size 2048K, 2 young (4096K), 2 survivors (4096K)
 Metaspace       used 78956K, committed 79616K, reserved 1179648K
  class space    used 10727K, committed 11072K, reserved 1048576K
}
Event: 118.473 GC heap before
{Heap before GC invocations=25 (full 0):
 garbage-first heap   total 96256K, used 75327K [0x000000070a400000, 0x0000000800000000)
  region size 2048K, 18 young (36864K), 2 survivors (4096K)
 Metaspace       used 79229K, committed 79872K, reserved 1179648K
  class space    used 10861K, committed 11200K, reserved 1048576K
}
Event: 118.475 GC heap after
{Heap after GC invocations=26 (full 0):
 garbage-first heap   total 96256K, used 41211K [0x000000070a400000, 0x0000000800000000)
  region size 2048K, 1 young (2048K), 1 survivors (2048K)
 Metaspace       used 79229K, committed 79872K, reserved 1179648K
  class space    used 10861K, committed 11200K, reserved 1048576K
}
Event: 152.643 GC heap before
{Heap before GC invocations=26 (full 0):
 garbage-first heap   total 96256K, used 73979K [0x000000070a400000, 0x0000000800000000)
  region size 2048K, 18 young (36864K), 1 survivors (2048K)
 Metaspace       used 80917K, committed 81664K, reserved 1179648K
  class space    used 10956K, committed 11328K, reserved 1048576K
}
Event: 152.645 GC heap after
{Heap after GC invocations=27 (full 0):
 garbage-first heap   total 96256K, used 41742K [0x000000070a400000, 0x0000000800000000)
  region size 2048K, 1 young (2048K), 1 survivors (2048K)
 Metaspace       used 80917K, committed 81664K, reserved 1179648K
  class space    used 10956K, committed 11328K, reserved 1048576K
}
Event: 363.599 GC heap before
{Heap before GC invocations=27 (full 0):
 garbage-first heap   total 96256K, used 76558K [0x000000070a400000, 0x0000000800000000)
  region size 2048K, 19 young (38912K), 1 survivors (2048K)
 Metaspace       used 82007K, committed 82688K, reserved 1179648K
  class space    used 10988K, committed 11328K, reserved 1048576K
}
Event: 363.602 GC heap after
{Heap after GC invocations=28 (full 0):
 garbage-first heap   total 96256K, used 41955K [0x000000070a400000, 0x0000000800000000)
  region size 2048K, 1 young (2048K), 1 survivors (2048K)
 Metaspace       used 82007K, committed 82688K, reserved 1179648K
  class space    used 10988K, committed 11328K, reserved 1048576K
}

