# JRE version: Java(TM) SE Runtime Environment (17.0.9+11) (build 17.0.9+11-LTS-201)
# Java VM: Java HotSpot(TM) 64-Bit Server VM (17.0.9+11-LTS-201, mixed mode, sharing, tiered, compressed oops, compressed class ptrs, g1 gc, windows-amd64)
GC Precious Log:
 CPUs: 16 total, 16 available
 Memory: 15613M
 Large Page Support: Disabled
 NUMA Support: Disabled
 Compressed Oops: Enabled (Zero based)
 Heap Region Size: 2M
 Heap Min Capacity: 8M
 Heap Initial Capacity: 244M
 Heap Max Capacity: 3904M
 Pre-touch: Disabled
 Parallel Workers: 13
 Concurrent Workers: 3
 Concurrent Refinement Workers: 13
 Periodic GC: Disabled
Heap:
 garbage-first heap   total 81920K, used 54449K [0x000000070c000000, 0x0000000800000000)
  region size 2048K, 13 young (26624K), 3 survivors (6144K)
 Metaspace       used 78598K, committed 79232K, reserved 1179648K
  class space    used 10627K, committed 10944K, reserved 1048576K
GC Heap History (20 events):
Event: 2.600 GC heap before
{Heap before GC invocations=7 (full 0):
 garbage-first heap   total 155648K, used 72239K [0x000000070c000000, 0x0000000800000000)
  region size 2048K, 29 young (59392K), 1 survivors (2048K)
 Metaspace       used 35571K, committed 35968K, reserved 1114112K
  class space    used 4596K, committed 4800K, reserved 1048576K
}
Event: 2.605 GC heap after
{Heap after GC invocations=8 (full 0):
 garbage-first heap   total 155648K, used 20773K [0x000000070c000000, 0x0000000800000000)
  region size 2048K, 3 young (6144K), 3 survivors (6144K)
 Metaspace       used 35571K, committed 35968K, reserved 1114112K
  class space    used 4596K, committed 4800K, reserved 1048576K
}
Event: 3.360 GC heap before
{Heap before GC invocations=9 (full 0):
 garbage-first heap   total 81920K, used 63781K [0x000000070c000000, 0x0000000800000000)
  region size 2048K, 24 young (49152K), 3 survivors (6144K)
 Metaspace       used 47419K, committed 47872K, reserved 1114112K
  class space    used 6217K, committed 6464K, reserved 1048576K
}
Event: 3.364 GC heap after
{Heap after GC invocations=10 (full 0):
 garbage-first heap   total 81920K, used 23232K [0x000000070c000000, 0x0000000800000000)
  region size 2048K, 2 young (4096K), 2 survivors (4096K)
 Metaspace       used 47419K, committed 47872K, reserved 1114112K
  class space    used 6217K, committed 6464K, reserved 1048576K
}
Event: 3.390 GC heap before
{Heap before GC invocations=10 (full 0):
 garbage-first heap   total 81920K, used 25280K [0x000000070c000000, 0x0000000800000000)
  region size 2048K, 3 young (6144K), 2 survivors (4096K)
 Metaspace       used 47834K, committed 48320K, reserved 1114112K
  class space    used 6267K, committed 6528K, reserved 1048576K
}
Event: 3.391 GC heap after
{Heap after GC invocations=11 (full 0):
 garbage-first heap   total 81920K, used 23393K [0x000000070c000000, 0x0000000800000000)
  region size 2048K, 1 young (2048K), 1 survivors (2048K)
 Metaspace       used 47834K, committed 48320K, reserved 1114112K
  class space    used 6267K, committed 6528K, reserved 1048576K
}
Event: 3.792 GC heap before
{Heap before GC invocations=11 (full 0):
 garbage-first heap   total 81920K, used 56161K [0x000000070c000000, 0x0000000800000000)
  region size 2048K, 18 young (36864K), 1 survivors (2048K)
 Metaspace       used 55413K, committed 55936K, reserved 1114112K
  class space    used 7304K, committed 7552K, reserved 1048576K
}
Event: 3.794 GC heap after
{Heap after GC invocations=12 (full 0):
 garbage-first heap   total 81920K, used 24924K [0x000000070c000000, 0x0000000800000000)
  region size 2048K, 1 young (2048K), 1 survivors (2048K)
 Metaspace       used 55413K, committed 55936K, reserved 1114112K
  class space    used 7304K, committed 7552K, reserved 1048576K
}
Event: 4.082 GC heap before
{Heap before GC invocations=12 (full 0):
 garbage-first heap   total 81920K, used 53596K [0x000000070c000000, 0x0000000800000000)
  region size 2048K, 16 young (32768K), 1 survivors (2048K)
 Metaspace       used 59563K, committed 60096K, reserved 1114112K
  class space    used 7970K, committed 8256K, reserved 1048576K
}
Event: 4.084 GC heap after
{Heap after GC invocations=13 (full 0):
 garbage-first heap   total 81920K, used 25568K [0x000000070c000000, 0x0000000800000000)
  region size 2048K, 2 young (4096K), 2 survivors (4096K)
 Metaspace       used 59563K, committed 60096K, reserved 1114112K
  class space    used 7970K, committed 8256K, reserved 1048576K
}
Event: 4.808 GC heap before
{Heap before GC invocations=14 (full 0):
 garbage-first heap   total 81920K, used 58336K [0x000000070c000000, 0x0000000800000000)
  region size 2048K, 19 young (38912K), 2 survivors (4096K)
 Metaspace       used 64003K, committed 64576K, reserved 1114112K
  class space    used 8558K, committed 8832K, reserved 1048576K
}
Event: 4.812 GC heap after
{Heap after GC invocations=15 (full 0):
 garbage-first heap   total 81920K, used 28225K [0x000000070c000000, 0x0000000800000000)
  region size 2048K, 3 young (6144K), 3 survivors (6144K)
 Metaspace       used 64003K, committed 64576K, reserved 1114112K
  class space    used 8558K, committed 8832K, reserved 1048576K
}
Event: 5.429 GC heap before
{Heap before GC invocations=15 (full 0):
 garbage-first heap   total 81920K, used 63041K [0x000000070c000000, 0x0000000800000000)
  region size 2048K, 20 young (40960K), 3 survivors (6144K)
 Metaspace       used 68385K, committed 68992K, reserved 1114112K
  class space    used 9169K, committed 9472K, reserved 1048576K
}
Event: 5.433 GC heap after
{Heap after GC invocations=16 (full 0):
 garbage-first heap   total 81920K, used 31083K [0x000000070c000000, 0x0000000800000000)
  region size 2048K, 3 young (6144K), 3 survivors (6144K)
 Metaspace       used 68385K, committed 68992K, reserved 1114112K
  class space    used 9169K, committed 9472K, reserved 1048576K
}
Event: 8.795 GC heap before
{Heap before GC invocations=16 (full 0):
 garbage-first heap   total 81920K, used 61803K [0x000000070c000000, 0x0000000800000000)
  region size 2048K, 19 young (38912K), 3 survivors (6144K)
 Metaspace       used 73212K, committed 73856K, reserved 1114112K
  class space    used 9925K, committed 10240K, reserved 1048576K
}
Event: 8.798 GC heap after
{Heap after GC invocations=17 (full 0):
 garbage-first heap   total 81920K, used 32949K [0x000000070c000000, 0x0000000800000000)
  region size 2048K, 3 young (6144K), 3 survivors (6144K)
 Metaspace       used 73212K, committed 73856K, reserved 1114112K
  class space    used 9925K, committed 10240K, reserved 1048576K
}
Event: 9.069 GC heap before
{Heap before GC invocations=17 (full 0):
 garbage-first heap   total 81920K, used 61621K [0x000000070c000000, 0x0000000800000000)
  region size 2048K, 18 young (36864K), 3 survivors (6144K)
 Metaspace       used 77299K, committed 77952K, reserved 1179648K
  class space    used 10448K, committed 10752K, reserved 1048576K
}
Event: 9.071 GC heap after
{Heap after GC invocations=18 (full 0):
 garbage-first heap   total 81920K, used 34137K [0x000000070c000000, 0x0000000800000000)
  region size 2048K, 2 young (4096K), 2 survivors (4096K)
 Metaspace       used 77299K, committed 77952K, reserved 1179648K
  class space    used 10448K, committed 10752K, reserved 1048576K
}
Event: 25.028 GC heap before
{Heap before GC invocations=18 (full 0):
 garbage-first heap   total 81920K, used 62809K [0x000000070c000000, 0x0000000800000000)
  region size 2048K, 17 young (34816K), 2 survivors (4096K)
 Metaspace       used 78356K, committed 78976K, reserved 1179648K
  class space    used 10576K, committed 10880K, reserved 1048576K
}
Event: 25.033 GC heap after
{Heap after GC invocations=19 (full 0):
 garbage-first heap   total 81920K, used 36017K [0x000000070c000000, 0x0000000800000000)
  region size 2048K, 3 young (6144K), 3 survivors (6144K)
 Metaspace       used 78356K, committed 78976K, reserved 1179648K
  class space    used 10576K, committed 10880K, reserved 1048576K
}

