# JRE version: Java(TM) SE Runtime Environment (17.0.9+11) (build 17.0.9+11-LTS-201)
# Java VM: Java HotSpot(TM) 64-Bit Server VM (17.0.9+11-LTS-201, mixed mode, sharing, tiered, compressed oops, compressed class ptrs, g1 gc, windows-amd64)
GC Precious Log:
 CPUs: 16 total, 16 available
 Memory: 15613M
 Large Page Support: Disabled
 NUMA Support: Disabled
 Compressed Oops: Enabled (Zero based)
 Heap Region Size: 2M
 Heap Min Capacity: 8M
 Heap Initial Capacity: 244M
 Heap Max Capacity: 3904M
 Pre-touch: Disabled
 Parallel Workers: 13
 Concurrent Workers: 3
 Concurrent Refinement Workers: 13
 Periodic GC: Disabled
Heap:
 garbage-first heap   total 122880K, used 82265K [0x000000070c000000, 0x0000000800000000)
  region size 2048K, 18 young (36864K), 1 survivors (2048K)
 Metaspace       used 84707K, committed 85440K, reserved 1179648K
  class space    used 11093K, committed 11456K, reserved 1048576K
GC Heap History (20 events):
Event: 29.410 GC heap before
{Heap before GC invocations=17 (full 0):
 garbage-first heap   total 81920K, used 61917K [0x000000070c000000, 0x0000000800000000)
  region size 2048K, 19 young (38912K), 3 survivors (6144K)
 Metaspace       used 74043K, committed 74624K, reserved 1114112K
  class space    used 10048K, committed 10304K, reserved 1048576K
}
Event: 29.413 GC heap after
{Heap after GC invocations=18 (full 0):
 garbage-first heap   total 81920K, used 32768K [0x000000070c000000, 0x0000000800000000)
  region size 2048K, 1 young (2048K), 1 survivors (2048K)
 Metaspace       used 74043K, committed 74624K, reserved 1114112K
  class space    used 10048K, committed 10304K, reserved 1048576K
}
Event: 29.481 GC heap before
{Heap before GC invocations=18 (full 0):
 garbage-first heap   total 81920K, used 65536K [0x000000070c000000, 0x0000000800000000)
  region size 2048K, 17 young (34816K), 1 survivors (2048K)
 Metaspace       used 74053K, committed 74624K, reserved 1114112K
  class space    used 10048K, committed 10304K, reserved 1048576K
}
Event: 29.485 GC heap after
{Heap after GC invocations=19 (full 0):
 garbage-first heap   total 81920K, used 37635K [0x000000070c000000, 0x0000000800000000)
  region size 2048K, 3 young (6144K), 3 survivors (6144K)
 Metaspace       used 74053K, committed 74624K, reserved 1114112K
  class space    used 10048K, committed 10304K, reserved 1048576K
}
Event: 30.991 GC heap before
{Heap before GC invocations=19 (full 0):
 garbage-first heap   total 81920K, used 62211K [0x000000070c000000, 0x0000000800000000)
  region size 2048K, 15 young (30720K), 3 survivors (6144K)
 Metaspace       used 77548K, committed 78208K, reserved 1179648K
  class space    used 10521K, committed 10816K, reserved 1048576K
}
Event: 30.994 GC heap after
{Heap after GC invocations=20 (full 0):
 garbage-first heap   total 122880K, used 39775K [0x000000070c000000, 0x0000000800000000)
  region size 2048K, 2 young (4096K), 2 survivors (4096K)
 Metaspace       used 77548K, committed 78208K, reserved 1179648K
  class space    used 10521K, committed 10816K, reserved 1048576K
}
Event: 80.318 GC heap before
{Heap before GC invocations=20 (full 0):
 garbage-first heap   total 122880K, used 88927K [0x000000070c000000, 0x0000000800000000)
  region size 2048K, 27 young (55296K), 2 survivors (4096K)
 Metaspace       used 80725K, committed 81344K, reserved 1179648K
  class space    used 10706K, committed 11008K, reserved 1048576K
}
Event: 80.320 GC heap after
{Heap after GC invocations=21 (full 0):
 garbage-first heap   total 122880K, used 41165K [0x000000070c000000, 0x0000000800000000)
  region size 2048K, 2 young (4096K), 2 survivors (4096K)
 Metaspace       used 80725K, committed 81344K, reserved 1179648K
  class space    used 10706K, committed 11008K, reserved 1048576K
}
Event: 89.811 GC heap before
{Heap before GC invocations=21 (full 0):
 garbage-first heap   total 122880K, used 94413K [0x000000070c000000, 0x0000000800000000)
  region size 2048K, 28 young (57344K), 2 survivors (4096K)
 Metaspace       used 81232K, committed 81920K, reserved 1179648K
  class space    used 10800K, committed 11136K, reserved 1048576K
}
Event: 89.818 GC heap after
{Heap after GC invocations=22 (full 0):
 garbage-first heap   total 122880K, used 46528K [0x000000070c000000, 0x0000000800000000)
  region size 2048K, 4 young (8192K), 4 survivors (8192K)
 Metaspace       used 81232K, committed 81920K, reserved 1179648K
  class space    used 10800K, committed 11136K, reserved 1048576K
}
Event: 89.875 GC heap before
{Heap before GC invocations=22 (full 0):
 garbage-first heap   total 122880K, used 95680K [0x000000070c000000, 0x0000000800000000)
  region size 2048K, 28 young (57344K), 4 survivors (8192K)
 Metaspace       used 81241K, committed 81920K, reserved 1179648K
  class space    used 10800K, committed 11136K, reserved 1048576K
}
Event: 89.880 GC heap after
{Heap after GC invocations=23 (full 0):
 garbage-first heap   total 122880K, used 52593K [0x000000070c000000, 0x0000000800000000)
  region size 2048K, 3 young (6144K), 3 survivors (6144K)
 Metaspace       used 81241K, committed 81920K, reserved 1179648K
  class space    used 10800K, committed 11136K, reserved 1048576K
}
Event: 121.468 GC heap before
{Heap before GC invocations=23 (full 0):
 garbage-first heap   total 122880K, used 95601K [0x000000070c000000, 0x0000000800000000)
  region size 2048K, 24 young (49152K), 3 survivors (6144K)
 Metaspace       used 81884K, committed 82560K, reserved 1179648K
  class space    used 10901K, committed 11200K, reserved 1048576K
}
Event: 121.470 GC heap after
{Heap after GC invocations=24 (full 0):
 garbage-first heap   total 122880K, used 49309K [0x000000070c000000, 0x0000000800000000)
  region size 2048K, 1 young (2048K), 1 survivors (2048K)
 Metaspace       used 81884K, committed 82560K, reserved 1179648K
  class space    used 10901K, committed 11200K, reserved 1048576K
}
Event: 130.286 GC heap before
{Heap before GC invocations=24 (full 0):
 garbage-first heap   total 122880K, used 94365K [0x000000070c000000, 0x0000000800000000)
  region size 2048K, 23 young (47104K), 1 survivors (2048K)
 Metaspace       used 82358K, committed 83008K, reserved 1179648K
  class space    used 10910K, committed 11200K, reserved 1048576K
}
Event: 130.287 GC heap after
{Heap after GC invocations=25 (full 0):
 garbage-first heap   total 122880K, used 49292K [0x000000070c000000, 0x0000000800000000)
  region size 2048K, 1 young (2048K), 1 survivors (2048K)
 Metaspace       used 82358K, committed 83008K, reserved 1179648K
  class space    used 10910K, committed 11200K, reserved 1048576K
}
Event: 151.922 GC heap before
{Heap before GC invocations=25 (full 0):
 garbage-first heap   total 122880K, used 94348K [0x000000070c000000, 0x0000000800000000)
  region size 2048K, 24 young (49152K), 1 survivors (2048K)
 Metaspace       used 82990K, committed 83648K, reserved 1179648K
  class space    used 10914K, committed 11200K, reserved 1048576K
}
Event: 151.923 GC heap after
{Heap after GC invocations=26 (full 0):
 garbage-first heap   total 122880K, used 49228K [0x000000070c000000, 0x0000000800000000)
  region size 2048K, 1 young (2048K), 1 survivors (2048K)
 Metaspace       used 82990K, committed 83648K, reserved 1179648K
  class space    used 10914K, committed 11200K, reserved 1048576K
}
Event: 247.756 GC heap before
{Heap before GC invocations=26 (full 0):
 garbage-first heap   total 122880K, used 96332K [0x000000070c000000, 0x0000000800000000)
  region size 2048K, 25 young (51200K), 1 survivors (2048K)
 Metaspace       used 84540K, committed 85312K, reserved 1179648K
  class space    used 11093K, committed 11456K, reserved 1048576K
}
Event: 247.757 GC heap after
{Heap after GC invocations=27 (full 0):
 garbage-first heap   total 122880K, used 49497K [0x000000070c000000, 0x0000000800000000)
  region size 2048K, 1 young (2048K), 1 survivors (2048K)
 Metaspace       used 84540K, committed 85312K, reserved 1179648K
  class space    used 11093K, committed 11456K, reserved 1048576K
}

