# JRE version: OpenJDK Runtime Environment Temurin-21.0.6+7 (21.0.6+7) (build 21.0.6+7-LTS)
# Java VM: OpenJDK 64-Bit Server VM Temurin-21.0.6+7 (21.0.6+7-LTS, mixed mode, sharing, tiered, compressed oops, compressed class ptrs, parallel gc, windows-amd64)
GC Precious Log:
 CardTable entry size: 512
 CPUs: 16 total, 16 available
 Memory: 15613M
 Large Page Support: Disabled
 NUMA Support: Disabled
 Compressed Oops: Enabled (32-bit)
 Alignments: Space 512K, Generation 512K, Heap 2M
 Heap Min Capacity: 100M
 Heap Initial Capacity: 100M
 Heap Max Capacity: 1G
 Pre-touch: Disabled
 Parallel Workers: 13
Heap:
 PSYoungGen      total 16384K, used 16160K [0x00000000eab00000, 0x00000000ebc80000, 0x0000000100000000)
  eden space 14848K, 100% used [0x00000000eab00000,0x00000000eb980000,0x00000000eb980000)
  from space 1536K, 85% used [0x00000000eba00000,0x00000000ebb48000,0x00000000ebb80000)
  to   space 1024K, 99% used [0x00000000ebb80000,0x00000000ebc7e008,0x00000000ebc80000)
 ParOldGen       total 498688K, used 498620K [0x00000000c0000000, 0x00000000de700000, 0x00000000eab00000)
  object space 498688K, 99% used [0x00000000c0000000,0x00000000de6ef0b8,0x00000000de700000)
 Metaspace       used 72443K, committed 73984K, reserved 1179648K
  class space    used 7806K, committed 8448K, reserved 1048576K
GC Heap History (20 events):
Event: 13.029 GC heap before
{Heap before GC invocations=619 (full 3):
 PSYoungGen      total 16896K, used 15328K [0x00000000eab00000, 0x00000000ebd80000, 0x0000000100000000)
  eden space 14848K, 100% used [0x00000000eab00000,0x00000000eb980000,0x00000000eb980000)
  from space 2048K, 23% used [0x00000000eba80000,0x00000000ebaf8000,0x00000000ebc80000)
  to   space 1024K, 0% used [0x00000000ebc80000,0x00000000ebc80000,0x00000000ebd80000)
 ParOldGen       total 487424K, used 487377K [0x00000000c0000000, 0x00000000ddc00000, 0x00000000eab00000)
  object space 487424K, 99% used [0x00000000c0000000,0x00000000ddbf4600,0x00000000ddc00000)
 Metaspace       used 71398K, committed 72960K, reserved 1114112K
  class space    used 7715K, committed 8384K, reserved 1048576K
}
Event: 13.031 GC heap after
{Heap after GC invocations=619 (full 3):
 PSYoungGen      total 15360K, used 512K [0x00000000eab00000, 0x00000000ebd00000, 0x0000000100000000)
  eden space 14848K, 0% used [0x00000000eab00000,0x00000000eab00000,0x00000000eb980000)
  from space 512K, 100% used [0x00000000ebc80000,0x00000000ebd00000,0x00000000ebd00000)
  to   space 1024K, 0% used [0x00000000ebb00000,0x00000000ebb00000,0x00000000ebc00000)
 ParOldGen       total 487936K, used 487617K [0x00000000c0000000, 0x00000000ddc80000, 0x00000000eab00000)
  object space 487936K, 99% used [0x00000000c0000000,0x00000000ddc30600,0x00000000ddc80000)
 Metaspace       used 71398K, committed 72960K, reserved 1114112K
  class space    used 7715K, committed 8384K, reserved 1048576K
}
Event: 13.046 GC heap before
{Heap before GC invocations=620 (full 3):
 PSYoungGen      total 15360K, used 15360K [0x00000000eab00000, 0x00000000ebd00000, 0x0000000100000000)
  eden space 14848K, 100% used [0x00000000eab00000,0x00000000eb980000,0x00000000eb980000)
  from space 512K, 100% used [0x00000000ebc80000,0x00000000ebd00000,0x00000000ebd00000)
  to   space 1024K, 0% used [0x00000000ebb00000,0x00000000ebb00000,0x00000000ebc00000)
 ParOldGen       total 487936K, used 487617K [0x00000000c0000000, 0x00000000ddc80000, 0x00000000eab00000)
  object space 487936K, 99% used [0x00000000c0000000,0x00000000ddc30600,0x00000000ddc80000)
 Metaspace       used 71404K, committed 72960K, reserved 1114112K
  class space    used 7715K, committed 8384K, reserved 1048576K
}
Event: 13.048 GC heap after
{Heap after GC invocations=620 (full 3):
 PSYoungGen      total 15872K, used 384K [0x00000000eab00000, 0x00000000ebd00000, 0x0000000100000000)
  eden space 14848K, 0% used [0x00000000eab00000,0x00000000eab00000,0x00000000eb980000)
  from space 1024K, 37% used [0x00000000ebb00000,0x00000000ebb60000,0x00000000ebc00000)
  to   space 512K, 0% used [0x00000000ebc80000,0x00000000ebc80000,0x00000000ebd00000)
 ParOldGen       total 488448K, used 487977K [0x00000000c0000000, 0x00000000ddd00000, 0x00000000eab00000)
  object space 488448K, 99% used [0x00000000c0000000,0x00000000ddc8a600,0x00000000ddd00000)
 Metaspace       used 71404K, committed 72960K, reserved 1114112K
  class space    used 7715K, committed 8384K, reserved 1048576K
}
Event: 13.073 GC heap before
{Heap before GC invocations=621 (full 3):
 PSYoungGen      total 15872K, used 15227K [0x00000000eab00000, 0x00000000ebd00000, 0x0000000100000000)
  eden space 14848K, 99% used [0x00000000eab00000,0x00000000eb97efa8,0x00000000eb980000)
  from space 1024K, 37% used [0x00000000ebb00000,0x00000000ebb60000,0x00000000ebc00000)
  to   space 512K, 0% used [0x00000000ebc80000,0x00000000ebc80000,0x00000000ebd00000)
 ParOldGen       total 488448K, used 487977K [0x00000000c0000000, 0x00000000ddd00000, 0x00000000eab00000)
  object space 488448K, 99% used [0x00000000c0000000,0x00000000ddc8a600,0x00000000ddd00000)
 Metaspace       used 71577K, committed 73152K, reserved 1114112K
  class space    used 7737K, committed 8384K, reserved 1048576K
}
Event: 13.075 GC heap after
{Heap after GC invocations=621 (full 3):
 PSYoungGen      total 15360K, used 508K [0x00000000eab00000, 0x00000000ebd80000, 0x0000000100000000)
  eden space 14848K, 0% used [0x00000000eab00000,0x00000000eab00000,0x00000000eb980000)
  from space 512K, 99% used [0x00000000ebc80000,0x00000000ebcff1a0,0x00000000ebd00000)
  to   space 2048K, 0% used [0x00000000eb980000,0x00000000eb980000,0x00000000ebb80000)
 ParOldGen       total 489472K, used 489164K [0x00000000c0000000, 0x00000000dde00000, 0x00000000eab00000)
  object space 489472K, 99% used [0x00000000c0000000,0x00000000dddb3228,0x00000000dde00000)
 Metaspace       used 71577K, committed 73152K, reserved 1114112K
  class space    used 7737K, committed 8384K, reserved 1048576K
}
Event: 13.138 GC heap before
{Heap before GC invocations=622 (full 3):
 PSYoungGen      total 15360K, used 15356K [0x00000000eab00000, 0x00000000ebd80000, 0x0000000100000000)
  eden space 14848K, 100% used [0x00000000eab00000,0x00000000eb980000,0x00000000eb980000)
  from space 512K, 99% used [0x00000000ebc80000,0x00000000ebcff1a0,0x00000000ebd00000)
  to   space 2048K, 0% used [0x00000000eb980000,0x00000000eb980000,0x00000000ebb80000)
 ParOldGen       total 489472K, used 489164K [0x00000000c0000000, 0x00000000dde00000, 0x00000000eab00000)
  object space 489472K, 99% used [0x00000000c0000000,0x00000000dddb3228,0x00000000dde00000)
 Metaspace       used 72080K, committed 73600K, reserved 1114112K
  class space    used 7791K, committed 8448K, reserved 1048576K
}
Event: 13.141 GC heap after
{Heap after GC invocations=622 (full 3):
 PSYoungGen      total 16896K, used 1499K [0x00000000eab00000, 0x00000000ebd80000, 0x0000000100000000)
  eden space 14848K, 0% used [0x00000000eab00000,0x00000000eab00000,0x00000000eb980000)
  from space 2048K, 73% used [0x00000000eb980000,0x00000000ebaf6c08,0x00000000ebb80000)
  to   space 2048K, 0% used [0x00000000ebb80000,0x00000000ebb80000,0x00000000ebd80000)
 ParOldGen       total 489984K, used 489656K [0x00000000c0000000, 0x00000000dde80000, 0x00000000eab00000)
  object space 489984K, 99% used [0x00000000c0000000,0x00000000dde2e328,0x00000000dde80000)
 Metaspace       used 72080K, committed 73600K, reserved 1114112K
  class space    used 7791K, committed 8448K, reserved 1048576K
}
Event: 13.161 GC heap before
{Heap before GC invocations=623 (full 3):
 PSYoungGen      total 16896K, used 16347K [0x00000000eab00000, 0x00000000ebd80000, 0x0000000100000000)
  eden space 14848K, 100% used [0x00000000eab00000,0x00000000eb980000,0x00000000eb980000)
  from space 2048K, 73% used [0x00000000eb980000,0x00000000ebaf6c08,0x00000000ebb80000)
  to   space 2048K, 0% used [0x00000000ebb80000,0x00000000ebb80000,0x00000000ebd80000)
 ParOldGen       total 489984K, used 489656K [0x00000000c0000000, 0x00000000dde80000, 0x00000000eab00000)
  object space 489984K, 99% used [0x00000000c0000000,0x00000000dde2e328,0x00000000dde80000)
 Metaspace       used 72106K, committed 73664K, reserved 1179648K
  class space    used 7792K, committed 8448K, reserved 1048576K
}
Event: 13.164 GC heap after
{Heap after GC invocations=623 (full 3):
 PSYoungGen      total 16896K, used 1802K [0x00000000eab00000, 0x00000000ebd80000, 0x0000000100000000)
  eden space 14848K, 0% used [0x00000000eab00000,0x00000000eab00000,0x00000000eb980000)
  from space 2048K, 88% used [0x00000000ebb80000,0x00000000ebd42a08,0x00000000ebd80000)
  to   space 2048K, 0% used [0x00000000eb980000,0x00000000eb980000,0x00000000ebb80000)
 ParOldGen       total 491008K, used 490908K [0x00000000c0000000, 0x00000000ddf80000, 0x00000000eab00000)
  object space 491008K, 99% used [0x00000000c0000000,0x00000000ddf67368,0x00000000ddf80000)
 Metaspace       used 72106K, committed 73664K, reserved 1179648K
  class space    used 7792K, committed 8448K, reserved 1048576K
}
Event: 13.215 GC heap before
{Heap before GC invocations=624 (full 3):
 PSYoungGen      total 16896K, used 16650K [0x00000000eab00000, 0x00000000ebd80000, 0x0000000100000000)
  eden space 14848K, 100% used [0x00000000eab00000,0x00000000eb980000,0x00000000eb980000)
  from space 2048K, 88% used [0x00000000ebb80000,0x00000000ebd42a08,0x00000000ebd80000)
  to   space 2048K, 0% used [0x00000000eb980000,0x00000000eb980000,0x00000000ebb80000)
 ParOldGen       total 491008K, used 490908K [0x00000000c0000000, 0x00000000ddf80000, 0x00000000eab00000)
  object space 491008K, 99% used [0x00000000c0000000,0x00000000ddf67368,0x00000000ddf80000)
 Metaspace       used 72217K, committed 73728K, reserved 1179648K
  class space    used 7794K, committed 8448K, reserved 1048576K
}
Event: 13.218 GC heap after
{Heap after GC invocations=624 (full 3):
 PSYoungGen      total 16896K, used 1600K [0x00000000eab00000, 0x00000000ebd80000, 0x0000000100000000)
  eden space 14848K, 0% used [0x00000000eab00000,0x00000000eab00000,0x00000000eb980000)
  from space 2048K, 78% used [0x00000000eb980000,0x00000000ebb10000,0x00000000ebb80000)
  to   space 2048K, 0% used [0x00000000ebb80000,0x00000000ebb80000,0x00000000ebd80000)
 ParOldGen       total 492544K, used 492410K [0x00000000c0000000, 0x00000000de100000, 0x00000000eab00000)
  object space 492544K, 99% used [0x00000000c0000000,0x00000000de0debb0,0x00000000de100000)
 Metaspace       used 72217K, committed 73728K, reserved 1179648K
  class space    used 7794K, committed 8448K, reserved 1048576K
}
Event: 13.243 GC heap before
{Heap before GC invocations=625 (full 3):
 PSYoungGen      total 16896K, used 16448K [0x00000000eab00000, 0x00000000ebd80000, 0x0000000100000000)
  eden space 14848K, 100% used [0x00000000eab00000,0x00000000eb980000,0x00000000eb980000)
  from space 2048K, 78% used [0x00000000eb980000,0x00000000ebb10000,0x00000000ebb80000)
  to   space 2048K, 0% used [0x00000000ebb80000,0x00000000ebb80000,0x00000000ebd80000)
 ParOldGen       total 492544K, used 492410K [0x00000000c0000000, 0x00000000de100000, 0x00000000eab00000)
  object space 492544K, 99% used [0x00000000c0000000,0x00000000de0debb0,0x00000000de100000)
 Metaspace       used 72264K, committed 73792K, reserved 1179648K
  class space    used 7797K, committed 8448K, reserved 1048576K
}
Event: 13.246 GC heap after
{Heap after GC invocations=625 (full 3):
 PSYoungGen      total 16896K, used 1548K [0x00000000eab00000, 0x00000000ebd80000, 0x0000000100000000)
  eden space 14848K, 0% used [0x00000000eab00000,0x00000000eab00000,0x00000000eb980000)
  from space 2048K, 75% used [0x00000000ebb80000,0x00000000ebd03028,0x00000000ebd80000)
  to   space 2048K, 0% used [0x00000000eb980000,0x00000000eb980000,0x00000000ebb80000)
 ParOldGen       total 494080K, used 493604K [0x00000000c0000000, 0x00000000de280000, 0x00000000eab00000)
  object space 494080K, 99% used [0x00000000c0000000,0x00000000de209010,0x00000000de280000)
 Metaspace       used 72264K, committed 73792K, reserved 1179648K
  class space    used 7797K, committed 8448K, reserved 1048576K
}
Event: 13.274 GC heap before
{Heap before GC invocations=626 (full 3):
 PSYoungGen      total 16896K, used 16396K [0x00000000eab00000, 0x00000000ebd80000, 0x0000000100000000)
  eden space 14848K, 100% used [0x00000000eab00000,0x00000000eb980000,0x00000000eb980000)
  from space 2048K, 75% used [0x00000000ebb80000,0x00000000ebd03028,0x00000000ebd80000)
  to   space 2048K, 0% used [0x00000000eb980000,0x00000000eb980000,0x00000000ebb80000)
 ParOldGen       total 494080K, used 493604K [0x00000000c0000000, 0x00000000de280000, 0x00000000eab00000)
  object space 494080K, 99% used [0x00000000c0000000,0x00000000de209010,0x00000000de280000)
 Metaspace       used 72331K, committed 73856K, reserved 1179648K
  class space    used 7798K, committed 8448K, reserved 1048576K
}
Event: 13.277 GC heap after
{Heap after GC invocations=626 (full 3):
 PSYoungGen      total 16896K, used 1872K [0x00000000eab00000, 0x00000000ebd80000, 0x0000000100000000)
  eden space 14848K, 0% used [0x00000000eab00000,0x00000000eab00000,0x00000000eb980000)
  from space 2048K, 91% used [0x00000000eb980000,0x00000000ebb54010,0x00000000ebb80000)
  to   space 2048K, 0% used [0x00000000ebb80000,0x00000000ebb80000,0x00000000ebd80000)
 ParOldGen       total 495104K, used 494936K [0x00000000c0000000, 0x00000000de380000, 0x00000000eab00000)
  object space 495104K, 99% used [0x00000000c0000000,0x00000000de356068,0x00000000de380000)
 Metaspace       used 72331K, committed 73856K, reserved 1179648K
  class space    used 7798K, committed 8448K, reserved 1048576K
}
Event: 13.299 GC heap before
{Heap before GC invocations=627 (full 3):
 PSYoungGen      total 16896K, used 16720K [0x00000000eab00000, 0x00000000ebd80000, 0x0000000100000000)
  eden space 14848K, 100% used [0x00000000eab00000,0x00000000eb980000,0x00000000eb980000)
  from space 2048K, 91% used [0x00000000eb980000,0x00000000ebb54010,0x00000000ebb80000)
  to   space 2048K, 0% used [0x00000000ebb80000,0x00000000ebb80000,0x00000000ebd80000)
 ParOldGen       total 495104K, used 494936K [0x00000000c0000000, 0x00000000de380000, 0x00000000eab00000)
  object space 495104K, 99% used [0x00000000c0000000,0x00000000de356068,0x00000000de380000)
 Metaspace       used 72360K, committed 73920K, reserved 1179648K
  class space    used 7800K, committed 8448K, reserved 1048576K
}
Event: 13.302 GC heap after
{Heap after GC invocations=627 (full 3):
 PSYoungGen      total 16384K, used 1216K [0x00000000eab00000, 0x00000000ebd00000, 0x0000000100000000)
  eden space 14848K, 0% used [0x00000000eab00000,0x00000000eab00000,0x00000000eb980000)
  from space 1536K, 79% used [0x00000000ebb80000,0x00000000ebcb0000,0x00000000ebd00000)
  to   space 1536K, 0% used [0x00000000eba00000,0x00000000eba00000,0x00000000ebb80000)
 ParOldGen       total 496640K, used 496442K [0x00000000c0000000, 0x00000000de500000, 0x00000000eab00000)
  object space 496640K, 99% used [0x00000000c0000000,0x00000000de4cea60,0x00000000de500000)
 Metaspace       used 72360K, committed 73920K, reserved 1179648K
  class space    used 7800K, committed 8448K, reserved 1048576K
}
Event: 13.325 GC heap before
{Heap before GC invocations=628 (full 3):
 PSYoungGen      total 16384K, used 16064K [0x00000000eab00000, 0x00000000ebd00000, 0x0000000100000000)
  eden space 14848K, 100% used [0x00000000eab00000,0x00000000eb980000,0x00000000eb980000)
  from space 1536K, 79% used [0x00000000ebb80000,0x00000000ebcb0000,0x00000000ebd00000)
  to   space 1536K, 0% used [0x00000000eba00000,0x00000000eba00000,0x00000000ebb80000)
 ParOldGen       total 496640K, used 496442K [0x00000000c0000000, 0x00000000de500000, 0x00000000eab00000)
  object space 496640K, 99% used [0x00000000c0000000,0x00000000de4cea60,0x00000000de500000)
 Metaspace       used 72419K, committed 73984K, reserved 1179648K
  class space    used 7804K, committed 8448K, reserved 1048576K
}
Event: 13.328 GC heap after
{Heap after GC invocations=628 (full 3):
 PSYoungGen      total 16384K, used 1312K [0x00000000eab00000, 0x00000000ebc80000, 0x0000000100000000)
  eden space 14848K, 0% used [0x00000000eab00000,0x00000000eab00000,0x00000000eb980000)
  from space 1536K, 85% used [0x00000000eba00000,0x00000000ebb48000,0x00000000ebb80000)
  to   space 1024K, 0% used [0x00000000ebb80000,0x00000000ebb80000,0x00000000ebc80000)
 ParOldGen       total 497664K, used 497410K [0x00000000c0000000, 0x00000000de600000, 0x00000000eab00000)
  object space 497664K, 99% used [0x00000000c0000000,0x00000000de5c0a80,0x00000000de600000)
 Metaspace       used 72419K, committed 73984K, reserved 1179648K
  class space    used 7804K, committed 8448K, reserved 1048576K
}

