# JRE version: OpenJDK Runtime Environment Temurin-21.0.6+7 (21.0.6+7) (build 21.0.6+7-LTS)
# Java VM: OpenJDK 64-Bit Server VM Temurin-21.0.6+7 (21.0.6+7-LTS, mixed mode, sharing, tiered, compressed oops, compressed class ptrs, parallel gc, windows-amd64)
GC Precious Log:
 CardTable entry size: 512
 CPUs: 16 total, 16 available
 Memory: 15613M
 Large Page Support: Disabled
 NUMA Support: Disabled
 Compressed Oops: Enabled (32-bit)
 Alignments: Space 512K, Generation 512K, Heap 2M
 Heap Min Capacity: 100M
 Heap Initial Capacity: 100M
 Heap Max Capacity: 1G
 Pre-touch: Disabled
 Parallel Workers: 13
Heap:
 PSYoungGen      total 6144K, used 2070K [0x00000000eab00000, 0x00000000eb200000, 0x0000000100000000)
  eden space 5120K, 28% used [0x00000000eab00000,0x00000000eac70178,0x00000000eb000000)
  from space 1024K, 58% used [0x00000000eb080000,0x00000000eb115808,0x00000000eb180000)
  to   space 512K, 0% used [0x00000000eb180000,0x00000000eb180000,0x00000000eb200000)
 ParOldGen       total 364032K, used 363556K [0x00000000c0000000, 0x00000000d6380000, 0x00000000eab00000)
  object space 364032K, 99% used [0x00000000c0000000,0x00000000d63091f0,0x00000000d6380000)
 Metaspace       used 69846K, committed 71424K, reserved 1114112K
  class space    used 7625K, committed 8320K, reserved 1048576K
GC Heap History (20 events):
Event: 13.072 GC heap before
{Heap before GC invocations=425 (full 3):
 PSYoungGen      total 8704K, used 8256K [0x00000000eab00000, 0x00000000eb500000, 0x0000000100000000)
  eden space 7168K, 100% used [0x00000000eab00000,0x00000000eb200000,0x00000000eb200000)
  from space 1536K, 70% used [0x00000000eb200000,0x00000000eb310000,0x00000000eb380000)
  to   space 1536K, 0% used [0x00000000eb380000,0x00000000eb380000,0x00000000eb500000)
 ParOldGen       total 354304K, used 353981K [0x00000000c0000000, 0x00000000d5a00000, 0x00000000eab00000)
  object space 354304K, 99% used [0x00000000c0000000,0x00000000d59af758,0x00000000d5a00000)
 Metaspace       used 68288K, committed 69760K, reserved 1114112K
  class space    used 7373K, committed 8064K, reserved 1048576K
}
Event: 13.074 GC heap after
{Heap after GC invocations=425 (full 3):
 PSYoungGen      total 8704K, used 960K [0x00000000eab00000, 0x00000000eb500000, 0x0000000100000000)
  eden space 7168K, 0% used [0x00000000eab00000,0x00000000eab00000,0x00000000eb200000)
  from space 1536K, 62% used [0x00000000eb380000,0x00000000eb470000,0x00000000eb500000)
  to   space 1536K, 0% used [0x00000000eb200000,0x00000000eb200000,0x00000000eb380000)
 ParOldGen       total 355328K, used 354917K [0x00000000c0000000, 0x00000000d5b00000, 0x00000000eab00000)
  object space 355328K, 99% used [0x00000000c0000000,0x00000000d5a99758,0x00000000d5b00000)
 Metaspace       used 68288K, committed 69760K, reserved 1114112K
  class space    used 7373K, committed 8064K, reserved 1048576K
}
Event: 13.087 GC heap before
{Heap before GC invocations=426 (full 3):
 PSYoungGen      total 8704K, used 8128K [0x00000000eab00000, 0x00000000eb500000, 0x0000000100000000)
  eden space 7168K, 100% used [0x00000000eab00000,0x00000000eb200000,0x00000000eb200000)
  from space 1536K, 62% used [0x00000000eb380000,0x00000000eb470000,0x00000000eb500000)
  to   space 1536K, 0% used [0x00000000eb200000,0x00000000eb200000,0x00000000eb380000)
 ParOldGen       total 355328K, used 354917K [0x00000000c0000000, 0x00000000d5b00000, 0x00000000eab00000)
  object space 355328K, 99% used [0x00000000c0000000,0x00000000d5a99758,0x00000000d5b00000)
 Metaspace       used 68424K, committed 69888K, reserved 1114112K
  class space    used 7408K, committed 8064K, reserved 1048576K
}
Event: 13.089 GC heap after
{Heap after GC invocations=426 (full 3):
 PSYoungGen      total 8192K, used 908K [0x00000000eab00000, 0x00000000eb400000, 0x0000000100000000)
  eden space 7168K, 0% used [0x00000000eab00000,0x00000000eab00000,0x00000000eb200000)
  from space 1024K, 88% used [0x00000000eb200000,0x00000000eb2e3008,0x00000000eb300000)
  to   space 1024K, 0% used [0x00000000eb300000,0x00000000eb300000,0x00000000eb400000)
 ParOldGen       total 355840K, used 355693K [0x00000000c0000000, 0x00000000d5b80000, 0x00000000eab00000)
  object space 355840K, 99% used [0x00000000c0000000,0x00000000d5b5b758,0x00000000d5b80000)
 Metaspace       used 68424K, committed 69888K, reserved 1114112K
  class space    used 7408K, committed 8064K, reserved 1048576K
}
Event: 13.103 GC heap before
{Heap before GC invocations=427 (full 3):
 PSYoungGen      total 8192K, used 8076K [0x00000000eab00000, 0x00000000eb400000, 0x0000000100000000)
  eden space 7168K, 100% used [0x00000000eab00000,0x00000000eb200000,0x00000000eb200000)
  from space 1024K, 88% used [0x00000000eb200000,0x00000000eb2e3008,0x00000000eb300000)
  to   space 1024K, 0% used [0x00000000eb300000,0x00000000eb300000,0x00000000eb400000)
 ParOldGen       total 355840K, used 355693K [0x00000000c0000000, 0x00000000d5b80000, 0x00000000eab00000)
  object space 355840K, 99% used [0x00000000c0000000,0x00000000d5b5b758,0x00000000d5b80000)
 Metaspace       used 68557K, committed 70080K, reserved 1114112K
  class space    used 7433K, committed 8128K, reserved 1048576K
}
Event: 13.105 GC heap after
{Heap after GC invocations=427 (full 3):
 PSYoungGen      total 8192K, used 992K [0x00000000eab00000, 0x00000000eb400000, 0x0000000100000000)
  eden space 7168K, 0% used [0x00000000eab00000,0x00000000eab00000,0x00000000eb200000)
  from space 1024K, 96% used [0x00000000eb300000,0x00000000eb3f8000,0x00000000eb400000)
  to   space 1024K, 0% used [0x00000000eb200000,0x00000000eb200000,0x00000000eb300000)
 ParOldGen       total 356864K, used 356513K [0x00000000c0000000, 0x00000000d5c80000, 0x00000000eab00000)
  object space 356864K, 99% used [0x00000000c0000000,0x00000000d5c28760,0x00000000d5c80000)
 Metaspace       used 68557K, committed 70080K, reserved 1114112K
  class space    used 7433K, committed 8128K, reserved 1048576K
}
Event: 13.120 GC heap before
{Heap before GC invocations=428 (full 3):
 PSYoungGen      total 8192K, used 8160K [0x00000000eab00000, 0x00000000eb400000, 0x0000000100000000)
  eden space 7168K, 100% used [0x00000000eab00000,0x00000000eb200000,0x00000000eb200000)
  from space 1024K, 96% used [0x00000000eb300000,0x00000000eb3f8000,0x00000000eb400000)
  to   space 1024K, 0% used [0x00000000eb200000,0x00000000eb200000,0x00000000eb300000)
 ParOldGen       total 356864K, used 356513K [0x00000000c0000000, 0x00000000d5c80000, 0x00000000eab00000)
  object space 356864K, 99% used [0x00000000c0000000,0x00000000d5c28760,0x00000000d5c80000)
 Metaspace       used 68705K, committed 70208K, reserved 1114112K
  class space    used 7455K, committed 8128K, reserved 1048576K
}
Event: 13.121 GC heap after
{Heap after GC invocations=428 (full 3):
 PSYoungGen      total 8192K, used 1024K [0x00000000eab00000, 0x00000000eb500000, 0x0000000100000000)
  eden space 7168K, 0% used [0x00000000eab00000,0x00000000eab00000,0x00000000eb200000)
  from space 1024K, 100% used [0x00000000eb200000,0x00000000eb300000,0x00000000eb300000)
  to   space 1536K, 0% used [0x00000000eb380000,0x00000000eb380000,0x00000000eb500000)
 ParOldGen       total 357376K, used 357337K [0x00000000c0000000, 0x00000000d5d00000, 0x00000000eab00000)
  object space 357376K, 99% used [0x00000000c0000000,0x00000000d5cf6760,0x00000000d5d00000)
 Metaspace       used 68705K, committed 70208K, reserved 1114112K
  class space    used 7455K, committed 8128K, reserved 1048576K
}
Event: 13.135 GC heap before
{Heap before GC invocations=429 (full 3):
 PSYoungGen      total 8192K, used 8192K [0x00000000eab00000, 0x00000000eb500000, 0x0000000100000000)
  eden space 7168K, 100% used [0x00000000eab00000,0x00000000eb200000,0x00000000eb200000)
  from space 1024K, 100% used [0x00000000eb200000,0x00000000eb300000,0x00000000eb300000)
  to   space 1536K, 0% used [0x00000000eb380000,0x00000000eb380000,0x00000000eb500000)
 ParOldGen       total 357376K, used 357337K [0x00000000c0000000, 0x00000000d5d00000, 0x00000000eab00000)
  object space 357376K, 99% used [0x00000000c0000000,0x00000000d5cf6760,0x00000000d5d00000)
 Metaspace       used 68850K, committed 70272K, reserved 1114112K
  class space    used 7483K, committed 8128K, reserved 1048576K
}
Event: 13.137 GC heap after
{Heap after GC invocations=429 (full 3):
 PSYoungGen      total 8192K, used 1018K [0x00000000eab00000, 0x00000000eb480000, 0x0000000100000000)
  eden space 7168K, 0% used [0x00000000eab00000,0x00000000eab00000,0x00000000eb200000)
  from space 1024K, 99% used [0x00000000eb380000,0x00000000eb47ebe0,0x00000000eb480000)
  to   space 1024K, 0% used [0x00000000eb200000,0x00000000eb200000,0x00000000eb300000)
 ParOldGen       total 358400K, used 358169K [0x00000000c0000000, 0x00000000d5e00000, 0x00000000eab00000)
  object space 358400K, 99% used [0x00000000c0000000,0x00000000d5dc6760,0x00000000d5e00000)
 Metaspace       used 68850K, committed 70272K, reserved 1114112K
  class space    used 7483K, committed 8128K, reserved 1048576K
}
Event: 13.152 GC heap before
{Heap before GC invocations=430 (full 3):
 PSYoungGen      total 8192K, used 8186K [0x00000000eab00000, 0x00000000eb480000, 0x0000000100000000)
  eden space 7168K, 100% used [0x00000000eab00000,0x00000000eb200000,0x00000000eb200000)
  from space 1024K, 99% used [0x00000000eb380000,0x00000000eb47ebe0,0x00000000eb480000)
  to   space 1024K, 0% used [0x00000000eb200000,0x00000000eb200000,0x00000000eb300000)
 ParOldGen       total 358400K, used 358169K [0x00000000c0000000, 0x00000000d5e00000, 0x00000000eab00000)
  object space 358400K, 99% used [0x00000000c0000000,0x00000000d5dc6760,0x00000000d5e00000)
 Metaspace       used 68920K, committed 70400K, reserved 1114112K
  class space    used 7489K, committed 8192K, reserved 1048576K
}
Event: 13.154 GC heap after
{Heap after GC invocations=430 (full 3):
 PSYoungGen      total 8192K, used 992K [0x00000000eab00000, 0x00000000eb400000, 0x0000000100000000)
  eden space 7168K, 0% used [0x00000000eab00000,0x00000000eab00000,0x00000000eb200000)
  from space 1024K, 96% used [0x00000000eb200000,0x00000000eb2f8000,0x00000000eb300000)
  to   space 1024K, 0% used [0x00000000eb300000,0x00000000eb300000,0x00000000eb400000)
 ParOldGen       total 359424K, used 358959K [0x00000000c0000000, 0x00000000d5f00000, 0x00000000eab00000)
  object space 359424K, 99% used [0x00000000c0000000,0x00000000d5e8bd70,0x00000000d5f00000)
 Metaspace       used 68920K, committed 70400K, reserved 1114112K
  class space    used 7489K, committed 8192K, reserved 1048576K
}
Event: 13.176 GC heap before
{Heap before GC invocations=431 (full 3):
 PSYoungGen      total 8192K, used 8159K [0x00000000eab00000, 0x00000000eb400000, 0x0000000100000000)
  eden space 7168K, 99% used [0x00000000eab00000,0x00000000eb1ffff0,0x00000000eb200000)
  from space 1024K, 96% used [0x00000000eb200000,0x00000000eb2f8000,0x00000000eb300000)
  to   space 1024K, 0% used [0x00000000eb300000,0x00000000eb300000,0x00000000eb400000)
 ParOldGen       total 359424K, used 358959K [0x00000000c0000000, 0x00000000d5f00000, 0x00000000eab00000)
  object space 359424K, 99% used [0x00000000c0000000,0x00000000d5e8bda0,0x00000000d5f00000)
 Metaspace       used 69016K, committed 70528K, reserved 1114112K
  class space    used 7503K, committed 8192K, reserved 1048576K
}
Event: 13.178 GC heap after
{Heap after GC invocations=431 (full 3):
 PSYoungGen      total 6144K, used 994K [0x00000000eab00000, 0x00000000eb800000, 0x0000000100000000)
  eden space 5120K, 0% used [0x00000000eab00000,0x00000000eab00000,0x00000000eb000000)
  from space 1024K, 97% used [0x00000000eb300000,0x00000000eb3f8b38,0x00000000eb400000)
  to   space 3072K, 0% used [0x00000000eb000000,0x00000000eb000000,0x00000000eb300000)
 ParOldGen       total 360960K, used 360583K [0x00000000c0000000, 0x00000000d6080000, 0x00000000eab00000)
  object space 360960K, 99% used [0x00000000c0000000,0x00000000d6021da0,0x00000000d6080000)
 Metaspace       used 69016K, committed 70528K, reserved 1114112K
  class space    used 7503K, committed 8192K, reserved 1048576K
}
Event: 13.210 GC heap before
{Heap before GC invocations=432 (full 3):
 PSYoungGen      total 6144K, used 6114K [0x00000000eab00000, 0x00000000eb800000, 0x0000000100000000)
  eden space 5120K, 100% used [0x00000000eab00000,0x00000000eb000000,0x00000000eb000000)
  from space 1024K, 97% used [0x00000000eb300000,0x00000000eb3f8b38,0x00000000eb400000)
  to   space 3072K, 0% used [0x00000000eb000000,0x00000000eb000000,0x00000000eb300000)
 ParOldGen       total 360960K, used 360585K [0x00000000c0000000, 0x00000000d6080000, 0x00000000eab00000)
  object space 360960K, 99% used [0x00000000c0000000,0x00000000d60227f0,0x00000000d6080000)
 Metaspace       used 69290K, committed 70720K, reserved 1114112K
  class space    used 7529K, committed 8192K, reserved 1048576K
}
Event: 13.213 GC heap after
{Heap after GC invocations=432 (full 3):
 PSYoungGen      total 6656K, used 1419K [0x00000000eab00000, 0x00000000eb400000, 0x0000000100000000)
  eden space 5120K, 0% used [0x00000000eab00000,0x00000000eab00000,0x00000000eb000000)
  from space 1536K, 92% used [0x00000000eb000000,0x00000000eb162c80,0x00000000eb180000)
  to   space 2048K, 0% used [0x00000000eb200000,0x00000000eb200000,0x00000000eb400000)
 ParOldGen       total 361472K, used 361304K [0x00000000c0000000, 0x00000000d6100000, 0x00000000eab00000)
  object space 361472K, 99% used [0x00000000c0000000,0x00000000d60d6160,0x00000000d6100000)
 Metaspace       used 69290K, committed 70720K, reserved 1114112K
  class space    used 7529K, committed 8192K, reserved 1048576K
}
Event: 13.242 GC heap before
{Heap before GC invocations=433 (full 3):
 PSYoungGen      total 6656K, used 6539K [0x00000000eab00000, 0x00000000eb400000, 0x0000000100000000)
  eden space 5120K, 99% used [0x00000000eab00000,0x00000000eaffffb0,0x00000000eb000000)
  from space 1536K, 92% used [0x00000000eb000000,0x00000000eb162c80,0x00000000eb180000)
  to   space 2048K, 0% used [0x00000000eb200000,0x00000000eb200000,0x00000000eb400000)
 ParOldGen       total 361472K, used 361304K [0x00000000c0000000, 0x00000000d6100000, 0x00000000eab00000)
  object space 361472K, 99% used [0x00000000c0000000,0x00000000d60d6160,0x00000000d6100000)
 Metaspace       used 69537K, committed 71040K, reserved 1114112K
  class space    used 7560K, committed 8256K, reserved 1048576K
}
Event: 13.244 GC heap after
{Heap after GC invocations=433 (full 3):
 PSYoungGen      total 6144K, used 836K [0x00000000eab00000, 0x00000000eb300000, 0x0000000100000000)
  eden space 5120K, 0% used [0x00000000eab00000,0x00000000eab00000,0x00000000eb000000)
  from space 1024K, 81% used [0x00000000eb200000,0x00000000eb2d1000,0x00000000eb300000)
  to   space 1536K, 0% used [0x00000000eb000000,0x00000000eb000000,0x00000000eb180000)
 ParOldGen       total 361984K, used 361826K [0x00000000c0000000, 0x00000000d6180000, 0x00000000eab00000)
  object space 361984K, 99% used [0x00000000c0000000,0x00000000d61589d0,0x00000000d6180000)
 Metaspace       used 69537K, committed 71040K, reserved 1114112K
  class space    used 7560K, committed 8256K, reserved 1048576K
}
Event: 13.324 GC heap before
{Heap before GC invocations=434 (full 3):
 PSYoungGen      total 6144K, used 5956K [0x00000000eab00000, 0x00000000eb300000, 0x0000000100000000)
  eden space 5120K, 100% used [0x00000000eab00000,0x00000000eb000000,0x00000000eb000000)
  from space 1024K, 81% used [0x00000000eb200000,0x00000000eb2d1000,0x00000000eb300000)
  to   space 1536K, 0% used [0x00000000eb000000,0x00000000eb000000,0x00000000eb180000)
 ParOldGen       total 361984K, used 361826K [0x00000000c0000000, 0x00000000d6180000, 0x00000000eab00000)
  object space 361984K, 99% used [0x00000000c0000000,0x00000000d61589d0,0x00000000d6180000)
 Metaspace       used 69795K, committed 71296K, reserved 1114112K
  class space    used 7612K, committed 8256K, reserved 1048576K
}
Event: 13.327 GC heap after
{Heap after GC invocations=434 (full 3):
 PSYoungGen      total 6656K, used 863K [0x00000000eab00000, 0x00000000eb280000, 0x0000000100000000)
  eden space 5120K, 0% used [0x00000000eab00000,0x00000000eab00000,0x00000000eb000000)
  from space 1536K, 56% used [0x00000000eb000000,0x00000000eb0d7f58,0x00000000eb180000)
  to   space 1024K, 0% used [0x00000000eb180000,0x00000000eb180000,0x00000000eb280000)
 ParOldGen       total 362496K, used 362448K [0x00000000c0000000, 0x00000000d6200000, 0x00000000eab00000)
  object space 362496K, 99% used [0x00000000c0000000,0x00000000d61f4088,0x00000000d6200000)
 Metaspace       used 69795K, committed 71296K, reserved 1114112K
  class space    used 7612K, committed 8256K, reserved 1048576K
}

